<?xml version="1.0" encoding="UTF-8" ?>
<testsuite tests="10" failures="0" name="interfaceTeste.TestesInterface" time="14.284" errors="10" skipped="0">
  <properties>
    <property name="idea.version" value="2021.2.1"/>
    <property name="java.runtime.name" value="OpenJDK Runtime Environment"/>
    <property name="java.vm.version" value="16.0.1+9-24"/>
    <property name="sun.boot.library.path" value="C:\Users\wilso\.jdks\openjdk-16.0.1\bin"/>
    <property name="maven.multiModuleProjectDirectory" value="D:\TestedeSw\Desenvolivmento-Leilao"/>
    <property name="java.vm.vendor" value="Oracle Corporation"/>
    <property name="java.vendor.url" value="https://java.oracle.com/"/>
    <property name="guice.disable.misplaced.annotation.check" value="true"/>
    <property name="path.separator" value=";"/>
    <property name="java.vm.name" value="OpenJDK 64-Bit Server VM"/>
    <property name="sun.os.patch.level" value=""/>
    <property name="user.script" value=""/>
    <property name="user.country" value="BR"/>
    <property name="sun.java.launcher" value="SUN_STANDARD"/>
    <property name="java.vm.specification.name" value="Java Virtual Machine Specification"/>
    <property name="user.dir" value="D:\TestedeSw\Desenvolivmento-Leilao"/>
    <property name="java.vm.compressedOopsMode" value="Zero based"/>
    <property name="java.runtime.version" value="16.0.1+9-24"/>
    <property name="os.arch" value="amd64"/>
    <property name="java.io.tmpdir" value="C:\Users\wilso\AppData\Local\Temp\"/>
    <property name="line.separator" value="
"/>
    <property name="java.vm.specification.vendor" value="Oracle Corporation"/>
    <property name="user.variant" value=""/>
    <property name="os.name" value="Windows 10"/>
    <property name="maven.ext.class.path" value="C:\Users\wilso\AppData\Local\JetBrains\Toolbox\apps\IDEA-U\ch-0\212.5080.55\plugins\maven\lib\maven-event-listener.jar"/>
    <property name="classworlds.conf" value="C:\Users\wilso\AppData\Local\JetBrains\Toolbox\apps\IDEA-U\ch-0\212.5080.55\plugins\maven\lib\maven3\bin\m2.conf"/>
    <property name="sun.jnu.encoding" value="Cp1252"/>
    <property name="java.library.path" value="C:\Users\wilso\.jdks\openjdk-16.0.1\bin;C:\Windows\Sun\Java\bin;C:\Windows\system32;C:\Windows;C:\Python39\Scripts\;C:\Python39\;C:\ProgramData\Oracle\Java\javapath;C:\Windows\system32;C:\Windows;C:\Windows\System32\Wbem;C:\Windows\System32\WindowsPowerShell\v1.0\;C:\Windows\System32\OpenSSH\;C:\Program Files\NVIDIA Corporation\NVIDIA NvDLISR;C:\Program Files (x86)\NVIDIA Corporation\PhysX\Common;C:\Program Files (x86)\nodejs\;C:\ProgramData\chocolatey\bin;C:\Program Files\Git\cmd;C:\Program Files\dotnet\;C:\Program Files\Microsoft SQL Server\130\Tools\Binn\;C:\Program Files\Microsoft SQL Server\Client SDK\ODBC\170\Tools\Binn\;C:\Users\wilso\AppData\Local\Microsoft\WindowsApps;C:\Users\wilso\AppData\Local\Programs\Microsoft VS Code\bin;C:\Users\wilso\AppData\Roaming\npm;C:\Users\wilso\.dotnet\tools;."/>
    <property name="maven.conf" value="C:\Users\wilso\AppData\Local\JetBrains\Toolbox\apps\IDEA-U\ch-0\212.5080.55\plugins\maven\lib\maven3/conf"/>
    <property name="jdk.debug" value="release"/>
    <property name="java.class.version" value="60.0"/>
    <property name="java.specification.name" value="Java Platform API Specification"/>
    <property name="sun.management.compiler" value="HotSpot 64-Bit Tiered Compilers"/>
    <property name="os.version" value="10.0"/>
    <property name="user.home" value="C:\Users\wilso"/>
    <property name="user.timezone" value="America/Sao_Paulo"/>
    <property name="file.encoding" value="UTF-8"/>
    <property name="java.specification.version" value="16"/>
    <property name="user.name" value="wilso"/>
    <property name="java.class.path" value="C:\Users\wilso\AppData\Local\JetBrains\Toolbox\apps\IDEA-U\ch-0\212.5080.55\plugins\maven\lib\maven3\boot\plexus-classworlds-2.6.0.jar;C:\Users\wilso\AppData\Local\JetBrains\Toolbox\apps\IDEA-U\ch-0\212.5080.55\plugins\maven\lib\maven3\boot\plexus-classworlds.license"/>
    <property name="java.vm.specification.version" value="16"/>
    <property name="sun.arch.data.model" value="64"/>
    <property name="sun.java.command" value="org.codehaus.classworlds.Launcher -Didea.version=2021.2.1 install"/>
    <property name="java.home" value="C:\Users\wilso\.jdks\openjdk-16.0.1"/>
    <property name="user.language" value="pt"/>
    <property name="java.specification.vendor" value="Oracle Corporation"/>
    <property name="java.vm.info" value="mixed mode, sharing"/>
    <property name="java.version" value="16.0.1"/>
    <property name="java.vendor" value="Oracle Corporation"/>
    <property name="maven.home" value="C:\Users\wilso\AppData\Local\JetBrains\Toolbox\apps\IDEA-U\ch-0\212.5080.55\plugins\maven\lib\maven3"/>
    <property name="file.separator" value="\"/>
    <property name="java.version.date" value="2021-04-20"/>
    <property name="java.vendor.url.bug" value="https://bugreport.java.com/bugreport/"/>
    <property name="sun.io.unicode.encoding" value="UnicodeLittle"/>
    <property name="sun.cpu.endian" value="little"/>
    <property name="sun.cpu.isalist" value="amd64"/>
  </properties>
  <testcase classname="interfaceTeste.TestesInterface" name="excluiLeilao" time="3.554">
    <error message="no such element: Unable to locate element: {&quot;method&quot;:&quot;link text&quot;,&quot;selector&quot;:&quot;Cadastrar leil達o&quot;}
  (Session info: chrome=93.0.4577.63)
For documentation on this error, please visit: https://www.seleniumhq.org/exceptions/no_such_element.html
Build info: version: &apos;3.141.59&apos;, revision: &apos;e82be7d358&apos;, time: &apos;2018-11-14T08:17:03&apos;
System info: host: &apos;DESKTOP-STN5MAV&apos;, ip: &apos;192.168.56.1&apos;, os.name: &apos;Windows 10&apos;, os.arch: &apos;amd64&apos;, os.version: &apos;10.0&apos;, java.version: &apos;16.0.1&apos;
Driver info: org.openqa.selenium.chrome.ChromeDriver
Capabilities {acceptInsecureCerts: false, browserName: chrome, browserVersion: 93.0.4577.63, chrome: {chromedriverVersion: 93.0.4577.15 (660fc11082ba5..., userDataDir: C:\Users\wilso\AppData\Loca...}, goog:chromeOptions: {debuggerAddress: localhost:55582}, javascriptEnabled: true, networkConnectionEnabled: false, pageLoadStrategy: normal, platform: WINDOWS, platformName: WINDOWS, proxy: Proxy(), setWindowRect: true, strictFileInteractability: false, timeouts: {implicit: 0, pageLoad: 300000, script: 30000}, unhandledPromptBehavior: dismiss and notify, webauthn:extension:credBlob: true, webauthn:extension:largeBlob: true, webauthn:virtualAuthenticators: true}
Session ID: 79f9e8479de1d7b5f439cf790346421f
*** Element info: {Using=link text, value=Cadastrar leil達o}" type="org.openqa.selenium.NoSuchElementException">org.openqa.selenium.NoSuchElementException: no such element: Unable to locate element: {&quot;method&quot;:&quot;link text&quot;,&quot;selector&quot;:&quot;Cadastrar leil達o&quot;}
  (Session info: chrome=93.0.4577.63)
For documentation on this error, please visit: https://www.seleniumhq.org/exceptions/no_such_element.html
Build info: version: &apos;3.141.59&apos;, revision: &apos;e82be7d358&apos;, time: &apos;2018-11-14T08:17:03&apos;
System info: host: &apos;DESKTOP-STN5MAV&apos;, ip: &apos;192.168.56.1&apos;, os.name: &apos;Windows 10&apos;, os.arch: &apos;amd64&apos;, os.version: &apos;10.0&apos;, java.version: &apos;16.0.1&apos;
Driver info: org.openqa.selenium.chrome.ChromeDriver
Capabilities {acceptInsecureCerts: false, browserName: chrome, browserVersion: 93.0.4577.63, chrome: {chromedriverVersion: 93.0.4577.15 (660fc11082ba5..., userDataDir: C:\Users\wilso\AppData\Loca...}, goog:chromeOptions: {debuggerAddress: localhost:55582}, javascriptEnabled: true, networkConnectionEnabled: false, pageLoadStrategy: normal, platform: WINDOWS, platformName: WINDOWS, proxy: Proxy(), setWindowRect: true, strictFileInteractability: false, timeouts: {implicit: 0, pageLoad: 300000, script: 30000}, unhandledPromptBehavior: dismiss and notify, webauthn:extension:credBlob: true, webauthn:extension:largeBlob: true, webauthn:virtualAuthenticators: true}
Session ID: 79f9e8479de1d7b5f439cf790346421f
*** Element info: {Using=link text, value=Cadastrar leil達o}
	at java.base/jdk.internal.reflect.NativeConstructorAccessorImpl.newInstance0(Native Method)
	at java.base/jdk.internal.reflect.NativeConstructorAccessorImpl.newInstance(NativeConstructorAccessorImpl.java:78)
	at java.base/jdk.internal.reflect.DelegatingConstructorAccessorImpl.newInstance(DelegatingConstructorAccessorImpl.java:45)
	at java.base/java.lang.reflect.Constructor.newInstanceWithCaller(Constructor.java:499)
	at java.base/java.lang.reflect.Constructor.newInstance(Constructor.java:480)
	at org.openqa.selenium.remote.http.W3CHttpResponseCodec.createException(W3CHttpResponseCodec.java:187)
	at org.openqa.selenium.remote.http.W3CHttpResponseCodec.decode(W3CHttpResponseCodec.java:122)
	at org.openqa.selenium.remote.http.W3CHttpResponseCodec.decode(W3CHttpResponseCodec.java:49)
	at org.openqa.selenium.remote.HttpCommandExecutor.execute(HttpCommandExecutor.java:158)
	at org.openqa.selenium.remote.service.DriverCommandExecutor.execute(DriverCommandExecutor.java:83)
	at org.openqa.selenium.remote.RemoteWebDriver.execute(RemoteWebDriver.java:552)
	at org.openqa.selenium.remote.RemoteWebDriver.findElement(RemoteWebDriver.java:323)
	at org.openqa.selenium.remote.RemoteWebDriver.findElementByLinkText(RemoteWebDriver.java:380)
	at org.openqa.selenium.By$ByLinkText.findElement(By.java:220)
	at org.openqa.selenium.remote.RemoteWebDriver.findElement(RemoteWebDriver.java:315)
	at interfaceTeste.TestesInterface.excluiLeilao(TestesInterface.java:128)
	at java.base/jdk.internal.reflect.NativeMethodAccessorImpl.invoke0(Native Method)
	at java.base/jdk.internal.reflect.NativeMethodAccessorImpl.invoke(NativeMethodAccessorImpl.java:78)
	at java.base/jdk.internal.reflect.DelegatingMethodAccessorImpl.invoke(DelegatingMethodAccessorImpl.java:43)
	at java.base/java.lang.reflect.Method.invoke(Method.java:567)
	at org.junit.runners.model.FrameworkMethod$1.runReflectiveCall(FrameworkMethod.java:59)
	at org.junit.internal.runners.model.ReflectiveCallable.run(ReflectiveCallable.java:12)
	at org.junit.runners.model.FrameworkMethod.invokeExplosively(FrameworkMethod.java:56)
	at org.junit.internal.runners.statements.InvokeMethod.evaluate(InvokeMethod.java:17)
	at org.junit.internal.runners.statements.RunBefores.evaluate(RunBefores.java:26)
	at org.junit.internal.runners.statements.RunAfters.evaluate(RunAfters.java:27)
	at org.junit.runners.ParentRunner$3.evaluate(ParentRunner.java:306)
	at org.junit.runners.BlockJUnit4ClassRunner$1.evaluate(BlockJUnit4ClassRunner.java:100)
	at org.junit.runners.ParentRunner.runLeaf(ParentRunner.java:366)
	at org.junit.runners.BlockJUnit4ClassRunner.runChild(BlockJUnit4ClassRunner.java:103)
	at org.junit.runners.BlockJUnit4ClassRunner.runChild(BlockJUnit4ClassRunner.java:63)
	at org.junit.runners.ParentRunner$4.run(ParentRunner.java:331)
	at org.junit.runners.ParentRunner$1.schedule(ParentRunner.java:79)
	at org.junit.runners.ParentRunner.runChildren(ParentRunner.java:329)
	at org.junit.runners.ParentRunner.access$100(ParentRunner.java:66)
	at org.junit.runners.ParentRunner$2.evaluate(ParentRunner.java:293)
	at org.junit.runners.ParentRunner$3.evaluate(ParentRunner.java:306)
	at org.junit.runners.ParentRunner.run(ParentRunner.java:413)
	at org.apache.maven.surefire.junit4.JUnit4Provider.execute(JUnit4Provider.java:252)
	at org.apache.maven.surefire.junit4.JUnit4Provider.executeTestSet(JUnit4Provider.java:141)
	at org.apache.maven.surefire.junit4.JUnit4Provider.invoke(JUnit4Provider.java:112)
	at java.base/jdk.internal.reflect.NativeMethodAccessorImpl.invoke0(Native Method)
	at java.base/jdk.internal.reflect.NativeMethodAccessorImpl.invoke(NativeMethodAccessorImpl.java:78)
	at java.base/jdk.internal.reflect.DelegatingMethodAccessorImpl.invoke(DelegatingMethodAccessorImpl.java:43)
	at java.base/java.lang.reflect.Method.invoke(Method.java:567)
	at org.apache.maven.surefire.util.ReflectionUtils.invokeMethodWithArray(ReflectionUtils.java:189)
	at org.apache.maven.surefire.booter.ProviderFactory$ProviderProxy.invoke(ProviderFactory.java:165)
	at org.apache.maven.surefire.booter.ProviderFactory.invokeProvider(ProviderFactory.java:85)
	at org.apache.maven.surefire.booter.ForkedBooter.runSuitesInProcess(ForkedBooter.java:115)
	at org.apache.maven.surefire.booter.ForkedBooter.main(ForkedBooter.java:75)
</error>
    <system-out>00:06:08.877 [main] DEBUG org.jboss.logging - Logging Provider: org.jboss.logging.Slf4jLoggerProvider
00:06:08.960 [main] DEBUG org.hibernate.jpa.HibernatePersistenceProvider - Located and parsed 1 persistence units; checking each
00:06:08.960 [main] DEBUG org.hibernate.jpa.HibernatePersistenceProvider - Checking persistence-unit [name=exemplo-jpa, explicit-provider=null] against incoming persistence unit name [exemplo-jpa]
00:06:08.960 [main] DEBUG org.hibernate.jpa.boot.spi.ProviderChecker - No PersistenceProvider explicitly requested, assuming Hibernate
00:06:08.967 [main] DEBUG org.hibernate.jpa.internal.util.LogHelper - PersistenceUnitInfo [
	name: exemplo-jpa
	persistence provider classname: null
	classloader: null
	excludeUnlistedClasses: false
	JTA datasource: null
	Non JTA datasource: null
	Transaction type: RESOURCE_LOCAL
	PU root URL: file:/D:/TestedeSw/Desenvolivmento-Leilao/target/classes/
	Shared Cache Mode: null
	Validation Mode: null
	Jar files URLs []
	Managed classes names []
	Mapping files names []
	Properties [
		javax.persistence.jdbc.driver: org.postgresql.Driver
		javax.persistence.jdbc.password: sergtsop
		hibernate.dialect: org.hibernate.dialect.PostgreSQLDialect
		javax.persistence.jdbc.url: jdbc:postgresql://localhost/postgres?useSSL=false&amp;serverTimezone=UTC
		hibernate.hbm2ddl.auto: update
		javax.persistence.jdbc.user: postgres]
00:06:08.970 [main] DEBUG org.hibernate.integrator.internal.IntegratorServiceImpl - Adding Integrator [org.hibernate.cfg.beanvalidation.BeanValidationIntegrator].
00:06:08.972 [main] DEBUG org.hibernate.integrator.internal.IntegratorServiceImpl - Adding Integrator [org.hibernate.secure.spi.JaccIntegrator].
00:06:08.974 [main] DEBUG org.hibernate.integrator.internal.IntegratorServiceImpl - Adding Integrator [org.hibernate.cache.internal.CollectionCacheInvalidator].
00:06:09.003 [main] INFO org.hibernate.Version - HHH000412: Hibernate ORM core version 5.5.5.Final
00:06:09.004 [main] DEBUG org.hibernate.cfg.Environment - HHH000206: hibernate.properties not found
00:06:09.073 [main] DEBUG org.hibernate.service.spi.ServiceBinding - Overriding existing service binding [org.hibernate.secure.spi.JaccService]
00:06:09.082 [main] DEBUG org.hibernate.cache.internal.RegionFactoryInitiator - Cannot default RegionFactory based on registered strategies as `[]` RegionFactory strategies were registered
00:06:09.082 [main] DEBUG org.hibernate.cache.internal.RegionFactoryInitiator - Cache region factory : org.hibernate.cache.internal.NoCachingRegionFactory
00:06:09.094 [main] INFO org.hibernate.annotations.common.Version - HCANN000001: Hibernate Commons Annotations {5.1.2.Final}
00:06:09.150 [main] DEBUG org.hibernate.type.BasicTypeRegistry - Adding type registration boolean -&gt; org.hibernate.type.BooleanType@7d3d101b
00:06:09.150 [main] DEBUG org.hibernate.type.BasicTypeRegistry - Adding type registration boolean -&gt; org.hibernate.type.BooleanType@7d3d101b
00:06:09.150 [main] DEBUG org.hibernate.type.BasicTypeRegistry - Adding type registration java.lang.Boolean -&gt; org.hibernate.type.BooleanType@7d3d101b
00:06:09.151 [main] DEBUG org.hibernate.type.BasicTypeRegistry - Adding type registration numeric_boolean -&gt; org.hibernate.type.NumericBooleanType@35399441
00:06:09.151 [main] DEBUG org.hibernate.type.BasicTypeRegistry - Adding type registration true_false -&gt; org.hibernate.type.TrueFalseType@2812b107
00:06:09.151 [main] DEBUG org.hibernate.type.BasicTypeRegistry - Adding type registration yes_no -&gt; org.hibernate.type.YesNoType@27d5a580
00:06:09.152 [main] DEBUG org.hibernate.type.BasicTypeRegistry - Adding type registration byte -&gt; org.hibernate.type.ByteType@45a4b042
00:06:09.152 [main] DEBUG org.hibernate.type.BasicTypeRegistry - Adding type registration byte -&gt; org.hibernate.type.ByteType@45a4b042
00:06:09.152 [main] DEBUG org.hibernate.type.BasicTypeRegistry - Adding type registration java.lang.Byte -&gt; org.hibernate.type.ByteType@45a4b042
00:06:09.153 [main] DEBUG org.hibernate.type.BasicTypeRegistry - Adding type registration character -&gt; org.hibernate.type.CharacterType@30bce90b
00:06:09.153 [main] DEBUG org.hibernate.type.BasicTypeRegistry - Adding type registration char -&gt; org.hibernate.type.CharacterType@30bce90b
00:06:09.153 [main] DEBUG org.hibernate.type.BasicTypeRegistry - Adding type registration java.lang.Character -&gt; org.hibernate.type.CharacterType@30bce90b
00:06:09.154 [main] DEBUG org.hibernate.type.BasicTypeRegistry - Adding type registration short -&gt; org.hibernate.type.ShortType@4816278d
00:06:09.154 [main] DEBUG org.hibernate.type.BasicTypeRegistry - Adding type registration short -&gt; org.hibernate.type.ShortType@4816278d
00:06:09.154 [main] DEBUG org.hibernate.type.BasicTypeRegistry - Adding type registration java.lang.Short -&gt; org.hibernate.type.ShortType@4816278d
00:06:09.155 [main] DEBUG org.hibernate.type.BasicTypeRegistry - Adding type registration integer -&gt; org.hibernate.type.IntegerType@b978d10
00:06:09.155 [main] DEBUG org.hibernate.type.BasicTypeRegistry - Adding type registration int -&gt; org.hibernate.type.IntegerType@b978d10
00:06:09.155 [main] DEBUG org.hibernate.type.BasicTypeRegistry - Adding type registration java.lang.Integer -&gt; org.hibernate.type.IntegerType@b978d10
00:06:09.156 [main] DEBUG org.hibernate.type.BasicTypeRegistry - Adding type registration long -&gt; org.hibernate.type.LongType@7cbd9d24
00:06:09.156 [main] DEBUG org.hibernate.type.BasicTypeRegistry - Adding type registration long -&gt; org.hibernate.type.LongType@7cbd9d24
00:06:09.156 [main] DEBUG org.hibernate.type.BasicTypeRegistry - Adding type registration java.lang.Long -&gt; org.hibernate.type.LongType@7cbd9d24
00:06:09.157 [main] DEBUG org.hibernate.type.BasicTypeRegistry - Adding type registration float -&gt; org.hibernate.type.FloatType@50dfbc58
00:06:09.157 [main] DEBUG org.hibernate.type.BasicTypeRegistry - Adding type registration float -&gt; org.hibernate.type.FloatType@50dfbc58
00:06:09.157 [main] DEBUG org.hibernate.type.BasicTypeRegistry - Adding type registration java.lang.Float -&gt; org.hibernate.type.FloatType@50dfbc58
00:06:09.157 [main] DEBUG org.hibernate.type.BasicTypeRegistry - Adding type registration double -&gt; org.hibernate.type.DoubleType@5a5338df
00:06:09.157 [main] DEBUG org.hibernate.type.BasicTypeRegistry - Adding type registration double -&gt; org.hibernate.type.DoubleType@5a5338df
00:06:09.158 [main] DEBUG org.hibernate.type.BasicTypeRegistry - Adding type registration java.lang.Double -&gt; org.hibernate.type.DoubleType@5a5338df
00:06:09.158 [main] DEBUG org.hibernate.type.BasicTypeRegistry - Adding type registration big_decimal -&gt; org.hibernate.type.BigDecimalType@75d2da2d
00:06:09.158 [main] DEBUG org.hibernate.type.BasicTypeRegistry - Adding type registration java.math.BigDecimal -&gt; org.hibernate.type.BigDecimalType@75d2da2d
00:06:09.159 [main] DEBUG org.hibernate.type.BasicTypeRegistry - Adding type registration big_integer -&gt; org.hibernate.type.BigIntegerType@6853425f
00:06:09.159 [main] DEBUG org.hibernate.type.BasicTypeRegistry - Adding type registration java.math.BigInteger -&gt; org.hibernate.type.BigIntegerType@6853425f
00:06:09.160 [main] DEBUG org.hibernate.type.BasicTypeRegistry - Adding type registration string -&gt; org.hibernate.type.StringType@68d279ec
00:06:09.160 [main] DEBUG org.hibernate.type.BasicTypeRegistry - Adding type registration java.lang.String -&gt; org.hibernate.type.StringType@68d279ec
00:06:09.160 [main] DEBUG org.hibernate.type.BasicTypeRegistry - Adding type registration nstring -&gt; org.hibernate.type.StringNVarcharType@176b75f7
00:06:09.161 [main] DEBUG org.hibernate.type.BasicTypeRegistry - Adding type registration ncharacter -&gt; org.hibernate.type.CharacterNCharType@4f6f416f
00:06:09.161 [main] DEBUG org.hibernate.type.BasicTypeRegistry - Adding type registration url -&gt; org.hibernate.type.UrlType@7aaca91a
00:06:09.161 [main] DEBUG org.hibernate.type.BasicTypeRegistry - Adding type registration java.net.URL -&gt; org.hibernate.type.UrlType@7aaca91a
00:06:09.162 [main] DEBUG org.hibernate.type.BasicTypeRegistry - Adding type registration Duration -&gt; org.hibernate.type.DurationType@41294f8
00:06:09.162 [main] DEBUG org.hibernate.type.BasicTypeRegistry - Adding type registration java.time.Duration -&gt; org.hibernate.type.DurationType@41294f8
00:06:09.164 [main] DEBUG org.hibernate.type.BasicTypeRegistry - Adding type registration Instant -&gt; org.hibernate.type.InstantType@7fbdb894
00:06:09.165 [main] DEBUG org.hibernate.type.BasicTypeRegistry - Adding type registration java.time.Instant -&gt; org.hibernate.type.InstantType@7fbdb894
00:06:09.165 [main] DEBUG org.hibernate.type.BasicTypeRegistry - Adding type registration LocalDateTime -&gt; org.hibernate.type.LocalDateTimeType@59e32960
00:06:09.166 [main] DEBUG org.hibernate.type.BasicTypeRegistry - Adding type registration java.time.LocalDateTime -&gt; org.hibernate.type.LocalDateTimeType@59e32960
00:06:09.166 [main] DEBUG org.hibernate.type.BasicTypeRegistry - Adding type registration LocalDate -&gt; org.hibernate.type.LocalDateType@3d246ea3
00:06:09.166 [main] DEBUG org.hibernate.type.BasicTypeRegistry - Adding type registration java.time.LocalDate -&gt; org.hibernate.type.LocalDateType@3d246ea3
00:06:09.167 [main] DEBUG org.hibernate.type.BasicTypeRegistry - Adding type registration LocalTime -&gt; org.hibernate.type.LocalTimeType@71329995
00:06:09.167 [main] DEBUG org.hibernate.type.BasicTypeRegistry - Adding type registration java.time.LocalTime -&gt; org.hibernate.type.LocalTimeType@71329995
00:06:09.168 [main] DEBUG org.hibernate.type.BasicTypeRegistry - Adding type registration OffsetDateTime -&gt; org.hibernate.type.OffsetDateTimeType@1ab06251
00:06:09.168 [main] DEBUG org.hibernate.type.BasicTypeRegistry - Adding type registration java.time.OffsetDateTime -&gt; org.hibernate.type.OffsetDateTimeType@1ab06251
00:06:09.169 [main] DEBUG org.hibernate.type.BasicTypeRegistry - Adding type registration OffsetTime -&gt; org.hibernate.type.OffsetTimeType@43b9fd5
00:06:09.169 [main] DEBUG org.hibernate.type.BasicTypeRegistry - Adding type registration java.time.OffsetTime -&gt; org.hibernate.type.OffsetTimeType@43b9fd5
00:06:09.170 [main] DEBUG org.hibernate.type.BasicTypeRegistry - Adding type registration ZonedDateTime -&gt; org.hibernate.type.ZonedDateTimeType@45a37759
00:06:09.171 [main] DEBUG org.hibernate.type.BasicTypeRegistry - Adding type registration java.time.ZonedDateTime -&gt; org.hibernate.type.ZonedDateTimeType@45a37759
00:06:09.172 [main] DEBUG org.hibernate.type.BasicTypeRegistry - Adding type registration date -&gt; org.hibernate.type.DateType@4241e0f4
00:06:09.172 [main] DEBUG org.hibernate.type.BasicTypeRegistry - Adding type registration java.sql.Date -&gt; org.hibernate.type.DateType@4241e0f4
00:06:09.173 [main] DEBUG org.hibernate.type.BasicTypeRegistry - Adding type registration time -&gt; org.hibernate.type.TimeType@babafc2
00:06:09.173 [main] DEBUG org.hibernate.type.BasicTypeRegistry - Adding type registration java.sql.Time -&gt; org.hibernate.type.TimeType@babafc2
00:06:09.173 [main] DEBUG org.hibernate.type.BasicTypeRegistry - Adding type registration timestamp -&gt; org.hibernate.type.TimestampType@345f69f3
00:06:09.174 [main] DEBUG org.hibernate.type.BasicTypeRegistry - Adding type registration java.sql.Timestamp -&gt; org.hibernate.type.TimestampType@345f69f3
00:06:09.174 [main] DEBUG org.hibernate.type.BasicTypeRegistry - Adding type registration java.util.Date -&gt; org.hibernate.type.TimestampType@345f69f3
00:06:09.175 [main] DEBUG org.hibernate.type.BasicTypeRegistry - Adding type registration dbtimestamp -&gt; org.hibernate.type.DbTimestampType@51549490
00:06:09.176 [main] DEBUG org.hibernate.type.BasicTypeRegistry - Adding type registration calendar -&gt; org.hibernate.type.CalendarType@181e731e
00:06:09.176 [main] DEBUG org.hibernate.type.BasicTypeRegistry - Adding type registration java.util.Calendar -&gt; org.hibernate.type.CalendarType@181e731e
00:06:09.176 [main] DEBUG org.hibernate.type.BasicTypeRegistry - Adding type registration java.util.GregorianCalendar -&gt; org.hibernate.type.CalendarType@181e731e
00:06:09.177 [main] DEBUG org.hibernate.type.BasicTypeRegistry - Adding type registration calendar_date -&gt; org.hibernate.type.CalendarDateType@17d88132
00:06:09.177 [main] DEBUG org.hibernate.type.BasicTypeRegistry - Adding type registration calendar_time -&gt; org.hibernate.type.CalendarTimeType@36cda2c2
00:06:09.178 [main] DEBUG org.hibernate.type.BasicTypeRegistry - Adding type registration locale -&gt; org.hibernate.type.LocaleType@2e48362c
00:06:09.178 [main] DEBUG org.hibernate.type.BasicTypeRegistry - Adding type registration java.util.Locale -&gt; org.hibernate.type.LocaleType@2e48362c
00:06:09.179 [main] DEBUG org.hibernate.type.BasicTypeRegistry - Adding type registration currency -&gt; org.hibernate.type.CurrencyType@1f53a5dc
00:06:09.179 [main] DEBUG org.hibernate.type.BasicTypeRegistry - Adding type registration java.util.Currency -&gt; org.hibernate.type.CurrencyType@1f53a5dc
00:06:09.179 [main] DEBUG org.hibernate.type.BasicTypeRegistry - Adding type registration timezone -&gt; org.hibernate.type.TimeZoneType@6d167f58
00:06:09.180 [main] DEBUG org.hibernate.type.BasicTypeRegistry - Adding type registration java.util.TimeZone -&gt; org.hibernate.type.TimeZoneType@6d167f58
00:06:09.180 [main] DEBUG org.hibernate.type.BasicTypeRegistry - Adding type registration class -&gt; org.hibernate.type.ClassType@54504ecd
00:06:09.180 [main] DEBUG org.hibernate.type.BasicTypeRegistry - Adding type registration java.lang.Class -&gt; org.hibernate.type.ClassType@54504ecd
00:06:09.181 [main] DEBUG org.hibernate.type.BasicTypeRegistry - Adding type registration uuid-binary -&gt; org.hibernate.type.UUIDBinaryType@12359a82
00:06:09.181 [main] DEBUG org.hibernate.type.BasicTypeRegistry - Adding type registration java.util.UUID -&gt; org.hibernate.type.UUIDBinaryType@12359a82
00:06:09.181 [main] DEBUG org.hibernate.type.BasicTypeRegistry - Adding type registration uuid-char -&gt; org.hibernate.type.UUIDCharType@4f3bbf68
00:06:09.182 [main] DEBUG org.hibernate.type.BasicTypeRegistry - Adding type registration binary -&gt; org.hibernate.type.BinaryType@338c99c8
00:06:09.182 [main] DEBUG org.hibernate.type.BasicTypeRegistry - Adding type registration byte[] -&gt; org.hibernate.type.BinaryType@338c99c8
00:06:09.182 [main] DEBUG org.hibernate.type.BasicTypeRegistry - Adding type registration [B -&gt; org.hibernate.type.BinaryType@338c99c8
00:06:09.182 [main] DEBUG org.hibernate.type.BasicTypeRegistry - Adding type registration wrapper-binary -&gt; org.hibernate.type.WrapperBinaryType@1fa1cab1
00:06:09.182 [main] DEBUG org.hibernate.type.BasicTypeRegistry - Adding type registration Byte[] -&gt; org.hibernate.type.WrapperBinaryType@1fa1cab1
00:06:09.183 [main] DEBUG org.hibernate.type.BasicTypeRegistry - Adding type registration [Ljava.lang.Byte; -&gt; org.hibernate.type.WrapperBinaryType@1fa1cab1
00:06:09.183 [main] DEBUG org.hibernate.type.BasicTypeRegistry - Adding type registration row_version -&gt; org.hibernate.type.RowVersionType@5c44c582
00:06:09.183 [main] DEBUG org.hibernate.type.BasicTypeRegistry - Adding type registration image -&gt; org.hibernate.type.ImageType@7b205dbd
00:06:09.184 [main] DEBUG org.hibernate.type.BasicTypeRegistry - Adding type registration characters -&gt; org.hibernate.type.CharArrayType@600b90df
00:06:09.184 [main] DEBUG org.hibernate.type.BasicTypeRegistry - Adding type registration char[] -&gt; org.hibernate.type.CharArrayType@600b90df
00:06:09.184 [main] DEBUG org.hibernate.type.BasicTypeRegistry - Adding type registration [C -&gt; org.hibernate.type.CharArrayType@600b90df
00:06:09.185 [main] DEBUG org.hibernate.type.BasicTypeRegistry - Adding type registration wrapper-characters -&gt; org.hibernate.type.CharacterArrayType@3d9c13b5
00:06:09.185 [main] DEBUG org.hibernate.type.BasicTypeRegistry - Adding type registration [Ljava.lang.Character; -&gt; org.hibernate.type.CharacterArrayType@3d9c13b5
00:06:09.185 [main] DEBUG org.hibernate.type.BasicTypeRegistry - Adding type registration Character[] -&gt; org.hibernate.type.CharacterArrayType@3d9c13b5
00:06:09.185 [main] DEBUG org.hibernate.type.BasicTypeRegistry - Adding type registration text -&gt; org.hibernate.type.TextType@8576fa0
00:06:09.186 [main] DEBUG org.hibernate.type.BasicTypeRegistry - Adding type registration ntext -&gt; org.hibernate.type.NTextType@5f354bcf
00:06:09.186 [main] DEBUG org.hibernate.type.BasicTypeRegistry - Adding type registration blob -&gt; org.hibernate.type.BlobType@6cce16f4
00:06:09.187 [main] DEBUG org.hibernate.type.BasicTypeRegistry - Adding type registration java.sql.Blob -&gt; org.hibernate.type.BlobType@6cce16f4
00:06:09.187 [main] DEBUG org.hibernate.type.BasicTypeRegistry - Adding type registration materialized_blob -&gt; org.hibernate.type.MaterializedBlobType@1046d517
00:06:09.188 [main] DEBUG org.hibernate.type.BasicTypeRegistry - Adding type registration clob -&gt; org.hibernate.type.ClobType@14fc1f0
00:06:09.188 [main] DEBUG org.hibernate.type.BasicTypeRegistry - Adding type registration java.sql.Clob -&gt; org.hibernate.type.ClobType@14fc1f0
00:06:09.189 [main] DEBUG org.hibernate.type.BasicTypeRegistry - Adding type registration nclob -&gt; org.hibernate.type.NClobType@5ddf0d24
00:06:09.189 [main] DEBUG org.hibernate.type.BasicTypeRegistry - Adding type registration java.sql.NClob -&gt; org.hibernate.type.NClobType@5ddf0d24
00:06:09.189 [main] DEBUG org.hibernate.type.BasicTypeRegistry - Adding type registration materialized_clob -&gt; org.hibernate.type.MaterializedClobType@a4add54
00:06:09.189 [main] DEBUG org.hibernate.type.BasicTypeRegistry - Adding type registration materialized_nclob -&gt; org.hibernate.type.MaterializedNClobType@66c61024
00:06:09.190 [main] DEBUG org.hibernate.type.BasicTypeRegistry - Adding type registration serializable -&gt; org.hibernate.type.SerializableType@61544ae6
00:06:09.192 [main] DEBUG org.hibernate.type.BasicTypeRegistry - Adding type registration object -&gt; org.hibernate.type.ObjectType@1e097d59
00:06:09.192 [main] DEBUG org.hibernate.type.BasicTypeRegistry - Adding type registration java.lang.Object -&gt; org.hibernate.type.ObjectType@1e097d59
00:06:09.193 [main] DEBUG org.hibernate.type.BasicTypeRegistry - Adding type registration imm_date -&gt; org.hibernate.type.AdaptedImmutableType@6ce86ce1
00:06:09.193 [main] DEBUG org.hibernate.type.BasicTypeRegistry - Adding type registration imm_time -&gt; org.hibernate.type.AdaptedImmutableType@54e7df6a
00:06:09.193 [main] DEBUG org.hibernate.type.BasicTypeRegistry - Adding type registration imm_timestamp -&gt; org.hibernate.type.AdaptedImmutableType@3fed2870
00:06:09.193 [main] DEBUG org.hibernate.type.BasicTypeRegistry - Adding type registration imm_dbtimestamp -&gt; org.hibernate.type.AdaptedImmutableType@77128536
00:06:09.193 [main] DEBUG org.hibernate.type.BasicTypeRegistry - Adding type registration imm_calendar -&gt; org.hibernate.type.AdaptedImmutableType@58326051
00:06:09.193 [main] DEBUG org.hibernate.type.BasicTypeRegistry - Adding type registration imm_calendar_date -&gt; org.hibernate.type.AdaptedImmutableType@32c4e8b2
00:06:09.193 [main] DEBUG org.hibernate.type.BasicTypeRegistry - Adding type registration imm_binary -&gt; org.hibernate.type.AdaptedImmutableType@64bce832
00:06:09.193 [main] DEBUG org.hibernate.type.BasicTypeRegistry - Adding type registration imm_serializable -&gt; org.hibernate.type.AdaptedImmutableType@764faa6
00:06:09.201 [main] DEBUG org.hibernate.boot.internal.BootstrapContextImpl - Injecting ScanEnvironment [org.hibernate.jpa.boot.internal.StandardJpaScanEnvironmentImpl@1608bcbd] into BootstrapContext; was [null]
00:06:09.202 [main] DEBUG org.hibernate.boot.internal.BootstrapContextImpl - Injecting ScanOptions [org.hibernate.boot.archive.scan.internal.StandardScanOptions@5bf8fa12] into BootstrapContext; was [org.hibernate.boot.archive.scan.internal.StandardScanOptions@29ca3d04]
00:06:09.258 [main] DEBUG org.hibernate.boot.internal.BootstrapContextImpl - Injecting JPA temp ClassLoader [null] into BootstrapContext; was [null]
00:06:09.258 [main] DEBUG org.hibernate.boot.internal.ClassLoaderAccessImpl - ClassLoaderAccessImpl#injectTempClassLoader(null) [was null]
00:06:09.265 [main] DEBUG org.hibernate.id.factory.internal.DefaultIdentifierGeneratorFactory - Registering IdentifierGenerator strategy [uuid2] -&gt; [org.hibernate.id.UUIDGenerator]
00:06:09.265 [main] DEBUG org.hibernate.id.factory.internal.DefaultIdentifierGeneratorFactory - Registering IdentifierGenerator strategy [guid] -&gt; [org.hibernate.id.GUIDGenerator]
00:06:09.266 [main] DEBUG org.hibernate.id.factory.internal.DefaultIdentifierGeneratorFactory - Registering IdentifierGenerator strategy [uuid] -&gt; [org.hibernate.id.UUIDHexGenerator]
00:06:09.266 [main] DEBUG org.hibernate.id.factory.internal.DefaultIdentifierGeneratorFactory - Registering IdentifierGenerator strategy [uuid.hex] -&gt; [org.hibernate.id.UUIDHexGenerator]
00:06:09.266 [main] DEBUG org.hibernate.id.factory.internal.DefaultIdentifierGeneratorFactory - Registering IdentifierGenerator strategy [assigned] -&gt; [org.hibernate.id.Assigned]
00:06:09.266 [main] DEBUG org.hibernate.id.factory.internal.DefaultIdentifierGeneratorFactory - Registering IdentifierGenerator strategy [identity] -&gt; [org.hibernate.id.IdentityGenerator]
00:06:09.267 [main] DEBUG org.hibernate.id.factory.internal.DefaultIdentifierGeneratorFactory - Registering IdentifierGenerator strategy [select] -&gt; [org.hibernate.id.SelectGenerator]
00:06:09.268 [main] DEBUG org.hibernate.id.factory.internal.DefaultIdentifierGeneratorFactory - Registering IdentifierGenerator strategy [sequence] -&gt; [org.hibernate.id.enhanced.SequenceStyleGenerator]
00:06:09.268 [main] DEBUG org.hibernate.id.factory.internal.DefaultIdentifierGeneratorFactory - Registering IdentifierGenerator strategy [seqhilo] -&gt; [org.hibernate.id.SequenceHiLoGenerator]
00:06:09.269 [main] DEBUG org.hibernate.id.factory.internal.DefaultIdentifierGeneratorFactory - Registering IdentifierGenerator strategy [increment] -&gt; [org.hibernate.id.IncrementGenerator]
00:06:09.269 [main] DEBUG org.hibernate.id.factory.internal.DefaultIdentifierGeneratorFactory - Registering IdentifierGenerator strategy [foreign] -&gt; [org.hibernate.id.ForeignGenerator]
00:06:09.269 [main] DEBUG org.hibernate.id.factory.internal.DefaultIdentifierGeneratorFactory - Registering IdentifierGenerator strategy [sequence-identity] -&gt; [org.hibernate.id.SequenceIdentityGenerator]
00:06:09.269 [main] DEBUG org.hibernate.id.factory.internal.DefaultIdentifierGeneratorFactory - Registering IdentifierGenerator strategy [enhanced-sequence] -&gt; [org.hibernate.id.enhanced.SequenceStyleGenerator]
00:06:09.270 [main] DEBUG org.hibernate.id.factory.internal.DefaultIdentifierGeneratorFactory - Registering IdentifierGenerator strategy [enhanced-table] -&gt; [org.hibernate.id.enhanced.TableGenerator]
00:06:09.274 [main] WARN org.hibernate.orm.connections.pooling - HHH10001002: Using Hibernate built-in connection pool (not for production use!)
00:06:09.278 [main] INFO org.hibernate.orm.connections.pooling - HHH10001005: using driver [org.postgresql.Driver] at URL [jdbc:postgresql://localhost/postgres?useSSL=false&amp;serverTimezone=UTC]
00:06:09.278 [main] INFO org.hibernate.orm.connections.pooling - HHH10001001: Connection properties: {password=sergtsop, user=postgres}
00:06:09.278 [main] INFO org.hibernate.orm.connections.pooling - HHH10001003: Autocommit mode: false
00:06:09.280 [main] DEBUG org.hibernate.engine.jdbc.connections.internal.DriverManagerConnectionProviderImpl - Initializing Connection pool with 1 Connections
00:06:09.280 [main] INFO org.hibernate.engine.jdbc.connections.internal.DriverManagerConnectionProviderImpl - HHH000115: Hibernate connection pool size: 20 (min=1)
00:06:09.506 [main] DEBUG org.hibernate.engine.jdbc.env.internal.JdbcEnvironmentInitiator - Database -&gt;
       name : PostgreSQL
    version : 13.4
      major : 13
      minor : 4
00:06:09.507 [main] DEBUG org.hibernate.engine.jdbc.env.internal.JdbcEnvironmentInitiator - Driver -&gt;
       name : PostgreSQL JDBC Driver
    version : 42.2.13
      major : 42
      minor : 2
00:06:09.507 [main] DEBUG org.hibernate.engine.jdbc.env.internal.JdbcEnvironmentInitiator - JDBC version : 4.2
00:06:09.514 [main] INFO org.hibernate.dialect.Dialect - HHH000400: Using dialect: org.hibernate.dialect.PostgreSQLDialect
00:06:09.522 [main] DEBUG org.hibernate.engine.jdbc.env.spi.IdentifierHelperBuilder - JDBC driver metadata reported database stores quoted identifiers in neither upper, lower nor mixed case
00:06:09.541 [main] DEBUG org.hibernate.boot.model.relational.Namespace - Created database namespace [logicalName=Name{catalog=null, schema=null}, physicalName=Name{catalog=null, schema=null}]
00:06:09.543 [main] DEBUG org.hibernate.type.BasicTypeRegistry - Adding type registration pg-uuid -&gt; org.hibernate.type.PostgresUUIDType@a7e2d9d
00:06:09.543 [main] DEBUG org.hibernate.type.BasicTypeRegistry - Adding type registration java.util.UUID -&gt; org.hibernate.type.PostgresUUIDType@a7e2d9d
00:06:09.543 [main] DEBUG org.hibernate.type.BasicTypeRegistry - HHH000270: Type registration [java.util.UUID] overrides previous : org.hibernate.type.UUIDBinaryType@12359a82
00:06:09.544 [main] DEBUG org.hibernate.type.spi.TypeConfiguration$Scope - Scoping TypeConfiguration [org.hibernate.type.spi.TypeConfiguration@49f5c307] to MetadataBuildingContext [org.hibernate.boot.internal.MetadataBuildingContextRootImpl@299266e2]
00:06:09.578 [main] DEBUG org.hibernate.cfg.AnnotationBinder - Binding entity from annotated class: model.Lance
00:06:09.589 [main] DEBUG org.hibernate.cfg.Ejb3Column - Binding column: Ejb3DiscriminatorColumn{logicalColumnName&apos;DTYPE&apos;, discriminatorTypeName=&apos;string&apos;}
00:06:09.592 [main] DEBUG org.hibernate.cfg.annotations.EntityBinder - Import with entity name Lance
00:06:09.595 [main] DEBUG org.hibernate.cfg.annotations.EntityBinder - Bind entity model.Lance on table Lance
00:06:09.607 [main] DEBUG org.hibernate.cfg.Ejb3Column - Binding column: Ejb3Column{table=org.hibernate.mapping.Table(Lance), mappingColumn=id, insertable=true, updatable=true, unique=false}
00:06:09.609 [main] DEBUG org.hibernate.boot.internal.ClassLoaderAccessImpl - Not known whether passed class name [model.Lance] is safe
00:06:09.609 [main] DEBUG org.hibernate.boot.internal.ClassLoaderAccessImpl - No temp ClassLoader provided; using live ClassLoader for loading potentially unsafe class : model.Lance
00:06:09.609 [main] DEBUG org.hibernate.cfg.annotations.PropertyBinder - MetadataSourceProcessor property id with lazy=false
00:06:09.610 [main] DEBUG org.hibernate.cfg.AbstractPropertyHolder - Attempting to locate auto-apply AttributeConverter for property [model.Lance:id]
00:06:09.612 [main] DEBUG org.hibernate.cfg.annotations.SimpleValueBinder - building SimpleValue for id
00:06:09.613 [main] DEBUG org.hibernate.cfg.annotations.PropertyBinder - Building property id
00:06:09.615 [main] DEBUG org.hibernate.cfg.BinderHelper - #makeIdGenerator(org.hibernate.mapping.SimpleValue([org.hibernate.mapping.Column(id)]), id, identity, , ...)
00:06:09.615 [main] DEBUG org.hibernate.cfg.Ejb3Column - Binding column: Ejb3Column{table=org.hibernate.mapping.Table(Lance), mappingColumn=email, insertable=true, updatable=true, unique=false}
00:06:09.615 [main] DEBUG org.hibernate.cfg.annotations.PropertyBinder - MetadataSourceProcessor property email with lazy=false
00:06:09.616 [main] DEBUG org.hibernate.cfg.AbstractPropertyHolder - Attempting to locate auto-apply AttributeConverter for property [model.Lance:email]
00:06:09.616 [main] DEBUG org.hibernate.cfg.annotations.SimpleValueBinder - building SimpleValue for email
00:06:09.616 [main] DEBUG org.hibernate.cfg.annotations.PropertyBinder - Building property email
00:06:09.616 [main] DEBUG org.hibernate.cfg.Ejb3Column - Binding column: Ejb3Column{table=org.hibernate.mapping.Table(Lance), mappingColumn=nome, insertable=true, updatable=true, unique=false}
00:06:09.616 [main] DEBUG org.hibernate.cfg.annotations.PropertyBinder - MetadataSourceProcessor property nome with lazy=false
00:06:09.616 [main] DEBUG org.hibernate.cfg.AbstractPropertyHolder - Attempting to locate auto-apply AttributeConverter for property [model.Lance:nome]
00:06:09.616 [main] DEBUG org.hibernate.cfg.annotations.SimpleValueBinder - building SimpleValue for nome
00:06:09.616 [main] DEBUG org.hibernate.cfg.annotations.PropertyBinder - Building property nome
00:06:09.616 [main] DEBUG org.hibernate.cfg.Ejb3Column - Binding column: Ejb3Column{table=org.hibernate.mapping.Table(Lance), mappingColumn=objeto, insertable=true, updatable=true, unique=false}
00:06:09.616 [main] DEBUG org.hibernate.cfg.annotations.PropertyBinder - MetadataSourceProcessor property objeto with lazy=false
00:06:09.617 [main] DEBUG org.hibernate.cfg.AbstractPropertyHolder - Attempting to locate auto-apply AttributeConverter for property [model.Lance:objeto]
00:06:09.617 [main] DEBUG org.hibernate.cfg.annotations.SimpleValueBinder - building SimpleValue for objeto
00:06:09.617 [main] DEBUG org.hibernate.cfg.annotations.PropertyBinder - Building property objeto
00:06:09.617 [main] DEBUG org.hibernate.cfg.Ejb3Column - Binding column: Ejb3Column{table=org.hibernate.mapping.Table(Lance), mappingColumn=valor, insertable=true, updatable=true, unique=false}
00:06:09.617 [main] DEBUG org.hibernate.cfg.annotations.PropertyBinder - MetadataSourceProcessor property valor with lazy=false
00:06:09.617 [main] DEBUG org.hibernate.cfg.AbstractPropertyHolder - Attempting to locate auto-apply AttributeConverter for property [model.Lance:valor]
00:06:09.617 [main] DEBUG org.hibernate.cfg.annotations.SimpleValueBinder - building SimpleValue for valor
00:06:09.617 [main] DEBUG org.hibernate.cfg.annotations.PropertyBinder - Building property valor
00:06:09.618 [main] DEBUG org.hibernate.cfg.AnnotationBinder - Binding entity from annotated class: model.Leilao
00:06:09.619 [main] DEBUG org.hibernate.cfg.Ejb3Column - Binding column: Ejb3DiscriminatorColumn{logicalColumnName&apos;DTYPE&apos;, discriminatorTypeName=&apos;string&apos;}
00:06:09.619 [main] DEBUG org.hibernate.cfg.annotations.EntityBinder - Import with entity name Leilao
00:06:09.619 [main] DEBUG org.hibernate.cfg.annotations.EntityBinder - Bind entity model.Leilao on table leiloes
00:06:09.620 [main] DEBUG org.hibernate.cfg.Ejb3Column - Binding column: Ejb3Column{table=org.hibernate.mapping.Table(leiloes), mappingColumn=id, insertable=true, updatable=true, unique=false}
00:06:09.620 [main] DEBUG org.hibernate.boot.internal.ClassLoaderAccessImpl - Not known whether passed class name [model.Leilao] is safe
00:06:09.620 [main] DEBUG org.hibernate.boot.internal.ClassLoaderAccessImpl - No temp ClassLoader provided; using live ClassLoader for loading potentially unsafe class : model.Leilao
00:06:09.620 [main] DEBUG org.hibernate.cfg.annotations.PropertyBinder - MetadataSourceProcessor property id with lazy=false
00:06:09.620 [main] DEBUG org.hibernate.cfg.AbstractPropertyHolder - Attempting to locate auto-apply AttributeConverter for property [model.Leilao:id]
00:06:09.620 [main] DEBUG org.hibernate.cfg.annotations.SimpleValueBinder - building SimpleValue for id
00:06:09.620 [main] DEBUG org.hibernate.cfg.annotations.PropertyBinder - Building property id
00:06:09.620 [main] DEBUG org.hibernate.cfg.BinderHelper - #makeIdGenerator(org.hibernate.mapping.SimpleValue([org.hibernate.mapping.Column(id)]), id, identity, , ...)
00:06:09.620 [main] DEBUG org.hibernate.cfg.Ejb3Column - Binding column: Ejb3Column{table=org.hibernate.mapping.Table(leiloes), mappingColumn=data, insertable=true, updatable=true, unique=false}
00:06:09.621 [main] DEBUG org.hibernate.cfg.annotations.PropertyBinder - MetadataSourceProcessor property data with lazy=false
00:06:09.621 [main] DEBUG org.hibernate.cfg.AbstractPropertyHolder - Attempting to locate auto-apply AttributeConverter for property [model.Leilao:data]
00:06:09.621 [main] DEBUG org.hibernate.cfg.annotations.SimpleValueBinder - building SimpleValue for data
00:06:09.621 [main] DEBUG org.hibernate.cfg.annotations.PropertyBinder - Building property data
00:06:09.622 [main] DEBUG org.hibernate.cfg.Ejb3Column - Binding column: Ejb3Column{table=org.hibernate.mapping.Table(leiloes), mappingColumn=nome, insertable=true, updatable=true, unique=false}
00:06:09.622 [main] DEBUG org.hibernate.cfg.annotations.PropertyBinder - MetadataSourceProcessor property nome with lazy=false
00:06:09.622 [main] DEBUG org.hibernate.cfg.AbstractPropertyHolder - Attempting to locate auto-apply AttributeConverter for property [model.Leilao:nome]
00:06:09.622 [main] DEBUG org.hibernate.cfg.annotations.SimpleValueBinder - building SimpleValue for nome
00:06:09.622 [main] DEBUG org.hibernate.cfg.annotations.PropertyBinder - Building property nome
00:06:09.622 [main] DEBUG org.hibernate.cfg.Ejb3Column - Binding column: Ejb3Column{table=org.hibernate.mapping.Table(leiloes), mappingColumn=status, insertable=true, updatable=true, unique=false}
00:06:09.622 [main] DEBUG org.hibernate.cfg.annotations.PropertyBinder - MetadataSourceProcessor property status with lazy=false
00:06:09.622 [main] DEBUG org.hibernate.cfg.AbstractPropertyHolder - Attempting to locate auto-apply AttributeConverter for property [model.Leilao:status]
00:06:09.622 [main] DEBUG org.hibernate.cfg.annotations.SimpleValueBinder - building SimpleValue for status
00:06:09.622 [main] DEBUG org.hibernate.cfg.annotations.PropertyBinder - Building property status
00:06:09.623 [main] DEBUG org.hibernate.cfg.Ejb3Column - Binding column: Ejb3Column{table=org.hibernate.mapping.Table(leiloes), mappingColumn=valorMinimo, insertable=true, updatable=true, unique=false}
00:06:09.623 [main] DEBUG org.hibernate.cfg.annotations.PropertyBinder - MetadataSourceProcessor property valorMinimo with lazy=false
00:06:09.623 [main] DEBUG org.hibernate.cfg.AbstractPropertyHolder - Attempting to locate auto-apply AttributeConverter for property [model.Leilao:valorMinimo]
00:06:09.623 [main] DEBUG org.hibernate.cfg.annotations.SimpleValueBinder - building SimpleValue for valorMinimo
00:06:09.623 [main] DEBUG org.hibernate.cfg.annotations.PropertyBinder - Building property valorMinimo
00:06:09.623 [main] DEBUG org.hibernate.cfg.AnnotationBinder - Binding entity from annotated class: model.Cliente
00:06:09.623 [main] DEBUG org.hibernate.cfg.Ejb3Column - Binding column: Ejb3DiscriminatorColumn{logicalColumnName&apos;DTYPE&apos;, discriminatorTypeName=&apos;string&apos;}
00:06:09.623 [main] DEBUG org.hibernate.cfg.annotations.EntityBinder - Import with entity name Cliente
00:06:09.623 [main] DEBUG org.hibernate.cfg.annotations.EntityBinder - Bind entity model.Cliente on table Cliente
00:06:09.624 [main] DEBUG org.hibernate.cfg.Ejb3Column - Binding column: Ejb3Column{table=org.hibernate.mapping.Table(Cliente), mappingColumn=id, insertable=true, updatable=true, unique=false}
00:06:09.624 [main] DEBUG org.hibernate.boot.internal.ClassLoaderAccessImpl - Not known whether passed class name [model.Cliente] is safe
00:06:09.624 [main] DEBUG org.hibernate.boot.internal.ClassLoaderAccessImpl - No temp ClassLoader provided; using live ClassLoader for loading potentially unsafe class : model.Cliente
00:06:09.624 [main] DEBUG org.hibernate.cfg.annotations.PropertyBinder - MetadataSourceProcessor property id with lazy=false
00:06:09.624 [main] DEBUG org.hibernate.cfg.AbstractPropertyHolder - Attempting to locate auto-apply AttributeConverter for property [model.Cliente:id]
00:06:09.624 [main] DEBUG org.hibernate.cfg.annotations.SimpleValueBinder - building SimpleValue for id
00:06:09.624 [main] DEBUG org.hibernate.cfg.annotations.PropertyBinder - Building property id
00:06:09.624 [main] DEBUG org.hibernate.cfg.BinderHelper - #makeIdGenerator(org.hibernate.mapping.SimpleValue([org.hibernate.mapping.Column(id)]), id, identity, , ...)
00:06:09.625 [main] DEBUG org.hibernate.cfg.Ejb3Column - Binding column: Ejb3Column{table=org.hibernate.mapping.Table(Cliente), mappingColumn=email, insertable=true, updatable=true, unique=false}
00:06:09.625 [main] DEBUG org.hibernate.cfg.annotations.PropertyBinder - MetadataSourceProcessor property email with lazy=false
00:06:09.625 [main] DEBUG org.hibernate.cfg.AbstractPropertyHolder - Attempting to locate auto-apply AttributeConverter for property [model.Cliente:email]
00:06:09.625 [main] DEBUG org.hibernate.cfg.annotations.SimpleValueBinder - building SimpleValue for email
00:06:09.625 [main] DEBUG org.hibernate.cfg.annotations.PropertyBinder - Building property email
00:06:09.625 [main] DEBUG org.hibernate.cfg.Ejb3Column - Binding column: Ejb3Column{table=org.hibernate.mapping.Table(Cliente), mappingColumn=nome, insertable=true, updatable=true, unique=false}
00:06:09.625 [main] DEBUG org.hibernate.cfg.annotations.PropertyBinder - MetadataSourceProcessor property nome with lazy=false
00:06:09.625 [main] DEBUG org.hibernate.cfg.AbstractPropertyHolder - Attempting to locate auto-apply AttributeConverter for property [model.Cliente:nome]
00:06:09.625 [main] DEBUG org.hibernate.cfg.annotations.SimpleValueBinder - building SimpleValue for nome
00:06:09.625 [main] DEBUG org.hibernate.cfg.annotations.PropertyBinder - Building property nome
00:06:09.625 [main] DEBUG org.hibernate.cfg.Ejb3Column - Binding column: Ejb3Column{table=org.hibernate.mapping.Table(Cliente), mappingColumn=senha, insertable=true, updatable=true, unique=false}
00:06:09.626 [main] DEBUG org.hibernate.cfg.annotations.PropertyBinder - MetadataSourceProcessor property senha with lazy=false
00:06:09.626 [main] DEBUG org.hibernate.cfg.AbstractPropertyHolder - Attempting to locate auto-apply AttributeConverter for property [model.Cliente:senha]
00:06:09.626 [main] DEBUG org.hibernate.cfg.annotations.SimpleValueBinder - building SimpleValue for senha
00:06:09.626 [main] DEBUG org.hibernate.cfg.annotations.PropertyBinder - Building property senha
00:06:09.627 [main] DEBUG org.hibernate.cfg.annotations.SimpleValueBinder - Starting fillSimpleValue for id
00:06:09.627 [main] DEBUG org.hibernate.cfg.annotations.SimpleValueBinder - Starting fillSimpleValue for email
00:06:09.627 [main] DEBUG org.hibernate.cfg.annotations.SimpleValueBinder - Starting fillSimpleValue for nome
00:06:09.627 [main] DEBUG org.hibernate.cfg.annotations.SimpleValueBinder - Starting fillSimpleValue for objeto
00:06:09.627 [main] DEBUG org.hibernate.cfg.annotations.SimpleValueBinder - Starting fillSimpleValue for valor
00:06:09.627 [main] DEBUG org.hibernate.cfg.annotations.SimpleValueBinder - Starting fillSimpleValue for id
00:06:09.628 [main] DEBUG org.hibernate.cfg.annotations.SimpleValueBinder - Starting fillSimpleValue for data
00:06:09.628 [main] DEBUG org.hibernate.cfg.annotations.SimpleValueBinder - Starting fillSimpleValue for nome
00:06:09.628 [main] DEBUG org.hibernate.cfg.annotations.SimpleValueBinder - Starting fillSimpleValue for status
00:06:09.628 [main] DEBUG org.hibernate.cfg.annotations.SimpleValueBinder - Starting fillSimpleValue for valorMinimo
00:06:09.628 [main] DEBUG org.hibernate.cfg.annotations.SimpleValueBinder - Starting fillSimpleValue for id
00:06:09.628 [main] DEBUG org.hibernate.cfg.annotations.SimpleValueBinder - Starting fillSimpleValue for email
00:06:09.628 [main] DEBUG org.hibernate.cfg.annotations.SimpleValueBinder - Starting fillSimpleValue for nome
00:06:09.628 [main] DEBUG org.hibernate.cfg.annotations.SimpleValueBinder - Starting fillSimpleValue for senha
00:06:09.629 [main] DEBUG org.hibernate.mapping.PrimaryKey - Forcing column [id] to be non-null as it is part of the primary key for table [lance]
00:06:09.629 [main] DEBUG org.hibernate.mapping.PrimaryKey - Forcing column [id] to be non-null as it is part of the primary key for table [leiloes]
00:06:09.629 [main] DEBUG org.hibernate.mapping.PrimaryKey - Forcing column [id] to be non-null as it is part of the primary key for table [cliente]
00:06:09.652 [main] DEBUG org.hibernate.internal.SessionFactoryImpl - Building session factory
00:06:09.653 [main] DEBUG org.hibernate.cfg.Settings - SessionFactory name : null
00:06:09.653 [main] DEBUG org.hibernate.cfg.Settings - Automatic flush during beforeCompletion(): enabled
00:06:09.653 [main] DEBUG org.hibernate.cfg.Settings - Automatic session close at end of transaction: disabled
00:06:09.653 [main] DEBUG org.hibernate.cfg.Settings - Statistics: disabled
00:06:09.653 [main] DEBUG org.hibernate.cfg.Settings - Deleted entity synthetic identifier rollback: disabled
00:06:09.653 [main] DEBUG org.hibernate.cfg.Settings - Default entity-mode: pojo
00:06:09.653 [main] DEBUG org.hibernate.cfg.Settings - Check Nullability in Core (should be disabled when Bean Validation is on): enabled
00:06:09.653 [main] DEBUG org.hibernate.cfg.Settings - Allow initialization of lazy state outside session : disabled
00:06:09.654 [main] DEBUG org.hibernate.cfg.Settings - Using BatchFetchStyle : LEGACY
00:06:09.654 [main] DEBUG org.hibernate.cfg.Settings - Default batch fetch size: -1
00:06:09.654 [main] DEBUG org.hibernate.cfg.Settings - Maximum outer join fetch depth: null
00:06:09.654 [main] DEBUG org.hibernate.cfg.Settings - Default null ordering: NONE
00:06:09.654 [main] DEBUG org.hibernate.cfg.Settings - Order SQL updates by primary key: disabled
00:06:09.654 [main] DEBUG org.hibernate.cfg.Settings - Order SQL inserts for batching: disabled
00:06:09.654 [main] DEBUG org.hibernate.cfg.Settings - multi-tenancy strategy : NONE
00:06:09.654 [main] DEBUG org.hibernate.cfg.Settings - JTA Track by Thread: enabled
00:06:09.654 [main] DEBUG org.hibernate.cfg.Settings - Query language substitutions: {}
00:06:09.654 [main] DEBUG org.hibernate.cfg.Settings - Named query checking : enabled
00:06:09.654 [main] DEBUG org.hibernate.cfg.Settings - Second-level cache: disabled
00:06:09.654 [main] DEBUG org.hibernate.cfg.Settings - Second-level query cache: disabled
00:06:09.654 [main] DEBUG org.hibernate.cfg.Settings - Second-level query cache factory: null
00:06:09.654 [main] DEBUG org.hibernate.cfg.Settings - Second-level cache region prefix: null
00:06:09.654 [main] DEBUG org.hibernate.cfg.Settings - Optimize second-level cache for minimal puts: disabled
00:06:09.654 [main] DEBUG org.hibernate.cfg.Settings - Structured second-level cache entries: disabled
00:06:09.654 [main] DEBUG org.hibernate.cfg.Settings - Second-level cache direct-reference entries: disabled
00:06:09.655 [main] DEBUG org.hibernate.cfg.Settings - Automatic eviction of collection cache: disabled
00:06:09.655 [main] DEBUG org.hibernate.cfg.Settings - JDBC batch size: 15
00:06:09.655 [main] DEBUG org.hibernate.cfg.Settings - JDBC batch updates for versioned data: enabled
00:06:09.655 [main] DEBUG org.hibernate.cfg.Settings - Scrollable result sets: enabled
00:06:09.655 [main] DEBUG org.hibernate.cfg.Settings - Wrap result sets: disabled
00:06:09.655 [main] DEBUG org.hibernate.cfg.Settings - JDBC3 getGeneratedKeys(): enabled
00:06:09.655 [main] DEBUG org.hibernate.cfg.Settings - JDBC result set fetch size: null
00:06:09.655 [main] DEBUG org.hibernate.cfg.Settings - Connection release mode: AFTER_TRANSACTION
00:06:09.655 [main] DEBUG org.hibernate.cfg.Settings - Generate SQL with comments: disabled
00:06:09.655 [main] DEBUG org.hibernate.cfg.Settings - JPA compliance - query : disabled
00:06:09.655 [main] DEBUG org.hibernate.cfg.Settings - JPA compliance - closed-handling : disabled
00:06:09.655 [main] DEBUG org.hibernate.cfg.Settings - JPA compliance - lists : disabled
00:06:09.655 [main] DEBUG org.hibernate.cfg.Settings - JPA compliance - transactions : disabled
00:06:09.692 [main] DEBUG org.hibernate.service.internal.SessionFactoryServiceRegistryImpl - EventListenerRegistry access via ServiceRegistry is deprecated.  Use `sessionFactory.getEventEngine().getListenerRegistry()` instead
00:06:09.692 [main] DEBUG org.hibernate.service.internal.SessionFactoryServiceRegistryImpl - EventListenerRegistry access via ServiceRegistry is deprecated.  Use `sessionFactory.getEventEngine().getListenerRegistry()` instead
00:06:09.703 [main] DEBUG org.hibernate.internal.SessionFactoryImpl - Session factory constructed with filter configurations : {}
00:06:09.703 [main] DEBUG org.hibernate.internal.SessionFactoryImpl - Instantiating session factory with properties: {java.specification.version=16, sun.cpu.isalist=amd64, sun.jnu.encoding=Cp1252, hibernate.dialect=org.hibernate.dialect.PostgreSQLDialect, java.class.path=D:\TestedeSw\Desenvolivmento-Leilao\target\test-classes;D:\TestedeSw\Desenvolivmento-Leilao\target\classes;C:\Users\wilso\.m2\repository\javax\servlet\javax.servlet-api\4.0.1\javax.servlet-api-4.0.1.jar;C:\Users\wilso\.m2\repository\org\seleniumhq\selenium\selenium-chrome-driver\3.141.59\selenium-chrome-driver-3.141.59.jar;C:\Users\wilso\.m2\repository\org\seleniumhq\selenium\selenium-api\3.141.59\selenium-api-3.141.59.jar;C:\Users\wilso\.m2\repository\org\seleniumhq\selenium\selenium-remote-driver\3.141.59\selenium-remote-driver-3.141.59.jar;C:\Users\wilso\.m2\repository\net\bytebuddy\byte-buddy\1.8.15\byte-buddy-1.8.15.jar;C:\Users\wilso\.m2\repository\org\apache\commons\commons-exec\1.3\commons-exec-1.3.jar;C:\Users\wilso\.m2\repository\com\google\guava\guava\25.0-jre\guava-25.0-jre.jar;C:\Users\wilso\.m2\repository\com\google\code\findbugs\jsr305\1.3.9\jsr305-1.3.9.jar;C:\Users\wilso\.m2\repository\org\checkerframework\checker-compat-qual\2.0.0\checker-compat-qual-2.0.0.jar;C:\Users\wilso\.m2\repository\com\google\errorprone\error_prone_annotations\2.1.3\error_prone_annotations-2.1.3.jar;C:\Users\wilso\.m2\repository\com\google\j2objc\j2objc-annotations\1.1\j2objc-annotations-1.1.jar;C:\Users\wilso\.m2\repository\org\codehaus\mojo\animal-sniffer-annotations\1.14\animal-sniffer-annotations-1.14.jar;C:\Users\wilso\.m2\repository\com\squareup\okhttp3\okhttp\3.11.0\okhttp-3.11.0.jar;C:\Users\wilso\.m2\repository\com\squareup\okio\okio\1.14.0\okio-1.14.0.jar;C:\Users\wilso\.m2\repository\org\seleniumhq\selenium\selenium-java\3.141.59\selenium-java-3.141.59.jar;C:\Users\wilso\.m2\repository\org\seleniumhq\selenium\selenium-edge-driver\3.141.59\selenium-edge-driver-3.141.59.jar;C:\Users\wilso\.m2\repository\org\seleniumhq\selenium\selenium-firefox-driver\3.141.59\selenium-firefox-driver-3.141.59.jar;C:\Users\wilso\.m2\repository\org\seleniumhq\selenium\selenium-ie-driver\3.141.59\selenium-ie-driver-3.141.59.jar;C:\Users\wilso\.m2\repository\org\seleniumhq\selenium\selenium-opera-driver\3.141.59\selenium-opera-driver-3.141.59.jar;C:\Users\wilso\.m2\repository\org\seleniumhq\selenium\selenium-safari-driver\3.141.59\selenium-safari-driver-3.141.59.jar;C:\Users\wilso\.m2\repository\org\seleniumhq\selenium\selenium-support\3.141.59\selenium-support-3.141.59.jar;C:\Users\wilso\.m2\repository\io\github\bonigarcia\webdrivermanager\2.2.1\webdrivermanager-2.2.1.jar;C:\Users\wilso\.m2\repository\org\slf4j\slf4j-api\1.7.24\slf4j-api-1.7.24.jar;C:\Users\wilso\.m2\repository\commons-io\commons-io\2.5\commons-io-2.5.jar;C:\Users\wilso\.m2\repository\com\google\code\gson\gson\2.8.0\gson-2.8.0.jar;C:\Users\wilso\.m2\repository\org\apache\commons\commons-lang3\3.5\commons-lang3-3.5.jar;C:\Users\wilso\.m2\repository\org\apache\httpcomponents\httpclient\4.5.3\httpclient-4.5.3.jar;C:\Users\wilso\.m2\repository\org\apache\httpcomponents\httpcore\4.4.6\httpcore-4.4.6.jar;C:\Users\wilso\.m2\repository\commons-logging\commons-logging\1.2\commons-logging-1.2.jar;C:\Users\wilso\.m2\repository\commons-codec\commons-codec\1.9\commons-codec-1.9.jar;C:\Users\wilso\.m2\repository\org\rauschig\jarchivelib\0.7.1\jarchivelib-0.7.1.jar;C:\Users\wilso\.m2\repository\org\apache\commons\commons-compress\1.9\commons-compress-1.9.jar;C:\Users\wilso\.m2\repository\org\jsoup\jsoup\1.10.2\jsoup-1.10.2.jar;C:\Users\wilso\.m2\repository\ch\qos\logback\logback-classic\1.2.3\logback-classic-1.2.3.jar;C:\Users\wilso\.m2\repository\ch\qos\logback\logback-core\1.2.3\logback-core-1.2.3.jar;C:\Users\wilso\.m2\repository\javax\mail\mail\1.4\mail-1.4.jar;C:\Users\wilso\.m2\repository\javax\activation\activation\1.1.1\activation-1.1.1.jar;C:\Users\wilso\.m2\repository\junit\junit\4.13.2\junit-4.13.2.jar;C:\Users\wilso\.m2\repository\org\hamcrest\hamcrest-core\1.3\hamcrest-core-1.3.jar;C:\Users\wilso\.m2\repository\org\mockito\mockito-all\1.10.19\mockito-all-1.10.19.jar;C:\Users\wilso\.m2\repository\org\hibernate\hibernate-entitymanager\5.4.30.Final\hibernate-entitymanager-5.4.30.Final.jar;C:\Users\wilso\.m2\repository\org\jboss\logging\jboss-logging\3.4.1.Final\jboss-logging-3.4.1.Final.jar;C:\Users\wilso\.m2\repository\org\hibernate\common\hibernate-commons-annotations\5.1.2.Final\hibernate-commons-annotations-5.1.2.Final.jar;C:\Users\wilso\.m2\repository\javax\persistence\javax.persistence-api\2.2\javax.persistence-api-2.2.jar;C:\Users\wilso\.m2\repository\org\jboss\spec\javax\transaction\jboss-transaction-api_1.2_spec\1.1.1.Final\jboss-transaction-api_1.2_spec-1.1.1.Final.jar;C:\Users\wilso\.m2\repository\org\junit\jupiter\junit-jupiter-api\5.7.1\junit-jupiter-api-5.7.1.jar;C:\Users\wilso\.m2\repository\org\apiguardian\apiguardian-api\1.1.0\apiguardian-api-1.1.0.jar;C:\Users\wilso\.m2\repository\org\opentest4j\opentest4j\1.2.0\opentest4j-1.2.0.jar;C:\Users\wilso\.m2\repository\org\junit\platform\junit-platform-commons\1.7.1\junit-platform-commons-1.7.1.jar;C:\Users\wilso\.m2\repository\org\junit\jupiter\junit-jupiter-engine\5.7.1\junit-jupiter-engine-5.7.1.jar;C:\Users\wilso\.m2\repository\org\junit\platform\junit-platform-engine\1.7.1\junit-platform-engine-1.7.1.jar;C:\Users\wilso\.m2\repository\jstl\jstl\1.2\jstl-1.2.jar;C:\Users\wilso\.m2\repository\org\postgresql\postgresql\42.2.13\postgresql-42.2.13.jar;C:\Users\wilso\.m2\repository\com\github\waffle\waffle-jna\1.9.1\waffle-jna-1.9.1.jar;C:\Users\wilso\.m2\repository\net\java\dev\jna\jna\4.5.1\jna-4.5.1.jar;C:\Users\wilso\.m2\repository\net\java\dev\jna\jna-platform\4.5.1\jna-platform-4.5.1.jar;C:\Users\wilso\.m2\repository\org\slf4j\jcl-over-slf4j\1.7.25\jcl-over-slf4j-1.7.25.jar;C:\Users\wilso\.m2\repository\com\github\ben-manes\caffeine\caffeine\2.6.2\caffeine-2.6.2.jar;C:\Users\wilso\.m2\repository\org\osgi\org.osgi.core\4.3.1\org.osgi.core-4.3.1.jar;C:\Users\wilso\.m2\repository\org\osgi\org.osgi.enterprise\4.2.0\org.osgi.enterprise-4.2.0.jar;C:\Users\wilso\.m2\repository\org\hibernate\hibernate-core\5.5.5.Final\hibernate-core-5.5.5.Final.jar;C:\Users\wilso\.m2\repository\org\javassist\javassist\3.27.0-GA\javassist-3.27.0-GA.jar;C:\Users\wilso\.m2\repository\org\jboss\jandex\2.2.3.Final\jandex-2.2.3.Final.jar;C:\Users\wilso\.m2\repository\com\fasterxml\classmate\1.5.1\classmate-1.5.1.jar;C:\Users\wilso\.m2\repository\javax\activation\javax.activation-api\1.2.0\javax.activation-api-1.2.0.jar;C:\Users\wilso\.m2\repository\javax\xml\bind\jaxb-api\2.3.1\jaxb-api-2.3.1.jar;C:\Users\wilso\.m2\repository\org\glassfish\jaxb\jaxb-runtime\2.3.1\jaxb-runtime-2.3.1.jar;C:\Users\wilso\.m2\repository\org\glassfish\jaxb\txw2\2.3.1\txw2-2.3.1.jar;C:\Users\wilso\.m2\repository\com\sun\istack\istack-commons-runtime\3.0.7\istack-commons-runtime-3.0.7.jar;C:\Users\wilso\.m2\repository\org\jvnet\staxex\stax-ex\1.8\stax-ex-1.8.jar;C:\Users\wilso\.m2\repository\com\sun\xml\fastinfoset\FastInfoset\1.2.15\FastInfoset-1.2.15.jar;C:\Users\wilso\.m2\repository\org\dom4j\dom4j\2.1.3\dom4j-2.1.3.jar;C:\Users\wilso\.m2\repository\antlr\antlr\2.7.7\antlr-2.7.7.jar;, java.vm.vendor=Oracle Corporation, sun.arch.data.model=64, user.variant=, java.vendor.url=https://java.oracle.com/, user.timezone=America/Sao_Paulo, javax.persistence.jdbc.url=jdbc:postgresql://localhost/postgres?useSSL=false&amp;serverTimezone=UTC, javax.persistence.jdbc.user=****, java.vm.specification.version=16, os.name=Windows 10, jakarta.persistence.jdbc.password=****, sun.java.launcher=SUN_STANDARD, user.country=BR, local.setting.IS_JTA_TXN_COORD=false, sun.boot.library.path=C:\Users\wilso\.jdks\openjdk-16.0.1\bin, sun.java.command=D:\TestedeSw\Desenvolivmento-Leilao\target\surefire\surefirebooter948638914691903440.jar D:\TestedeSw\Desenvolivmento-Leilao\target\surefire\surefire17090652239533642978tmp D:\TestedeSw\Desenvolivmento-Leilao\target\surefire\surefire_03701802920224603322tmp, jdk.debug=release, surefire.test.class.path=D:\TestedeSw\Desenvolivmento-Leilao\target\test-classes;D:\TestedeSw\Desenvolivmento-Leilao\target\classes;C:\Users\wilso\.m2\repository\javax\servlet\javax.servlet-api\4.0.1\javax.servlet-api-4.0.1.jar;C:\Users\wilso\.m2\repository\org\seleniumhq\selenium\selenium-chrome-driver\3.141.59\selenium-chrome-driver-3.141.59.jar;C:\Users\wilso\.m2\repository\org\seleniumhq\selenium\selenium-api\3.141.59\selenium-api-3.141.59.jar;C:\Users\wilso\.m2\repository\org\seleniumhq\selenium\selenium-remote-driver\3.141.59\selenium-remote-driver-3.141.59.jar;C:\Users\wilso\.m2\repository\net\bytebuddy\byte-buddy\1.8.15\byte-buddy-1.8.15.jar;C:\Users\wilso\.m2\repository\org\apache\commons\commons-exec\1.3\commons-exec-1.3.jar;C:\Users\wilso\.m2\repository\com\google\guava\guava\25.0-jre\guava-25.0-jre.jar;C:\Users\wilso\.m2\repository\com\google\code\findbugs\jsr305\1.3.9\jsr305-1.3.9.jar;C:\Users\wilso\.m2\repository\org\checkerframework\checker-compat-qual\2.0.0\checker-compat-qual-2.0.0.jar;C:\Users\wilso\.m2\repository\com\google\errorprone\error_prone_annotations\2.1.3\error_prone_annotations-2.1.3.jar;C:\Users\wilso\.m2\repository\com\google\j2objc\j2objc-annotations\1.1\j2objc-annotations-1.1.jar;C:\Users\wilso\.m2\repository\org\codehaus\mojo\animal-sniffer-annotations\1.14\animal-sniffer-annotations-1.14.jar;C:\Users\wilso\.m2\repository\com\squareup\okhttp3\okhttp\3.11.0\okhttp-3.11.0.jar;C:\Users\wilso\.m2\repository\com\squareup\okio\okio\1.14.0\okio-1.14.0.jar;C:\Users\wilso\.m2\repository\org\seleniumhq\selenium\selenium-java\3.141.59\selenium-java-3.141.59.jar;C:\Users\wilso\.m2\repository\org\seleniumhq\selenium\selenium-edge-driver\3.141.59\selenium-edge-driver-3.141.59.jar;C:\Users\wilso\.m2\repository\org\seleniumhq\selenium\selenium-firefox-driver\3.141.59\selenium-firefox-driver-3.141.59.jar;C:\Users\wilso\.m2\repository\org\seleniumhq\selenium\selenium-ie-driver\3.141.59\selenium-ie-driver-3.141.59.jar;C:\Users\wilso\.m2\repository\org\seleniumhq\selenium\selenium-opera-driver\3.141.59\selenium-opera-driver-3.141.59.jar;C:\Users\wilso\.m2\repository\org\seleniumhq\selenium\selenium-safari-driver\3.141.59\selenium-safari-driver-3.141.59.jar;C:\Users\wilso\.m2\repository\org\seleniumhq\selenium\selenium-support\3.141.59\selenium-support-3.141.59.jar;C:\Users\wilso\.m2\repository\io\github\bonigarcia\webdrivermanager\2.2.1\webdrivermanager-2.2.1.jar;C:\Users\wilso\.m2\repository\org\slf4j\slf4j-api\1.7.24\slf4j-api-1.7.24.jar;C:\Users\wilso\.m2\repository\commons-io\commons-io\2.5\commons-io-2.5.jar;C:\Users\wilso\.m2\repository\com\google\code\gson\gson\2.8.0\gson-2.8.0.jar;C:\Users\wilso\.m2\repository\org\apache\commons\commons-lang3\3.5\commons-lang3-3.5.jar;C:\Users\wilso\.m2\repository\org\apache\httpcomponents\httpclient\4.5.3\httpclient-4.5.3.jar;C:\Users\wilso\.m2\repository\org\apache\httpcomponents\httpcore\4.4.6\httpcore-4.4.6.jar;C:\Users\wilso\.m2\repository\commons-logging\commons-logging\1.2\commons-logging-1.2.jar;C:\Users\wilso\.m2\repository\commons-codec\commons-codec\1.9\commons-codec-1.9.jar;C:\Users\wilso\.m2\repository\org\rauschig\jarchivelib\0.7.1\jarchivelib-0.7.1.jar;C:\Users\wilso\.m2\repository\org\apache\commons\commons-compress\1.9\commons-compress-1.9.jar;C:\Users\wilso\.m2\repository\org\jsoup\jsoup\1.10.2\jsoup-1.10.2.jar;C:\Users\wilso\.m2\repository\ch\qos\logback\logback-classic\1.2.3\logback-classic-1.2.3.jar;C:\Users\wilso\.m2\repository\ch\qos\logback\logback-core\1.2.3\logback-core-1.2.3.jar;C:\Users\wilso\.m2\repository\javax\mail\mail\1.4\mail-1.4.jar;C:\Users\wilso\.m2\repository\javax\activation\activation\1.1.1\activation-1.1.1.jar;C:\Users\wilso\.m2\repository\junit\junit\4.13.2\junit-4.13.2.jar;C:\Users\wilso\.m2\repository\org\hamcrest\hamcrest-core\1.3\hamcrest-core-1.3.jar;C:\Users\wilso\.m2\repository\org\mockito\mockito-all\1.10.19\mockito-all-1.10.19.jar;C:\Users\wilso\.m2\repository\org\hibernate\hibernate-entitymanager\5.4.30.Final\hibernate-entitymanager-5.4.30.Final.jar;C:\Users\wilso\.m2\repository\org\jboss\logging\jboss-logging\3.4.1.Final\jboss-logging-3.4.1.Final.jar;C:\Users\wilso\.m2\repository\org\hibernate\common\hibernate-commons-annotations\5.1.2.Final\hibernate-commons-annotations-5.1.2.Final.jar;C:\Users\wilso\.m2\repository\javax\persistence\javax.persistence-api\2.2\javax.persistence-api-2.2.jar;C:\Users\wilso\.m2\repository\org\jboss\spec\javax\transaction\jboss-transaction-api_1.2_spec\1.1.1.Final\jboss-transaction-api_1.2_spec-1.1.1.Final.jar;C:\Users\wilso\.m2\repository\org\junit\jupiter\junit-jupiter-api\5.7.1\junit-jupiter-api-5.7.1.jar;C:\Users\wilso\.m2\repository\org\apiguardian\apiguardian-api\1.1.0\apiguardian-api-1.1.0.jar;C:\Users\wilso\.m2\repository\org\opentest4j\opentest4j\1.2.0\opentest4j-1.2.0.jar;C:\Users\wilso\.m2\repository\org\junit\platform\junit-platform-commons\1.7.1\junit-platform-commons-1.7.1.jar;C:\Users\wilso\.m2\repository\org\junit\jupiter\junit-jupiter-engine\5.7.1\junit-jupiter-engine-5.7.1.jar;C:\Users\wilso\.m2\repository\org\junit\platform\junit-platform-engine\1.7.1\junit-platform-engine-1.7.1.jar;C:\Users\wilso\.m2\repository\jstl\jstl\1.2\jstl-1.2.jar;C:\Users\wilso\.m2\repository\org\postgresql\postgresql\42.2.13\postgresql-42.2.13.jar;C:\Users\wilso\.m2\repository\com\github\waffle\waffle-jna\1.9.1\waffle-jna-1.9.1.jar;C:\Users\wilso\.m2\repository\net\java\dev\jna\jna\4.5.1\jna-4.5.1.jar;C:\Users\wilso\.m2\repository\net\java\dev\jna\jna-platform\4.5.1\jna-platform-4.5.1.jar;C:\Users\wilso\.m2\repository\org\slf4j\jcl-over-slf4j\1.7.25\jcl-over-slf4j-1.7.25.jar;C:\Users\wilso\.m2\repository\com\github\ben-manes\caffeine\caffeine\2.6.2\caffeine-2.6.2.jar;C:\Users\wilso\.m2\repository\org\osgi\org.osgi.core\4.3.1\org.osgi.core-4.3.1.jar;C:\Users\wilso\.m2\repository\org\osgi\org.osgi.enterprise\4.2.0\org.osgi.enterprise-4.2.0.jar;C:\Users\wilso\.m2\repository\org\hibernate\hibernate-core\5.5.5.Final\hibernate-core-5.5.5.Final.jar;C:\Users\wilso\.m2\repository\org\javassist\javassist\3.27.0-GA\javassist-3.27.0-GA.jar;C:\Users\wilso\.m2\repository\org\jboss\jandex\2.2.3.Final\jandex-2.2.3.Final.jar;C:\Users\wilso\.m2\repository\com\fasterxml\classmate\1.5.1\classmate-1.5.1.jar;C:\Users\wilso\.m2\repository\javax\activation\javax.activation-api\1.2.0\javax.activation-api-1.2.0.jar;C:\Users\wilso\.m2\repository\javax\xml\bind\jaxb-api\2.3.1\jaxb-api-2.3.1.jar;C:\Users\wilso\.m2\repository\org\glassfish\jaxb\jaxb-runtime\2.3.1\jaxb-runtime-2.3.1.jar;C:\Users\wilso\.m2\repository\org\glassfish\jaxb\txw2\2.3.1\txw2-2.3.1.jar;C:\Users\wilso\.m2\repository\com\sun\istack\istack-commons-runtime\3.0.7\istack-commons-runtime-3.0.7.jar;C:\Users\wilso\.m2\repository\org\jvnet\staxex\stax-ex\1.8\stax-ex-1.8.jar;C:\Users\wilso\.m2\repository\com\sun\xml\fastinfoset\FastInfoset\1.2.15\FastInfoset-1.2.15.jar;C:\Users\wilso\.m2\repository\org\dom4j\dom4j\2.1.3\dom4j-2.1.3.jar;C:\Users\wilso\.m2\repository\antlr\antlr\2.7.7\antlr-2.7.7.jar;, jakarta.persistence.jdbc.driver=org.postgresql.Driver, sun.cpu.endian=little, user.home=C:\Users\wilso, user.language=pt, java.specification.vendor=Oracle Corporation, java.version.date=2021-04-20, java.home=C:\Users\wilso\.jdks\openjdk-16.0.1, file.separator=\, basedir=D:\TestedeSw\Desenvolivmento-Leilao, java.vm.compressedOopsMode=Zero based, jakarta.persistence.jdbc.user=****, line.separator=
, java.vm.specification.vendor=Oracle Corporation, java.specification.name=Java Platform API Specification, hibernate.transaction.coordinator_class=class org.hibernate.resource.transaction.backend.jdbc.internal.JdbcResourceLocalTransactionCoordinatorBuilderImpl, javax.persistence.jdbc.driver=org.postgresql.Driver, surefire.real.class.path=D:\TestedeSw\Desenvolivmento-Leilao\target\surefire\surefirebooter948638914691903440.jar, hibernate.hbm2ddl.auto=update, user.script=, sun.management.compiler=HotSpot 64-Bit Tiered Compilers, java.runtime.version=16.0.1+9-24, user.name=wilso, path.separator=;, hibernate.connection.username=****, os.version=10.0, java.runtime.name=OpenJDK Runtime Environment, hibernate.connection.url=jdbc:postgresql://localhost/postgres?useSSL=false&amp;serverTimezone=UTC, file.encoding=Cp1252, hibernate.ejb.persistenceUnitName=exemplo-jpa, java.vm.name=OpenJDK 64-Bit Server VM, localRepository=C:\Users\wilso\.m2\repository, hibernate.connection.driver_class=org.postgresql.Driver, java.vendor.url.bug=https://bugreport.java.com/bugreport/, java.io.tmpdir=C:\Users\wilso\AppData\Local\Temp\, idea.version=2021.2.1, java.version=16.0.1, user.dir=D:\TestedeSw\Desenvolivmento-Leilao, os.arch=amd64, java.vm.specification.name=Java Virtual Machine Specification, hibernate.connection.password=****, sun.os.patch.level=, jakarta.persistence.jdbc.url=jdbc:postgresql://localhost/postgres?useSSL=false&amp;serverTimezone=UTC, hibernate.boot.CfgXmlAccessService.key=org.hibernate.boot.registry.StandardServiceRegistryBuilder$1@349d0836, java.library.path=C:\Users\wilso\.jdks\openjdk-16.0.1\bin;C:\Windows\Sun\Java\bin;C:\Windows\system32;C:\Windows;C:\Python39\Scripts\;C:\Python39\;C:\ProgramData\Oracle\Java\javapath;C:\Windows\system32;C:\Windows;C:\Windows\System32\Wbem;C:\Windows\System32\WindowsPowerShell\v1.0\;C:\Windows\System32\OpenSSH\;C:\Program Files\NVIDIA Corporation\NVIDIA NvDLISR;C:\Program Files (x86)\NVIDIA Corporation\PhysX\Common;C:\Program Files (x86)\nodejs\;C:\ProgramData\chocolatey\bin;C:\Program Files\Git\cmd;C:\Program Files\dotnet\;C:\Program Files\Microsoft SQL Server\130\Tools\Binn\;C:\Program Files\Microsoft SQL Server\Client SDK\ODBC\170\Tools\Binn\;C:\Users\wilso\AppData\Local\Microsoft\WindowsApps;C:\Users\wilso\AppData\Local\Programs\Microsoft VS Code\bin;C:\Users\wilso\AppData\Roaming\npm;C:\Users\wilso\.dotnet\tools;., java.vendor=Oracle Corporation, java.vm.info=mixed mode, sharing, java.vm.version=16.0.1+9-24, hibernate.bytecode.use_reflection_optimizer=false, sun.io.unicode.encoding=UnicodeLittle, javax.persistence.jdbc.password=****, java.class.version=60.0}
00:06:09.712 [main] DEBUG org.hibernate.secure.spi.JaccIntegrator - Skipping JACC integration as it was not enabled
00:06:09.713 [main] DEBUG org.hibernate.internal.SessionFactoryImpl - Instantiated session factory
00:06:09.713 [main] DEBUG org.hibernate.type.spi.TypeConfiguration$Scope - Scoping TypeConfiguration [org.hibernate.type.spi.TypeConfiguration@49f5c307] to SessionFactoryImpl [org.hibernate.internal.SessionFactoryImpl@3703bf3c]
00:06:09.749 [main] DEBUG org.hibernate.boot.internal.ClassLoaderAccessImpl - Not known whether passed class name [model.Lance] is safe
00:06:09.749 [main] DEBUG org.hibernate.boot.internal.ClassLoaderAccessImpl - No temp ClassLoader provided; using live ClassLoader for loading potentially unsafe class : model.Lance
00:06:09.873 [main] DEBUG org.hibernate.boot.internal.ClassLoaderAccessImpl - Not known whether passed class name [model.Leilao] is safe
00:06:09.873 [main] DEBUG org.hibernate.boot.internal.ClassLoaderAccessImpl - No temp ClassLoader provided; using live ClassLoader for loading potentially unsafe class : model.Leilao
00:06:09.888 [main] DEBUG org.hibernate.boot.internal.ClassLoaderAccessImpl - Not known whether passed class name [model.Cliente] is safe
00:06:09.888 [main] DEBUG org.hibernate.boot.internal.ClassLoaderAccessImpl - No temp ClassLoader provided; using live ClassLoader for loading potentially unsafe class : model.Cliente
00:06:09.903 [main] DEBUG org.hibernate.persister.entity.AbstractEntityPersister - Static SQL for entity: model.Lance
00:06:09.903 [main] DEBUG org.hibernate.persister.entity.AbstractEntityPersister -  Version select: select id from Lance where id =?
00:06:09.903 [main] DEBUG org.hibernate.persister.entity.AbstractEntityPersister -  Snapshot select: select lance_.id, lance_.email as email2_1_, lance_.nome as nome3_1_, lance_.objeto as objeto4_1_, lance_.valor as valor5_1_ from Lance lance_ where lance_.id=?
00:06:09.903 [main] DEBUG org.hibernate.persister.entity.AbstractEntityPersister -  Insert 0: insert into Lance (email, nome, objeto, valor, id) values (?, ?, ?, ?, ?)
00:06:09.904 [main] DEBUG org.hibernate.persister.entity.AbstractEntityPersister -  Update 0: update Lance set email=?, nome=?, objeto=?, valor=? where id=?
00:06:09.904 [main] DEBUG org.hibernate.persister.entity.AbstractEntityPersister -  Delete 0: delete from Lance where id=?
00:06:09.904 [main] DEBUG org.hibernate.persister.entity.AbstractEntityPersister -  Identity insert: insert into Lance (email, nome, objeto, valor) values (?, ?, ?, ?)
00:06:09.918 [main] DEBUG org.hibernate.loader.plan.build.internal.spaces.QuerySpacesImpl - Adding QuerySpace : uid = &lt;gen:0&gt; -&gt; org.hibernate.loader.plan.build.internal.spaces.EntityQuerySpaceImpl@42c28305]
00:06:09.919 [main] DEBUG org.hibernate.persister.walking.spi.MetamodelGraphWalker - Visiting attribute path : email
00:06:09.919 [main] DEBUG org.hibernate.persister.walking.spi.MetamodelGraphWalker - Visiting attribute path : nome
00:06:09.919 [main] DEBUG org.hibernate.persister.walking.spi.MetamodelGraphWalker - Visiting attribute path : objeto
00:06:09.919 [main] DEBUG org.hibernate.persister.walking.spi.MetamodelGraphWalker - Visiting attribute path : valor
00:06:09.919 [main] DEBUG org.hibernate.loader.plan.build.internal.FetchStyleLoadPlanBuildingAssociationVisitationStrategy - Building LoadPlan...
00:06:09.926 [main] DEBUG org.hibernate.loader.plan.exec.internal.LoadQueryJoinAndFetchProcessor - processing queryspace &lt;gen:0&gt;
00:06:09.929 [main] DEBUG org.hibernate.loader.plan.build.spi.LoadPlanTreePrinter - LoadPlan(entity=model.Lance)
    - Returns
       - EntityReturnImpl(entity=model.Lance, querySpaceUid=&lt;gen:0&gt;, path=model.Lance)
    - QuerySpaces
       - EntityQuerySpaceImpl(uid=&lt;gen:0&gt;, entity=model.Lance)
          - SQL table alias mapping - lance0_
          - alias suffix - 0_
          - suffixed key columns - {id1_1_0_}

00:06:09.930 [main] DEBUG org.hibernate.loader.entity.plan.EntityLoader - Static select for entity model.Lance [NONE]: select lance0_.id as id1_1_0_, lance0_.email as email2_1_0_, lance0_.nome as nome3_1_0_, lance0_.objeto as objeto4_1_0_, lance0_.valor as valor5_1_0_ from Lance lance0_ where lance0_.id=?
00:06:09.930 [main] DEBUG org.hibernate.persister.entity.AbstractEntityPersister - Static SQL for entity: model.Leilao
00:06:09.930 [main] DEBUG org.hibernate.persister.entity.AbstractEntityPersister -  Version select: select id from leiloes where id =?
00:06:09.930 [main] DEBUG org.hibernate.persister.entity.AbstractEntityPersister -  Snapshot select: select leilao_.id, leilao_.data as data2_2_, leilao_.nome as nome3_2_, leilao_.status as status4_2_, leilao_.valorMinimo as valormin5_2_ from leiloes leilao_ where leilao_.id=?
00:06:09.930 [main] DEBUG org.hibernate.persister.entity.AbstractEntityPersister -  Insert 0: insert into leiloes (data, nome, status, valorMinimo, id) values (?, ?, ?, ?, ?)
00:06:09.930 [main] DEBUG org.hibernate.persister.entity.AbstractEntityPersister -  Update 0: update leiloes set data=?, nome=?, status=?, valorMinimo=? where id=?
00:06:09.930 [main] DEBUG org.hibernate.persister.entity.AbstractEntityPersister -  Delete 0: delete from leiloes where id=?
00:06:09.930 [main] DEBUG org.hibernate.persister.entity.AbstractEntityPersister -  Identity insert: insert into leiloes (data, nome, status, valorMinimo) values (?, ?, ?, ?)
00:06:09.931 [main] DEBUG org.hibernate.loader.plan.build.internal.spaces.QuerySpacesImpl - Adding QuerySpace : uid = &lt;gen:0&gt; -&gt; org.hibernate.loader.plan.build.internal.spaces.EntityQuerySpaceImpl@7c8f9c2e]
00:06:09.931 [main] DEBUG org.hibernate.persister.walking.spi.MetamodelGraphWalker - Visiting attribute path : data
00:06:09.931 [main] DEBUG org.hibernate.persister.walking.spi.MetamodelGraphWalker - Visiting attribute path : nome
00:06:09.931 [main] DEBUG org.hibernate.persister.walking.spi.MetamodelGraphWalker - Visiting attribute path : status
00:06:09.931 [main] DEBUG org.hibernate.persister.walking.spi.MetamodelGraphWalker - Visiting attribute path : valorMinimo
00:06:09.931 [main] DEBUG org.hibernate.loader.plan.build.internal.FetchStyleLoadPlanBuildingAssociationVisitationStrategy - Building LoadPlan...
00:06:09.931 [main] DEBUG org.hibernate.loader.plan.exec.internal.LoadQueryJoinAndFetchProcessor - processing queryspace &lt;gen:0&gt;
00:06:09.931 [main] DEBUG org.hibernate.loader.plan.build.spi.LoadPlanTreePrinter - LoadPlan(entity=model.Leilao)
    - Returns
       - EntityReturnImpl(entity=model.Leilao, querySpaceUid=&lt;gen:0&gt;, path=model.Leilao)
    - QuerySpaces
       - EntityQuerySpaceImpl(uid=&lt;gen:0&gt;, entity=model.Leilao)
          - SQL table alias mapping - leilao0_
          - alias suffix - 0_
          - suffixed key columns - {id1_2_0_}

00:06:09.931 [main] DEBUG org.hibernate.loader.entity.plan.EntityLoader - Static select for entity model.Leilao [NONE]: select leilao0_.id as id1_2_0_, leilao0_.data as data2_2_0_, leilao0_.nome as nome3_2_0_, leilao0_.status as status4_2_0_, leilao0_.valorMinimo as valormin5_2_0_ from leiloes leilao0_ where leilao0_.id=?
00:06:09.931 [main] DEBUG org.hibernate.persister.entity.AbstractEntityPersister - Static SQL for entity: model.Cliente
00:06:09.932 [main] DEBUG org.hibernate.persister.entity.AbstractEntityPersister -  Version select: select id from Cliente where id =?
00:06:09.932 [main] DEBUG org.hibernate.persister.entity.AbstractEntityPersister -  Snapshot select: select cliente_.id, cliente_.email as email2_0_, cliente_.nome as nome3_0_, cliente_.senha as senha4_0_ from Cliente cliente_ where cliente_.id=?
00:06:09.932 [main] DEBUG org.hibernate.persister.entity.AbstractEntityPersister -  Insert 0: insert into Cliente (email, nome, senha, id) values (?, ?, ?, ?)
00:06:09.932 [main] DEBUG org.hibernate.persister.entity.AbstractEntityPersister -  Update 0: update Cliente set email=?, nome=?, senha=? where id=?
00:06:09.932 [main] DEBUG org.hibernate.persister.entity.AbstractEntityPersister -  Delete 0: delete from Cliente where id=?
00:06:09.932 [main] DEBUG org.hibernate.persister.entity.AbstractEntityPersister -  Identity insert: insert into Cliente (email, nome, senha) values (?, ?, ?)
00:06:09.932 [main] DEBUG org.hibernate.loader.plan.build.internal.spaces.QuerySpacesImpl - Adding QuerySpace : uid = &lt;gen:0&gt; -&gt; org.hibernate.loader.plan.build.internal.spaces.EntityQuerySpaceImpl@3cbf1ba4]
00:06:09.932 [main] DEBUG org.hibernate.persister.walking.spi.MetamodelGraphWalker - Visiting attribute path : email
00:06:09.932 [main] DEBUG org.hibernate.persister.walking.spi.MetamodelGraphWalker - Visiting attribute path : nome
00:06:09.932 [main] DEBUG org.hibernate.persister.walking.spi.MetamodelGraphWalker - Visiting attribute path : senha
00:06:09.932 [main] DEBUG org.hibernate.loader.plan.build.internal.FetchStyleLoadPlanBuildingAssociationVisitationStrategy - Building LoadPlan...
00:06:09.932 [main] DEBUG org.hibernate.loader.plan.exec.internal.LoadQueryJoinAndFetchProcessor - processing queryspace &lt;gen:0&gt;
00:06:09.932 [main] DEBUG org.hibernate.loader.plan.build.spi.LoadPlanTreePrinter - LoadPlan(entity=model.Cliente)
    - Returns
       - EntityReturnImpl(entity=model.Cliente, querySpaceUid=&lt;gen:0&gt;, path=model.Cliente)
    - QuerySpaces
       - EntityQuerySpaceImpl(uid=&lt;gen:0&gt;, entity=model.Cliente)
          - SQL table alias mapping - cliente0_
          - alias suffix - 0_
          - suffixed key columns - {id1_0_0_}

00:06:09.933 [main] DEBUG org.hibernate.loader.entity.plan.EntityLoader - Static select for entity model.Cliente [NONE]: select cliente0_.id as id1_0_0_, cliente0_.email as email2_0_0_, cliente0_.nome as nome3_0_0_, cliente0_.senha as senha4_0_0_ from Cliente cliente0_ where cliente0_.id=?
00:06:09.959 [main] INFO org.hibernate.orm.connections.access - HHH10001501: Connection obtained from JdbcConnectionAccess [org.hibernate.engine.jdbc.env.internal.JdbcEnvironmentInitiator$ConnectionProviderJdbcConnectionAccess@4edef76c] for (non-JTA) DDL execution was not in auto-commit mode; the Connection &apos;local transaction&apos; will be committed and the Connection will be set into auto-commit mode.
00:06:09.980 [main] DEBUG org.hibernate.mapping.Table - No alter strings for table : Cliente
00:06:09.980 [main] DEBUG org.hibernate.mapping.Table - No alter strings for table : Lance
00:06:09.980 [main] DEBUG org.hibernate.mapping.Table - No alter strings for table : leiloes
00:06:09.980 [main] DEBUG org.hibernate.engine.transaction.jta.platform.internal.JtaPlatformInitiator - No JtaPlatform was specified, checking resolver
00:06:09.981 [main] DEBUG org.hibernate.engine.transaction.jta.platform.internal.JtaPlatformResolverInitiator - No JtaPlatformResolver was specified, using default [org.hibernate.engine.transaction.jta.platform.internal.StandardJtaPlatformResolver]
00:06:09.984 [main] DEBUG org.hibernate.engine.transaction.jta.platform.internal.StandardJtaPlatformResolver - Could not resolve JtaPlatform, using default [org.hibernate.engine.transaction.jta.platform.internal.NoJtaPlatform]
00:06:09.984 [main] INFO org.hibernate.engine.transaction.jta.platform.internal.JtaPlatformInitiator - HHH000490: Using JtaPlatform implementation: [org.hibernate.engine.transaction.jta.platform.internal.NoJtaPlatform]
00:06:09.985 [main] DEBUG org.hibernate.query.spi.NamedQueryRepository - Checking 0 named HQL queries
00:06:09.985 [main] DEBUG org.hibernate.query.spi.NamedQueryRepository - Checking 0 named SQL queries
00:06:09.987 [main] DEBUG org.hibernate.service.internal.SessionFactoryServiceRegistryImpl - EventListenerRegistry access via ServiceRegistry is deprecated.  Use `sessionFactory.getEventEngine().getListenerRegistry()` instead
00:06:09.990 [main] DEBUG org.hibernate.internal.SessionFactoryRegistry - Initializing SessionFactoryRegistry : org.hibernate.internal.SessionFactoryRegistry@52e04737
00:06:09.991 [main] DEBUG org.hibernate.internal.SessionFactoryRegistry - Registering SessionFactory: 72194274-053a-4faf-be92-a94bb84adba2 (&lt;unnamed&gt;)
00:06:09.991 [main] DEBUG org.hibernate.internal.SessionFactoryRegistry - Not binding SessionFactory to JNDI, no JNDI name configured
00:06:10.027 [main] DEBUG org.hibernate.stat.internal.StatisticsInitiator - Statistics initialized [enabled=false]
00:06:10.030 [main] DEBUG org.hibernate.integrator.internal.IntegratorServiceImpl - Adding Integrator [org.hibernate.cfg.beanvalidation.BeanValidationIntegrator].
00:06:10.030 [main] DEBUG org.hibernate.integrator.internal.IntegratorServiceImpl - Adding Integrator [org.hibernate.secure.spi.JaccIntegrator].
00:06:10.030 [main] DEBUG org.hibernate.integrator.internal.IntegratorServiceImpl - Adding Integrator [org.hibernate.cache.internal.CollectionCacheInvalidator].
00:06:10.037 [main] DEBUG org.hibernate.boot.jaxb.internal.stax.LocalXmlResourceResolver - Interpreting public/system identifier : [-//Hibernate/Hibernate Configuration DTD 3.0//EN] - [http://hibernate.sourceforge.net/hibernate-configuration-3.0.dtd]
00:06:10.039 [main] WARN org.hibernate.orm.deprecation - HHH90000012: Recognized obsolete hibernate namespace http://hibernate.sourceforge.net/hibernate-configuration. Use namespace http://www.hibernate.org/dtd/hibernate-configuration instead.  Support for obsolete DTD/XSD namespaces may be removed at any time.
00:06:10.039 [main] DEBUG org.hibernate.boot.jaxb.internal.stax.LocalXmlResourceResolver - Recognized hibernate-configuration identifier; attempting to resolve on classpath under org/hibernate/
00:06:10.040 [main] DEBUG org.hibernate.boot.cfgxml.internal.JaxbCfgProcessor - cfg.xml document did not define namespaces; wrapping in custom event reader to introduce namespace information
00:06:10.163 [main] DEBUG org.hibernate.cfg.Configuration - Building session factory using internal StandardServiceRegistryBuilder
00:06:10.163 [main] DEBUG org.hibernate.service.spi.ServiceBinding - Overriding existing service binding [org.hibernate.secure.spi.JaccService]
00:06:10.163 [main] DEBUG org.hibernate.cfg.Configuration - Building session factory using provided StandardServiceRegistry
00:06:10.164 [main] DEBUG org.hibernate.cache.internal.RegionFactoryInitiator - Cannot default RegionFactory based on registered strategies as `[]` RegionFactory strategies were registered
00:06:10.164 [main] DEBUG org.hibernate.cache.internal.RegionFactoryInitiator - Cache region factory : org.hibernate.cache.internal.NoCachingRegionFactory
00:06:10.164 [main] DEBUG org.hibernate.type.BasicTypeRegistry - Adding type registration boolean -&gt; org.hibernate.type.BooleanType@7d3d101b
00:06:10.164 [main] DEBUG org.hibernate.type.BasicTypeRegistry - Adding type registration boolean -&gt; org.hibernate.type.BooleanType@7d3d101b
00:06:10.164 [main] DEBUG org.hibernate.type.BasicTypeRegistry - Adding type registration java.lang.Boolean -&gt; org.hibernate.type.BooleanType@7d3d101b
00:06:10.164 [main] DEBUG org.hibernate.type.BasicTypeRegistry - Adding type registration numeric_boolean -&gt; org.hibernate.type.NumericBooleanType@35399441
00:06:10.164 [main] DEBUG org.hibernate.type.BasicTypeRegistry - Adding type registration true_false -&gt; org.hibernate.type.TrueFalseType@2812b107
00:06:10.164 [main] DEBUG org.hibernate.type.BasicTypeRegistry - Adding type registration yes_no -&gt; org.hibernate.type.YesNoType@27d5a580
00:06:10.164 [main] DEBUG org.hibernate.type.BasicTypeRegistry - Adding type registration byte -&gt; org.hibernate.type.ByteType@45a4b042
00:06:10.164 [main] DEBUG org.hibernate.type.BasicTypeRegistry - Adding type registration byte -&gt; org.hibernate.type.ByteType@45a4b042
00:06:10.164 [main] DEBUG org.hibernate.type.BasicTypeRegistry - Adding type registration java.lang.Byte -&gt; org.hibernate.type.ByteType@45a4b042
00:06:10.164 [main] DEBUG org.hibernate.type.BasicTypeRegistry - Adding type registration character -&gt; org.hibernate.type.CharacterType@30bce90b
00:06:10.164 [main] DEBUG org.hibernate.type.BasicTypeRegistry - Adding type registration char -&gt; org.hibernate.type.CharacterType@30bce90b
00:06:10.164 [main] DEBUG org.hibernate.type.BasicTypeRegistry - Adding type registration java.lang.Character -&gt; org.hibernate.type.CharacterType@30bce90b
00:06:10.164 [main] DEBUG org.hibernate.type.BasicTypeRegistry - Adding type registration short -&gt; org.hibernate.type.ShortType@4816278d
00:06:10.164 [main] DEBUG org.hibernate.type.BasicTypeRegistry - Adding type registration short -&gt; org.hibernate.type.ShortType@4816278d
00:06:10.165 [main] DEBUG org.hibernate.type.BasicTypeRegistry - Adding type registration java.lang.Short -&gt; org.hibernate.type.ShortType@4816278d
00:06:10.165 [main] DEBUG org.hibernate.type.BasicTypeRegistry - Adding type registration integer -&gt; org.hibernate.type.IntegerType@b978d10
00:06:10.165 [main] DEBUG org.hibernate.type.BasicTypeRegistry - Adding type registration int -&gt; org.hibernate.type.IntegerType@b978d10
00:06:10.165 [main] DEBUG org.hibernate.type.BasicTypeRegistry - Adding type registration java.lang.Integer -&gt; org.hibernate.type.IntegerType@b978d10
00:06:10.165 [main] DEBUG org.hibernate.type.BasicTypeRegistry - Adding type registration long -&gt; org.hibernate.type.LongType@7cbd9d24
00:06:10.165 [main] DEBUG org.hibernate.type.BasicTypeRegistry - Adding type registration long -&gt; org.hibernate.type.LongType@7cbd9d24
00:06:10.165 [main] DEBUG org.hibernate.type.BasicTypeRegistry - Adding type registration java.lang.Long -&gt; org.hibernate.type.LongType@7cbd9d24
00:06:10.165 [main] DEBUG org.hibernate.type.BasicTypeRegistry - Adding type registration float -&gt; org.hibernate.type.FloatType@50dfbc58
00:06:10.165 [main] DEBUG org.hibernate.type.BasicTypeRegistry - Adding type registration float -&gt; org.hibernate.type.FloatType@50dfbc58
00:06:10.165 [main] DEBUG org.hibernate.type.BasicTypeRegistry - Adding type registration java.lang.Float -&gt; org.hibernate.type.FloatType@50dfbc58
00:06:10.165 [main] DEBUG org.hibernate.type.BasicTypeRegistry - Adding type registration double -&gt; org.hibernate.type.DoubleType@5a5338df
00:06:10.165 [main] DEBUG org.hibernate.type.BasicTypeRegistry - Adding type registration double -&gt; org.hibernate.type.DoubleType@5a5338df
00:06:10.165 [main] DEBUG org.hibernate.type.BasicTypeRegistry - Adding type registration java.lang.Double -&gt; org.hibernate.type.DoubleType@5a5338df
00:06:10.165 [main] DEBUG org.hibernate.type.BasicTypeRegistry - Adding type registration big_decimal -&gt; org.hibernate.type.BigDecimalType@75d2da2d
00:06:10.165 [main] DEBUG org.hibernate.type.BasicTypeRegistry - Adding type registration java.math.BigDecimal -&gt; org.hibernate.type.BigDecimalType@75d2da2d
00:06:10.165 [main] DEBUG org.hibernate.type.BasicTypeRegistry - Adding type registration big_integer -&gt; org.hibernate.type.BigIntegerType@6853425f
00:06:10.165 [main] DEBUG org.hibernate.type.BasicTypeRegistry - Adding type registration java.math.BigInteger -&gt; org.hibernate.type.BigIntegerType@6853425f
00:06:10.165 [main] DEBUG org.hibernate.type.BasicTypeRegistry - Adding type registration string -&gt; org.hibernate.type.StringType@68d279ec
00:06:10.165 [main] DEBUG org.hibernate.type.BasicTypeRegistry - Adding type registration java.lang.String -&gt; org.hibernate.type.StringType@68d279ec
00:06:10.165 [main] DEBUG org.hibernate.type.BasicTypeRegistry - Adding type registration nstring -&gt; org.hibernate.type.StringNVarcharType@176b75f7
00:06:10.166 [main] DEBUG org.hibernate.type.BasicTypeRegistry - Adding type registration ncharacter -&gt; org.hibernate.type.CharacterNCharType@4f6f416f
00:06:10.166 [main] DEBUG org.hibernate.type.BasicTypeRegistry - Adding type registration url -&gt; org.hibernate.type.UrlType@7aaca91a
00:06:10.166 [main] DEBUG org.hibernate.type.BasicTypeRegistry - Adding type registration java.net.URL -&gt; org.hibernate.type.UrlType@7aaca91a
00:06:10.166 [main] DEBUG org.hibernate.type.BasicTypeRegistry - Adding type registration Duration -&gt; org.hibernate.type.DurationType@41294f8
00:06:10.166 [main] DEBUG org.hibernate.type.BasicTypeRegistry - Adding type registration java.time.Duration -&gt; org.hibernate.type.DurationType@41294f8
00:06:10.166 [main] DEBUG org.hibernate.type.BasicTypeRegistry - Adding type registration Instant -&gt; org.hibernate.type.InstantType@7fbdb894
00:06:10.166 [main] DEBUG org.hibernate.type.BasicTypeRegistry - Adding type registration java.time.Instant -&gt; org.hibernate.type.InstantType@7fbdb894
00:06:10.166 [main] DEBUG org.hibernate.type.BasicTypeRegistry - Adding type registration LocalDateTime -&gt; org.hibernate.type.LocalDateTimeType@59e32960
00:06:10.166 [main] DEBUG org.hibernate.type.BasicTypeRegistry - Adding type registration java.time.LocalDateTime -&gt; org.hibernate.type.LocalDateTimeType@59e32960
00:06:10.166 [main] DEBUG org.hibernate.type.BasicTypeRegistry - Adding type registration LocalDate -&gt; org.hibernate.type.LocalDateType@3d246ea3
00:06:10.166 [main] DEBUG org.hibernate.type.BasicTypeRegistry - Adding type registration java.time.LocalDate -&gt; org.hibernate.type.LocalDateType@3d246ea3
00:06:10.166 [main] DEBUG org.hibernate.type.BasicTypeRegistry - Adding type registration LocalTime -&gt; org.hibernate.type.LocalTimeType@71329995
00:06:10.166 [main] DEBUG org.hibernate.type.BasicTypeRegistry - Adding type registration java.time.LocalTime -&gt; org.hibernate.type.LocalTimeType@71329995
00:06:10.166 [main] DEBUG org.hibernate.type.BasicTypeRegistry - Adding type registration OffsetDateTime -&gt; org.hibernate.type.OffsetDateTimeType@1ab06251
00:06:10.166 [main] DEBUG org.hibernate.type.BasicTypeRegistry - Adding type registration java.time.OffsetDateTime -&gt; org.hibernate.type.OffsetDateTimeType@1ab06251
00:06:10.166 [main] DEBUG org.hibernate.type.BasicTypeRegistry - Adding type registration OffsetTime -&gt; org.hibernate.type.OffsetTimeType@43b9fd5
00:06:10.166 [main] DEBUG org.hibernate.type.BasicTypeRegistry - Adding type registration java.time.OffsetTime -&gt; org.hibernate.type.OffsetTimeType@43b9fd5
00:06:10.166 [main] DEBUG org.hibernate.type.BasicTypeRegistry - Adding type registration ZonedDateTime -&gt; org.hibernate.type.ZonedDateTimeType@45a37759
00:06:10.167 [main] DEBUG org.hibernate.type.BasicTypeRegistry - Adding type registration java.time.ZonedDateTime -&gt; org.hibernate.type.ZonedDateTimeType@45a37759
00:06:10.167 [main] DEBUG org.hibernate.type.BasicTypeRegistry - Adding type registration date -&gt; org.hibernate.type.DateType@4241e0f4
00:06:10.167 [main] DEBUG org.hibernate.type.BasicTypeRegistry - Adding type registration java.sql.Date -&gt; org.hibernate.type.DateType@4241e0f4
00:06:10.167 [main] DEBUG org.hibernate.type.BasicTypeRegistry - Adding type registration time -&gt; org.hibernate.type.TimeType@babafc2
00:06:10.167 [main] DEBUG org.hibernate.type.BasicTypeRegistry - Adding type registration java.sql.Time -&gt; org.hibernate.type.TimeType@babafc2
00:06:10.167 [main] DEBUG org.hibernate.type.BasicTypeRegistry - Adding type registration timestamp -&gt; org.hibernate.type.TimestampType@345f69f3
00:06:10.167 [main] DEBUG org.hibernate.type.BasicTypeRegistry - Adding type registration java.sql.Timestamp -&gt; org.hibernate.type.TimestampType@345f69f3
00:06:10.167 [main] DEBUG org.hibernate.type.BasicTypeRegistry - Adding type registration java.util.Date -&gt; org.hibernate.type.TimestampType@345f69f3
00:06:10.167 [main] DEBUG org.hibernate.type.BasicTypeRegistry - Adding type registration dbtimestamp -&gt; org.hibernate.type.DbTimestampType@51549490
00:06:10.167 [main] DEBUG org.hibernate.type.BasicTypeRegistry - Adding type registration calendar -&gt; org.hibernate.type.CalendarType@181e731e
00:06:10.167 [main] DEBUG org.hibernate.type.BasicTypeRegistry - Adding type registration java.util.Calendar -&gt; org.hibernate.type.CalendarType@181e731e
00:06:10.167 [main] DEBUG org.hibernate.type.BasicTypeRegistry - Adding type registration java.util.GregorianCalendar -&gt; org.hibernate.type.CalendarType@181e731e
00:06:10.167 [main] DEBUG org.hibernate.type.BasicTypeRegistry - Adding type registration calendar_date -&gt; org.hibernate.type.CalendarDateType@17d88132
00:06:10.167 [main] DEBUG org.hibernate.type.BasicTypeRegistry - Adding type registration calendar_time -&gt; org.hibernate.type.CalendarTimeType@36cda2c2
00:06:10.167 [main] DEBUG org.hibernate.type.BasicTypeRegistry - Adding type registration locale -&gt; org.hibernate.type.LocaleType@2e48362c
00:06:10.167 [main] DEBUG org.hibernate.type.BasicTypeRegistry - Adding type registration java.util.Locale -&gt; org.hibernate.type.LocaleType@2e48362c
00:06:10.167 [main] DEBUG org.hibernate.type.BasicTypeRegistry - Adding type registration currency -&gt; org.hibernate.type.CurrencyType@1f53a5dc
00:06:10.167 [main] DEBUG org.hibernate.type.BasicTypeRegistry - Adding type registration java.util.Currency -&gt; org.hibernate.type.CurrencyType@1f53a5dc
00:06:10.168 [main] DEBUG org.hibernate.type.BasicTypeRegistry - Adding type registration timezone -&gt; org.hibernate.type.TimeZoneType@6d167f58
00:06:10.168 [main] DEBUG org.hibernate.type.BasicTypeRegistry - Adding type registration java.util.TimeZone -&gt; org.hibernate.type.TimeZoneType@6d167f58
00:06:10.168 [main] DEBUG org.hibernate.type.BasicTypeRegistry - Adding type registration class -&gt; org.hibernate.type.ClassType@54504ecd
00:06:10.168 [main] DEBUG org.hibernate.type.BasicTypeRegistry - Adding type registration java.lang.Class -&gt; org.hibernate.type.ClassType@54504ecd
00:06:10.168 [main] DEBUG org.hibernate.type.BasicTypeRegistry - Adding type registration uuid-binary -&gt; org.hibernate.type.UUIDBinaryType@12359a82
00:06:10.168 [main] DEBUG org.hibernate.type.BasicTypeRegistry - Adding type registration java.util.UUID -&gt; org.hibernate.type.UUIDBinaryType@12359a82
00:06:10.168 [main] DEBUG org.hibernate.type.BasicTypeRegistry - Adding type registration uuid-char -&gt; org.hibernate.type.UUIDCharType@4f3bbf68
00:06:10.168 [main] DEBUG org.hibernate.type.BasicTypeRegistry - Adding type registration binary -&gt; org.hibernate.type.BinaryType@338c99c8
00:06:10.168 [main] DEBUG org.hibernate.type.BasicTypeRegistry - Adding type registration byte[] -&gt; org.hibernate.type.BinaryType@338c99c8
00:06:10.168 [main] DEBUG org.hibernate.type.BasicTypeRegistry - Adding type registration [B -&gt; org.hibernate.type.BinaryType@338c99c8
00:06:10.168 [main] DEBUG org.hibernate.type.BasicTypeRegistry - Adding type registration wrapper-binary -&gt; org.hibernate.type.WrapperBinaryType@1fa1cab1
00:06:10.168 [main] DEBUG org.hibernate.type.BasicTypeRegistry - Adding type registration Byte[] -&gt; org.hibernate.type.WrapperBinaryType@1fa1cab1
00:06:10.168 [main] DEBUG org.hibernate.type.BasicTypeRegistry - Adding type registration [Ljava.lang.Byte; -&gt; org.hibernate.type.WrapperBinaryType@1fa1cab1
00:06:10.168 [main] DEBUG org.hibernate.type.BasicTypeRegistry - Adding type registration row_version -&gt; org.hibernate.type.RowVersionType@5c44c582
00:06:10.168 [main] DEBUG org.hibernate.type.BasicTypeRegistry - Adding type registration image -&gt; org.hibernate.type.ImageType@7b205dbd
00:06:10.168 [main] DEBUG org.hibernate.type.BasicTypeRegistry - Adding type registration characters -&gt; org.hibernate.type.CharArrayType@600b90df
00:06:10.168 [main] DEBUG org.hibernate.type.BasicTypeRegistry - Adding type registration char[] -&gt; org.hibernate.type.CharArrayType@600b90df
00:06:10.168 [main] DEBUG org.hibernate.type.BasicTypeRegistry - Adding type registration [C -&gt; org.hibernate.type.CharArrayType@600b90df
00:06:10.168 [main] DEBUG org.hibernate.type.BasicTypeRegistry - Adding type registration wrapper-characters -&gt; org.hibernate.type.CharacterArrayType@3d9c13b5
00:06:10.168 [main] DEBUG org.hibernate.type.BasicTypeRegistry - Adding type registration [Ljava.lang.Character; -&gt; org.hibernate.type.CharacterArrayType@3d9c13b5
00:06:10.168 [main] DEBUG org.hibernate.type.BasicTypeRegistry - Adding type registration Character[] -&gt; org.hibernate.type.CharacterArrayType@3d9c13b5
00:06:10.168 [main] DEBUG org.hibernate.type.BasicTypeRegistry - Adding type registration text -&gt; org.hibernate.type.TextType@8576fa0
00:06:10.169 [main] DEBUG org.hibernate.type.BasicTypeRegistry - Adding type registration ntext -&gt; org.hibernate.type.NTextType@5f354bcf
00:06:10.169 [main] DEBUG org.hibernate.type.BasicTypeRegistry - Adding type registration blob -&gt; org.hibernate.type.BlobType@6cce16f4
00:06:10.169 [main] DEBUG org.hibernate.type.BasicTypeRegistry - Adding type registration java.sql.Blob -&gt; org.hibernate.type.BlobType@6cce16f4
00:06:10.169 [main] DEBUG org.hibernate.type.BasicTypeRegistry - Adding type registration materialized_blob -&gt; org.hibernate.type.MaterializedBlobType@1046d517
00:06:10.169 [main] DEBUG org.hibernate.type.BasicTypeRegistry - Adding type registration clob -&gt; org.hibernate.type.ClobType@14fc1f0
00:06:10.169 [main] DEBUG org.hibernate.type.BasicTypeRegistry - Adding type registration java.sql.Clob -&gt; org.hibernate.type.ClobType@14fc1f0
00:06:10.169 [main] DEBUG org.hibernate.type.BasicTypeRegistry - Adding type registration nclob -&gt; org.hibernate.type.NClobType@5ddf0d24
00:06:10.169 [main] DEBUG org.hibernate.type.BasicTypeRegistry - Adding type registration java.sql.NClob -&gt; org.hibernate.type.NClobType@5ddf0d24
00:06:10.169 [main] DEBUG org.hibernate.type.BasicTypeRegistry - Adding type registration materialized_clob -&gt; org.hibernate.type.MaterializedClobType@a4add54
00:06:10.169 [main] DEBUG org.hibernate.type.BasicTypeRegistry - Adding type registration materialized_nclob -&gt; org.hibernate.type.MaterializedNClobType@66c61024
00:06:10.169 [main] DEBUG org.hibernate.type.BasicTypeRegistry - Adding type registration serializable -&gt; org.hibernate.type.SerializableType@61544ae6
00:06:10.169 [main] DEBUG org.hibernate.type.BasicTypeRegistry - Adding type registration object -&gt; org.hibernate.type.ObjectType@1e097d59
00:06:10.169 [main] DEBUG org.hibernate.type.BasicTypeRegistry - Adding type registration java.lang.Object -&gt; org.hibernate.type.ObjectType@1e097d59
00:06:10.169 [main] DEBUG org.hibernate.type.BasicTypeRegistry - Adding type registration imm_date -&gt; org.hibernate.type.AdaptedImmutableType@d08edc5
00:06:10.169 [main] DEBUG org.hibernate.type.BasicTypeRegistry - Adding type registration imm_time -&gt; org.hibernate.type.AdaptedImmutableType@49fa1d74
00:06:10.169 [main] DEBUG org.hibernate.type.BasicTypeRegistry - Adding type registration imm_timestamp -&gt; org.hibernate.type.AdaptedImmutableType@3f362135
00:06:10.169 [main] DEBUG org.hibernate.type.BasicTypeRegistry - Adding type registration imm_dbtimestamp -&gt; org.hibernate.type.AdaptedImmutableType@21eee94f
00:06:10.169 [main] DEBUG org.hibernate.type.BasicTypeRegistry - Adding type registration imm_calendar -&gt; org.hibernate.type.AdaptedImmutableType@6bc24e72
00:06:10.169 [main] DEBUG org.hibernate.type.BasicTypeRegistry - Adding type registration imm_calendar_date -&gt; org.hibernate.type.AdaptedImmutableType@724aefc3
00:06:10.169 [main] DEBUG org.hibernate.type.BasicTypeRegistry - Adding type registration imm_binary -&gt; org.hibernate.type.AdaptedImmutableType@7cfb4736
00:06:10.170 [main] DEBUG org.hibernate.type.BasicTypeRegistry - Adding type registration imm_serializable -&gt; org.hibernate.type.AdaptedImmutableType@2a097d77
00:06:10.171 [main] DEBUG org.hibernate.id.factory.internal.DefaultIdentifierGeneratorFactory - Registering IdentifierGenerator strategy [uuid2] -&gt; [org.hibernate.id.UUIDGenerator]
00:06:10.171 [main] DEBUG org.hibernate.id.factory.internal.DefaultIdentifierGeneratorFactory - Registering IdentifierGenerator strategy [guid] -&gt; [org.hibernate.id.GUIDGenerator]
00:06:10.171 [main] DEBUG org.hibernate.id.factory.internal.DefaultIdentifierGeneratorFactory - Registering IdentifierGenerator strategy [uuid] -&gt; [org.hibernate.id.UUIDHexGenerator]
00:06:10.171 [main] DEBUG org.hibernate.id.factory.internal.DefaultIdentifierGeneratorFactory - Registering IdentifierGenerator strategy [uuid.hex] -&gt; [org.hibernate.id.UUIDHexGenerator]
00:06:10.172 [main] DEBUG org.hibernate.id.factory.internal.DefaultIdentifierGeneratorFactory - Registering IdentifierGenerator strategy [assigned] -&gt; [org.hibernate.id.Assigned]
00:06:10.172 [main] DEBUG org.hibernate.id.factory.internal.DefaultIdentifierGeneratorFactory - Registering IdentifierGenerator strategy [identity] -&gt; [org.hibernate.id.IdentityGenerator]
00:06:10.172 [main] DEBUG org.hibernate.id.factory.internal.DefaultIdentifierGeneratorFactory - Registering IdentifierGenerator strategy [select] -&gt; [org.hibernate.id.SelectGenerator]
00:06:10.172 [main] DEBUG org.hibernate.id.factory.internal.DefaultIdentifierGeneratorFactory - Registering IdentifierGenerator strategy [sequence] -&gt; [org.hibernate.id.enhanced.SequenceStyleGenerator]
00:06:10.172 [main] DEBUG org.hibernate.id.factory.internal.DefaultIdentifierGeneratorFactory - Registering IdentifierGenerator strategy [seqhilo] -&gt; [org.hibernate.id.SequenceHiLoGenerator]
00:06:10.172 [main] DEBUG org.hibernate.id.factory.internal.DefaultIdentifierGeneratorFactory - Registering IdentifierGenerator strategy [increment] -&gt; [org.hibernate.id.IncrementGenerator]
00:06:10.172 [main] DEBUG org.hibernate.id.factory.internal.DefaultIdentifierGeneratorFactory - Registering IdentifierGenerator strategy [foreign] -&gt; [org.hibernate.id.ForeignGenerator]
00:06:10.172 [main] DEBUG org.hibernate.id.factory.internal.DefaultIdentifierGeneratorFactory - Registering IdentifierGenerator strategy [sequence-identity] -&gt; [org.hibernate.id.SequenceIdentityGenerator]
00:06:10.172 [main] DEBUG org.hibernate.id.factory.internal.DefaultIdentifierGeneratorFactory - Registering IdentifierGenerator strategy [enhanced-sequence] -&gt; [org.hibernate.id.enhanced.SequenceStyleGenerator]
00:06:10.172 [main] DEBUG org.hibernate.id.factory.internal.DefaultIdentifierGeneratorFactory - Registering IdentifierGenerator strategy [enhanced-table] -&gt; [org.hibernate.id.enhanced.TableGenerator]
00:06:10.172 [main] WARN org.hibernate.orm.connections.pooling - HHH10001002: Using Hibernate built-in connection pool (not for production use!)
00:06:10.172 [main] INFO org.hibernate.orm.connections.pooling - HHH10001005: using driver [org.postgresql.Driver] at URL [jdbc:postgresql://localhost/postgres]
00:06:10.172 [main] INFO org.hibernate.orm.connections.pooling - HHH10001001: Connection properties: {password=sergtsop, user=postgres}
00:06:10.173 [main] INFO org.hibernate.orm.connections.pooling - HHH10001003: Autocommit mode: false
00:06:10.173 [main] DEBUG org.hibernate.engine.jdbc.connections.internal.DriverManagerConnectionProviderImpl - Initializing Connection pool with 1 Connections
00:06:10.173 [main] INFO org.hibernate.engine.jdbc.connections.internal.DriverManagerConnectionProviderImpl - HHH000115: Hibernate connection pool size: 20 (min=1)
00:06:10.206 [main] DEBUG org.hibernate.engine.jdbc.env.internal.JdbcEnvironmentInitiator - Database -&gt;
       name : PostgreSQL
    version : 13.4
      major : 13
      minor : 4
00:06:10.206 [main] DEBUG org.hibernate.engine.jdbc.env.internal.JdbcEnvironmentInitiator - Driver -&gt;
       name : PostgreSQL JDBC Driver
    version : 42.2.13
      major : 42
      minor : 2
00:06:10.206 [main] DEBUG org.hibernate.engine.jdbc.env.internal.JdbcEnvironmentInitiator - JDBC version : 4.2
00:06:10.206 [main] INFO org.hibernate.dialect.Dialect - HHH000400: Using dialect: org.hibernate.dialect.PostgreSQLDialect
00:06:10.206 [main] DEBUG org.hibernate.engine.jdbc.env.spi.IdentifierHelperBuilder - JDBC driver metadata reported database stores quoted identifiers in neither upper, lower nor mixed case
00:06:10.208 [main] DEBUG org.hibernate.boot.model.relational.Namespace - Created database namespace [logicalName=Name{catalog=null, schema=null}, physicalName=Name{catalog=null, schema=null}]
00:06:10.208 [main] DEBUG org.hibernate.type.BasicTypeRegistry - Adding type registration pg-uuid -&gt; org.hibernate.type.PostgresUUIDType@a7e2d9d
00:06:10.208 [main] DEBUG org.hibernate.type.BasicTypeRegistry - Adding type registration java.util.UUID -&gt; org.hibernate.type.PostgresUUIDType@a7e2d9d
00:06:10.208 [main] DEBUG org.hibernate.type.BasicTypeRegistry - HHH000270: Type registration [java.util.UUID] overrides previous : org.hibernate.type.UUIDBinaryType@12359a82
00:06:10.209 [main] DEBUG org.hibernate.type.spi.TypeConfiguration$Scope - Scoping TypeConfiguration [org.hibernate.type.spi.TypeConfiguration@62d1dc3c] to MetadataBuildingContext [org.hibernate.boot.internal.MetadataBuildingContextRootImpl@3811510]
00:06:10.209 [main] DEBUG org.hibernate.cfg.AnnotationBinder - Binding entity from annotated class: model.Leilao
00:06:10.209 [main] DEBUG org.hibernate.cfg.Ejb3Column - Binding column: Ejb3DiscriminatorColumn{logicalColumnName&apos;DTYPE&apos;, discriminatorTypeName=&apos;string&apos;}
00:06:10.209 [main] DEBUG org.hibernate.cfg.annotations.EntityBinder - Import with entity name Leilao
00:06:10.209 [main] DEBUG org.hibernate.cfg.annotations.EntityBinder - Bind entity model.Leilao on table leiloes
00:06:10.210 [main] DEBUG org.hibernate.cfg.Ejb3Column - Binding column: Ejb3Column{table=org.hibernate.mapping.Table(leiloes), mappingColumn=id, insertable=true, updatable=true, unique=false}
00:06:10.210 [main] DEBUG org.hibernate.boot.internal.ClassLoaderAccessImpl - Not known whether passed class name [model.Leilao] is safe
00:06:10.210 [main] DEBUG org.hibernate.boot.internal.ClassLoaderAccessImpl - No temp ClassLoader provided; using live ClassLoader for loading potentially unsafe class : model.Leilao
00:06:10.210 [main] DEBUG org.hibernate.cfg.annotations.PropertyBinder - MetadataSourceProcessor property id with lazy=false
00:06:10.210 [main] DEBUG org.hibernate.cfg.AbstractPropertyHolder - Attempting to locate auto-apply AttributeConverter for property [model.Leilao:id]
00:06:10.210 [main] DEBUG org.hibernate.cfg.annotations.SimpleValueBinder - building SimpleValue for id
00:06:10.210 [main] DEBUG org.hibernate.cfg.annotations.PropertyBinder - Building property id
00:06:10.210 [main] DEBUG org.hibernate.cfg.BinderHelper - #makeIdGenerator(org.hibernate.mapping.SimpleValue([org.hibernate.mapping.Column(id)]), id, identity, , ...)
00:06:10.211 [main] DEBUG org.hibernate.cfg.Ejb3Column - Binding column: Ejb3Column{table=org.hibernate.mapping.Table(leiloes), mappingColumn=data, insertable=true, updatable=true, unique=false}
00:06:10.211 [main] DEBUG org.hibernate.cfg.annotations.PropertyBinder - MetadataSourceProcessor property data with lazy=false
00:06:10.211 [main] DEBUG org.hibernate.cfg.AbstractPropertyHolder - Attempting to locate auto-apply AttributeConverter for property [model.Leilao:data]
00:06:10.211 [main] DEBUG org.hibernate.cfg.annotations.SimpleValueBinder - building SimpleValue for data
00:06:10.211 [main] DEBUG org.hibernate.cfg.annotations.PropertyBinder - Building property data
00:06:10.211 [main] DEBUG org.hibernate.cfg.Ejb3Column - Binding column: Ejb3Column{table=org.hibernate.mapping.Table(leiloes), mappingColumn=nome, insertable=true, updatable=true, unique=false}
00:06:10.211 [main] DEBUG org.hibernate.cfg.annotations.PropertyBinder - MetadataSourceProcessor property nome with lazy=false
00:06:10.211 [main] DEBUG org.hibernate.cfg.AbstractPropertyHolder - Attempting to locate auto-apply AttributeConverter for property [model.Leilao:nome]
00:06:10.211 [main] DEBUG org.hibernate.cfg.annotations.SimpleValueBinder - building SimpleValue for nome
00:06:10.211 [main] DEBUG org.hibernate.cfg.annotations.PropertyBinder - Building property nome
00:06:10.211 [main] DEBUG org.hibernate.cfg.Ejb3Column - Binding column: Ejb3Column{table=org.hibernate.mapping.Table(leiloes), mappingColumn=status, insertable=true, updatable=true, unique=false}
00:06:10.211 [main] DEBUG org.hibernate.cfg.annotations.PropertyBinder - MetadataSourceProcessor property status with lazy=false
00:06:10.211 [main] DEBUG org.hibernate.cfg.AbstractPropertyHolder - Attempting to locate auto-apply AttributeConverter for property [model.Leilao:status]
00:06:10.211 [main] DEBUG org.hibernate.cfg.annotations.SimpleValueBinder - building SimpleValue for status
00:06:10.212 [main] DEBUG org.hibernate.cfg.annotations.PropertyBinder - Building property status
00:06:10.212 [main] DEBUG org.hibernate.cfg.Ejb3Column - Binding column: Ejb3Column{table=org.hibernate.mapping.Table(leiloes), mappingColumn=valorMinimo, insertable=true, updatable=true, unique=false}
00:06:10.212 [main] DEBUG org.hibernate.cfg.annotations.PropertyBinder - MetadataSourceProcessor property valorMinimo with lazy=false
00:06:10.212 [main] DEBUG org.hibernate.cfg.AbstractPropertyHolder - Attempting to locate auto-apply AttributeConverter for property [model.Leilao:valorMinimo]
00:06:10.212 [main] DEBUG org.hibernate.cfg.annotations.SimpleValueBinder - building SimpleValue for valorMinimo
00:06:10.212 [main] DEBUG org.hibernate.cfg.annotations.PropertyBinder - Building property valorMinimo
00:06:10.212 [main] DEBUG org.hibernate.cfg.AnnotationBinder - Binding entity from annotated class: model.Cliente
00:06:10.212 [main] DEBUG org.hibernate.cfg.Ejb3Column - Binding column: Ejb3DiscriminatorColumn{logicalColumnName&apos;DTYPE&apos;, discriminatorTypeName=&apos;string&apos;}
00:06:10.212 [main] DEBUG org.hibernate.cfg.annotations.EntityBinder - Import with entity name Cliente
00:06:10.212 [main] DEBUG org.hibernate.cfg.annotations.EntityBinder - Bind entity model.Cliente on table Cliente
00:06:10.213 [main] DEBUG org.hibernate.cfg.Ejb3Column - Binding column: Ejb3Column{table=org.hibernate.mapping.Table(Cliente), mappingColumn=id, insertable=true, updatable=true, unique=false}
00:06:10.213 [main] DEBUG org.hibernate.boot.internal.ClassLoaderAccessImpl - Not known whether passed class name [model.Cliente] is safe
00:06:10.213 [main] DEBUG org.hibernate.boot.internal.ClassLoaderAccessImpl - No temp ClassLoader provided; using live ClassLoader for loading potentially unsafe class : model.Cliente
00:06:10.213 [main] DEBUG org.hibernate.cfg.annotations.PropertyBinder - MetadataSourceProcessor property id with lazy=false
00:06:10.213 [main] DEBUG org.hibernate.cfg.AbstractPropertyHolder - Attempting to locate auto-apply AttributeConverter for property [model.Cliente:id]
00:06:10.213 [main] DEBUG org.hibernate.cfg.annotations.SimpleValueBinder - building SimpleValue for id
00:06:10.213 [main] DEBUG org.hibernate.cfg.annotations.PropertyBinder - Building property id
00:06:10.213 [main] DEBUG org.hibernate.cfg.BinderHelper - #makeIdGenerator(org.hibernate.mapping.SimpleValue([org.hibernate.mapping.Column(id)]), id, identity, , ...)
00:06:10.213 [main] DEBUG org.hibernate.cfg.Ejb3Column - Binding column: Ejb3Column{table=org.hibernate.mapping.Table(Cliente), mappingColumn=email, insertable=true, updatable=true, unique=false}
00:06:10.213 [main] DEBUG org.hibernate.cfg.annotations.PropertyBinder - MetadataSourceProcessor property email with lazy=false
00:06:10.213 [main] DEBUG org.hibernate.cfg.AbstractPropertyHolder - Attempting to locate auto-apply AttributeConverter for property [model.Cliente:email]
00:06:10.213 [main] DEBUG org.hibernate.cfg.annotations.SimpleValueBinder - building SimpleValue for email
00:06:10.213 [main] DEBUG org.hibernate.cfg.annotations.PropertyBinder - Building property email
00:06:10.213 [main] DEBUG org.hibernate.cfg.Ejb3Column - Binding column: Ejb3Column{table=org.hibernate.mapping.Table(Cliente), mappingColumn=nome, insertable=true, updatable=true, unique=false}
00:06:10.214 [main] DEBUG org.hibernate.cfg.annotations.PropertyBinder - MetadataSourceProcessor property nome with lazy=false
00:06:10.214 [main] DEBUG org.hibernate.cfg.AbstractPropertyHolder - Attempting to locate auto-apply AttributeConverter for property [model.Cliente:nome]
00:06:10.214 [main] DEBUG org.hibernate.cfg.annotations.SimpleValueBinder - building SimpleValue for nome
00:06:10.214 [main] DEBUG org.hibernate.cfg.annotations.PropertyBinder - Building property nome
00:06:10.214 [main] DEBUG org.hibernate.cfg.Ejb3Column - Binding column: Ejb3Column{table=org.hibernate.mapping.Table(Cliente), mappingColumn=senha, insertable=true, updatable=true, unique=false}
00:06:10.214 [main] DEBUG org.hibernate.cfg.annotations.PropertyBinder - MetadataSourceProcessor property senha with lazy=false
00:06:10.214 [main] DEBUG org.hibernate.cfg.AbstractPropertyHolder - Attempting to locate auto-apply AttributeConverter for property [model.Cliente:senha]
00:06:10.214 [main] DEBUG org.hibernate.cfg.annotations.SimpleValueBinder - building SimpleValue for senha
00:06:10.214 [main] DEBUG org.hibernate.cfg.annotations.PropertyBinder - Building property senha
00:06:10.214 [main] DEBUG org.hibernate.cfg.AnnotationBinder - Binding entity from annotated class: model.Lance
00:06:10.214 [main] DEBUG org.hibernate.cfg.Ejb3Column - Binding column: Ejb3DiscriminatorColumn{logicalColumnName&apos;DTYPE&apos;, discriminatorTypeName=&apos;string&apos;}
00:06:10.214 [main] DEBUG org.hibernate.cfg.annotations.EntityBinder - Import with entity name Lance
00:06:10.214 [main] DEBUG org.hibernate.cfg.annotations.EntityBinder - Bind entity model.Lance on table Lance
00:06:10.215 [main] DEBUG org.hibernate.cfg.Ejb3Column - Binding column: Ejb3Column{table=org.hibernate.mapping.Table(Lance), mappingColumn=id, insertable=true, updatable=true, unique=false}
00:06:10.215 [main] DEBUG org.hibernate.boot.internal.ClassLoaderAccessImpl - Not known whether passed class name [model.Lance] is safe
00:06:10.215 [main] DEBUG org.hibernate.boot.internal.ClassLoaderAccessImpl - No temp ClassLoader provided; using live ClassLoader for loading potentially unsafe class : model.Lance
00:06:10.215 [main] DEBUG org.hibernate.cfg.annotations.PropertyBinder - MetadataSourceProcessor property id with lazy=false
00:06:10.215 [main] DEBUG org.hibernate.cfg.AbstractPropertyHolder - Attempting to locate auto-apply AttributeConverter for property [model.Lance:id]
00:06:10.215 [main] DEBUG org.hibernate.cfg.annotations.SimpleValueBinder - building SimpleValue for id
00:06:10.215 [main] DEBUG org.hibernate.cfg.annotations.PropertyBinder - Building property id
00:06:10.215 [main] DEBUG org.hibernate.cfg.BinderHelper - #makeIdGenerator(org.hibernate.mapping.SimpleValue([org.hibernate.mapping.Column(id)]), id, identity, , ...)
00:06:10.215 [main] DEBUG org.hibernate.cfg.Ejb3Column - Binding column: Ejb3Column{table=org.hibernate.mapping.Table(Lance), mappingColumn=email, insertable=true, updatable=true, unique=false}
00:06:10.216 [main] DEBUG org.hibernate.cfg.annotations.PropertyBinder - MetadataSourceProcessor property email with lazy=false
00:06:10.216 [main] DEBUG org.hibernate.cfg.AbstractPropertyHolder - Attempting to locate auto-apply AttributeConverter for property [model.Lance:email]
00:06:10.216 [main] DEBUG org.hibernate.cfg.annotations.SimpleValueBinder - building SimpleValue for email
00:06:10.216 [main] DEBUG org.hibernate.cfg.annotations.PropertyBinder - Building property email
00:06:10.216 [main] DEBUG org.hibernate.cfg.Ejb3Column - Binding column: Ejb3Column{table=org.hibernate.mapping.Table(Lance), mappingColumn=nome, insertable=true, updatable=true, unique=false}
00:06:10.216 [main] DEBUG org.hibernate.cfg.annotations.PropertyBinder - MetadataSourceProcessor property nome with lazy=false
00:06:10.216 [main] DEBUG org.hibernate.cfg.AbstractPropertyHolder - Attempting to locate auto-apply AttributeConverter for property [model.Lance:nome]
00:06:10.216 [main] DEBUG org.hibernate.cfg.annotations.SimpleValueBinder - building SimpleValue for nome
00:06:10.216 [main] DEBUG org.hibernate.cfg.annotations.PropertyBinder - Building property nome
00:06:10.216 [main] DEBUG org.hibernate.cfg.Ejb3Column - Binding column: Ejb3Column{table=org.hibernate.mapping.Table(Lance), mappingColumn=objeto, insertable=true, updatable=true, unique=false}
00:06:10.216 [main] DEBUG org.hibernate.cfg.annotations.PropertyBinder - MetadataSourceProcessor property objeto with lazy=false
00:06:10.216 [main] DEBUG org.hibernate.cfg.AbstractPropertyHolder - Attempting to locate auto-apply AttributeConverter for property [model.Lance:objeto]
00:06:10.216 [main] DEBUG org.hibernate.cfg.annotations.SimpleValueBinder - building SimpleValue for objeto
00:06:10.216 [main] DEBUG org.hibernate.cfg.annotations.PropertyBinder - Building property objeto
00:06:10.216 [main] DEBUG org.hibernate.cfg.Ejb3Column - Binding column: Ejb3Column{table=org.hibernate.mapping.Table(Lance), mappingColumn=valor, insertable=true, updatable=true, unique=false}
00:06:10.216 [main] DEBUG org.hibernate.cfg.annotations.PropertyBinder - MetadataSourceProcessor property valor with lazy=false
00:06:10.217 [main] DEBUG org.hibernate.cfg.AbstractPropertyHolder - Attempting to locate auto-apply AttributeConverter for property [model.Lance:valor]
00:06:10.217 [main] DEBUG org.hibernate.cfg.annotations.SimpleValueBinder - building SimpleValue for valor
00:06:10.217 [main] DEBUG org.hibernate.cfg.annotations.PropertyBinder - Building property valor
00:06:10.217 [main] DEBUG org.hibernate.cfg.annotations.SimpleValueBinder - Starting fillSimpleValue for id
00:06:10.217 [main] DEBUG org.hibernate.cfg.annotations.SimpleValueBinder - Starting fillSimpleValue for data
00:06:10.217 [main] DEBUG org.hibernate.cfg.annotations.SimpleValueBinder - Starting fillSimpleValue for nome
00:06:10.217 [main] DEBUG org.hibernate.cfg.annotations.SimpleValueBinder - Starting fillSimpleValue for status
00:06:10.217 [main] DEBUG org.hibernate.cfg.annotations.SimpleValueBinder - Starting fillSimpleValue for valorMinimo
00:06:10.217 [main] DEBUG org.hibernate.cfg.annotations.SimpleValueBinder - Starting fillSimpleValue for id
00:06:10.218 [main] DEBUG org.hibernate.cfg.annotations.SimpleValueBinder - Starting fillSimpleValue for email
00:06:10.218 [main] DEBUG org.hibernate.cfg.annotations.SimpleValueBinder - Starting fillSimpleValue for nome
00:06:10.218 [main] DEBUG org.hibernate.cfg.annotations.SimpleValueBinder - Starting fillSimpleValue for senha
00:06:10.218 [main] DEBUG org.hibernate.cfg.annotations.SimpleValueBinder - Starting fillSimpleValue for id
00:06:10.218 [main] DEBUG org.hibernate.cfg.annotations.SimpleValueBinder - Starting fillSimpleValue for email
00:06:10.218 [main] DEBUG org.hibernate.cfg.annotations.SimpleValueBinder - Starting fillSimpleValue for nome
00:06:10.218 [main] DEBUG org.hibernate.cfg.annotations.SimpleValueBinder - Starting fillSimpleValue for objeto
00:06:10.218 [main] DEBUG org.hibernate.cfg.annotations.SimpleValueBinder - Starting fillSimpleValue for valor
00:06:10.218 [main] DEBUG org.hibernate.mapping.PrimaryKey - Forcing column [id] to be non-null as it is part of the primary key for table [leiloes]
00:06:10.218 [main] DEBUG org.hibernate.mapping.PrimaryKey - Forcing column [id] to be non-null as it is part of the primary key for table [cliente]
00:06:10.218 [main] DEBUG org.hibernate.mapping.PrimaryKey - Forcing column [id] to be non-null as it is part of the primary key for table [lance]
00:06:10.219 [main] DEBUG org.hibernate.internal.SessionFactoryImpl - Building session factory
00:06:10.219 [main] DEBUG org.hibernate.cfg.Settings - SessionFactory name : null
00:06:10.219 [main] DEBUG org.hibernate.cfg.Settings - Automatic flush during beforeCompletion(): enabled
00:06:10.219 [main] DEBUG org.hibernate.cfg.Settings - Automatic session close at end of transaction: disabled
00:06:10.219 [main] DEBUG org.hibernate.cfg.Settings - Statistics: disabled
00:06:10.219 [main] DEBUG org.hibernate.cfg.Settings - Deleted entity synthetic identifier rollback: disabled
00:06:10.219 [main] DEBUG org.hibernate.cfg.Settings - Default entity-mode: pojo
00:06:10.219 [main] DEBUG org.hibernate.cfg.Settings - Check Nullability in Core (should be disabled when Bean Validation is on): enabled
00:06:10.220 [main] DEBUG org.hibernate.cfg.Settings - Allow initialization of lazy state outside session : disabled
00:06:10.220 [main] DEBUG org.hibernate.cfg.Settings - Using BatchFetchStyle : LEGACY
00:06:10.220 [main] DEBUG org.hibernate.cfg.Settings - Default batch fetch size: -1
00:06:10.220 [main] DEBUG org.hibernate.cfg.Settings - Maximum outer join fetch depth: null
00:06:10.220 [main] DEBUG org.hibernate.cfg.Settings - Default null ordering: NONE
00:06:10.220 [main] DEBUG org.hibernate.cfg.Settings - Order SQL updates by primary key: disabled
00:06:10.220 [main] DEBUG org.hibernate.cfg.Settings - Order SQL inserts for batching: disabled
00:06:10.220 [main] DEBUG org.hibernate.cfg.Settings - multi-tenancy strategy : NONE
00:06:10.220 [main] DEBUG org.hibernate.cfg.Settings - JTA Track by Thread: enabled
00:06:10.220 [main] DEBUG org.hibernate.cfg.Settings - Query language substitutions: {}
00:06:10.220 [main] DEBUG org.hibernate.cfg.Settings - Named query checking : enabled
00:06:10.220 [main] DEBUG org.hibernate.cfg.Settings - Second-level cache: disabled
00:06:10.220 [main] DEBUG org.hibernate.cfg.Settings - Second-level query cache: disabled
00:06:10.220 [main] DEBUG org.hibernate.cfg.Settings - Second-level query cache factory: null
00:06:10.220 [main] DEBUG org.hibernate.cfg.Settings - Second-level cache region prefix: null
00:06:10.220 [main] DEBUG org.hibernate.cfg.Settings - Optimize second-level cache for minimal puts: disabled
00:06:10.220 [main] DEBUG org.hibernate.cfg.Settings - Structured second-level cache entries: disabled
00:06:10.220 [main] DEBUG org.hibernate.cfg.Settings - Second-level cache direct-reference entries: disabled
00:06:10.220 [main] DEBUG org.hibernate.cfg.Settings - Automatic eviction of collection cache: disabled
00:06:10.220 [main] DEBUG org.hibernate.cfg.Settings - JDBC batch size: 15
00:06:10.220 [main] DEBUG org.hibernate.cfg.Settings - JDBC batch updates for versioned data: enabled
00:06:10.220 [main] DEBUG org.hibernate.cfg.Settings - Scrollable result sets: enabled
00:06:10.220 [main] DEBUG org.hibernate.cfg.Settings - Wrap result sets: disabled
00:06:10.220 [main] DEBUG org.hibernate.cfg.Settings - JDBC3 getGeneratedKeys(): enabled
00:06:10.220 [main] DEBUG org.hibernate.cfg.Settings - JDBC result set fetch size: null
00:06:10.220 [main] DEBUG org.hibernate.cfg.Settings - Connection release mode: AFTER_TRANSACTION
00:06:10.221 [main] DEBUG org.hibernate.cfg.Settings - Generate SQL with comments: disabled
00:06:10.221 [main] DEBUG org.hibernate.cfg.Settings - JPA compliance - query : disabled
00:06:10.221 [main] DEBUG org.hibernate.cfg.Settings - JPA compliance - closed-handling : disabled
00:06:10.221 [main] DEBUG org.hibernate.cfg.Settings - JPA compliance - lists : disabled
00:06:10.221 [main] DEBUG org.hibernate.cfg.Settings - JPA compliance - transactions : disabled
00:06:10.222 [main] DEBUG org.hibernate.service.internal.SessionFactoryServiceRegistryImpl - EventListenerRegistry access via ServiceRegistry is deprecated.  Use `sessionFactory.getEventEngine().getListenerRegistry()` instead
00:06:10.222 [main] DEBUG org.hibernate.service.internal.SessionFactoryServiceRegistryImpl - EventListenerRegistry access via ServiceRegistry is deprecated.  Use `sessionFactory.getEventEngine().getListenerRegistry()` instead
00:06:10.223 [main] DEBUG org.hibernate.internal.SessionFactoryImpl - Session factory constructed with filter configurations : {}
00:06:10.223 [main] DEBUG org.hibernate.internal.SessionFactoryImpl - Instantiating session factory with properties: {hibernate.format_sql=true, dialect=org.hibernate.dialect.PostgreSQLDialect, java.specification.version=16, sun.cpu.isalist=amd64, sun.jnu.encoding=Cp1252, hibernate.dialect=org.hibernate.dialect.PostgreSQLDialect, java.class.path=D:\TestedeSw\Desenvolivmento-Leilao\target\test-classes;D:\TestedeSw\Desenvolivmento-Leilao\target\classes;C:\Users\wilso\.m2\repository\javax\servlet\javax.servlet-api\4.0.1\javax.servlet-api-4.0.1.jar;C:\Users\wilso\.m2\repository\org\seleniumhq\selenium\selenium-chrome-driver\3.141.59\selenium-chrome-driver-3.141.59.jar;C:\Users\wilso\.m2\repository\org\seleniumhq\selenium\selenium-api\3.141.59\selenium-api-3.141.59.jar;C:\Users\wilso\.m2\repository\org\seleniumhq\selenium\selenium-remote-driver\3.141.59\selenium-remote-driver-3.141.59.jar;C:\Users\wilso\.m2\repository\net\bytebuddy\byte-buddy\1.8.15\byte-buddy-1.8.15.jar;C:\Users\wilso\.m2\repository\org\apache\commons\commons-exec\1.3\commons-exec-1.3.jar;C:\Users\wilso\.m2\repository\com\google\guava\guava\25.0-jre\guava-25.0-jre.jar;C:\Users\wilso\.m2\repository\com\google\code\findbugs\jsr305\1.3.9\jsr305-1.3.9.jar;C:\Users\wilso\.m2\repository\org\checkerframework\checker-compat-qual\2.0.0\checker-compat-qual-2.0.0.jar;C:\Users\wilso\.m2\repository\com\google\errorprone\error_prone_annotations\2.1.3\error_prone_annotations-2.1.3.jar;C:\Users\wilso\.m2\repository\com\google\j2objc\j2objc-annotations\1.1\j2objc-annotations-1.1.jar;C:\Users\wilso\.m2\repository\org\codehaus\mojo\animal-sniffer-annotations\1.14\animal-sniffer-annotations-1.14.jar;C:\Users\wilso\.m2\repository\com\squareup\okhttp3\okhttp\3.11.0\okhttp-3.11.0.jar;C:\Users\wilso\.m2\repository\com\squareup\okio\okio\1.14.0\okio-1.14.0.jar;C:\Users\wilso\.m2\repository\org\seleniumhq\selenium\selenium-java\3.141.59\selenium-java-3.141.59.jar;C:\Users\wilso\.m2\repository\org\seleniumhq\selenium\selenium-edge-driver\3.141.59\selenium-edge-driver-3.141.59.jar;C:\Users\wilso\.m2\repository\org\seleniumhq\selenium\selenium-firefox-driver\3.141.59\selenium-firefox-driver-3.141.59.jar;C:\Users\wilso\.m2\repository\org\seleniumhq\selenium\selenium-ie-driver\3.141.59\selenium-ie-driver-3.141.59.jar;C:\Users\wilso\.m2\repository\org\seleniumhq\selenium\selenium-opera-driver\3.141.59\selenium-opera-driver-3.141.59.jar;C:\Users\wilso\.m2\repository\org\seleniumhq\selenium\selenium-safari-driver\3.141.59\selenium-safari-driver-3.141.59.jar;C:\Users\wilso\.m2\repository\org\seleniumhq\selenium\selenium-support\3.141.59\selenium-support-3.141.59.jar;C:\Users\wilso\.m2\repository\io\github\bonigarcia\webdrivermanager\2.2.1\webdrivermanager-2.2.1.jar;C:\Users\wilso\.m2\repository\org\slf4j\slf4j-api\1.7.24\slf4j-api-1.7.24.jar;C:\Users\wilso\.m2\repository\commons-io\commons-io\2.5\commons-io-2.5.jar;C:\Users\wilso\.m2\repository\com\google\code\gson\gson\2.8.0\gson-2.8.0.jar;C:\Users\wilso\.m2\repository\org\apache\commons\commons-lang3\3.5\commons-lang3-3.5.jar;C:\Users\wilso\.m2\repository\org\apache\httpcomponents\httpclient\4.5.3\httpclient-4.5.3.jar;C:\Users\wilso\.m2\repository\org\apache\httpcomponents\httpcore\4.4.6\httpcore-4.4.6.jar;C:\Users\wilso\.m2\repository\commons-logging\commons-logging\1.2\commons-logging-1.2.jar;C:\Users\wilso\.m2\repository\commons-codec\commons-codec\1.9\commons-codec-1.9.jar;C:\Users\wilso\.m2\repository\org\rauschig\jarchivelib\0.7.1\jarchivelib-0.7.1.jar;C:\Users\wilso\.m2\repository\org\apache\commons\commons-compress\1.9\commons-compress-1.9.jar;C:\Users\wilso\.m2\repository\org\jsoup\jsoup\1.10.2\jsoup-1.10.2.jar;C:\Users\wilso\.m2\repository\ch\qos\logback\logback-classic\1.2.3\logback-classic-1.2.3.jar;C:\Users\wilso\.m2\repository\ch\qos\logback\logback-core\1.2.3\logback-core-1.2.3.jar;C:\Users\wilso\.m2\repository\javax\mail\mail\1.4\mail-1.4.jar;C:\Users\wilso\.m2\repository\javax\activation\activation\1.1.1\activation-1.1.1.jar;C:\Users\wilso\.m2\repository\junit\junit\4.13.2\junit-4.13.2.jar;C:\Users\wilso\.m2\repository\org\hamcrest\hamcrest-core\1.3\hamcrest-core-1.3.jar;C:\Users\wilso\.m2\repository\org\mockito\mockito-all\1.10.19\mockito-all-1.10.19.jar;C:\Users\wilso\.m2\repository\org\hibernate\hibernate-entitymanager\5.4.30.Final\hibernate-entitymanager-5.4.30.Final.jar;C:\Users\wilso\.m2\repository\org\jboss\logging\jboss-logging\3.4.1.Final\jboss-logging-3.4.1.Final.jar;C:\Users\wilso\.m2\repository\org\hibernate\common\hibernate-commons-annotations\5.1.2.Final\hibernate-commons-annotations-5.1.2.Final.jar;C:\Users\wilso\.m2\repository\javax\persistence\javax.persistence-api\2.2\javax.persistence-api-2.2.jar;C:\Users\wilso\.m2\repository\org\jboss\spec\javax\transaction\jboss-transaction-api_1.2_spec\1.1.1.Final\jboss-transaction-api_1.2_spec-1.1.1.Final.jar;C:\Users\wilso\.m2\repository\org\junit\jupiter\junit-jupiter-api\5.7.1\junit-jupiter-api-5.7.1.jar;C:\Users\wilso\.m2\repository\org\apiguardian\apiguardian-api\1.1.0\apiguardian-api-1.1.0.jar;C:\Users\wilso\.m2\repository\org\opentest4j\opentest4j\1.2.0\opentest4j-1.2.0.jar;C:\Users\wilso\.m2\repository\org\junit\platform\junit-platform-commons\1.7.1\junit-platform-commons-1.7.1.jar;C:\Users\wilso\.m2\repository\org\junit\jupiter\junit-jupiter-engine\5.7.1\junit-jupiter-engine-5.7.1.jar;C:\Users\wilso\.m2\repository\org\junit\platform\junit-platform-engine\1.7.1\junit-platform-engine-1.7.1.jar;C:\Users\wilso\.m2\repository\jstl\jstl\1.2\jstl-1.2.jar;C:\Users\wilso\.m2\repository\org\postgresql\postgresql\42.2.13\postgresql-42.2.13.jar;C:\Users\wilso\.m2\repository\com\github\waffle\waffle-jna\1.9.1\waffle-jna-1.9.1.jar;C:\Users\wilso\.m2\repository\net\java\dev\jna\jna\4.5.1\jna-4.5.1.jar;C:\Users\wilso\.m2\repository\net\java\dev\jna\jna-platform\4.5.1\jna-platform-4.5.1.jar;C:\Users\wilso\.m2\repository\org\slf4j\jcl-over-slf4j\1.7.25\jcl-over-slf4j-1.7.25.jar;C:\Users\wilso\.m2\repository\com\github\ben-manes\caffeine\caffeine\2.6.2\caffeine-2.6.2.jar;C:\Users\wilso\.m2\repository\org\osgi\org.osgi.core\4.3.1\org.osgi.core-4.3.1.jar;C:\Users\wilso\.m2\repository\org\osgi\org.osgi.enterprise\4.2.0\org.osgi.enterprise-4.2.0.jar;C:\Users\wilso\.m2\repository\org\hibernate\hibernate-core\5.5.5.Final\hibernate-core-5.5.5.Final.jar;C:\Users\wilso\.m2\repository\org\javassist\javassist\3.27.0-GA\javassist-3.27.0-GA.jar;C:\Users\wilso\.m2\repository\org\jboss\jandex\2.2.3.Final\jandex-2.2.3.Final.jar;C:\Users\wilso\.m2\repository\com\fasterxml\classmate\1.5.1\classmate-1.5.1.jar;C:\Users\wilso\.m2\repository\javax\activation\javax.activation-api\1.2.0\javax.activation-api-1.2.0.jar;C:\Users\wilso\.m2\repository\javax\xml\bind\jaxb-api\2.3.1\jaxb-api-2.3.1.jar;C:\Users\wilso\.m2\repository\org\glassfish\jaxb\jaxb-runtime\2.3.1\jaxb-runtime-2.3.1.jar;C:\Users\wilso\.m2\repository\org\glassfish\jaxb\txw2\2.3.1\txw2-2.3.1.jar;C:\Users\wilso\.m2\repository\com\sun\istack\istack-commons-runtime\3.0.7\istack-commons-runtime-3.0.7.jar;C:\Users\wilso\.m2\repository\org\jvnet\staxex\stax-ex\1.8\stax-ex-1.8.jar;C:\Users\wilso\.m2\repository\com\sun\xml\fastinfoset\FastInfoset\1.2.15\FastInfoset-1.2.15.jar;C:\Users\wilso\.m2\repository\org\dom4j\dom4j\2.1.3\dom4j-2.1.3.jar;C:\Users\wilso\.m2\repository\antlr\antlr\2.7.7\antlr-2.7.7.jar;, java.vm.vendor=Oracle Corporation, sun.arch.data.model=64, hbm2ddl.auto=update, user.variant=, java.vendor.url=https://java.oracle.com/, user.timezone=America/Sao_Paulo, java.vm.specification.version=16, os.name=Windows 10, sun.java.launcher=SUN_STANDARD, user.country=BR, sun.boot.library.path=C:\Users\wilso\.jdks\openjdk-16.0.1\bin, sun.java.command=D:\TestedeSw\Desenvolivmento-Leilao\target\surefire\surefirebooter948638914691903440.jar D:\TestedeSw\Desenvolivmento-Leilao\target\surefire\surefire17090652239533642978tmp D:\TestedeSw\Desenvolivmento-Leilao\target\surefire\surefire_03701802920224603322tmp, jdk.debug=release, surefire.test.class.path=D:\TestedeSw\Desenvolivmento-Leilao\target\test-classes;D:\TestedeSw\Desenvolivmento-Leilao\target\classes;C:\Users\wilso\.m2\repository\javax\servlet\javax.servlet-api\4.0.1\javax.servlet-api-4.0.1.jar;C:\Users\wilso\.m2\repository\org\seleniumhq\selenium\selenium-chrome-driver\3.141.59\selenium-chrome-driver-3.141.59.jar;C:\Users\wilso\.m2\repository\org\seleniumhq\selenium\selenium-api\3.141.59\selenium-api-3.141.59.jar;C:\Users\wilso\.m2\repository\org\seleniumhq\selenium\selenium-remote-driver\3.141.59\selenium-remote-driver-3.141.59.jar;C:\Users\wilso\.m2\repository\net\bytebuddy\byte-buddy\1.8.15\byte-buddy-1.8.15.jar;C:\Users\wilso\.m2\repository\org\apache\commons\commons-exec\1.3\commons-exec-1.3.jar;C:\Users\wilso\.m2\repository\com\google\guava\guava\25.0-jre\guava-25.0-jre.jar;C:\Users\wilso\.m2\repository\com\google\code\findbugs\jsr305\1.3.9\jsr305-1.3.9.jar;C:\Users\wilso\.m2\repository\org\checkerframework\checker-compat-qual\2.0.0\checker-compat-qual-2.0.0.jar;C:\Users\wilso\.m2\repository\com\google\errorprone\error_prone_annotations\2.1.3\error_prone_annotations-2.1.3.jar;C:\Users\wilso\.m2\repository\com\google\j2objc\j2objc-annotations\1.1\j2objc-annotations-1.1.jar;C:\Users\wilso\.m2\repository\org\codehaus\mojo\animal-sniffer-annotations\1.14\animal-sniffer-annotations-1.14.jar;C:\Users\wilso\.m2\repository\com\squareup\okhttp3\okhttp\3.11.0\okhttp-3.11.0.jar;C:\Users\wilso\.m2\repository\com\squareup\okio\okio\1.14.0\okio-1.14.0.jar;C:\Users\wilso\.m2\repository\org\seleniumhq\selenium\selenium-java\3.141.59\selenium-java-3.141.59.jar;C:\Users\wilso\.m2\repository\org\seleniumhq\selenium\selenium-edge-driver\3.141.59\selenium-edge-driver-3.141.59.jar;C:\Users\wilso\.m2\repository\org\seleniumhq\selenium\selenium-firefox-driver\3.141.59\selenium-firefox-driver-3.141.59.jar;C:\Users\wilso\.m2\repository\org\seleniumhq\selenium\selenium-ie-driver\3.141.59\selenium-ie-driver-3.141.59.jar;C:\Users\wilso\.m2\repository\org\seleniumhq\selenium\selenium-opera-driver\3.141.59\selenium-opera-driver-3.141.59.jar;C:\Users\wilso\.m2\repository\org\seleniumhq\selenium\selenium-safari-driver\3.141.59\selenium-safari-driver-3.141.59.jar;C:\Users\wilso\.m2\repository\org\seleniumhq\selenium\selenium-support\3.141.59\selenium-support-3.141.59.jar;C:\Users\wilso\.m2\repository\io\github\bonigarcia\webdrivermanager\2.2.1\webdrivermanager-2.2.1.jar;C:\Users\wilso\.m2\repository\org\slf4j\slf4j-api\1.7.24\slf4j-api-1.7.24.jar;C:\Users\wilso\.m2\repository\commons-io\commons-io\2.5\commons-io-2.5.jar;C:\Users\wilso\.m2\repository\com\google\code\gson\gson\2.8.0\gson-2.8.0.jar;C:\Users\wilso\.m2\repository\org\apache\commons\commons-lang3\3.5\commons-lang3-3.5.jar;C:\Users\wilso\.m2\repository\org\apache\httpcomponents\httpclient\4.5.3\httpclient-4.5.3.jar;C:\Users\wilso\.m2\repository\org\apache\httpcomponents\httpcore\4.4.6\httpcore-4.4.6.jar;C:\Users\wilso\.m2\repository\commons-logging\commons-logging\1.2\commons-logging-1.2.jar;C:\Users\wilso\.m2\repository\commons-codec\commons-codec\1.9\commons-codec-1.9.jar;C:\Users\wilso\.m2\repository\org\rauschig\jarchivelib\0.7.1\jarchivelib-0.7.1.jar;C:\Users\wilso\.m2\repository\org\apache\commons\commons-compress\1.9\commons-compress-1.9.jar;C:\Users\wilso\.m2\repository\org\jsoup\jsoup\1.10.2\jsoup-1.10.2.jar;C:\Users\wilso\.m2\repository\ch\qos\logback\logback-classic\1.2.3\logback-classic-1.2.3.jar;C:\Users\wilso\.m2\repository\ch\qos\logback\logback-core\1.2.3\logback-core-1.2.3.jar;C:\Users\wilso\.m2\repository\javax\mail\mail\1.4\mail-1.4.jar;C:\Users\wilso\.m2\repository\javax\activation\activation\1.1.1\activation-1.1.1.jar;C:\Users\wilso\.m2\repository\junit\junit\4.13.2\junit-4.13.2.jar;C:\Users\wilso\.m2\repository\org\hamcrest\hamcrest-core\1.3\hamcrest-core-1.3.jar;C:\Users\wilso\.m2\repository\org\mockito\mockito-all\1.10.19\mockito-all-1.10.19.jar;C:\Users\wilso\.m2\repository\org\hibernate\hibernate-entitymanager\5.4.30.Final\hibernate-entitymanager-5.4.30.Final.jar;C:\Users\wilso\.m2\repository\org\jboss\logging\jboss-logging\3.4.1.Final\jboss-logging-3.4.1.Final.jar;C:\Users\wilso\.m2\repository\org\hibernate\common\hibernate-commons-annotations\5.1.2.Final\hibernate-commons-annotations-5.1.2.Final.jar;C:\Users\wilso\.m2\repository\javax\persistence\javax.persistence-api\2.2\javax.persistence-api-2.2.jar;C:\Users\wilso\.m2\repository\org\jboss\spec\javax\transaction\jboss-transaction-api_1.2_spec\1.1.1.Final\jboss-transaction-api_1.2_spec-1.1.1.Final.jar;C:\Users\wilso\.m2\repository\org\junit\jupiter\junit-jupiter-api\5.7.1\junit-jupiter-api-5.7.1.jar;C:\Users\wilso\.m2\repository\org\apiguardian\apiguardian-api\1.1.0\apiguardian-api-1.1.0.jar;C:\Users\wilso\.m2\repository\org\opentest4j\opentest4j\1.2.0\opentest4j-1.2.0.jar;C:\Users\wilso\.m2\repository\org\junit\platform\junit-platform-commons\1.7.1\junit-platform-commons-1.7.1.jar;C:\Users\wilso\.m2\repository\org\junit\jupiter\junit-jupiter-engine\5.7.1\junit-jupiter-engine-5.7.1.jar;C:\Users\wilso\.m2\repository\org\junit\platform\junit-platform-engine\1.7.1\junit-platform-engine-1.7.1.jar;C:\Users\wilso\.m2\repository\jstl\jstl\1.2\jstl-1.2.jar;C:\Users\wilso\.m2\repository\org\postgresql\postgresql\42.2.13\postgresql-42.2.13.jar;C:\Users\wilso\.m2\repository\com\github\waffle\waffle-jna\1.9.1\waffle-jna-1.9.1.jar;C:\Users\wilso\.m2\repository\net\java\dev\jna\jna\4.5.1\jna-4.5.1.jar;C:\Users\wilso\.m2\repository\net\java\dev\jna\jna-platform\4.5.1\jna-platform-4.5.1.jar;C:\Users\wilso\.m2\repository\org\slf4j\jcl-over-slf4j\1.7.25\jcl-over-slf4j-1.7.25.jar;C:\Users\wilso\.m2\repository\com\github\ben-manes\caffeine\caffeine\2.6.2\caffeine-2.6.2.jar;C:\Users\wilso\.m2\repository\org\osgi\org.osgi.core\4.3.1\org.osgi.core-4.3.1.jar;C:\Users\wilso\.m2\repository\org\osgi\org.osgi.enterprise\4.2.0\org.osgi.enterprise-4.2.0.jar;C:\Users\wilso\.m2\repository\org\hibernate\hibernate-core\5.5.5.Final\hibernate-core-5.5.5.Final.jar;C:\Users\wilso\.m2\repository\org\javassist\javassist\3.27.0-GA\javassist-3.27.0-GA.jar;C:\Users\wilso\.m2\repository\org\jboss\jandex\2.2.3.Final\jandex-2.2.3.Final.jar;C:\Users\wilso\.m2\repository\com\fasterxml\classmate\1.5.1\classmate-1.5.1.jar;C:\Users\wilso\.m2\repository\javax\activation\javax.activation-api\1.2.0\javax.activation-api-1.2.0.jar;C:\Users\wilso\.m2\repository\javax\xml\bind\jaxb-api\2.3.1\jaxb-api-2.3.1.jar;C:\Users\wilso\.m2\repository\org\glassfish\jaxb\jaxb-runtime\2.3.1\jaxb-runtime-2.3.1.jar;C:\Users\wilso\.m2\repository\org\glassfish\jaxb\txw2\2.3.1\txw2-2.3.1.jar;C:\Users\wilso\.m2\repository\com\sun\istack\istack-commons-runtime\3.0.7\istack-commons-runtime-3.0.7.jar;C:\Users\wilso\.m2\repository\org\jvnet\staxex\stax-ex\1.8\stax-ex-1.8.jar;C:\Users\wilso\.m2\repository\com\sun\xml\fastinfoset\FastInfoset\1.2.15\FastInfoset-1.2.15.jar;C:\Users\wilso\.m2\repository\org\dom4j\dom4j\2.1.3\dom4j-2.1.3.jar;C:\Users\wilso\.m2\repository\antlr\antlr\2.7.7\antlr-2.7.7.jar;, sun.cpu.endian=little, user.home=C:\Users\wilso, user.language=pt, java.specification.vendor=Oracle Corporation, java.version.date=2021-04-20, java.home=C:\Users\wilso\.jdks\openjdk-16.0.1, file.separator=\, basedir=D:\TestedeSw\Desenvolivmento-Leilao, java.vm.compressedOopsMode=Zero based, line.separator=
, java.vm.specification.vendor=Oracle Corporation, java.specification.name=Java Platform API Specification, surefire.real.class.path=D:\TestedeSw\Desenvolivmento-Leilao\target\surefire\surefirebooter948638914691903440.jar, hibernate.hbm2ddl.auto=update, user.script=, connection.password=sergtsop, sun.management.compiler=HotSpot 64-Bit Tiered Compilers, java.runtime.version=16.0.1+9-24, user.name=wilso, path.separator=;, hibernate.connection.username=****, os.version=10.0, java.runtime.name=OpenJDK Runtime Environment, hibernate.connection.url=jdbc:postgresql://localhost/postgres, file.encoding=Cp1252, format_sql=true, java.vm.name=OpenJDK 64-Bit Server VM, hibernate.show_sql=true, localRepository=C:\Users\wilso\.m2\repository, show_sql=true, hibernate.connection.driver_class=org.postgresql.Driver, java.vendor.url.bug=https://bugreport.java.com/bugreport/, java.io.tmpdir=C:\Users\wilso\AppData\Local\Temp\, idea.version=2021.2.1, java.version=16.0.1, user.dir=D:\TestedeSw\Desenvolivmento-Leilao, os.arch=amd64, connection.username=postgres, java.vm.specification.name=Java Virtual Machine Specification, hibernate.connection.password=****, sun.os.patch.level=, connection.driver_class=org.postgresql.Driver, hibernate.boot.CfgXmlAccessService.key=org.hibernate.boot.cfgxml.spi.LoadedConfig@18539cb1, java.library.path=C:\Users\wilso\.jdks\openjdk-16.0.1\bin;C:\Windows\Sun\Java\bin;C:\Windows\system32;C:\Windows;C:\Python39\Scripts\;C:\Python39\;C:\ProgramData\Oracle\Java\javapath;C:\Windows\system32;C:\Windows;C:\Windows\System32\Wbem;C:\Windows\System32\WindowsPowerShell\v1.0\;C:\Windows\System32\OpenSSH\;C:\Program Files\NVIDIA Corporation\NVIDIA NvDLISR;C:\Program Files (x86)\NVIDIA Corporation\PhysX\Common;C:\Program Files (x86)\nodejs\;C:\ProgramData\chocolatey\bin;C:\Program Files\Git\cmd;C:\Program Files\dotnet\;C:\Program Files\Microsoft SQL Server\130\Tools\Binn\;C:\Program Files\Microsoft SQL Server\Client SDK\ODBC\170\Tools\Binn\;C:\Users\wilso\AppData\Local\Microsoft\WindowsApps;C:\Users\wilso\AppData\Local\Programs\Microsoft VS Code\bin;C:\Users\wilso\AppData\Roaming\npm;C:\Users\wilso\.dotnet\tools;., java.vendor=Oracle Corporation, java.vm.info=mixed mode, sharing, java.vm.version=16.0.1+9-24, hibernate.bytecode.use_reflection_optimizer=false, sun.io.unicode.encoding=UnicodeLittle, connection.url=jdbc:postgresql://localhost/postgres, java.class.version=60.0}
00:06:10.224 [main] DEBUG org.hibernate.secure.spi.JaccIntegrator - Skipping JACC integration as it was not enabled
00:06:10.224 [main] DEBUG org.hibernate.internal.SessionFactoryImpl - Instantiated session factory
00:06:10.224 [main] DEBUG org.hibernate.type.spi.TypeConfiguration$Scope - Scoping TypeConfiguration [org.hibernate.type.spi.TypeConfiguration@62d1dc3c] to SessionFactoryImpl [org.hibernate.internal.SessionFactoryImpl@748f93bb]
00:06:10.224 [main] DEBUG org.hibernate.boot.internal.ClassLoaderAccessImpl - Not known whether passed class name [model.Lance] is safe
00:06:10.224 [main] DEBUG org.hibernate.boot.internal.ClassLoaderAccessImpl - No temp ClassLoader provided; using live ClassLoader for loading potentially unsafe class : model.Lance
00:06:10.233 [main] DEBUG org.hibernate.boot.internal.ClassLoaderAccessImpl - Not known whether passed class name [model.Leilao] is safe
00:06:10.233 [main] DEBUG org.hibernate.boot.internal.ClassLoaderAccessImpl - No temp ClassLoader provided; using live ClassLoader for loading potentially unsafe class : model.Leilao
00:06:10.243 [main] DEBUG org.hibernate.boot.internal.ClassLoaderAccessImpl - Not known whether passed class name [model.Cliente] is safe
00:06:10.243 [main] DEBUG org.hibernate.boot.internal.ClassLoaderAccessImpl - No temp ClassLoader provided; using live ClassLoader for loading potentially unsafe class : model.Cliente
00:06:10.250 [main] DEBUG org.hibernate.persister.entity.AbstractEntityPersister - Static SQL for entity: model.Lance
00:06:10.250 [main] DEBUG org.hibernate.persister.entity.AbstractEntityPersister -  Version select: select id from Lance where id =?
00:06:10.250 [main] DEBUG org.hibernate.persister.entity.AbstractEntityPersister -  Snapshot select: select lance_.id, lance_.email as email2_1_, lance_.nome as nome3_1_, lance_.objeto as objeto4_1_, lance_.valor as valor5_1_ from Lance lance_ where lance_.id=?
00:06:10.250 [main] DEBUG org.hibernate.persister.entity.AbstractEntityPersister -  Insert 0: insert into Lance (email, nome, objeto, valor, id) values (?, ?, ?, ?, ?)
00:06:10.250 [main] DEBUG org.hibernate.persister.entity.AbstractEntityPersister -  Update 0: update Lance set email=?, nome=?, objeto=?, valor=? where id=?
00:06:10.250 [main] DEBUG org.hibernate.persister.entity.AbstractEntityPersister -  Delete 0: delete from Lance where id=?
00:06:10.251 [main] DEBUG org.hibernate.persister.entity.AbstractEntityPersister -  Identity insert: insert into Lance (email, nome, objeto, valor) values (?, ?, ?, ?)
00:06:10.251 [main] DEBUG org.hibernate.loader.plan.build.internal.spaces.QuerySpacesImpl - Adding QuerySpace : uid = &lt;gen:0&gt; -&gt; org.hibernate.loader.plan.build.internal.spaces.EntityQuerySpaceImpl@75b6dd5b]
00:06:10.251 [main] DEBUG org.hibernate.persister.walking.spi.MetamodelGraphWalker - Visiting attribute path : email
00:06:10.251 [main] DEBUG org.hibernate.persister.walking.spi.MetamodelGraphWalker - Visiting attribute path : nome
00:06:10.251 [main] DEBUG org.hibernate.persister.walking.spi.MetamodelGraphWalker - Visiting attribute path : objeto
00:06:10.251 [main] DEBUG org.hibernate.persister.walking.spi.MetamodelGraphWalker - Visiting attribute path : valor
00:06:10.251 [main] DEBUG org.hibernate.loader.plan.build.internal.FetchStyleLoadPlanBuildingAssociationVisitationStrategy - Building LoadPlan...
00:06:10.251 [main] DEBUG org.hibernate.loader.plan.exec.internal.LoadQueryJoinAndFetchProcessor - processing queryspace &lt;gen:0&gt;
00:06:10.251 [main] DEBUG org.hibernate.loader.plan.build.spi.LoadPlanTreePrinter - LoadPlan(entity=model.Lance)
    - Returns
       - EntityReturnImpl(entity=model.Lance, querySpaceUid=&lt;gen:0&gt;, path=model.Lance)
    - QuerySpaces
       - EntityQuerySpaceImpl(uid=&lt;gen:0&gt;, entity=model.Lance)
          - SQL table alias mapping - lance0_
          - alias suffix - 0_
          - suffixed key columns - {id1_1_0_}

00:06:10.251 [main] DEBUG org.hibernate.loader.entity.plan.EntityLoader - Static select for entity model.Lance [NONE]: select lance0_.id as id1_1_0_, lance0_.email as email2_1_0_, lance0_.nome as nome3_1_0_, lance0_.objeto as objeto4_1_0_, lance0_.valor as valor5_1_0_ from Lance lance0_ where lance0_.id=?
00:06:10.251 [main] DEBUG org.hibernate.persister.entity.AbstractEntityPersister - Static SQL for entity: model.Leilao
00:06:10.252 [main] DEBUG org.hibernate.persister.entity.AbstractEntityPersister -  Version select: select id from leiloes where id =?
00:06:10.252 [main] DEBUG org.hibernate.persister.entity.AbstractEntityPersister -  Snapshot select: select leilao_.id, leilao_.data as data2_2_, leilao_.nome as nome3_2_, leilao_.status as status4_2_, leilao_.valorMinimo as valormin5_2_ from leiloes leilao_ where leilao_.id=?
00:06:10.252 [main] DEBUG org.hibernate.persister.entity.AbstractEntityPersister -  Insert 0: insert into leiloes (data, nome, status, valorMinimo, id) values (?, ?, ?, ?, ?)
00:06:10.252 [main] DEBUG org.hibernate.persister.entity.AbstractEntityPersister -  Update 0: update leiloes set data=?, nome=?, status=?, valorMinimo=? where id=?
00:06:10.252 [main] DEBUG org.hibernate.persister.entity.AbstractEntityPersister -  Delete 0: delete from leiloes where id=?
00:06:10.252 [main] DEBUG org.hibernate.persister.entity.AbstractEntityPersister -  Identity insert: insert into leiloes (data, nome, status, valorMinimo) values (?, ?, ?, ?)
00:06:10.252 [main] DEBUG org.hibernate.loader.plan.build.internal.spaces.QuerySpacesImpl - Adding QuerySpace : uid = &lt;gen:0&gt; -&gt; org.hibernate.loader.plan.build.internal.spaces.EntityQuerySpaceImpl@72b43104]
00:06:10.252 [main] DEBUG org.hibernate.persister.walking.spi.MetamodelGraphWalker - Visiting attribute path : data
00:06:10.252 [main] DEBUG org.hibernate.persister.walking.spi.MetamodelGraphWalker - Visiting attribute path : nome
00:06:10.252 [main] DEBUG org.hibernate.persister.walking.spi.MetamodelGraphWalker - Visiting attribute path : status
00:06:10.252 [main] DEBUG org.hibernate.persister.walking.spi.MetamodelGraphWalker - Visiting attribute path : valorMinimo
00:06:10.252 [main] DEBUG org.hibernate.loader.plan.build.internal.FetchStyleLoadPlanBuildingAssociationVisitationStrategy - Building LoadPlan...
00:06:10.252 [main] DEBUG org.hibernate.loader.plan.exec.internal.LoadQueryJoinAndFetchProcessor - processing queryspace &lt;gen:0&gt;
00:06:10.252 [main] DEBUG org.hibernate.loader.plan.build.spi.LoadPlanTreePrinter - LoadPlan(entity=model.Leilao)
    - Returns
       - EntityReturnImpl(entity=model.Leilao, querySpaceUid=&lt;gen:0&gt;, path=model.Leilao)
    - QuerySpaces
       - EntityQuerySpaceImpl(uid=&lt;gen:0&gt;, entity=model.Leilao)
          - SQL table alias mapping - leilao0_
          - alias suffix - 0_
          - suffixed key columns - {id1_2_0_}

00:06:10.252 [main] DEBUG org.hibernate.loader.entity.plan.EntityLoader - Static select for entity model.Leilao [NONE]: select leilao0_.id as id1_2_0_, leilao0_.data as data2_2_0_, leilao0_.nome as nome3_2_0_, leilao0_.status as status4_2_0_, leilao0_.valorMinimo as valormin5_2_0_ from leiloes leilao0_ where leilao0_.id=?
00:06:10.252 [main] DEBUG org.hibernate.persister.entity.AbstractEntityPersister - Static SQL for entity: model.Cliente
00:06:10.252 [main] DEBUG org.hibernate.persister.entity.AbstractEntityPersister -  Version select: select id from Cliente where id =?
00:06:10.252 [main] DEBUG org.hibernate.persister.entity.AbstractEntityPersister -  Snapshot select: select cliente_.id, cliente_.email as email2_0_, cliente_.nome as nome3_0_, cliente_.senha as senha4_0_ from Cliente cliente_ where cliente_.id=?
00:06:10.252 [main] DEBUG org.hibernate.persister.entity.AbstractEntityPersister -  Insert 0: insert into Cliente (email, nome, senha, id) values (?, ?, ?, ?)
00:06:10.252 [main] DEBUG org.hibernate.persister.entity.AbstractEntityPersister -  Update 0: update Cliente set email=?, nome=?, senha=? where id=?
00:06:10.253 [main] DEBUG org.hibernate.persister.entity.AbstractEntityPersister -  Delete 0: delete from Cliente where id=?
00:06:10.253 [main] DEBUG org.hibernate.persister.entity.AbstractEntityPersister -  Identity insert: insert into Cliente (email, nome, senha) values (?, ?, ?)
00:06:10.253 [main] DEBUG org.hibernate.loader.plan.build.internal.spaces.QuerySpacesImpl - Adding QuerySpace : uid = &lt;gen:0&gt; -&gt; org.hibernate.loader.plan.build.internal.spaces.EntityQuerySpaceImpl@4d0e54e0]
00:06:10.253 [main] DEBUG org.hibernate.persister.walking.spi.MetamodelGraphWalker - Visiting attribute path : email
00:06:10.253 [main] DEBUG org.hibernate.persister.walking.spi.MetamodelGraphWalker - Visiting attribute path : nome
00:06:10.253 [main] DEBUG org.hibernate.persister.walking.spi.MetamodelGraphWalker - Visiting attribute path : senha
00:06:10.253 [main] DEBUG org.hibernate.loader.plan.build.internal.FetchStyleLoadPlanBuildingAssociationVisitationStrategy - Building LoadPlan...
00:06:10.253 [main] DEBUG org.hibernate.loader.plan.exec.internal.LoadQueryJoinAndFetchProcessor - processing queryspace &lt;gen:0&gt;
00:06:10.253 [main] DEBUG org.hibernate.loader.plan.build.spi.LoadPlanTreePrinter - LoadPlan(entity=model.Cliente)
    - Returns
       - EntityReturnImpl(entity=model.Cliente, querySpaceUid=&lt;gen:0&gt;, path=model.Cliente)
    - QuerySpaces
       - EntityQuerySpaceImpl(uid=&lt;gen:0&gt;, entity=model.Cliente)
          - SQL table alias mapping - cliente0_
          - alias suffix - 0_
          - suffixed key columns - {id1_0_0_}

00:06:10.253 [main] DEBUG org.hibernate.loader.entity.plan.EntityLoader - Static select for entity model.Cliente [NONE]: select cliente0_.id as id1_0_0_, cliente0_.email as email2_0_0_, cliente0_.nome as nome3_0_0_, cliente0_.senha as senha4_0_0_ from Cliente cliente0_ where cliente0_.id=?
00:06:10.254 [main] INFO org.hibernate.orm.connections.access - HHH10001501: Connection obtained from JdbcConnectionAccess [org.hibernate.engine.jdbc.env.internal.JdbcEnvironmentInitiator$ConnectionProviderJdbcConnectionAccess@21a9a705] for (non-JTA) DDL execution was not in auto-commit mode; the Connection &apos;local transaction&apos; will be committed and the Connection will be set into auto-commit mode.
00:06:10.267 [main] DEBUG org.hibernate.mapping.Table - No alter strings for table : Cliente
00:06:10.267 [main] DEBUG org.hibernate.mapping.Table - No alter strings for table : Lance
00:06:10.268 [main] DEBUG org.hibernate.mapping.Table - No alter strings for table : leiloes
00:06:10.268 [main] DEBUG org.hibernate.engine.transaction.jta.platform.internal.JtaPlatformInitiator - No JtaPlatform was specified, checking resolver
00:06:10.268 [main] DEBUG org.hibernate.engine.transaction.jta.platform.internal.JtaPlatformResolverInitiator - No JtaPlatformResolver was specified, using default [org.hibernate.engine.transaction.jta.platform.internal.StandardJtaPlatformResolver]
00:06:10.270 [main] DEBUG org.hibernate.engine.transaction.jta.platform.internal.StandardJtaPlatformResolver - Could not resolve JtaPlatform, using default [org.hibernate.engine.transaction.jta.platform.internal.NoJtaPlatform]
00:06:10.270 [main] INFO org.hibernate.engine.transaction.jta.platform.internal.JtaPlatformInitiator - HHH000490: Using JtaPlatform implementation: [org.hibernate.engine.transaction.jta.platform.internal.NoJtaPlatform]
00:06:10.270 [main] DEBUG org.hibernate.query.spi.NamedQueryRepository - Checking 0 named HQL queries
00:06:10.270 [main] DEBUG org.hibernate.query.spi.NamedQueryRepository - Checking 0 named SQL queries
00:06:10.270 [main] DEBUG org.hibernate.service.internal.SessionFactoryServiceRegistryImpl - EventListenerRegistry access via ServiceRegistry is deprecated.  Use `sessionFactory.getEventEngine().getListenerRegistry()` instead
00:06:10.270 [main] DEBUG org.hibernate.internal.SessionFactoryRegistry - Registering SessionFactory: b8def17f-d466-44fa-8e2a-bfde4e28c82b (&lt;unnamed&gt;)
00:06:10.270 [main] DEBUG org.hibernate.internal.SessionFactoryRegistry - Not binding SessionFactory to JNDI, no JNDI name configured
00:06:10.270 [main] DEBUG org.hibernate.stat.internal.StatisticsInitiator - Statistics initialized [enabled=false]
00:06:10.399 [main] DEBUG org.apache.http.client.protocol.RequestAddCookies - CookieSpec selected: default
00:06:10.404 [main] DEBUG org.apache.http.client.protocol.RequestAuthCache - Auth cache not set in the context
00:06:10.404 [main] DEBUG org.apache.http.impl.conn.PoolingHttpClientConnectionManager - Connection request: [route: {s}-&gt;https://chromedriver.storage.googleapis.com:443][total kept alive: 0; route allocated: 0 of 2; total allocated: 0 of 20]
00:06:10.410 [main] DEBUG org.apache.http.impl.conn.PoolingHttpClientConnectionManager - Connection leased: [id: 0][route: {s}-&gt;https://chromedriver.storage.googleapis.com:443][total kept alive: 0; route allocated: 1 of 2; total allocated: 1 of 20]
00:06:10.411 [main] DEBUG org.apache.http.impl.execchain.MainClientExec - Opening connection {s}-&gt;https://chromedriver.storage.googleapis.com:443
00:06:10.478 [main] DEBUG org.apache.http.impl.conn.DefaultHttpClientConnectionOperator - Connecting to chromedriver.storage.googleapis.com/172.217.30.176:443
00:06:10.478 [main] DEBUG org.apache.http.conn.ssl.SSLConnectionSocketFactory - Connecting socket to chromedriver.storage.googleapis.com/172.217.30.176:443 with timeout 0
00:06:10.530 [main] DEBUG org.apache.http.conn.ssl.SSLConnectionSocketFactory - Enabled protocols: [TLSv1.3, TLSv1.2]
00:06:10.530 [main] DEBUG org.apache.http.conn.ssl.SSLConnectionSocketFactory - Enabled cipher suites:[TLS_AES_256_GCM_SHA384, TLS_AES_128_GCM_SHA256, TLS_CHACHA20_POLY1305_SHA256, TLS_ECDHE_ECDSA_WITH_AES_256_GCM_SHA384, TLS_ECDHE_ECDSA_WITH_AES_128_GCM_SHA256, TLS_ECDHE_ECDSA_WITH_CHACHA20_POLY1305_SHA256, TLS_ECDHE_RSA_WITH_AES_256_GCM_SHA384, TLS_ECDHE_RSA_WITH_CHACHA20_POLY1305_SHA256, TLS_ECDHE_RSA_WITH_AES_128_GCM_SHA256, TLS_DHE_RSA_WITH_AES_256_GCM_SHA384, TLS_DHE_RSA_WITH_CHACHA20_POLY1305_SHA256, TLS_DHE_DSS_WITH_AES_256_GCM_SHA384, TLS_DHE_RSA_WITH_AES_128_GCM_SHA256, TLS_DHE_DSS_WITH_AES_128_GCM_SHA256, TLS_ECDHE_ECDSA_WITH_AES_256_CBC_SHA384, TLS_ECDHE_RSA_WITH_AES_256_CBC_SHA384, TLS_ECDHE_ECDSA_WITH_AES_128_CBC_SHA256, TLS_ECDHE_RSA_WITH_AES_128_CBC_SHA256, TLS_DHE_RSA_WITH_AES_256_CBC_SHA256, TLS_DHE_DSS_WITH_AES_256_CBC_SHA256, TLS_DHE_RSA_WITH_AES_128_CBC_SHA256, TLS_DHE_DSS_WITH_AES_128_CBC_SHA256, TLS_ECDH_ECDSA_WITH_AES_256_GCM_SHA384, TLS_ECDH_RSA_WITH_AES_256_GCM_SHA384, TLS_ECDH_ECDSA_WITH_AES_128_GCM_SHA256, TLS_ECDH_RSA_WITH_AES_128_GCM_SHA256, TLS_ECDH_ECDSA_WITH_AES_256_CBC_SHA384, TLS_ECDH_RSA_WITH_AES_256_CBC_SHA384, TLS_ECDH_ECDSA_WITH_AES_128_CBC_SHA256, TLS_ECDH_RSA_WITH_AES_128_CBC_SHA256, TLS_ECDHE_ECDSA_WITH_AES_256_CBC_SHA, TLS_ECDHE_RSA_WITH_AES_256_CBC_SHA, TLS_ECDHE_ECDSA_WITH_AES_128_CBC_SHA, TLS_ECDHE_RSA_WITH_AES_128_CBC_SHA, TLS_DHE_RSA_WITH_AES_256_CBC_SHA, TLS_DHE_DSS_WITH_AES_256_CBC_SHA, TLS_DHE_RSA_WITH_AES_128_CBC_SHA, TLS_DHE_DSS_WITH_AES_128_CBC_SHA, TLS_ECDH_ECDSA_WITH_AES_256_CBC_SHA, TLS_ECDH_RSA_WITH_AES_256_CBC_SHA, TLS_ECDH_ECDSA_WITH_AES_128_CBC_SHA, TLS_ECDH_RSA_WITH_AES_128_CBC_SHA, TLS_RSA_WITH_AES_256_GCM_SHA384, TLS_RSA_WITH_AES_128_GCM_SHA256, TLS_RSA_WITH_AES_256_CBC_SHA256, TLS_RSA_WITH_AES_128_CBC_SHA256, TLS_RSA_WITH_AES_256_CBC_SHA, TLS_RSA_WITH_AES_128_CBC_SHA, TLS_EMPTY_RENEGOTIATION_INFO_SCSV]
00:06:10.531 [main] DEBUG org.apache.http.conn.ssl.SSLConnectionSocketFactory - Starting handshake
00:06:10.648 [main] DEBUG org.apache.http.conn.ssl.SSLConnectionSocketFactory - Secure session established
00:06:10.648 [main] DEBUG org.apache.http.conn.ssl.SSLConnectionSocketFactory -  negotiated protocol: TLSv1.3
00:06:10.648 [main] DEBUG org.apache.http.conn.ssl.SSLConnectionSocketFactory -  negotiated cipher suite: TLS_AES_256_GCM_SHA384
00:06:10.649 [main] DEBUG org.apache.http.conn.ssl.SSLConnectionSocketFactory -  peer principal: CN=*.storage.googleapis.com, O=Google LLC, L=Mountain View, ST=California, C=US
00:06:10.649 [main] DEBUG org.apache.http.conn.ssl.SSLConnectionSocketFactory -  peer alternative names: [*.storage.googleapis.com, *.googleapis.com, commondatastorage.googleapis.com, *.commondatastorage.googleapis.com, storage.googleapis.com, storage.mtls.googleapis.com, *.appspot.com.storage.googleapis.com, *.content-storage.googleapis.com, *.content-storage-p2.googleapis.com, *.content-storage-upload.googleapis.com, *.content-storage-download.googleapis.com, *.storage-upload.googleapis.com, *.storage-download.googleapis.com]
00:06:10.649 [main] DEBUG org.apache.http.conn.ssl.SSLConnectionSocketFactory -  issuer principal: CN=GTS CA 1O1, O=Google Trust Services, C=US
00:06:10.649 [main] DEBUG org.apache.http.impl.conn.DefaultHttpClientConnectionOperator - Connection established 192.168.0.116:55575&lt;-&gt;172.217.30.176:443
00:06:10.649 [main] DEBUG org.apache.http.impl.execchain.MainClientExec - Executing request OPTIONS / HTTP/1.1
00:06:10.649 [main] DEBUG org.apache.http.impl.execchain.MainClientExec - Target auth state: UNCHALLENGED
00:06:10.650 [main] DEBUG org.apache.http.impl.execchain.MainClientExec - Proxy auth state: UNCHALLENGED
00:06:10.650 [main] DEBUG org.apache.http.headers - http-outgoing-0 &gt;&gt; OPTIONS / HTTP/1.1
00:06:10.650 [main] DEBUG org.apache.http.headers - http-outgoing-0 &gt;&gt; Host: chromedriver.storage.googleapis.com
00:06:10.650 [main] DEBUG org.apache.http.headers - http-outgoing-0 &gt;&gt; Connection: Keep-Alive
00:06:10.650 [main] DEBUG org.apache.http.headers - http-outgoing-0 &gt;&gt; User-Agent: Apache-HttpClient/4.5.3 (Java/16.0.1)
00:06:10.650 [main] DEBUG org.apache.http.headers - http-outgoing-0 &gt;&gt; Accept-Encoding: gzip,deflate
00:06:10.650 [main] DEBUG org.apache.http.wire - http-outgoing-0 &gt;&gt; &quot;OPTIONS / HTTP/1.1[\r][\n]&quot;
00:06:10.650 [main] DEBUG org.apache.http.wire - http-outgoing-0 &gt;&gt; &quot;Host: chromedriver.storage.googleapis.com[\r][\n]&quot;
00:06:10.650 [main] DEBUG org.apache.http.wire - http-outgoing-0 &gt;&gt; &quot;Connection: Keep-Alive[\r][\n]&quot;
00:06:10.650 [main] DEBUG org.apache.http.wire - http-outgoing-0 &gt;&gt; &quot;User-Agent: Apache-HttpClient/4.5.3 (Java/16.0.1)[\r][\n]&quot;
00:06:10.650 [main] DEBUG org.apache.http.wire - http-outgoing-0 &gt;&gt; &quot;Accept-Encoding: gzip,deflate[\r][\n]&quot;
00:06:10.650 [main] DEBUG org.apache.http.wire - http-outgoing-0 &gt;&gt; &quot;[\r][\n]&quot;
00:06:10.792 [main] DEBUG org.apache.http.wire - http-outgoing-0 &lt;&lt; &quot;HTTP/1.1 200 OK[\r][\n]&quot;
00:06:10.792 [main] DEBUG org.apache.http.wire - http-outgoing-0 &lt;&lt; &quot;X-GUploader-UploadID: ADPycdsO5sIUV6wKS2BGb27oflL8xcnUn7VZDUCWq7Lk0GolFwpwmuI2fIRvZwzE_mD6b31EX2tq7CN21agVJ3FFlFl_TJhGIg[\r][\n]&quot;
00:06:10.792 [main] DEBUG org.apache.http.wire - http-outgoing-0 &lt;&lt; &quot;Date: Thu, 02 Sep 2021 03:05:57 GMT[\r][\n]&quot;
00:06:10.792 [main] DEBUG org.apache.http.wire - http-outgoing-0 &lt;&lt; &quot;Expires: Thu, 02 Sep 2021 03:05:57 GMT[\r][\n]&quot;
00:06:10.792 [main] DEBUG org.apache.http.wire - http-outgoing-0 &lt;&lt; &quot;Cache-Control: private, max-age=0[\r][\n]&quot;
00:06:10.792 [main] DEBUG org.apache.http.wire - http-outgoing-0 &lt;&lt; &quot;Content-Length: 0[\r][\n]&quot;
00:06:10.792 [main] DEBUG org.apache.http.wire - http-outgoing-0 &lt;&lt; &quot;Server: UploadServer[\r][\n]&quot;
00:06:10.792 [main] DEBUG org.apache.http.wire - http-outgoing-0 &lt;&lt; &quot;Content-Type: text/html; charset=UTF-8[\r][\n]&quot;
00:06:10.792 [main] DEBUG org.apache.http.wire - http-outgoing-0 &lt;&lt; &quot;Alt-Svc: h3=&quot;:443&quot;; ma=2592000,h3-29=&quot;:443&quot;; ma=2592000,h3-T051=&quot;:443&quot;; ma=2592000,h3-Q050=&quot;:443&quot;; ma=2592000,h3-Q046=&quot;:443&quot;; ma=2592000,h3-Q043=&quot;:443&quot;; ma=2592000,quic=&quot;:443&quot;; ma=2592000; v=&quot;46,43&quot;[\r][\n]&quot;
00:06:10.792 [main] DEBUG org.apache.http.wire - http-outgoing-0 &lt;&lt; &quot;[\r][\n]&quot;
00:06:10.794 [main] DEBUG org.apache.http.headers - http-outgoing-0 &lt;&lt; HTTP/1.1 200 OK
00:06:10.794 [main] DEBUG org.apache.http.headers - http-outgoing-0 &lt;&lt; X-GUploader-UploadID: ADPycdsO5sIUV6wKS2BGb27oflL8xcnUn7VZDUCWq7Lk0GolFwpwmuI2fIRvZwzE_mD6b31EX2tq7CN21agVJ3FFlFl_TJhGIg
00:06:10.794 [main] DEBUG org.apache.http.headers - http-outgoing-0 &lt;&lt; Date: Thu, 02 Sep 2021 03:05:57 GMT
00:06:10.794 [main] DEBUG org.apache.http.headers - http-outgoing-0 &lt;&lt; Expires: Thu, 02 Sep 2021 03:05:57 GMT
00:06:10.794 [main] DEBUG org.apache.http.headers - http-outgoing-0 &lt;&lt; Cache-Control: private, max-age=0
00:06:10.794 [main] DEBUG org.apache.http.headers - http-outgoing-0 &lt;&lt; Content-Length: 0
00:06:10.794 [main] DEBUG org.apache.http.headers - http-outgoing-0 &lt;&lt; Server: UploadServer
00:06:10.794 [main] DEBUG org.apache.http.headers - http-outgoing-0 &lt;&lt; Content-Type: text/html; charset=UTF-8
00:06:10.794 [main] DEBUG org.apache.http.headers - http-outgoing-0 &lt;&lt; Alt-Svc: h3=&quot;:443&quot;; ma=2592000,h3-29=&quot;:443&quot;; ma=2592000,h3-T051=&quot;:443&quot;; ma=2592000,h3-Q050=&quot;:443&quot;; ma=2592000,h3-Q046=&quot;:443&quot;; ma=2592000,h3-Q043=&quot;:443&quot;; ma=2592000,quic=&quot;:443&quot;; ma=2592000; v=&quot;46,43&quot;
00:06:10.796 [main] DEBUG org.apache.http.impl.execchain.MainClientExec - Connection can be kept alive indefinitely
00:06:10.796 [main] DEBUG org.apache.http.impl.conn.PoolingHttpClientConnectionManager - Connection [id: 0][route: {s}-&gt;https://chromedriver.storage.googleapis.com:443] can be kept alive indefinitely
00:06:10.796 [main] DEBUG org.apache.http.impl.conn.PoolingHttpClientConnectionManager - Connection released: [id: 0][route: {s}-&gt;https://chromedriver.storage.googleapis.com:443][total kept alive: 1; route allocated: 1 of 2; total allocated: 1 of 20]
00:06:10.797 [main] INFO io.github.bonigarcia.wdm.WebDriverManager - Reading https://chromedriver.storage.googleapis.com/ to seek chromedriver
00:06:10.798 [main] DEBUG org.apache.http.client.protocol.RequestAddCookies - CookieSpec selected: standard
00:06:10.799 [main] DEBUG org.apache.http.client.protocol.RequestAuthCache - Auth cache not set in the context
00:06:10.799 [main] DEBUG org.apache.http.impl.conn.PoolingHttpClientConnectionManager - Connection request: [route: {s}-&gt;https://chromedriver.storage.googleapis.com:443][total kept alive: 1; route allocated: 1 of 2; total allocated: 1 of 20]
00:06:10.799 [main] DEBUG org.apache.http.impl.conn.PoolingHttpClientConnectionManager - Connection leased: [id: 0][route: {s}-&gt;https://chromedriver.storage.googleapis.com:443][total kept alive: 0; route allocated: 1 of 2; total allocated: 1 of 20]
00:06:10.799 [main] DEBUG org.apache.http.impl.conn.DefaultManagedHttpClientConnection - http-outgoing-0: set socket timeout to 30000
00:06:10.799 [main] DEBUG org.apache.http.impl.execchain.MainClientExec - Executing request GET / HTTP/1.1
00:06:10.799 [main] DEBUG org.apache.http.impl.execchain.MainClientExec - Target auth state: UNCHALLENGED
00:06:10.799 [main] DEBUG org.apache.http.impl.execchain.MainClientExec - Proxy auth state: UNCHALLENGED
00:06:10.799 [main] DEBUG org.apache.http.headers - http-outgoing-0 &gt;&gt; GET / HTTP/1.1
00:06:10.799 [main] DEBUG org.apache.http.headers - http-outgoing-0 &gt;&gt; User-Agent: Mozilla/5.0
00:06:10.799 [main] DEBUG org.apache.http.headers - http-outgoing-0 &gt;&gt; Connection: keep-alive
00:06:10.799 [main] DEBUG org.apache.http.headers - http-outgoing-0 &gt;&gt; Host: chromedriver.storage.googleapis.com
00:06:10.799 [main] DEBUG org.apache.http.headers - http-outgoing-0 &gt;&gt; Accept-Encoding: gzip,deflate
00:06:10.799 [main] DEBUG org.apache.http.wire - http-outgoing-0 &gt;&gt; &quot;GET / HTTP/1.1[\r][\n]&quot;
00:06:10.799 [main] DEBUG org.apache.http.wire - http-outgoing-0 &gt;&gt; &quot;User-Agent: Mozilla/5.0[\r][\n]&quot;
00:06:10.799 [main] DEBUG org.apache.http.wire - http-outgoing-0 &gt;&gt; &quot;Connection: keep-alive[\r][\n]&quot;
00:06:10.799 [main] DEBUG org.apache.http.wire - http-outgoing-0 &gt;&gt; &quot;Host: chromedriver.storage.googleapis.com[\r][\n]&quot;
00:06:10.799 [main] DEBUG org.apache.http.wire - http-outgoing-0 &gt;&gt; &quot;Accept-Encoding: gzip,deflate[\r][\n]&quot;
00:06:10.799 [main] DEBUG org.apache.http.wire - http-outgoing-0 &gt;&gt; &quot;[\r][\n]&quot;
00:06:10.969 [main] DEBUG org.apache.http.wire - http-outgoing-0 &lt;&lt; &quot;HTTP/1.1 200 OK[\r][\n]&quot;
00:06:10.969 [main] DEBUG org.apache.http.wire - http-outgoing-0 &lt;&lt; &quot;X-GUploader-UploadID: ADPycdsKFNnTybv-wC_p3Xx-2FngdP-uK_4Lf3zPjdnPP9kA83dn_5F7EeSV5Zhh3T3yKJFyeGcC6fW8o_MFAOvXUN1sbmqtlA[\r][\n]&quot;
00:06:10.969 [main] DEBUG org.apache.http.wire - http-outgoing-0 &lt;&lt; &quot;x-goog-metageneration: 36[\r][\n]&quot;
00:06:10.969 [main] DEBUG org.apache.http.wire - http-outgoing-0 &lt;&lt; &quot;Content-Type: application/xml; charset=UTF-8[\r][\n]&quot;
00:06:10.969 [main] DEBUG org.apache.http.wire - http-outgoing-0 &lt;&lt; &quot;Content-Length: 119253[\r][\n]&quot;
00:06:10.969 [main] DEBUG org.apache.http.wire - http-outgoing-0 &lt;&lt; &quot;Date: Thu, 02 Sep 2021 03:05:57 GMT[\r][\n]&quot;
00:06:10.969 [main] DEBUG org.apache.http.wire - http-outgoing-0 &lt;&lt; &quot;Expires: Thu, 02 Sep 2021 03:05:57 GMT[\r][\n]&quot;
00:06:10.969 [main] DEBUG org.apache.http.wire - http-outgoing-0 &lt;&lt; &quot;Cache-Control: private, max-age=0[\r][\n]&quot;
00:06:10.969 [main] DEBUG org.apache.http.wire - http-outgoing-0 &lt;&lt; &quot;Server: UploadServer[\r][\n]&quot;
00:06:10.969 [main] DEBUG org.apache.http.wire - http-outgoing-0 &lt;&lt; &quot;Alt-Svc: h3=&quot;:443&quot;; ma=2592000,h3-29=&quot;:443&quot;; ma=2592000,h3-T051=&quot;:443&quot;; ma=2592000,h3-Q050=&quot;:443&quot;; ma=2592000,h3-Q046=&quot;:443&quot;; ma=2592000,h3-Q043=&quot;:443&quot;; ma=2592000,quic=&quot;:443&quot;; ma=2592000; v=&quot;46,43&quot;[\r][\n]&quot;
00:06:10.969 [main] DEBUG org.apache.http.wire - http-outgoing-0 &lt;&lt; &quot;[\r][\n]&quot;
00:06:10.969 [main] DEBUG org.apache.http.wire - http-outgoing-0 &lt;&lt; &quot;&lt;?xml version=&apos;1.0&apos; encoding=&apos;UTF-8&apos;?&gt;&lt;ListBucketResult xmlns=&apos;http://doc.s3.amazonaws.com/2006-03-01&apos;&gt;&lt;Name&gt;chromedriver&lt;/Name&gt;&lt;Prefix&gt;&lt;/Prefix&gt;&lt;Marker&gt;&lt;/Marker&gt;&lt;IsTruncated&gt;false&lt;/IsTruncated&gt;&lt;Contents&gt;&lt;Key&gt;2.0/chromedriver_linux32.zip&lt;/Key&gt;&lt;Generation&gt;1380149859530000&lt;/Generation&gt;&lt;MetaGeneration&gt;4&lt;/MetaGeneration&gt;&lt;LastModified&gt;2013-09-25T22:57:39.349Z&lt;/LastModified&gt;&lt;ETag&gt;&quot;c0d96102715c4916b872f91f5bf9b12c&quot;&lt;/ETag&gt;&lt;Size&gt;7262134&lt;/Size&gt;&lt;/Contents&gt;&lt;Contents&gt;&lt;Key&gt;2.0/chromedriver_linux64.zip&lt;/Key&gt;&lt;Generation&gt;1380149860664000&lt;/Generation&gt;&lt;MetaGeneration&gt;4&lt;/MetaGeneration&gt;&lt;LastModified&gt;2013-09-25T22:57:40.449Z&lt;/LastModified&gt;&lt;ETag&gt;&quot;858ebaf47e13dce7600191ed59974c09&quot;&lt;/ETag&gt;&lt;Size&gt;7433593&lt;/Size&gt;&lt;/Contents&gt;&lt;Contents&gt;&lt;Key&gt;2.0/chromedriver_mac32.zip&lt;/Key&gt;&lt;Generation&gt;1380149857425000&lt;/Generation&gt;&lt;MetaGeneration&gt;4&lt;/MetaGeneration&gt;&lt;LastModif&quot;
00:06:10.969 [main] DEBUG org.apache.http.headers - http-outgoing-0 &lt;&lt; HTTP/1.1 200 OK
00:06:10.969 [main] DEBUG org.apache.http.headers - http-outgoing-0 &lt;&lt; X-GUploader-UploadID: ADPycdsKFNnTybv-wC_p3Xx-2FngdP-uK_4Lf3zPjdnPP9kA83dn_5F7EeSV5Zhh3T3yKJFyeGcC6fW8o_MFAOvXUN1sbmqtlA
00:06:10.969 [main] DEBUG org.apache.http.headers - http-outgoing-0 &lt;&lt; x-goog-metageneration: 36
00:06:10.969 [main] DEBUG org.apache.http.headers - http-outgoing-0 &lt;&lt; Content-Type: application/xml; charset=UTF-8
00:06:10.969 [main] DEBUG org.apache.http.headers - http-outgoing-0 &lt;&lt; Content-Length: 119253
00:06:10.969 [main] DEBUG org.apache.http.headers - http-outgoing-0 &lt;&lt; Date: Thu, 02 Sep 2021 03:05:57 GMT
00:06:10.969 [main] DEBUG org.apache.http.headers - http-outgoing-0 &lt;&lt; Expires: Thu, 02 Sep 2021 03:05:57 GMT
00:06:10.969 [main] DEBUG org.apache.http.headers - http-outgoing-0 &lt;&lt; Cache-Control: private, max-age=0
00:06:10.969 [main] DEBUG org.apache.http.headers - http-outgoing-0 &lt;&lt; Server: UploadServer
00:06:10.969 [main] DEBUG org.apache.http.headers - http-outgoing-0 &lt;&lt; Alt-Svc: h3=&quot;:443&quot;; ma=2592000,h3-29=&quot;:443&quot;; ma=2592000,h3-T051=&quot;:443&quot;; ma=2592000,h3-Q050=&quot;:443&quot;; ma=2592000,h3-Q046=&quot;:443&quot;; ma=2592000,h3-Q043=&quot;:443&quot;; ma=2592000,quic=&quot;:443&quot;; ma=2592000; v=&quot;46,43&quot;
00:06:10.970 [main] DEBUG org.apache.http.impl.execchain.MainClientExec - Connection can be kept alive indefinitely
00:06:10.971 [main] DEBUG org.apache.http.wire - http-outgoing-0 &lt;&lt; &quot;ied&gt;2013-09-25T22:57:37.204Z&lt;/LastModified&gt;&lt;ETag&gt;&quot;efc13db5afc518000d886c2bdcb3a4bc&quot;&lt;/ETag&gt;&lt;Size&gt;7614601&lt;/Size&gt;&lt;/Contents&gt;&lt;Contents&gt;&lt;Key&gt;2.0/chromedriver_win32.zip&lt;/Key&gt;&lt;Generation&gt;1380149858370000&lt;/Generation&gt;&lt;MetaGeneration&gt;4&lt;/MetaGeneration&gt;&lt;LastModified&gt;2013-09-25T22:57:38.165Z&lt;/LastModified&gt;&lt;ETag&gt;&quot;bbf8fd0fe525a06dda162619cac2b200&quot;&lt;/ETag&gt;&lt;Size&gt;3048831&lt;/Size&gt;&lt;/Contents&gt;&lt;Contents&gt;&lt;Key&gt;2.1/chromedriver_linux32.zip&lt;/Key&gt;&lt;Generation&gt;1380149869675000&lt;/Generation&gt;&lt;MetaGeneration&gt;4&lt;/MetaGeneration&gt;&lt;LastModified&gt;2013-09-25T22:57:49.481Z&lt;/LastModified&gt;&lt;ETag&gt;&quot;1d7e908253f7240d1596332082cc5742&quot;&lt;/ETag&gt;&lt;Size&gt;7197760&lt;/Size&gt;&lt;/Contents&gt;&lt;Contents&gt;&lt;Key&gt;2.1/chromedriver_linux64.zip&lt;/Key&gt;&lt;Generation&gt;1380149870889000&lt;/Generation&gt;&lt;MetaGeneration&gt;4&lt;/MetaGeneration&gt;&lt;LastModified&gt;2013-09-25T22:57:50.738Z&lt;/LastModified&gt;&lt;ETag&gt;&quot;de406b5a1aac2bfb2f419ac01d7231e2&quot;&lt;/ETag&gt;&lt;Size&gt;7367074&lt;/Size&gt;&lt;/Contents&gt;&lt;Contents&gt;&lt;Key&gt;2.1/chromedriver_mac32.zip&lt;/Key&gt;&lt;Generation&gt;1380149867471000&lt;/Generation&gt;&lt;MetaGeneration&gt;4&lt;/MetaGeneration&gt;&lt;LastModified&gt;2013-09-25T22:57:47.251Z&lt;/LastModified&gt;&lt;ETag&gt;&quot;41d718a956392c78d788eedd2e0723a5&quot;&lt;/ETag&gt;&lt;Size&gt;7611294&lt;/Size&gt;&lt;/Contents&gt;&lt;Contents&gt;&lt;Key&gt;2.1/chromedriver_win32.zip&lt;/Key&gt;&lt;Generation&gt;1380149868374000&lt;/Generation&gt;&lt;MetaGeneration&gt;4&lt;/MetaGeneration&gt;&lt;LastModified&gt;2013-09-25T22:57:48.143Z&lt;/LastModified&gt;&lt;ETag&gt;&quot;d48fd6bce0c6131caa8aad6b5b02b9aa&quot;&lt;/ETag&gt;&lt;Size&gt;2961443&lt;/Size&gt;&lt;/Contents&gt;&lt;Contents&gt;&lt;Key&gt;2.1&quot;
00:06:10.972 [main] DEBUG org.apache.http.wire - http-outgoing-0 &lt;&lt; &quot;0/chromedriver_linux32.zip&lt;/Key&gt;&lt;Generation&gt;1398977182889000&lt;/Generation&gt;&lt;MetaGeneration&gt;3&lt;/MetaGeneration&gt;&lt;LastModified&gt;2014-05-01T20:46:22.843Z&lt;/LastModified&gt;&lt;ETag&gt;&quot;4fecc99b066cb1a346035bf022607104&quot;&lt;/ETag&gt;&lt;Size&gt;2439424&lt;/Size&gt;&lt;/Contents&gt;&lt;Contents&gt;&lt;Key&gt;2.10/chromedriver_linux64.zip&lt;/Key&gt;&lt;Generation&gt;1398984058713000&lt;/Generation&gt;&lt;MetaGeneration&gt;3&lt;/MetaGeneration&gt;&lt;LastModified&gt;2014-05-01T22:40:58.697Z&lt;/LastModified&gt;&lt;ETag&gt;&quot;058cd8b7b4b9688507701b5e648fd821&quot;&lt;/ETag&gt;&lt;Size&gt;2301804&lt;/Size&gt;&lt;/Contents&gt;&lt;Contents&gt;&lt;Key&gt;2.10/chromedriver_mac32.zip&lt;/Key&gt;&lt;Generation&gt;1398983790201000&lt;/Generation&gt;&lt;MetaGeneration&gt;3&lt;/MetaGeneration&gt;&lt;LastModified&gt;2014-05-01T22:36:30.170Z&lt;/LastModified&gt;&lt;ETag&gt;&quot;fd0dafc3ada3619edda2961f2beadc5c&quot;&lt;/ETag&gt;&lt;Size&gt;4116418&lt;/Size&gt;&lt;/Contents&gt;&lt;Contents&gt;&lt;Key&gt;2.10/chromedriver_win32.zip&lt;/Key&gt;&lt;Generation&gt;1398985168260000&lt;/Generation&gt;&lt;MetaGeneration&gt;3&lt;/MetaGeneration&gt;&lt;LastModified&gt;2014-05-01T22:59:28.242Z&lt;/LastModified&gt;&lt;ETag&gt;&quot;082e91e5c8994a7879710caeed62e334&quot;&lt;/ETag&gt;&lt;Size&gt;2843903&lt;/Size&gt;&lt;/Contents&gt;&lt;Contents&gt;&lt;Key&gt;2.10/notes.txt&lt;/Key&gt;&lt;Generation&gt;1398977183990000&lt;/Generation&gt;&lt;MetaGeneration&gt;3&lt;/MetaGeneration&gt;&lt;LastModified&gt;2014-05-01T20:46:23.990Z&lt;/LastModified&gt;&lt;ETag&gt;&quot;27c57f1c84c22b4427f57c74f246ce1a&quot;&lt;/ETag&gt;&lt;Size&gt;4055&lt;/Size&gt;&lt;/Contents&gt;&lt;Contents&gt;&lt;Key&gt;2.11/chromedriver_linux32.zip&lt;/Key&gt;&lt;Generation&gt;1412731037918000&lt;/Generation&gt;&lt;MetaGeneration&gt;3&lt;/MetaGeneration&gt;&lt;LastModified&gt;2014-10-08T01:17:17.918Z&lt;/Las&quot;
00:06:10.972 [main] DEBUG org.apache.http.wire - http-outgoing-0 &lt;&lt; &quot;tModified&gt;&lt;ETag&gt;&quot;bf0d731cd34fd07e22f4641c9aec8483&quot;&lt;/ETag&gt;&lt;Size&gt;2304072&lt;/Size&gt;&lt;/Contents&gt;&lt;Contents&gt;&lt;Key&gt;2.11/chromedriver_linux64.zip&lt;/Key&gt;&lt;Generation&gt;1412736699874000&lt;/Generation&gt;&lt;MetaGeneration&gt;3&lt;/MetaGeneration&gt;&lt;LastModified&gt;2014-10-08T02:51:39.874Z&lt;/LastModified&gt;&lt;ETag&gt;&quot;7a7336caea140f6ac1cb8fae8df50d36&quot;&lt;/ETag&gt;&lt;Size&gt;2173523&lt;/Size&gt;&lt;/Contents&gt;&lt;Contents&gt;&lt;Key&gt;2.11/chromedriver_mac32.zip&lt;/Key&gt;&lt;Generation&gt;1412735160644000&lt;/Generation&gt;&lt;MetaGeneration&gt;3&lt;/MetaGeneration&gt;&lt;LastModified&gt;2014-10-08T02:26:00.644Z&lt;/LastModified&gt;&lt;ETag&gt;&quot;447ebc91ac355fc11e960c95f2c15622&quot;&lt;/ETag&gt;&lt;Size&gt;3280825&lt;/Size&gt;&lt;/Contents&gt;&lt;Contents&gt;&lt;Key&gt;2.11/chromedriver_win32.zip&lt;/Key&gt;&lt;Generation&gt;1412739814238000&lt;/Generation&gt;&lt;MetaGeneration&gt;3&lt;/MetaGeneration&gt;&lt;LastModified&gt;2014-10-08T03:43:34.238Z&lt;/LastModified&gt;&lt;ETag&gt;&quot;44443738344b887ff1fe94710a8d45dc&quot;&lt;/ETag&gt;&lt;Size&gt;2898597&lt;/Size&gt;&lt;/Contents&gt;&lt;Contents&gt;&lt;Key&gt;2.11/notes.txt&lt;/Key&gt;&lt;Generation&gt;1412731039474000&lt;/Generation&gt;&lt;MetaGeneration&gt;3&lt;/MetaGeneration&gt;&lt;LastModified&gt;2014-10-08T01:17:19.473Z&lt;/LastModified&gt;&lt;ETag&gt;&quot;f235aea2d380a73053c25850ddbba6de&quot;&lt;/ETag&gt;&lt;Size&gt;4963&lt;/Size&gt;&lt;/Contents&gt;&lt;Contents&gt;&lt;Key&gt;2.12/chromedriver_linux32.zip&lt;/Key&gt;&lt;Generation&gt;1414402044626000&lt;/Generation&gt;&lt;MetaGeneration&gt;3&lt;/MetaGeneration&gt;&lt;LastModified&gt;2014-10-27T09:27:24.626Z&lt;/LastModified&gt;&lt;ETag&gt;&quot;6f4041e7f8300380cc2a13babbac354e&quot;&lt;/ETag&gt;&lt;Size&gt;2296539&lt;/Size&gt;&lt;/Contents&gt;&lt;Contents&gt;&lt;Key&gt;2.12/chromedriver_linux64.zip&lt;/Key&gt;&lt;Generation&gt;&quot;
00:06:10.973 [main] DEBUG org.apache.http.wire - http-outgoing-0 &lt;&lt; &quot;1414401969734000&lt;/Generation&gt;&lt;MetaGeneration&gt;3&lt;/MetaGeneration&gt;&lt;LastModified&gt;2014-10-27T09:26:09.733Z&lt;/LastModified&gt;&lt;ETag&gt;&quot;f306b93ff1b34af74371cee87d6560e4&quot;&lt;/ETag&gt;&lt;Size&gt;2162844&lt;/Size&gt;&lt;/Contents&gt;&lt;Contents&gt;&lt;Key&gt;2.12/chromedriver_mac32.zip&lt;/Key&gt;&lt;Generation&gt;1414416263998000&lt;/Generation&gt;&lt;MetaGeneration&gt;3&lt;/MetaGeneration&gt;&lt;LastModified&gt;2014-10-27T13:24:23.998Z&lt;/LastModified&gt;&lt;ETag&gt;&quot;259bb87f4ebf3b0bc4792ed203bd69f5&quot;&lt;/ETag&gt;&lt;Size&gt;3255376&lt;/Size&gt;&lt;/Contents&gt;&lt;Contents&gt;&lt;Key&gt;2.12/chromedriver_win32.zip&lt;/Key&gt;&lt;Generation&gt;1414404627384000&lt;/Generation&gt;&lt;MetaGeneration&gt;3&lt;/MetaGeneration&gt;&lt;LastModified&gt;2014-10-27T10:10:27.384Z&lt;/LastModified&gt;&lt;ETag&gt;&quot;51eb47ad5ea91422aa1aaa400a724e7b&quot;&lt;/ETag&gt;&lt;Size&gt;2881463&lt;/Size&gt;&lt;/Contents&gt;&lt;Contents&gt;&lt;Key&gt;2.12/notes.txt&lt;/Key&gt;&lt;Generation&gt;1414401970903000&lt;/Generation&gt;&lt;MetaGeneration&gt;3&lt;/MetaGeneration&gt;&lt;LastModified&gt;2014-10-27T09:26:10.903Z&lt;/LastModified&gt;&lt;ETag&gt;&quot;81c24211e57eed0065971459c5c861ff&quot;&lt;/ETag&gt;&lt;Size&gt;5701&lt;/Size&gt;&lt;/Contents&gt;&lt;Contents&gt;&lt;Key&gt;2.13/chromedriver_linux32.zip&lt;/Key&gt;&lt;Generation&gt;1418217479776000&lt;/Generation&gt;&lt;MetaGeneration&gt;3&lt;/MetaGeneration&gt;&lt;LastModified&gt;2014-12-10T13:17:59.776Z&lt;/LastModified&gt;&lt;ETag&gt;&quot;187dbe7973c82e59446d5bca7ed40acd&quot;&lt;/ETag&gt;&lt;Size&gt;2341730&lt;/Size&gt;&lt;/Contents&gt;&lt;Contents&gt;&lt;Key&gt;2.13/chromedriver_linux64.zip&lt;/Key&gt;&lt;Generation&gt;1418217778005000&lt;/Generation&gt;&lt;MetaGeneration&gt;3&lt;/MetaGeneration&gt;&lt;LastModified&gt;2014-12-10T13:22:58.004Z&lt;/LastModified&gt;&lt;ETag&gt;&quot;fcfd993330704f8cfb307a2fca5&quot;
00:06:10.974 [main] DEBUG org.apache.http.wire - http-outgoing-0 &lt;&lt; &quot;a9687&quot;&lt;/ETag&gt;&lt;Size&gt;2208167&lt;/Size&gt;&lt;/Contents&gt;&lt;Contents&gt;&lt;Key&gt;2.13/chromedriver_mac32.zip&lt;/Key&gt;&lt;Generation&gt;1418220174517000&lt;/Generation&gt;&lt;MetaGeneration&gt;3&lt;/MetaGeneration&gt;&lt;LastModified&gt;2014-12-10T14:02:54.517Z&lt;/LastModified&gt;&lt;ETag&gt;&quot;e37a65a1be68523385761d29decf15d4&quot;&lt;/ETag&gt;&lt;Size&gt;3429521&lt;/Size&gt;&lt;/Contents&gt;&lt;Contents&gt;&lt;Key&gt;2.13/chromedriver_win32.zip&lt;/Key&gt;&lt;Generation&gt;1418218847685000&lt;/Generation&gt;&lt;MetaGeneration&gt;3&lt;/MetaGeneration&gt;&lt;LastModified&gt;2014-12-10T13:40:47.685Z&lt;/LastModified&gt;&lt;ETag&gt;&quot;ae85407694d3849450a25431f9669a81&quot;&lt;/ETag&gt;&lt;Size&gt;2416584&lt;/Size&gt;&lt;/Contents&gt;&lt;Contents&gt;&lt;Key&gt;2.13/notes.txt&lt;/Key&gt;&lt;Generation&gt;1418217481123000&lt;/Generation&gt;&lt;MetaGeneration&gt;3&lt;/MetaGeneration&gt;&lt;LastModified&gt;2014-12-10T13:18:01.123Z&lt;/LastModified&gt;&lt;ETag&gt;&quot;a57d33a29c8c5ec7ca9c88aa1385fed0&quot;&lt;/ETag&gt;&lt;Size&gt;6427&lt;/Size&gt;&lt;/Contents&gt;&lt;Contents&gt;&lt;Key&gt;2.14/chromedriver_linux32.zip&lt;/Key&gt;&lt;Generation&gt;1422443220679000&lt;/Generation&gt;&lt;MetaGeneration&gt;3&lt;/MetaGeneration&gt;&lt;LastModified&gt;2015-01-28T11:07:00.679Z&lt;/LastModified&gt;&lt;ETag&gt;&quot;f130cb3b94a8fbd28212f18c929f79ee&quot;&lt;/ETag&gt;&lt;Size&gt;2371806&lt;/Size&gt;&lt;/Contents&gt;&lt;Contents&gt;&lt;Key&gt;2.14/chromedriver_linux64.zip&lt;/Key&gt;&lt;Generation&gt;1422450557964000&lt;/Generation&gt;&lt;MetaGeneration&gt;3&lt;/MetaGeneration&gt;&lt;LastModified&gt;2015-01-28T13:09:17.963Z&lt;/LastModified&gt;&lt;ETag&gt;&quot;8368d266bd832ff2ea292baedbc770be&quot;&lt;/ETag&gt;&lt;Size&gt;2248753&lt;/Size&gt;&lt;/Contents&gt;&lt;Contents&gt;&lt;Key&gt;2.14/chromedriver_mac32.zip&lt;/Key&gt;&lt;Generation&gt;1422437367341000&lt;/Generation&gt;&lt;MetaGeneration&gt;3&quot;
00:06:10.974 [main] DEBUG org.apache.http.wire - http-outgoing-0 &lt;&lt; &quot;&lt;/MetaGeneration&gt;&lt;LastModified&gt;2015-01-28T09:29:27.341Z&lt;/LastModified&gt;&lt;ETag&gt;&quot;2b8a3e7249c80dec95264cbb55c897ed&quot;&lt;/ETag&gt;&lt;Size&gt;3478165&lt;/Size&gt;&lt;/Contents&gt;&lt;Contents&gt;&lt;Key&gt;2.14/chromedriver_win32.zip&lt;/Key&gt;&lt;Generation&gt;1422486303863000&lt;/Generation&gt;&lt;MetaGeneration&gt;3&lt;/MetaGeneration&gt;&lt;LastModified&gt;2015-01-28T23:05:03.862Z&lt;/LastModified&gt;&lt;ETag&gt;&quot;00c70587c3e215f030307d546b315323&quot;&lt;/ETag&gt;&lt;Size&gt;2402133&lt;/Size&gt;&lt;/Contents&gt;&lt;Contents&gt;&lt;Key&gt;2.14/notes.txt&lt;/Key&gt;&lt;Generation&gt;1422481920832000&lt;/Generation&gt;&lt;MetaGeneration&gt;3&lt;/MetaGeneration&gt;&lt;LastModified&gt;2015-01-28T21:52:00.831Z&lt;/LastModified&gt;&lt;ETag&gt;&quot;3ea820228a6302426ed5db059df2df7a&quot;&lt;/ETag&gt;&lt;Size&gt;6874&lt;/Size&gt;&lt;/Contents&gt;&lt;Contents&gt;&lt;Key&gt;2.15/chromedriver_linux32.zip&lt;/Key&gt;&lt;Generation&gt;1427420498917000&lt;/Generation&gt;&lt;MetaGeneration&gt;3&lt;/MetaGeneration&gt;&lt;LastModified&gt;2015-03-27T01:41:38.915Z&lt;/LastModified&gt;&lt;ETag&gt;&quot;844c200a4d8e79ad68d76ed68f67aadd&quot;&lt;/ETag&gt;&lt;Size&gt;2421534&lt;/Size&gt;&lt;/Contents&gt;&lt;Contents&gt;&lt;Key&gt;2.15/chromedriver_linux64.zip&lt;/Key&gt;&lt;Generation&gt;1427418956503000&lt;/Generation&gt;&lt;MetaGeneration&gt;3&lt;/MetaGeneration&gt;&lt;LastModified&gt;2015-03-27T01:15:56.502Z&lt;/LastModified&gt;&lt;ETag&gt;&quot;21c22803a1fd903ba15ea21ee81de317&quot;&lt;/ETag&gt;&lt;Size&gt;2281614&lt;/Size&gt;&lt;/Contents&gt;&lt;Contents&gt;&lt;Key&gt;2.15/chromedriver_mac32.zip&lt;/Key&gt;&lt;Generation&gt;1427407699899000&lt;/Generation&gt;&lt;MetaGeneration&gt;3&lt;/MetaGeneration&gt;&lt;LastModified&gt;2015-03-26T22:08:19.898Z&lt;/LastModified&gt;&lt;ETag&gt;&quot;3842a1ed3edc23997ca78bc980310024&quot;&lt;/ETag&gt;&lt;Size&gt;3510869&lt;/Size&gt;&lt;/Contents&gt;&lt;C&quot;
00:06:10.975 [main] DEBUG org.apache.http.wire - http-outgoing-0 &lt;&lt; &quot;ontents&gt;&lt;Key&gt;2.15/chromedriver_win32.zip&lt;/Key&gt;&lt;Generation&gt;1427421316760000&lt;/Generation&gt;&lt;MetaGeneration&gt;3&lt;/MetaGeneration&gt;&lt;LastModified&gt;2015-03-27T01:55:16.759Z&lt;/LastModified&gt;&lt;ETag&gt;&quot;c75b03bf76ab53d185fc18fc89ca1af9&quot;&lt;/ETag&gt;&lt;Size&gt;2459585&lt;/Size&gt;&lt;/Contents&gt;&lt;Contents&gt;&lt;Key&gt;2.15/notes.txt&lt;/Key&gt;&lt;Generation&gt;1427407702171000&lt;/Generation&gt;&lt;MetaGeneration&gt;3&lt;/MetaGeneration&gt;&lt;LastModified&gt;2015-03-26T22:08:22.170Z&lt;/LastModified&gt;&lt;ETag&gt;&quot;3c037b0df2c031f17465f6fca11fe7b9&quot;&lt;/ETag&gt;&lt;Size&gt;6951&lt;/Size&gt;&lt;/Contents&gt;&lt;Contents&gt;&lt;Key&gt;2.16/chromedriver_linux32.zip&lt;/Key&gt;&lt;Generation&gt;1433768153271000&lt;/Generation&gt;&lt;MetaGeneration&gt;3&lt;/MetaGeneration&gt;&lt;LastModified&gt;2015-06-08T12:55:53.270Z&lt;/LastModified&gt;&lt;ETag&gt;&quot;fffdb4c098adc2ab61b0e0f5b694f27e&quot;&lt;/ETag&gt;&lt;Size&gt;2417477&lt;/Size&gt;&lt;/Contents&gt;&lt;Contents&gt;&lt;Key&gt;2.16/chromedriver_linux64.zip&lt;/Key&gt;&lt;Generation&gt;1433775187713000&lt;/Generation&gt;&lt;MetaGeneration&gt;3&lt;/MetaGeneration&gt;&lt;LastModified&gt;2015-06-08T14:53:07.712Z&lt;/LastModified&gt;&lt;ETag&gt;&quot;fa8e1bc6f9ce474582876653604d675e&quot;&lt;/ETag&gt;&lt;Size&gt;2278361&lt;/Size&gt;&lt;/Contents&gt;&lt;Contents&gt;&lt;Key&gt;2.16/chromedriver_mac32.zip&lt;/Key&gt;&lt;Generation&gt;1433770172119000&lt;/Generation&gt;&lt;MetaGeneration&gt;3&lt;/MetaGeneration&gt;&lt;LastModified&gt;2015-06-08T13:29:32.115Z&lt;/LastModified&gt;&lt;ETag&gt;&quot;3ae88facdc6ad1b716820cc5f678a6c4&quot;&lt;/ETag&gt;&lt;Size&gt;3500362&lt;/Size&gt;&lt;/Contents&gt;&lt;Contents&gt;&lt;Key&gt;2.16/chromedriver_win32.zip&lt;/Key&gt;&lt;Generation&gt;1433766655879000&lt;/Generation&gt;&lt;MetaGeneration&gt;3&lt;/MetaGeneration&gt;&lt;LastModified&gt;2015-06-08T12:3&quot;
00:06:10.975 [main] DEBUG org.apache.http.wire - http-outgoing-0 &lt;&lt; &quot;0:55.879Z&lt;/LastModified&gt;&lt;ETag&gt;&quot;3e1b4a91e12a9872a4ed83c9e61c122e&quot;&lt;/ETag&gt;&lt;Size&gt;2443735&lt;/Size&gt;&lt;/Contents&gt;&lt;Contents&gt;&lt;Key&gt;2.16/notes.txt&lt;/Key&gt;&lt;Generation&gt;1434732771516000&lt;/Generation&gt;&lt;MetaGeneration&gt;3&lt;/MetaGeneration&gt;&lt;LastModified&gt;2015-06-19T16:52:51.515Z&lt;/LastModified&gt;&lt;ETag&gt;&quot;5ca0cfcb8ce5303b1006f23e33b1aa71&quot;&lt;/ETag&gt;&lt;Size&gt;7517&lt;/Size&gt;&lt;/Contents&gt;&lt;Contents&gt;&lt;Key&gt;2.17/chromedriver_linux64.zip&lt;/Key&gt;&lt;Generation&gt;1438329406043000&lt;/Generation&gt;&lt;MetaGeneration&gt;3&lt;/MetaGeneration&gt;&lt;LastModified&gt;2015-07-31T07:56:46.043Z&lt;/LastModified&gt;&lt;ETag&gt;&quot;569364de37c2743597cd6b8bb333d21a&quot;&lt;/ETag&gt;&lt;Size&gt;2529001&lt;/Size&gt;&lt;/Contents&gt;&lt;Contents&gt;&lt;Key&gt;2.17/chromedriver_mac32.zip&lt;/Key&gt;&lt;Generation&gt;1438360511925000&lt;/Generation&gt;&lt;MetaGeneration&gt;3&lt;/MetaGeneration&gt;&lt;LastModified&gt;2015-07-31T16:35:11.924Z&lt;/LastModified&gt;&lt;ETag&gt;&quot;aa2b200f118f8eaa7ed1d6bd7ca49005&quot;&lt;/ETag&gt;&lt;Size&gt;3499908&lt;/Size&gt;&lt;/Contents&gt;&lt;Contents&gt;&lt;Key&gt;2.17/chromedriver_win32.zip&lt;/Key&gt;&lt;Generation&gt;1438294304810000&lt;/Generation&gt;&lt;MetaGeneration&gt;3&lt;/MetaGeneration&gt;&lt;LastModified&gt;2015-07-30T22:11:44.809Z&lt;/LastModified&gt;&lt;ETag&gt;&quot;bfa2d4c80e701980b5fd656e85329806&quot;&lt;/ETag&gt;&lt;Size&gt;2446222&lt;/Size&gt;&lt;/Contents&gt;&lt;Contents&gt;&lt;Key&gt;2.18/chromedriver_linux32.zip&lt;/Key&gt;&lt;Generation&gt;1439956086741000&lt;/Generation&gt;&lt;MetaGeneration&gt;3&lt;/MetaGeneration&gt;&lt;LastModified&gt;2015-08-19T03:48:06.740Z&lt;/LastModified&gt;&lt;ETag&gt;&quot;0ac230f5f19c72cebf3042970217ad01&quot;&lt;/ETag&gt;&lt;Size&gt;2628374&lt;/Size&gt;&lt;/Contents&gt;&lt;Contents&gt;&lt;Key&gt;2.18/chromedriver_linux64.zip&lt;/Ke&quot;
00:06:10.976 [main] DEBUG org.apache.http.wire - http-outgoing-0 &lt;&lt; &quot;y&gt;&lt;Generation&gt;1439963151803000&lt;/Generation&gt;&lt;MetaGeneration&gt;3&lt;/MetaGeneration&gt;&lt;LastModified&gt;2015-08-19T05:45:51.802Z&lt;/LastModified&gt;&lt;ETag&gt;&quot;709e2dd132ac6c2a09de084fdc19db45&quot;&lt;/ETag&gt;&lt;Size&gt;2532822&lt;/Size&gt;&lt;/Contents&gt;&lt;Contents&gt;&lt;Key&gt;2.18/chromedriver_mac32.zip&lt;/Key&gt;&lt;Generation&gt;1440001575272000&lt;/Generation&gt;&lt;MetaGeneration&gt;3&lt;/MetaGeneration&gt;&lt;LastModified&gt;2015-08-19T16:26:15.271Z&lt;/LastModified&gt;&lt;ETag&gt;&quot;6839b10023a48d87c4835481b9fad7a7&quot;&lt;/ETag&gt;&lt;Size&gt;3519120&lt;/Size&gt;&lt;/Contents&gt;&lt;Contents&gt;&lt;Key&gt;2.18/chromedriver_win32.zip&lt;/Key&gt;&lt;Generation&gt;1440042647250000&lt;/Generation&gt;&lt;MetaGeneration&gt;3&lt;/MetaGeneration&gt;&lt;LastModified&gt;2015-08-20T03:50:47.188Z&lt;/LastModified&gt;&lt;ETag&gt;&quot;4bdfb306e2bce6bf42e663617578ca24&quot;&lt;/ETag&gt;&lt;Size&gt;2464234&lt;/Size&gt;&lt;/Contents&gt;&lt;Contents&gt;&lt;Key&gt;2.18/notes.txt&lt;/Key&gt;&lt;Generation&gt;1440043360290000&lt;/Generation&gt;&lt;MetaGeneration&gt;3&lt;/MetaGeneration&gt;&lt;LastModified&gt;2015-08-20T04:02:40.289Z&lt;/LastModified&gt;&lt;ETag&gt;&quot;43fb06f163f3019e4d2814ef54e2c0fa&quot;&lt;/ETag&gt;&lt;Size&gt;406&lt;/Size&gt;&lt;/Contents&gt;&lt;Contents&gt;&lt;Key&gt;2.19/chromedriver_linux32.zip&lt;/Key&gt;&lt;Generation&gt;1440749738688000&lt;/Generation&gt;&lt;MetaGeneration&gt;3&lt;/MetaGeneration&gt;&lt;LastModified&gt;2015-08-28T08:15:38.687Z&lt;/LastModified&gt;&lt;ETag&gt;&quot;b1e881182574cd2354c00c384d0949cc&quot;&lt;/ETag&gt;&lt;Size&gt;2627270&lt;/Size&gt;&lt;/Contents&gt;&lt;Contents&gt;&lt;Key&gt;2.19/chromedriver_linux64.zip&lt;/Key&gt;&lt;Generation&gt;1440742715586000&lt;/Generation&gt;&lt;MetaGeneration&gt;3&lt;/MetaGeneration&gt;&lt;LastModified&gt;2015-08-28T06:18:35.585Z&lt;/LastModified&gt;&lt;ETag&gt;&quot;9e476aa088baab&quot;
00:06:10.976 [main] DEBUG org.apache.http.wire - http-outgoing-0 &lt;&lt; &quot;9bed9c1a5e7007c9c3&quot;&lt;/ETag&gt;&lt;Size&gt;2540107&lt;/Size&gt;&lt;/Contents&gt;&lt;Contents&gt;&lt;Key&gt;2.19/chromedriver_mac32.zip&lt;/Key&gt;&lt;Generation&gt;1440742182122000&lt;/Generation&gt;&lt;MetaGeneration&gt;3&lt;/MetaGeneration&gt;&lt;LastModified&gt;2015-08-28T06:09:42.121Z&lt;/LastModified&gt;&lt;ETag&gt;&quot;425ed409f989f4ca9eb1f2a745039b59&quot;&lt;/ETag&gt;&lt;Size&gt;3530008&lt;/Size&gt;&lt;/Contents&gt;&lt;Contents&gt;&lt;Key&gt;2.19/chromedriver_win32.zip&lt;/Key&gt;&lt;Generation&gt;1440742646899000&lt;/Generation&gt;&lt;MetaGeneration&gt;3&lt;/MetaGeneration&gt;&lt;LastModified&gt;2015-08-28T06:17:26.898Z&lt;/LastModified&gt;&lt;ETag&gt;&quot;4bc98ef466ef49e45fbee95a003e01b8&quot;&lt;/ETag&gt;&lt;Size&gt;2468633&lt;/Size&gt;&lt;/Contents&gt;&lt;Contents&gt;&lt;Key&gt;2.19/notes.txt&lt;/Key&gt;&lt;Generation&gt;1440779771082000&lt;/Generation&gt;&lt;MetaGeneration&gt;3&lt;/MetaGeneration&gt;&lt;LastModified&gt;2015-08-28T16:36:11.081Z&lt;/LastModified&gt;&lt;ETag&gt;&quot;bb7099e4ad9618f5aca2f8009e4fb82d&quot;&lt;/ETag&gt;&lt;Size&gt;756&lt;/Size&gt;&lt;/Contents&gt;&lt;Contents&gt;&lt;Key&gt;2.2/chromedriver_linux32.zip&lt;/Key&gt;&lt;Generation&gt;1380149878519000&lt;/Generation&gt;&lt;MetaGeneration&gt;4&lt;/MetaGeneration&gt;&lt;LastModified&gt;2013-09-25T22:57:58.374Z&lt;/LastModified&gt;&lt;ETag&gt;&quot;801b9f6c28a32575d8eae2abb1cdecd5&quot;&lt;/ETag&gt;&lt;Size&gt;7252879&lt;/Size&gt;&lt;/Contents&gt;&lt;Contents&gt;&lt;Key&gt;2.2/chromedriver_linux64.zip&lt;/Key&gt;&lt;Generation&gt;1380149879600000&lt;/Generation&gt;&lt;MetaGeneration&gt;4&lt;/MetaGeneration&gt;&lt;LastModified&gt;2013-09-25T22:57:59.432Z&lt;/LastModified&gt;&lt;ETag&gt;&quot;d5b73ee424717e45601553e91e204ad6&quot;&lt;/ETag&gt;&lt;Size&gt;7417835&lt;/Size&gt;&lt;/Contents&gt;&lt;Contents&gt;&lt;Key&gt;2.2/chromedriver_mac32.zip&lt;/Key&gt;&lt;Generation&gt;1380149876563000&lt;/Generation&gt;&lt;MetaGen&quot;
00:06:10.976 [main] DEBUG org.apache.http.wire - http-outgoing-0 &lt;&lt; &quot;eration&gt;4&lt;/MetaGeneration&gt;&lt;LastModified&gt;2013-09-25T22:57:56.408Z&lt;/LastModified&gt;&lt;ETag&gt;&quot;e904e2ed0ebcc453492a9fe0550665ee&quot;&lt;/ETag&gt;&lt;Size&gt;7634565&lt;/Size&gt;&lt;/Contents&gt;&lt;Contents&gt;&lt;Key&gt;2.2/chromedriver_win32.zip&lt;/Key&gt;&lt;Generation&gt;1380149877467000&lt;/Generation&gt;&lt;MetaGeneration&gt;4&lt;/MetaGeneration&gt;&lt;LastModified&gt;2013-09-25T22:57:57.313Z&lt;/LastModified&gt;&lt;ETag&gt;&quot;c86ce20925db2d16118559cbe6693c6f&quot;&lt;/ETag&gt;&lt;Size&gt;2978752&lt;/Size&gt;&lt;/Contents&gt;&lt;Contents&gt;&lt;Key&gt;2.20/chromedriver_linux32.zip&lt;/Key&gt;&lt;Generation&gt;1444349629569000&lt;/Generation&gt;&lt;MetaGeneration&gt;3&lt;/MetaGeneration&gt;&lt;LastModified&gt;2015-10-09T00:13:49.568Z&lt;/LastModified&gt;&lt;ETag&gt;&quot;1e8cbdb84c5b70f86030297c4be3a5f9&quot;&lt;/ETag&gt;&lt;Size&gt;2612186&lt;/Size&gt;&lt;/Contents&quot;
00:06:10.977 [main] DEBUG org.apache.http.wire - http-outgoing-0 &lt;&lt; &quot;&gt;&lt;Contents&gt;&lt;Key&gt;2.20/chromedriver_linux64.zip&lt;/Key&gt;&lt;Generation&gt;1444346907063000&lt;/Generation&gt;&lt;MetaGeneration&gt;3&lt;/MetaGeneration&gt;&lt;LastModified&gt;2015-10-08T23:28:27.062Z&lt;/LastModified&gt;&lt;ETag&gt;&quot;245858cc984bd946df6a1e6719c8e6f5&quot;&lt;/ETag&gt;&lt;Size&gt;2528233&lt;/Size&gt;&lt;/Contents&gt;&lt;Contents&gt;&lt;Key&gt;2.20/chromedriver_mac32.zip&lt;/Key&gt;&lt;Generation&gt;1444346568789000&lt;/Generation&gt;&lt;MetaGeneration&gt;3&lt;/MetaGeneration&gt;&lt;LastModified&gt;2015-10-08T23:22:48.789Z&lt;/LastModified&gt;&lt;ETag&gt;&quot;749d4be0a317e92fd3aecaa022385439&quot;&lt;/ETag&gt;&lt;Size&gt;3516443&lt;/Size&gt;&lt;/Contents&gt;&lt;Contents&gt;&lt;Key&gt;2.20/chromedriver_win32.zip&lt;/Key&gt;&lt;Generation&gt;1444352264286000&lt;/Generation&gt;&lt;MetaGeneration&gt;3&lt;/MetaGeneration&gt;&lt;LastModified&gt;2015-10-09T00:57:44.285Z&lt;/LastModified&gt;&lt;ETag&gt;&quot;028ee452b8e23890ec5ec6b0717fd295&quot;&lt;/ETag&gt;&lt;Size&gt;2456101&lt;/Size&gt;&lt;/Contents&gt;&lt;Contents&gt;&lt;Key&gt;2.20/notes.txt&lt;/Key&gt;&lt;Generation&gt;1444346573055000&lt;/Generation&gt;&lt;MetaGeneration&gt;3&lt;/MetaGeneration&gt;&lt;LastModified&gt;2015-10-08T23:22:53.054Z&lt;/LastModified&gt;&lt;ETag&gt;&quot;fda30d3acf1a10aa9b193b3121787d80&quot;&lt;/ETag&gt;&lt;Size&gt;1174&lt;/Size&gt;&lt;/Contents&gt;&lt;Contents&gt;&lt;Key&gt;2.21/chromedriver_linux32.zip&lt;/Key&gt;&lt;Generation&gt;1453790859217000&lt;/Generation&gt;&lt;MetaGeneration&gt;3&lt;/MetaGeneration&gt;&lt;LastModified&gt;2016-01-26T06:47:39.216Z&lt;/LastModified&gt;&lt;ETag&gt;&quot;d0a589f70e53774db95bf6f46972837c&quot;&lt;/ETag&gt;&lt;Size&gt;2773434&lt;/Size&gt;&lt;/Contents&gt;&lt;Contents&gt;&lt;Key&gt;2.21/chromedriver_linux64.zip&lt;/Key&gt;&lt;Generation&gt;1453823463856000&lt;/Generation&gt;&lt;MetaGeneration&gt;3&lt;/MetaGeneration&gt;&lt;LastModified&gt;2016-01-26&quot;
00:06:10.977 [main] DEBUG org.apache.http.wire - http-outgoing-0 &lt;&lt; &quot;T15:51:03.855Z&lt;/LastModified&gt;&lt;ETag&gt;&quot;06e57f4c411e1135c6277d17ea8390fd&quot;&lt;/ETag&gt;&lt;Size&gt;2692616&lt;/Size&gt;&lt;/Contents&gt;&lt;Contents&gt;&lt;Key&gt;2.21/chromedriver_mac32.zip&lt;/Key&gt;&lt;Generation&gt;1453795148425000&lt;/Generation&gt;&lt;MetaGeneration&gt;3&lt;/MetaGeneration&gt;&lt;LastModified&gt;2016-01-26T07:59:08.424Z&lt;/LastModified&gt;&lt;ETag&gt;&quot;452d8c9cba353ba366d15fbeba013943&quot;&lt;/ETag&gt;&lt;Size&gt;3727281&lt;/Size&gt;&lt;/Contents&gt;&lt;Contents&gt;&lt;Key&gt;2.21/chromedriver_win32.zip&lt;/Key&gt;&lt;Generation&gt;1453790823425000&lt;/Generation&gt;&lt;MetaGeneration&gt;3&lt;/MetaGeneration&gt;&lt;LastModified&gt;2016-01-26T06:47:03.424Z&lt;/LastModified&gt;&lt;ETag&gt;&quot;8a93dc3ff02ef9bc3161dd4b20f87215&quot;&lt;/ETag&gt;&lt;Size&gt;2598298&lt;/Size&gt;&lt;/Contents&gt;&lt;Contents&gt;&lt;Key&gt;2.21/notes.txt&lt;/Key&gt;&lt;Generation&gt;1454023503441000&lt;/Generation&gt;&lt;MetaGeneration&gt;3&lt;/MetaGeneration&gt;&lt;LastModified&gt;2016-01-28T23:25:03.393Z&lt;/LastModified&gt;&lt;ETag&gt;&quot;d8d67de107327522f0728fb389fee377&quot;&lt;/ETag&gt;&lt;Size&gt;2546&lt;/Size&gt;&lt;/Contents&gt;&lt;Contents&gt;&lt;Key&gt;2.22/chromedriver_linux32.zip&lt;/Key&gt;&lt;Generation&gt;1465074179409000&lt;/Generation&gt;&lt;MetaGeneration&gt;3&lt;/MetaGeneration&gt;&lt;LastModified&gt;2016-06-04T21:02:59.407Z&lt;/LastModified&gt;&lt;ETag&gt;&quot;c498db13c92abf0d504c784d2191e9b1&quot;&lt;/ETag&gt;&lt;Size&gt;2958416&lt;/Size&gt;&lt;/Contents&gt;&lt;Contents&gt;&lt;Key&gt;2.22/chromedriver_linux64.zip&lt;/Key&gt;&lt;Generation&gt;1465070090313000&lt;/Generation&gt;&lt;MetaGeneration&gt;3&lt;/MetaGeneration&gt;&lt;LastModified&gt;2016-06-04T19:54:50.312Z&lt;/LastModified&gt;&lt;ETag&gt;&quot;2a5e6ccbceb9f498788dc257334dfaa3&quot;&lt;/ETag&gt;&lt;Size&gt;2722491&lt;/Size&gt;&lt;/Contents&gt;&lt;Contents&gt;&lt;Key&gt;2.22/chromedriver_mac32.zip&lt;&quot;
00:06:10.989 [main] DEBUG org.apache.http.wire - http-outgoing-0 &lt;&lt; &quot;/Key&gt;&lt;Generation&gt;1465071130905000&lt;/Generation&gt;&lt;MetaGeneration&gt;3&lt;/MetaGeneration&gt;&lt;LastModified&gt;2016-06-04T20:12:10.903Z&lt;/LastModified&gt;&lt;ETag&gt;&quot;eed98b5a2895b9cd2432fa52f7091a71&quot;&lt;/ETag&gt;&lt;Size&gt;3909903&lt;/Size&gt;&lt;/Contents&gt;&lt;Contents&gt;&lt;Key&gt;2.22/chromedriver_win32.zip&lt;/Key&gt;&lt;Generation&gt;1465073479733000&lt;/Generation&gt;&lt;MetaGeneration&gt;3&lt;/MetaGeneration&gt;&lt;LastModified&gt;2016-06-04T20:51:19.732Z&lt;/LastModified&gt;&lt;ETag&gt;&quot;c5962f884bd58987b1ef0fa04c6a3ce5&quot;&lt;/ETag&gt;&lt;Size&gt;2736710&lt;/Size&gt;&lt;/Contents&gt;&lt;Contents&gt;&lt;Key&gt;2.22/notes.txt&lt;/Key&gt;&lt;Generation&gt;1465237937804000&lt;/Generation&gt;&lt;MetaGeneration&gt;3&lt;/MetaGeneration&gt;&lt;LastModified&gt;2016-06-06T18:32:17.792Z&lt;/LastModified&gt;&lt;ETag&gt;&quot;c08143737d292f4b0294745f7ae6a968&quot;&lt;/ETag&gt;&lt;Size&gt;3677&lt;/Size&gt;&lt;/Contents&gt;&lt;Contents&gt;&lt;Key&gt;2.23/chromedriver_linux32.zip&lt;/Key&gt;&lt;Generation&gt;1470338000375000&lt;/Generation&gt;&lt;MetaGeneration&gt;3&lt;/MetaGeneration&gt;&lt;LastModified&gt;2016-08-04T19:13:20.374Z&lt;/LastModified&gt;&lt;ETag&gt;&quot;45df7fb52f4cba39a5bdcdaf2c16e171&quot;&lt;/ETag&gt;&lt;Size&gt;3142707&lt;/Size&gt;&lt;/Contents&gt;&lt;Contents&gt;&lt;Key&gt;2.23/chromedriver_linux64.zip&lt;/Key&gt;&lt;Generation&gt;1470337322313000&lt;/Generation&gt;&lt;MetaGeneration&gt;3&lt;/MetaGeneration&gt;&lt;LastModified&gt;2016-08-04T19:02:02.309Z&lt;/LastModified&gt;&lt;ETag&gt;&quot;cc89692d75fb0bdfe700ec0ca19808a5&quot;&lt;/ETag&gt;&lt;Size&gt;3121199&lt;/Size&gt;&lt;/Contents&gt;&lt;Contents&gt;&lt;Key&gt;2.23/chromedriver_mac64.zip&lt;/Key&gt;&lt;Generation&gt;1470957885071000&lt;/Generation&gt;&lt;MetaGeneration&gt;3&lt;/MetaGeneration&gt;&lt;LastModified&gt;2016-08-11T23:24:45.069Z&lt;/LastModified&gt;&lt;ETag&gt;&quot;92fa9afe62&quot;
00:06:10.989 [main] DEBUG org.apache.http.wire - http-outgoing-0 &lt;&lt; &quot;c75557bc08af3fe3450b2b&quot;&lt;/ETag&gt;&lt;Size&gt;4577224&lt;/Size&gt;&lt;/Contents&gt;&lt;Contents&gt;&lt;Key&gt;2.23/chromedriver_win32.zip&lt;/Key&gt;&lt;Generation&gt;1470345180550000&lt;/Generation&gt;&lt;MetaGeneration&gt;3&lt;/MetaGeneration&gt;&lt;LastModified&gt;2016-08-04T21:13:00.546Z&lt;/LastModified&gt;&lt;ETag&gt;&quot;6856adb07cc8683d2a1587c05f37f1be&quot;&lt;/ETag&gt;&lt;Size&gt;2558586&lt;/Size&gt;&lt;/Contents&gt;&lt;Contents&gt;&lt;Key&gt;2.23/notes.txt&lt;/Key&gt;&lt;Generation&gt;1471544282929000&lt;/Generation&gt;&lt;MetaGeneration&gt;3&lt;/MetaGeneration&gt;&lt;LastModified&gt;2016-08-18T18:18:02.910Z&lt;/LastModified&gt;&lt;ETag&gt;&quot;4fd49a545428804a23905a4637c461d7&quot;&lt;/ETag&gt;&lt;Size&gt;4015&lt;/Size&gt;&lt;/Contents&gt;&lt;Contents&gt;&lt;Key&gt;2.24/chromedriver_linux32.zip&lt;/Key&gt;&lt;Generation&gt;1473477991313000&lt;/Generation&gt;&lt;MetaGeneration&gt;3&lt;/MetaGeneration&gt;&lt;LastModified&gt;2016-09-10T03:26:31.312Z&lt;/LastModified&gt;&lt;ETag&gt;&quot;8e6b6d358f1b919a0d1369f90d61e1a4&quot;&lt;/ETag&gt;&lt;Size&gt;3154004&lt;/Size&gt;&lt;/Contents&gt;&lt;Contents&gt;&lt;Key&gt;2.24/chromedriver_linux64.zip&lt;/Key&gt;&lt;Generation&gt;1473382634658000&lt;/Generation&gt;&lt;MetaGeneration&gt;3&lt;/MetaGeneration&gt;&lt;LastModified&gt;2016-09-09T00:57:14.652Z&lt;/LastModified&gt;&lt;ETag&gt;&quot;c56e41bdc769ad2c31225b8495fc1a93&quot;&lt;/ETag&gt;&lt;Size&gt;3116161&lt;/Size&gt;&lt;/Contents&gt;&lt;Contents&gt;&lt;Key&gt;2.24/chromedriver_mac64.zip&lt;/Key&gt;&lt;Generation&gt;1473386313768000&lt;/Generation&gt;&lt;MetaGeneration&gt;3&lt;/MetaGeneration&gt;&lt;LastModified&gt;2016-09-09T01:58:33.765Z&lt;/LastModified&gt;&lt;ETag&gt;&quot;d117b66fac514344eaf80691ae9a4687&quot;&lt;/ETag&gt;&lt;Size&gt;4592623&lt;/Size&gt;&lt;/Contents&gt;&lt;Contents&gt;&lt;Key&gt;2.24/chromedriver_win32.zip&lt;/Key&gt;&lt;Generation&gt;1473389462880000&lt;/Generation&gt;&quot;
00:06:10.990 [main] DEBUG org.apache.http.wire - http-outgoing-0 &lt;&lt; &quot;&lt;MetaGeneration&gt;3&lt;/MetaGeneration&gt;&lt;LastModified&gt;2016-09-09T02:51:02.878Z&lt;/LastModified&gt;&lt;ETag&gt;&quot;1a46c83926f891d502427df10b4646b9&quot;&lt;/ETag&gt;&lt;Size&gt;3464930&lt;/Size&gt;&lt;/Contents&gt;&lt;Contents&gt;&lt;Key&gt;2.24/notes.txt&lt;/Key&gt;&lt;Generation&gt;1473455450249000&lt;/Generation&gt;&lt;MetaGeneration&gt;3&lt;/MetaGeneration&gt;&lt;LastModified&gt;2016-09-09T21:10:50.233Z&lt;/LastModified&gt;&lt;ETag&gt;&quot;a11c6f26625d160f76fc1fb9c5575a19&quot;&lt;/ETag&gt;&lt;Size&gt;5052&lt;/Size&gt;&lt;/Contents&gt;&lt;Contents&gt;&lt;Key&gt;2.25/chromedriver_linux32.zip&lt;/Key&gt;&lt;Generation&gt;1477121565096000&lt;/Generation&gt;&lt;MetaGeneration&gt;3&lt;/MetaGeneration&gt;&lt;LastModified&gt;2016-10-22T07:32:45.094Z&lt;/LastModified&gt;&lt;ETag&gt;&quot;175ac6d5a9d7579b612809434020fd3c&quot;&lt;/ETag&gt;&lt;Size&gt;3182442&lt;/Size&gt;&lt;/Contents&gt;&lt;Contents&gt;&lt;Key&gt;2.25/chromedriver_linux64.zip&lt;/Key&gt;&lt;Generation&gt;1477102604586000&lt;/Generation&gt;&lt;MetaGeneration&gt;3&lt;/MetaGeneration&gt;&lt;LastModified&gt;2016-10-22T02:16:44.584Z&lt;/LastModified&gt;&lt;ETag&gt;&quot;16673c4a4262d0f4c01836b5b3b2b110&quot;&lt;/ETag&gt;&lt;Size&gt;3141794&lt;/Size&gt;&lt;/Contents&gt;&lt;Contents&gt;&lt;Key&gt;2.25/chromedriver_mac64.zip&lt;/Key&gt;&lt;Generation&gt;1477117431115000&lt;/Generation&gt;&lt;MetaGeneration&gt;3&lt;/MetaGeneration&gt;&lt;LastModified&gt;2016-10-22T06:23:51.114Z&lt;/LastModified&gt;&lt;ETag&gt;&quot;384031f9bb782edce149c0bea89921b6&quot;&lt;/ETag&gt;&lt;Size&gt;4563462&lt;/Size&gt;&lt;/Contents&gt;&lt;Contents&gt;&lt;Key&gt;2.25/chromedriver_win32.zip&lt;/Key&gt;&lt;Generation&gt;1477113954064000&lt;/Generation&gt;&lt;MetaGeneration&gt;3&lt;/MetaGeneration&gt;&lt;LastModified&gt;2016-10-22T05:25:54.062Z&lt;/LastModified&gt;&lt;ETag&gt;&quot;2727729883ac960c2edd63558f08f601&quot;&lt;/ETag&gt;&lt;Size&gt;3521408&lt;/S&quot;
00:06:10.990 [main] DEBUG org.apache.http.wire - http-outgoing-0 &lt;&lt; &quot;ize&gt;&lt;/Contents&gt;&lt;Contents&gt;&lt;Key&gt;2.25/notes.txt&lt;/Key&gt;&lt;Generation&gt;1477435098118000&lt;/Generation&gt;&lt;MetaGeneration&gt;3&lt;/MetaGeneration&gt;&lt;LastModified&gt;2016-10-25T22:38:18.106Z&lt;/LastModified&gt;&lt;ETag&gt;&quot;3ff9054860925ff9e891d3644cf40051&quot;&lt;/ETag&gt;&lt;Size&gt;5414&lt;/Size&gt;&lt;/Contents&gt;&lt;Contents&gt;&lt;Key&gt;2.26/chromedriver_linux32.zip&lt;/Key&gt;&lt;Generation&gt;1481076236199000&lt;/Generation&gt;&lt;MetaGeneration&gt;3&lt;/MetaGeneration&gt;&lt;LastModified&gt;2016-12-07T02:03:56.198Z&lt;/LastModified&gt;&lt;ETag&gt;&quot;b89d58dbd6182b3d30653a28eb304850&quot;&lt;/ETag&gt;&lt;Size&gt;3367978&lt;/Size&gt;&lt;/Contents&gt;&lt;Contents&gt;&lt;Key&gt;2.26/chromedriver_linux64.zip&lt;/Key&gt;&lt;Generation&gt;1480980256590000&lt;/Generation&gt;&lt;MetaGeneration&gt;3&lt;/MetaGeneration&gt;&lt;LastModified&gt;2016-12-05T23:24:16.587Z&lt;/LastModified&gt;&lt;ETag&gt;&quot;3cdae483af1e54c6732abc9af875b9c1&quot;&lt;/ETag&gt;&lt;Size&gt;3328958&lt;/Size&gt;&lt;/Contents&gt;&lt;Contents&gt;&lt;Key&gt;2.26/chromedriver_mac64.zip&lt;/Key&gt;&lt;Generation&gt;1481065727362000&lt;/Generation&gt;&lt;MetaGeneration&gt;3&lt;/MetaGeneration&gt;&lt;LastModified&gt;2016-12-06T23:08:47.361Z&lt;/LastModified&gt;&lt;ETag&gt;&quot;d5ef788e1a5b4bfdb22836a45078f0c1&quot;&lt;/ETag&gt;&lt;Size&gt;4589475&lt;/Size&gt;&lt;/Contents&gt;&lt;Contents&gt;&lt;Key&gt;2.26/chromedriver_win32.zip&lt;/Key&gt;&lt;Generation&gt;1480986715586000&lt;/Generation&gt;&lt;MetaGeneration&gt;3&lt;/MetaGeneration&gt;&lt;LastModified&gt;2016-12-06T01:11:55.585Z&lt;/LastModified&gt;&lt;ETag&gt;&quot;05b5f443cb1f363b81a9ac7618e862bd&quot;&lt;/ETag&gt;&lt;Size&gt;3653714&lt;/Size&gt;&lt;/Contents&gt;&lt;Contents&gt;&lt;Key&gt;2.26/notes.txt&lt;/Key&gt;&lt;Generation&gt;1481328397854000&lt;/Generation&gt;&lt;MetaGeneration&gt;3&lt;/MetaGeneration&gt;&lt;LastModified&gt;2016-12-10T&quot;
00:06:10.991 [main] DEBUG org.apache.http.wire - http-outgoing-0 &lt;&lt; &quot;00:06:37.841Z&lt;/LastModified&gt;&lt;ETag&gt;&quot;f4acca44d7620423e556e5d3c59ddc82&quot;&lt;/ETag&gt;&lt;Size&gt;6502&lt;/Size&gt;&lt;/Contents&gt;&lt;Contents&gt;&lt;Key&gt;2.27/chromedriver_linux32.zip&lt;/Key&gt;&lt;Generation&gt;1482464809376000&lt;/Generation&gt;&lt;MetaGeneration&gt;3&lt;/MetaGeneration&gt;&lt;LastModified&gt;2016-12-23T03:46:49.374Z&lt;/LastModified&gt;&lt;ETag&gt;&quot;980387b5885be8f69343ba9f11cc7a9f&quot;&lt;/ETag&gt;&lt;Size&gt;3366113&lt;/Size&gt;&lt;/Contents&gt;&lt;Contents&gt;&lt;Key&gt;2.27/chromedriver_linux64.zip&lt;/Key&gt;&lt;Generation&gt;1482362999699000&lt;/Generation&gt;&lt;MetaGeneration&gt;3&lt;/MetaGeneration&gt;&lt;LastModified&gt;2016-12-21T23:29:59.697Z&lt;/LastModified&gt;&lt;ETag&gt;&quot;c6d21c8fecf8bd0b880b2c36692153ef&quot;&lt;/ETag&gt;&lt;Size&gt;3337834&lt;/Size&gt;&lt;/Contents&gt;&lt;Contents&gt;&lt;Key&gt;2.27/chromedriver_mac64.zip&lt;/Key&gt;&lt;Generation&gt;1482361623295000&lt;/Generation&gt;&lt;MetaGeneration&gt;3&lt;/MetaGeneration&gt;&lt;LastModified&gt;2016-12-21T23:07:03.291Z&lt;/LastModified&gt;&lt;ETag&gt;&quot;56d908397af997f04fab32c05a26b994&quot;&lt;/ETag&gt;&lt;Size&gt;4604418&lt;/Size&gt;&lt;/Contents&gt;&lt;Contents&gt;&lt;Key&gt;2.27/chromedriver_win32.zip&lt;/Key&gt;&lt;Generation&gt;1482363909979000&lt;/Generation&gt;&lt;MetaGeneration&gt;3&lt;/MetaGeneration&gt;&lt;LastModified&gt;2016-12-21T23:45:09.977Z&lt;/LastModified&gt;&lt;ETag&gt;&quot;2125188a206e2258364c3e46f07724e5&quot;&lt;/ETag&gt;&lt;Size&gt;3665470&lt;/Size&gt;&lt;/Contents&gt;&lt;Contents&gt;&lt;Key&gt;2.27/notes.txt&lt;/Key&gt;&lt;Generation&gt;1482517721706000&lt;/Generation&gt;&lt;MetaGeneration&gt;3&lt;/MetaGeneration&gt;&lt;LastModified&gt;2016-12-23T18:28:41.690Z&lt;/LastModified&gt;&lt;ETag&gt;&quot;c8e31eb43d3b9d9137b4ece5d546bd76&quot;&lt;/ETag&gt;&lt;Size&gt;6698&lt;/Size&gt;&lt;/Contents&gt;&lt;Contents&gt;&lt;Key&gt;2.28/chromedriver_linux32.zip&lt;/K&quot;
00:06:10.991 [main] DEBUG org.apache.http.wire - http-outgoing-0 &lt;&lt; &quot;ey&gt;&lt;Generation&gt;1489023441644719&lt;/Generation&gt;&lt;MetaGeneration&gt;3&lt;/MetaGeneration&gt;&lt;LastModified&gt;2017-03-09T01:37:21.636Z&lt;/LastModified&gt;&lt;ETag&gt;&quot;82e4c112862be0e7e06e5ddcbe8b077c&quot;&lt;/ETag&gt;&lt;Size&gt;3487993&lt;/Size&gt;&lt;/Contents&gt;&lt;Contents&gt;&lt;Key&gt;2.28/chromedriver_linux64.zip&lt;/Key&gt;&lt;Generation&gt;1489013591247000&lt;/Generation&gt;&lt;MetaGeneration&gt;3&lt;/MetaGeneration&gt;&lt;LastModified&gt;2017-03-08T22:53:11.244Z&lt;/LastModified&gt;&lt;ETag&gt;&quot;a72088c0a6b018ded2c0fff616da8f65&quot;&lt;/ETag&gt;&lt;Size&gt;3458530&lt;/Size&gt;&lt;/Contents&gt;&lt;Contents&gt;&lt;Key&gt;2.28/chromedriver_mac64.zip&lt;/Key&gt;&lt;Generation&gt;1489036912607000&lt;/Generation&gt;&lt;MetaGeneration&gt;3&lt;/MetaGeneration&gt;&lt;LastModified&gt;2017-03-09T05:21:52.604Z&lt;/LastModified&gt;&lt;ETag&gt;&quot;7261a8a4d45f63e6c6f5b712e089cbc3&quot;&lt;/ETag&gt;&lt;Size&gt;4847203&lt;/Size&gt;&lt;/Contents&gt;&lt;Contents&gt;&lt;Key&gt;2.28/chromedriver_win32.zip&lt;/Key&gt;&lt;Generation&gt;1489030730635000&lt;/Generation&gt;&lt;MetaGeneration&gt;3&lt;/MetaGeneration&gt;&lt;LastModified&gt;2017-03-09T03:38:50.634Z&lt;/LastModified&gt;&lt;ETag&gt;&quot;daef8743d113cecc3bfe0c65c3423565&quot;&lt;/ETag&gt;&lt;Size&gt;3794861&lt;/Size&gt;&lt;/Contents&gt;&lt;Contents&gt;&lt;Key&gt;2.28/notes.txt&lt;/Key&gt;&lt;Generation&gt;1489093687392000&lt;/Generation&gt;&lt;MetaGeneration&gt;3&lt;/MetaGeneration&gt;&lt;LastModified&gt;2017-03-09T21:08:07.350Z&lt;/LastModified&gt;&lt;ETag&gt;&quot;d1dffdb6223ab6a7d886c4b5db2ad829&quot;&lt;/ETag&gt;&lt;Size&gt;7230&lt;/Size&gt;&lt;/Contents&gt;&lt;Contents&gt;&lt;Key&gt;2.29/chromedriver_linux32.zip&lt;/Key&gt;&lt;Generation&gt;1491279504035000&lt;/Generation&gt;&lt;MetaGeneration&gt;3&lt;/MetaGeneration&gt;&lt;LastModified&gt;2017-04-04T04:18:24.031Z&lt;/LastModified&gt;&lt;ETag&gt;&quot;ba8f027f85b6&quot;
00:06:10.992 [main] DEBUG org.apache.http.wire - http-outgoing-0 &lt;&lt; &quot;0ba5b46d3913f8135ec2&quot;&lt;/ETag&gt;&lt;Size&gt;3436829&lt;/Size&gt;&lt;/Contents&gt;&lt;Contents&gt;&lt;Key&gt;2.29/chromedriver_linux64.zip&lt;/Key&gt;&lt;Generation&gt;1491268881956559&lt;/Generation&gt;&lt;MetaGeneration&gt;3&lt;/MetaGeneration&gt;&lt;LastModified&gt;2017-04-04T01:21:21.907Z&lt;/LastModified&gt;&lt;ETag&gt;&quot;06a3f9c57ced2e3ea4e7f3ec258b3957&quot;&lt;/ETag&gt;&lt;Size&gt;3400599&lt;/Size&gt;&lt;/Contents&gt;&lt;Contents&gt;&lt;Key&gt;2.29/chromedriver_mac64.zip&lt;/Key&gt;&lt;Generation&gt;1491285353066000&lt;/Generation&gt;&lt;MetaGeneration&gt;3&lt;/MetaGeneration&gt;&lt;LastModified&gt;2017-04-04T05:55:53.064Z&lt;/LastModified&gt;&lt;ETag&gt;&quot;5d71bc70834c2ad8a7baf7a901d53566&quot;&lt;/ETag&gt;&lt;Size&gt;4855744&lt;/Size&gt;&lt;/Contents&gt;&lt;Contents&gt;&lt;Key&gt;2.29/chromedriver_win32.zip&lt;/Key&gt;&lt;Generation&gt;1491283750502000&lt;/Generation&gt;&lt;MetaGeneration&gt;3&lt;/MetaGeneration&gt;&lt;LastModified&gt;2017-04-04T05:29:10.500Z&lt;/LastModified&gt;&lt;ETag&gt;&quot;b6e3a3fa31d2b45e482b44dcf8abd833&quot;&lt;/ETag&gt;&lt;Size&gt;3796497&lt;/Size&gt;&lt;/Contents&gt;&lt;Contents&gt;&lt;Key&gt;2.29/notes.txt&lt;/Key&gt;&lt;Generation&gt;1491321657076000&lt;/Generation&gt;&lt;MetaGeneration&gt;3&lt;/MetaGeneration&gt;&lt;LastModified&gt;2017-04-04T16:00:57.032Z&lt;/LastModified&gt;&lt;ETag&gt;&quot;f31bb0b18e17e774f33cef84ad03e9b6&quot;&lt;/ETag&gt;&lt;Size&gt;7599&lt;/Size&gt;&lt;/Contents&gt;&lt;Contents&gt;&lt;Key&gt;2.3/chromedriver_linux32.zip&lt;/Key&gt;&lt;Generation&gt;1380149888081000&lt;/Generation&gt;&lt;MetaGeneration&gt;4&lt;/MetaGeneration&gt;&lt;LastModified&gt;2013-09-25T22:58:07.947Z&lt;/LastModified&gt;&lt;ETag&gt;&quot;f3af4d92060e6d61c2d2ed86ad584246&quot;&lt;/ETag&gt;&lt;Size&gt;7310301&lt;/Size&gt;&lt;/Contents&gt;&lt;Contents&gt;&lt;Key&gt;2.3/chromedriver_linux64.zip&lt;/Key&gt;&lt;Generation&gt;1380149889817000&lt;/Generation&gt;&lt;M&quot;
00:06:10.992 [main] DEBUG org.apache.http.wire - http-outgoing-0 &lt;&lt; &quot;etaGeneration&gt;4&lt;/MetaGeneration&gt;&lt;LastModified&gt;2013-09-25T22:58:09.620Z&lt;/LastModified&gt;&lt;ETag&gt;&quot;1a816cc185a15af4d450805629790b0a&quot;&lt;/ETag&gt;&lt;Size&gt;7481138&lt;/Size&gt;&lt;/Contents&gt;&lt;Contents&gt;&lt;Key&gt;2.3/chromedriver_mac32.zip&lt;/Key&gt;&lt;Generation&gt;1380149885736000&lt;/Generation&gt;&lt;MetaGeneration&gt;4&lt;/MetaGeneration&gt;&lt;LastModified&gt;2013-09-25T22:58:05.567Z&lt;/LastModified&gt;&lt;ETag&gt;&quot;4d72ca0fa6dbddfa1e42dbd1ef0045cc&quot;&lt;/ETag&gt;&lt;Size&gt;7678021&lt;/Size&gt;&lt;/Contents&gt;&lt;Contents&gt;&lt;Key&gt;2.3/chromedriver_win32.zip&lt;/Key&gt;&lt;Generation&gt;1380149886823000&lt;/Generation&gt;&lt;MetaGeneration&gt;4&lt;/MetaGeneration&gt;&lt;LastModified&gt;2013-09-25T22:58:06.499Z&lt;/LastModified&gt;&lt;ETag&gt;&quot;3226a146a6b97f2a111d3b2be9b0193f&quot;&lt;/ETag&gt;&lt;Size&gt;3001138&lt;/Size&gt;&lt;/Contents&gt;&lt;Contents&gt;&lt;Key&gt;2.3/notes.txt&lt;/Key&gt;&lt;Generation&gt;1380149888474000&lt;/Generation&gt;&lt;MetaGeneration&gt;4&lt;/MetaGeneration&gt;&lt;LastModified&gt;2013-09-25T22:58:08.474Z&lt;/LastModified&gt;&lt;ETag&gt;&quot;3ddc6ac82f5acc8d248b117146ab9b1b&quot;&lt;/ETag&gt;&lt;Size&gt;591&lt;/Size&gt;&lt;/Contents&gt;&lt;Contents&gt;&lt;Key&gt;2.30/chromedriver_linux32.zip&lt;/Key&gt;&lt;Generation&gt;1496885675230429&lt;/Generation&gt;&lt;MetaGeneration&gt;3&lt;/MetaGeneration&gt;&lt;LastModified&gt;2017-06-08T01:34:35.218Z&lt;/LastModified&gt;&lt;ETag&gt;&quot;ea9eab8df2c5eff60dff7cfee4c7b5f5&quot;&lt;/ETag&gt;&lt;Size&gt;3891104&lt;/Size&gt;&lt;/Contents&gt;&lt;Contents&gt;&lt;Key&gt;2.30/chromedriver_linux64.zip&lt;/Key&gt;&lt;Generation&gt;1496876004665899&lt;/Generation&gt;&lt;MetaGeneration&gt;3&lt;/MetaGeneration&gt;&lt;LastModified&gt;2017-06-07T22:53:24.655Z&lt;/LastModified&gt;&lt;ETag&gt;&quot;122a978861d06bd10049609a92018b89&quot;&lt;/ETag&gt;&lt;Size&gt;3864914&lt;/Size&gt;&lt;/&quot;
00:06:10.993 [main] DEBUG org.apache.http.wire - http-outgoing-0 &lt;&lt; &quot;Contents&gt;&lt;Contents&gt;&lt;Key&gt;2.30/chromedriver_mac64.zip&lt;/Key&gt;&lt;Generation&gt;1496877410740616&lt;/Generation&gt;&lt;MetaGeneration&gt;3&lt;/MetaGeneration&gt;&lt;LastModified&gt;2017-06-07T23:16:50.692Z&lt;/LastModified&gt;&lt;ETag&gt;&quot;e3f9380ecadad5a28982e841b1b31f90&quot;&lt;/ETag&gt;&lt;Size&gt;5197614&lt;/Size&gt;&lt;/Contents&gt;&lt;Contents&gt;&lt;Key&gt;2.30/chromedriver_win32.zip&lt;/Key&gt;&lt;Generation&gt;1496880782872793&lt;/Generation&gt;&lt;MetaGeneration&gt;3&lt;/MetaGeneration&gt;&lt;LastModified&gt;2017-06-08T00:13:02.717Z&lt;/LastModified&gt;&lt;ETag&gt;&quot;de7a8f2a26ea75f665905276e51a9d62&quot;&lt;/ETag&gt;&lt;Size&gt;3995151&lt;/Size&gt;&lt;/Contents&gt;&lt;Contents&gt;&lt;Key&gt;2.30/notes.txt&lt;/Key&gt;&lt;Generation&gt;1496940698901235&lt;/Generation&gt;&lt;MetaGeneration&gt;3&lt;/MetaGeneration&gt;&lt;LastModified&gt;2017-06-08T16:51:38.835Z&lt;/LastModified&gt;&lt;ETag&gt;&quot;1df1017b967f6091cd527c38858b09ec&quot;&lt;/ETag&gt;&lt;Size&gt;8719&lt;/Size&gt;&lt;/Contents&gt;&lt;Contents&gt;&lt;Key&gt;2.31/chromedriver_linux32.zip&lt;/Key&gt;&lt;Generation&gt;1500697758786744&lt;/Generation&gt;&lt;MetaGeneration&gt;3&lt;/MetaGeneration&gt;&lt;LastModified&gt;2017-07-22T04:29:18.776Z&lt;/LastModified&gt;&lt;ETag&gt;&quot;5ef1ded5d4d8b388af8e8c72bf44f584&quot;&lt;/ETag&gt;&lt;Size&gt;4014602&lt;/Size&gt;&lt;/Contents&gt;&lt;Contents&gt;&lt;Key&gt;2.31/chromedriver_linux64.zip&lt;/Key&gt;&lt;Generation&gt;1500685704096284&lt;/Generation&gt;&lt;MetaGeneration&gt;3&lt;/MetaGeneration&gt;&lt;LastModified&gt;2017-07-22T01:08:24.087Z&lt;/LastModified&gt;&lt;ETag&gt;&quot;e95c696646102e38d8543b89b7eaa4a5&quot;&lt;/ETag&gt;&lt;Size&gt;3981209&lt;/Size&gt;&lt;/Contents&gt;&lt;Contents&gt;&lt;Key&gt;2.31/chromedriver_mac64.zip&lt;/Key&gt;&lt;Generation&gt;1500688540943952&lt;/Generation&gt;&lt;MetaGeneration&gt;3&lt;/MetaGeneration&gt;&lt;LastModified&gt;2017&quot;
00:06:10.993 [main] DEBUG org.apache.http.wire - http-outgoing-0 &lt;&lt; &quot;-07-22T01:55:40.897Z&lt;/LastModified&gt;&lt;ETag&gt;&quot;b77c9c71b52302fcfe6b40dcd143f1d0&quot;&lt;/ETag&gt;&lt;Size&gt;5170321&lt;/Size&gt;&lt;/Contents&gt;&lt;Contents&gt;&lt;Key&gt;2.31/chromedriver_win32.zip&lt;/Key&gt;&lt;Generation&gt;1500690332181870&lt;/Generation&gt;&lt;MetaGeneration&gt;3&lt;/MetaGeneration&gt;&lt;LastModified&gt;2017-07-22T02:25:32.137Z&lt;/LastModified&gt;&lt;ETag&gt;&quot;6a6e8cd245742f20d61b7dac743844fb&quot;&lt;/ETag&gt;&lt;Size&gt;4016507&lt;/Size&gt;&lt;/Contents&gt;&lt;Contents&gt;&lt;Key&gt;2.31/notes.txt&lt;/Key&gt;&lt;Generation&gt;1500904840700524&lt;/Generation&gt;&lt;MetaGeneration&gt;3&lt;/MetaGeneration&gt;&lt;LastModified&gt;2017-07-24T14:00:40.663Z&lt;/LastModified&gt;&lt;ETag&gt;&quot;4162c16693123982fdf86a969631fc7a&quot;&lt;/ETag&gt;&lt;Size&gt;9767&lt;/Size&gt;&lt;/Contents&gt;&lt;Contents&gt;&lt;Key&gt;2.32/chromedriver_linux32.zip&lt;/Key&gt;&lt;Generation&gt;1504290222778365&lt;/Generation&gt;&lt;MetaGeneration&gt;3&lt;/MetaGeneration&gt;&lt;LastModified&gt;2017-09-01T18:23:42.761Z&lt;/LastModified&gt;&lt;ETag&gt;&quot;cff992a0ed32b048c7c9673b2a664483&quot;&lt;/ETag&gt;&lt;Size&gt;4103630&lt;/Size&gt;&lt;/Contents&gt;&lt;Contents&gt;&lt;Key&gt;2.32/chromedriver_li&quot;
00:06:10.995 [main] DEBUG org.apache.http.wire - http-outgoing-0 &lt;&lt; &quot;nux64.zip&lt;/Key&gt;&lt;Generation&gt;1504123624366303&lt;/Generation&gt;&lt;MetaGeneration&gt;3&lt;/MetaGeneration&gt;&lt;LastModified&gt;2017-08-30T20:07:04.354Z&lt;/LastModified&gt;&lt;ETag&gt;&quot;e01376ceef2330a1ca0eed76541a3282&quot;&lt;/ETag&gt;&lt;Size&gt;4073520&lt;/Size&gt;&lt;/Contents&gt;&lt;Contents&gt;&lt;Key&gt;2.32/chromedriver_mac64.zip&lt;/Key&gt;&lt;Generation&gt;1504128471796223&lt;/Generation&gt;&lt;MetaGeneration&gt;3&lt;/MetaGeneration&gt;&lt;LastModified&gt;2017-08-30T21:27:51.746Z&lt;/LastModified&gt;&lt;ETag&gt;&quot;926d81c59c2c1ef6012fe74b29d74457&quot;&lt;/ETag&gt;&lt;Size&gt;5206833&lt;/Size&gt;&lt;/Contents&gt;&lt;Contents&gt;&lt;Key&gt;2.32/chromedriver_win32.zip&lt;/Key&gt;&lt;Generation&gt;1504134777636757&lt;/Generation&gt;&lt;MetaGeneration&gt;3&lt;/MetaGeneration&gt;&lt;LastModified&gt;2017-08-30T23:12:57.590Z&lt;/LastModified&gt;&lt;ETag&gt;&quot;f99a119eb94dfe94dd9f41fe6a4970c7&quot;&lt;/ETag&gt;&lt;Size&gt;4073937&lt;/Size&gt;&lt;/Contents&gt;&lt;Contents&gt;&lt;Key&gt;2.32/notes.txt&lt;/Key&gt;&lt;Generation&gt;1504139547884241&lt;/Generation&gt;&lt;MetaGeneration&gt;3&lt;/MetaGeneration&gt;&lt;LastModified&gt;2017-08-31T00:32:27.857Z&lt;/LastModified&gt;&lt;ETag&gt;&quot;d675fa7eff239fb885abfc9d8af99084&quot;&lt;/ETag&gt;&lt;Size&gt;11099&lt;/Size&gt;&lt;/Contents&gt;&lt;Contents&gt;&lt;Key&gt;2.33/chromedriver_linux32.zip&lt;/Key&gt;&lt;Generation&gt;1507177127825522&lt;/Generation&gt;&lt;MetaGeneration&gt;3&lt;/MetaGeneration&gt;&lt;LastModified&gt;2017-10-05T04:18:47.810Z&lt;/LastModified&gt;&lt;ETag&gt;&quot;e936493c0f4ceeb7f6b504a491daa25c&quot;&lt;/ETag&gt;&lt;Size&gt;4112345&lt;/Size&gt;&lt;/Contents&gt;&lt;Contents&gt;&lt;Key&gt;2.33/chromedriver_linux64.zip&lt;/Key&gt;&lt;Generation&gt;1507064992981772&lt;/Generation&gt;&lt;MetaGeneration&gt;3&lt;/MetaGeneration&gt;&lt;LastModified&gt;2017-10-03T21:09:52.970Z&lt;/LastModified&gt;&lt;ETag&gt;&quot;
00:06:10.995 [main] DEBUG org.apache.http.wire - http-outgoing-0 &lt;&lt; &quot;&quot;6dc329fb8ecdff6a9f74eea053434662&quot;&lt;/ETag&gt;&lt;Size&gt;4091651&lt;/Size&gt;&lt;/Contents&gt;&lt;Contents&gt;&lt;Key&gt;2.33/chromedriver_mac64.zip&lt;/Key&gt;&lt;Generation&gt;1507073931449265&lt;/Generation&gt;&lt;MetaGeneration&gt;3&lt;/MetaGeneration&gt;&lt;LastModified&gt;2017-10-03T23:38:51.405Z&lt;/LastModified&gt;&lt;ETag&gt;&quot;3d520b8ede8e9deb8c9a2efe2aec5f35&quot;&lt;/ETag&gt;&lt;Size&gt;5426372&lt;/Size&gt;&lt;/Contents&gt;&lt;Contents&gt;&lt;Key&gt;2.33/chromedriver_win32.zip&lt;/Key&gt;&lt;Generation&gt;1507069520611499&lt;/Generation&gt;&lt;MetaGeneration&gt;3&lt;/MetaGeneration&gt;&lt;LastModified&gt;2017-10-03T22:25:20.567Z&lt;/LastModified&gt;&lt;ETag&gt;&quot;718df64a6e2b2efde50b26ac22fde229&quot;&lt;/ETag&gt;&lt;Size&gt;4224500&lt;/Size&gt;&lt;/Contents&gt;&lt;Contents&gt;&lt;Key&gt;2.33/notes.txt&lt;/Key&gt;&lt;Generation&gt;1507133834259422&lt;/Generation&gt;&lt;MetaGeneration&gt;3&lt;/MetaGeneration&gt;&lt;LastModified&gt;2017-10-04T16:17:14.226Z&lt;/LastModified&gt;&lt;ETag&gt;&quot;d804e91269565d348bcb877965d7b590&quot;&lt;/ETag&gt;&lt;Size&gt;11763&lt;/Size&gt;&lt;/Contents&gt;&lt;Contents&gt;&lt;Key&gt;2.34/chromedriver_linux64.zip&lt;/Key&gt;&lt;Generation&gt;1512884654048087&lt;/Generation&gt;&lt;MetaGeneration&gt;3&lt;/MetaGeneration&gt;&lt;LastModified&gt;2017-12-10T05:44:14.043Z&lt;/LastModified&gt;&lt;ETag&gt;&quot;5cb836b6e1842e3fc6abb34d00d3ad68&quot;&lt;/ETag&gt;&lt;Size&gt;3730403&lt;/Size&gt;&lt;/Contents&gt;&lt;Contents&gt;&lt;Key&gt;2.34/chromedriver_mac64.zip&lt;/Key&gt;&lt;Generation&gt;1512880535394126&lt;/Generation&gt;&lt;MetaGeneration&gt;3&lt;/MetaGeneration&gt;&lt;LastModified&gt;2017-12-10T04:35:35.230Z&lt;/LastModified&gt;&lt;ETag&gt;&quot;5a8905f921bd7ecc49ccf45cb0073ea7&quot;&lt;/ETag&gt;&lt;Size&gt;5290502&lt;/Size&gt;&lt;/Contents&gt;&lt;Contents&gt;&lt;Key&gt;2.34/chromedriver_win32.zip&lt;/Key&gt;&lt;Generation&gt;1512876526226654&lt;/G&quot;
00:06:10.996 [main] DEBUG org.apache.http.wire - http-outgoing-0 &lt;&lt; &quot;eneration&gt;&lt;MetaGeneration&gt;3&lt;/MetaGeneration&gt;&lt;LastModified&gt;2017-12-10T03:28:46.062Z&lt;/LastModified&gt;&lt;ETag&gt;&quot;c97886e3d08531e7b65a368ef169b46e&quot;&lt;/ETag&gt;&lt;Size&gt;3299360&lt;/Size&gt;&lt;/Contents&gt;&lt;Contents&gt;&lt;Key&gt;2.34/notes.txt&lt;/Key&gt;&lt;Generation&gt;1513006955461727&lt;/Generation&gt;&lt;MetaGeneration&gt;3&lt;/MetaGeneration&gt;&lt;LastModified&gt;2017-12-11T15:42:35.423Z&lt;/LastModified&gt;&lt;ETag&gt;&quot;f1ca3b0510d61fbb029e51974f89d9e0&quot;&lt;/ETag&gt;&lt;Size&gt;12142&lt;/Size&gt;&lt;/Contents&gt;&lt;Contents&gt;&lt;Key&gt;2.35/chromedriver_linux64.zip&lt;/Key&gt;&lt;Generation&gt;1515551757507218&lt;/Generation&gt;&lt;MetaGeneration&gt;3&lt;/MetaGeneration&gt;&lt;LastModified&gt;2018-01-10T02:35:57.501Z&lt;/LastModified&gt;&lt;ETag&gt;&quot;e6d0298d3e1ed23f6639805d13ac2ae4&quot;&lt;/ETag&gt;&lt;Size&gt;3721349&lt;/Size&gt;&lt;/Contents&gt;&lt;Contents&gt;&lt;Key&gt;2.35/chromedriver_mac64.zip&lt;/Key&gt;&lt;Generation&gt;1515557172395247&lt;/Generation&gt;&lt;MetaGeneration&gt;3&lt;/MetaGeneration&gt;&lt;LastModified&gt;2018-01-10T04:06:12.351Z&lt;/LastModified&gt;&lt;ETag&gt;&quot;720f6f8ab16dd3fcc0d5928402ac9f92&quot;&lt;/ETag&gt;&lt;Size&gt;5508030&lt;/Size&gt;&lt;/Contents&gt;&lt;Contents&gt;&lt;Key&gt;2.35/chromedriver_win32.zip&lt;/Key&gt;&lt;Generation&gt;1515619180660524&lt;/Generation&gt;&lt;MetaGeneration&gt;3&lt;/MetaGeneration&gt;&lt;LastModified&gt;2018-01-10T21:19:40.496Z&lt;/LastModified&gt;&lt;ETag&gt;&quot;de52d0a610fb97fadc02301bc705c12b&quot;&lt;/ETag&gt;&lt;Size&gt;3333556&lt;/Size&gt;&lt;/Contents&gt;&lt;Contents&gt;&lt;Key&gt;2.35/notes.txt&lt;/Key&gt;&lt;Generation&gt;1515624252603224&lt;/Generation&gt;&lt;MetaGeneration&gt;3&lt;/MetaGeneration&gt;&lt;LastModified&gt;2018-01-10T22:44:12.530Z&lt;/LastModified&gt;&lt;ETag&gt;&quot;d3bb3cea8e65d290aab9ed3d60a25d7b&quot;&lt;/ETag&gt;&lt;Size&gt;12590&lt;/Size&gt;&lt;/&quot;
00:06:10.996 [main] DEBUG org.apache.http.wire - http-outgoing-0 &lt;&lt; &quot;Contents&gt;&lt;Contents&gt;&lt;Key&gt;2.36/chromedriver_linux64.zip&lt;/Key&gt;&lt;Generation&gt;1519985960496918&lt;/Generation&gt;&lt;MetaGeneration&gt;3&lt;/MetaGeneration&gt;&lt;LastModified&gt;2018-03-02T10:19:20.494Z&lt;/LastModified&gt;&lt;ETag&gt;&quot;24d2004a0b6c9fb4fcd74d1966b0ca6e&quot;&lt;/ETag&gt;&lt;Size&gt;3714550&lt;/Size&gt;&lt;/Contents&gt;&lt;Contents&gt;&lt;Key&gt;2.36/chromedriver_mac64.zip&lt;/Key&gt;&lt;Generation&gt;1519982252057559&lt;/Generation&gt;&lt;MetaGeneration&gt;3&lt;/MetaGeneration&gt;&lt;LastModified&gt;2018-03-02T09:17:32.016Z&lt;/LastModified&gt;&lt;ETag&gt;&quot;312cd778e385a255c60caed5ffbaf6e5&quot;&lt;/ETag&gt;&lt;Size&gt;5583007&lt;/Size&gt;&lt;/Contents&gt;&lt;Contents&gt;&lt;Key&gt;2.36/chromedriver_win32.zip&lt;/Key&gt;&lt;Generation&gt;1519989861544740&lt;/Generation&gt;&lt;MetaGeneration&gt;3&lt;/MetaGeneration&gt;&lt;LastModified&gt;2018-03-02T11:24:21.503Z&lt;/LastModified&gt;&lt;ETag&gt;&quot;127536695f2f9210fab3c38d95515309&quot;&lt;/ETag&gt;&lt;Size&gt;3357751&lt;/Size&gt;&lt;/Contents&gt;&lt;Contents&gt;&lt;Key&gt;2.36/notes.txt&lt;/Key&gt;&lt;Generation&gt;1521065446810763&lt;/Generation&gt;&lt;MetaGeneration&gt;2&lt;/MetaGeneration&gt;&lt;LastModified&gt;2018-03-14T22:10:46.808Z&lt;/LastModified&gt;&lt;ETag&gt;&quot;15f354899368dd308e429ada74589c1f&quot;&lt;/ETag&gt;&lt;Size&gt;13427&lt;/Size&gt;&lt;/Contents&gt;&lt;Contents&gt;&lt;Key&gt;2.37/chromedriver_linux64.zip&lt;/Key&gt;&lt;Generation&gt;1521559359328501&lt;/Generation&gt;&lt;MetaGeneration&gt;2&lt;/MetaGeneration&gt;&lt;LastModified&gt;2018-03-20T15:22:39.326Z&lt;/LastModified&gt;&lt;ETag&gt;&quot;f4fbbf50eaec2b9c9e21536e39b9999e&quot;&lt;/ETag&gt;&lt;Size&gt;3719424&lt;/Size&gt;&lt;/Contents&gt;&lt;Contents&gt;&lt;Key&gt;2.37/chromedriver_mac64.zip&lt;/Key&gt;&lt;Generation&gt;1521570606690930&lt;/Generation&gt;&lt;MetaGeneration&gt;2&lt;/MetaGeneration&gt;&lt;LastModified&gt;201&quot;
00:06:10.997 [main] DEBUG org.apache.http.wire - http-outgoing-0 &lt;&lt; &quot;8-03-20T18:30:06.686Z&lt;/LastModified&gt;&lt;ETag&gt;&quot;5e68436af99f9348d67127e5ab8d5eed&quot;&lt;/ETag&gt;&lt;Size&gt;5515308&lt;/Size&gt;&lt;/Contents&gt;&lt;Contents&gt;&lt;Key&gt;2.37/chromedriver_win32.zip&lt;/Key&gt;&lt;Generation&gt;1521558754125623&lt;/Generation&gt;&lt;MetaGeneration&gt;2&lt;/MetaGeneration&gt;&lt;LastModified&gt;2018-03-20T15:12:34.084Z&lt;/LastModified&gt;&lt;ETag&gt;&quot;00c991baa1e51abf6d582aedae91291f&quot;&lt;/ETag&gt;&lt;Size&gt;3348573&lt;/Size&gt;&lt;/Contents&gt;&lt;Contents&gt;&lt;Key&gt;2.37/notes.txt&lt;/Key&gt;&lt;Generation&gt;1521236144528054&lt;/Generation&gt;&lt;MetaGeneration&gt;2&lt;/MetaGeneration&gt;&lt;LastModified&gt;2018-03-16T21:35:44.525Z&lt;/LastModified&gt;&lt;ETag&gt;&quot;144b47991f471631ce010cd83d4c6a6c&quot;&lt;/ETag&gt;&lt;Size&gt;13893&lt;/Size&gt;&lt;/Contents&gt;&lt;Contents&gt;&lt;Key&gt;2.38/chromedriver_linux64.zip&lt;/Key&gt;&lt;Generation&gt;1524349869544209&lt;/Generation&gt;&lt;MetaGeneration&gt;1&lt;/MetaGeneration&gt;&lt;LastModified&gt;2018-04-21T22:31:09.542Z&lt;/LastModified&gt;&lt;ETag&gt;&quot;a658925aaa3cd79eed075533b576c636&quot;&lt;/ETag&gt;&lt;Size&gt;3772888&lt;/Size&gt;&lt;/Contents&gt;&lt;Contents&gt;&lt;Key&gt;2.38/chromedriver_mac64.zip&lt;/Key&gt;&lt;Generation&gt;1524349870353912&lt;/Generation&gt;&lt;MetaGeneration&gt;1&lt;/MetaGeneration&gt;&lt;LastModified&gt;2018-04-21T22:31:10.352Z&lt;/LastModified&gt;&lt;ETag&gt;&quot;fdab4d198278cb1a2bd7ac7441cc16a6&quot;&lt;/ETag&gt;&lt;Size&gt;5577956&lt;/Size&gt;&lt;/Contents&gt;&lt;Contents&gt;&lt;Key&gt;2.38/chromedriver_win32.zip&lt;/Key&gt;&lt;Generation&gt;1524349871060304&lt;/Generation&gt;&lt;MetaGeneration&gt;1&lt;/MetaGeneration&gt;&lt;LastModified&gt;2018-04-21T22:31:11.058Z&lt;/LastModified&gt;&lt;ETag&gt;&quot;dd3fa3caf72bbb42fefc8987a5c8b8dd&quot;&lt;/ETag&gt;&lt;Size&gt;3378230&lt;/Size&gt;&lt;/Contents&gt;&lt;Contents&gt;&lt;Key&gt;2.38/notes.txt&lt;/Key&gt;&lt;G&quot;
00:06:10.998 [main] DEBUG org.apache.http.wire - http-outgoing-0 &lt;&lt; &quot;eneration&gt;1524066683375118&lt;/Generation&gt;&lt;MetaGeneration&gt;1&lt;/MetaGeneration&gt;&lt;LastModified&gt;2018-04-18T15:51:23.371Z&lt;/LastModified&gt;&lt;ETag&gt;&quot;45d5a4bb585318b91f32007958b45e10&quot;&lt;/ETag&gt;&lt;Size&gt;14415&lt;/Size&gt;&lt;/Contents&gt;&lt;Contents&gt;&lt;Key&gt;2.39/chromedriver_linux64.zip&lt;/Key&gt;&lt;Generation&gt;1527662692232352&lt;/Generation&gt;&lt;MetaGeneration&gt;1&lt;/MetaGeneration&gt;&lt;LastModified&gt;2018-05-30T06:44:52.231Z&lt;/LastModified&gt;&lt;ETag&gt;&quot;65d4a2115bbfc507aab33655f3b4881b&quot;&lt;/ETag&gt;&lt;Size&gt;3839964&lt;/Size&gt;&lt;/Contents&gt;&lt;Contents&gt;&lt;Key&gt;2.39/chromedriver_mac64.zip&lt;/Key&gt;&lt;Generation&gt;1527661195424983&lt;/Generation&gt;&lt;MetaGeneration&gt;1&lt;/MetaGeneration&gt;&lt;LastModified&gt;2018-05-30T06:19:55.386Z&lt;/LastModified&gt;&lt;ETag&gt;&quot;7d24d752a518e6bb39f8f578e221caef&quot;&lt;/ETag&gt;&lt;Size&gt;5653388&lt;/Size&gt;&lt;/Contents&gt;&lt;Contents&gt;&lt;Key&gt;2.39/chromedriver_win32.zip&lt;/Key&gt;&lt;Generation&gt;1527663681736624&lt;/Generation&gt;&lt;MetaGeneration&gt;1&lt;/MetaGeneration&gt;&lt;LastModified&gt;2018-05-30T07:01:21.698Z&lt;/LastModified&gt;&lt;ETag&gt;&quot;528065e171eaa8a935d08d5422ca2022&quot;&lt;/ETag&gt;&lt;Size&gt;3435016&lt;/Size&gt;&lt;/Contents&gt;&lt;Contents&gt;&lt;Key&gt;2.39/notes.txt&lt;/Key&gt;&lt;Generation&gt;1527699777215879&lt;/Generation&gt;&lt;MetaGeneration&gt;1&lt;/MetaGeneration&gt;&lt;LastModified&gt;2018-05-30T17:02:57.213Z&lt;/LastModified&gt;&lt;ETag&gt;&quot;81e6fad22b6d6b90ae22d9ff3c86286b&quot;&lt;/ETag&gt;&lt;Size&gt;15137&lt;/Size&gt;&lt;/Contents&gt;&lt;Contents&gt;&lt;Key&gt;2.4/chromedriver_linux32.zip&lt;/Key&gt;&lt;Generation&gt;1380606156436000&lt;/Generation&gt;&lt;MetaGeneration&gt;4&lt;/MetaGeneration&gt;&lt;LastModified&gt;2013-10-01T05:42:36.371Z&lt;/LastModified&gt;&lt;ETag&gt;&quot;3f8ef2f01a7fb5805be&quot;
00:06:10.999 [main] DEBUG org.apache.http.wire - http-outgoing-0 &lt;&lt; &quot;d2d644569acba&quot;&lt;/ETag&gt;&lt;Size&gt;7365316&lt;/Size&gt;&lt;/Contents&gt;&lt;Contents&gt;&lt;Key&gt;2.4/chromedriver_linux64.zip&lt;/Key&gt;&lt;Generation&gt;1380605124572000&lt;/Generation&gt;&lt;MetaGeneration&gt;4&lt;/MetaGeneration&gt;&lt;LastModified&gt;2013-10-01T05:25:24.406Z&lt;/LastModified&gt;&lt;ETag&gt;&quot;5e70555cbbf75e3480dd1629a35bc7e3&quot;&lt;/ETag&gt;&lt;Size&gt;7536826&lt;/Size&gt;&lt;/Contents&gt;&lt;Contents&gt;&lt;Key&gt;2.4/chromedriver_mac32.zip&lt;/Key&gt;&lt;Generation&gt;1380615154239000&lt;/Generation&gt;&lt;MetaGeneration&gt;4&lt;/MetaGeneration&gt;&lt;LastModified&gt;2013-10-01T08:12:34.120Z&lt;/LastModified&gt;&lt;ETag&gt;&quot;0816b2a06428962b1a2da103eb59323c&quot;&lt;/ETag&gt;&lt;Size&gt;7727580&lt;/Size&gt;&lt;/Contents&gt;&lt;Contents&gt;&lt;Key&gt;2.4/chromedriver_win32.zip&lt;/Key&gt;&lt;Generation&gt;1380667399987000&lt;/Generation&gt;&lt;MetaGeneration&gt;3&lt;/MetaGeneration&gt;&lt;LastModified&gt;2013-10-01T22:43:19.814Z&lt;/LastModified&gt;&lt;ETag&gt;&quot;0280d3a9e713a38216a4e34a9ec1fba2&quot;&lt;/ETag&gt;&lt;Size&gt;2980414&lt;/Size&gt;&lt;/Contents&gt;&lt;Contents&gt;&lt;Key&gt;2.4/notes.txt&lt;/Key&gt;&lt;Generation&gt;1380605131079000&lt;/Generation&gt;&lt;MetaGeneration&gt;6&lt;/MetaGeneration&gt;&lt;LastModified&gt;2013-10-01T05:25:31.079Z&lt;/LastModified&gt;&lt;ETag&gt;&quot;91ac3af6739a33188186e16c6a76d179&quot;&lt;/ETag&gt;&lt;Size&gt;1089&lt;/Size&gt;&lt;/Contents&gt;&lt;Contents&gt;&lt;Key&gt;2.40/chromedriver_linux64.zip&lt;/Key&gt;&lt;Generation&gt;1528416152590706&lt;/Generation&gt;&lt;MetaGeneration&gt;1&lt;/MetaGeneration&gt;&lt;LastModified&gt;2018-06-08T00:02:32.589Z&lt;/LastModified&gt;&lt;ETag&gt;&quot;2e3919ae1789cf1b8eba6b42e1f1984b&quot;&lt;/ETag&gt;&lt;Size&gt;3860375&lt;/Size&gt;&lt;/Contents&gt;&lt;Contents&gt;&lt;Key&gt;2.40/chromedriver_mac64.zip&lt;/Key&gt;&lt;Generation&gt;1528415060247462&lt;/Generation&gt;&lt;MetaGenerati&quot;
00:06:10.999 [main] DEBUG org.apache.http.wire - http-outgoing-0 &lt;&lt; &quot;on&gt;1&lt;/MetaGeneration&gt;&lt;LastModified&gt;2018-06-07T23:44:20.210Z&lt;/LastModified&gt;&lt;ETag&gt;&quot;4f4d3db44e6c00b8773086f94ba6343f&quot;&lt;/ETag&gt;&lt;Size&gt;5665054&lt;/Size&gt;&lt;/Contents&gt;&lt;Contents&gt;&lt;Key&gt;2.40/chromedriver_win32.zip&lt;/Key&gt;&lt;Generation&gt;1528434719250196&lt;/Generation&gt;&lt;MetaGeneration&gt;1&lt;/MetaGeneration&gt;&lt;LastModified&gt;2018-06-08T05:11:59.212Z&lt;/LastModified&gt;&lt;ETag&gt;&quot;8383c1564bf9db94136873e69dd71c1c&quot;&lt;/ETag&gt;&lt;Size&gt;3457722&lt;/Size&gt;&lt;/Contents&gt;&lt;Contents&gt;&lt;Key&gt;2.40/notes.txt&lt;/Key&gt;&lt;Generation&gt;1528416053864704&lt;/Generation&gt;&lt;MetaGeneration&gt;1&lt;/MetaGeneration&gt;&lt;LastModified&gt;2018-06-08T00:00:53.863Z&lt;/LastModified&gt;&lt;ETag&gt;&quot;88481ea5920cbf6a8d8cf4ca692c9f60&quot;&lt;/ETag&gt;&lt;Size&gt;15680&lt;/Size&gt;&lt;/Contents&gt;&lt;Contents&gt;&lt;Key&gt;2.41/chromedriver_linux64.zip&lt;/Key&gt;&lt;Generation&gt;1532719501951804&lt;/Generation&gt;&lt;MetaGeneration&gt;1&lt;/MetaGeneration&gt;&lt;LastModified&gt;2018-07-27T19:25:01.951Z&lt;/LastModified&gt;&lt;ETag&gt;&quot;fbd8b9561575054e0e7e9cc53b680a70&quot;&lt;/ETag&gt;&lt;Size&gt;3944714&lt;/Size&gt;&lt;/Contents&gt;&lt;Contents&gt;&lt;Key&gt;2.41/chromedriver_mac64.zip&lt;/Key&gt;&lt;Generation&gt;1532724335682155&lt;/Generation&gt;&lt;MetaGeneration&gt;1&lt;/MetaGeneration&gt;&lt;LastModified&gt;2018-07-27T20:45:35.681Z&lt;/LastModified&gt;&lt;ETag&gt;&quot;4c86429625373392bd9773c9d0a1c6a4&quot;&lt;/ETag&gt;&lt;Size&gt;5760121&lt;/Size&gt;&lt;/Contents&gt;&lt;Contents&gt;&lt;Key&gt;2.41/chromedriver_win32.zip&lt;/Key&gt;&lt;Generation&gt;1532727860004655&lt;/Generation&gt;&lt;MetaGeneration&gt;1&lt;/MetaGeneration&gt;&lt;LastModified&gt;2018-07-27T21:44:20.004Z&lt;/LastModified&gt;&lt;ETag&gt;&quot;ab047aa361aeb863e58514a9f46bcdb7&quot;&lt;/ETag&gt;&lt;Size&gt;3552160&lt;/Size&gt;&lt;/Contents&quot;
00:06:11.000 [main] DEBUG org.apache.http.wire - http-outgoing-0 &lt;&lt; &quot;&gt;&lt;Contents&gt;&lt;Key&gt;2.41/notes.txt&lt;/Key&gt;&lt;Generation&gt;1532728709448876&lt;/Generation&gt;&lt;MetaGeneration&gt;1&lt;/MetaGeneration&gt;&lt;LastModified&gt;2018-07-27T21:58:29.448Z&lt;/LastModified&gt;&lt;ETag&gt;&quot;0b595efd8eec0ed4352c69bba64e0d7c&quot;&lt;/ETag&gt;&lt;Size&gt;16270&lt;/Size&gt;&lt;/Contents&gt;&lt;Contents&gt;&lt;Key&gt;2.42/chromedriver_linux64.zip&lt;/Key&gt;&lt;Generation&gt;1536867037819373&lt;/Generation&gt;&lt;MetaGeneration&gt;1&lt;/MetaGeneration&gt;&lt;LastModified&gt;2018-09-13T19:30:37.819Z&lt;/LastModified&gt;&lt;ETag&gt;&quot;acfcc29fb03df9e913ef4c360a121ad1&quot;&lt;/ETag&gt;&lt;Size&gt;4039043&lt;/Size&gt;&lt;/Contents&gt;&lt;Contents&gt;&lt;Key&gt;2.42/chromedriver_mac64.zip&lt;/Key&gt;&lt;Generation&gt;1536862451882989&lt;/Generation&gt;&lt;MetaGeneration&gt;1&lt;/MetaGeneration&gt;&lt;LastModified&gt;2018-09-13T18:14:11.882Z&lt;/LastModified&gt;&lt;ETag&gt;&quot;3fc0e4a97cbf2c8c2a9b824d95e25351&quot;&lt;/ETag&gt;&lt;Size&gt;6025563&lt;/Size&gt;&lt;/Contents&gt;&lt;Contents&gt;&lt;Key&gt;2.42/chromedriver_win32.zip&lt;/Key&gt;&lt;Generation&gt;1536873093012621&lt;/Generation&gt;&lt;MetaGeneration&gt;1&lt;/MetaGeneration&gt;&lt;LastModified&gt;2018-09-13T21:11:33.012Z&lt;/LastModified&gt;&lt;ETag&gt;&quot;28d91b31311146250e7ef1afbcd6d026&quot;&lt;/ETag&gt;&lt;Size&gt;3583814&lt;/Size&gt;&lt;/Contents&gt;&lt;Contents&gt;&lt;Key&gt;2.42/notes.txt&lt;/Key&gt;&lt;Generation&gt;1536873789662914&lt;/Generation&gt;&lt;MetaGeneration&gt;1&lt;/MetaGeneration&gt;&lt;LastModified&gt;2018-09-13T21:23:09.662Z&lt;/LastModified&gt;&lt;ETag&gt;&quot;18bdf6fc9f9d8dd668fa444b77d06bdd&quot;&lt;/ETag&gt;&lt;Size&gt;17384&lt;/Size&gt;&lt;/Contents&gt;&lt;Contents&gt;&lt;Key&gt;2.43/chromedriver_linux64.zip&lt;/Key&gt;&lt;Generation&gt;1539744373125437&lt;/Generation&gt;&lt;MetaGeneration&gt;1&lt;/MetaGeneration&gt;&lt;LastModified&gt;2018-10-17T02:46:13.125Z&lt;/&quot;
00:06:11.000 [main] DEBUG org.apache.http.wire - http-outgoing-0 &lt;&lt; &quot;LastModified&gt;&lt;ETag&gt;&quot;1a67148288f4320e5125649f66e02962&quot;&lt;/ETag&gt;&lt;Size&gt;4083255&lt;/Size&gt;&lt;/Contents&gt;&lt;Contents&gt;&lt;Key&gt;2.43/chromedriver_mac64.zip&lt;/Key&gt;&lt;Generation&gt;1539749389312726&lt;/Generation&gt;&lt;MetaGeneration&gt;1&lt;/MetaGeneration&gt;&lt;LastModified&gt;2018-10-17T04:09:49.312Z&lt;/LastModified&gt;&lt;ETag&gt;&quot;249108ab937a3bf8ae8fd22366b1c208&quot;&lt;/ETag&gt;&lt;Size&gt;5987780&lt;/Size&gt;&lt;/Contents&gt;&lt;Contents&gt;&lt;Key&gt;2.43/chromedriver_win32.zip&lt;/Key&gt;&lt;Generation&gt;1539745310075445&lt;/Generation&gt;&lt;MetaGeneration&gt;1&lt;/MetaGeneration&gt;&lt;LastModified&gt;2018-10-17T03:01:50.075Z&lt;/LastModified&gt;&lt;ETag&gt;&quot;d238c157263ec7f668e0ea045f29f1b7&quot;&lt;/ETag&gt;&lt;Size&gt;3614625&lt;/Size&gt;&lt;/Contents&gt;&lt;Contents&gt;&lt;Key&gt;2.43/notes.txt&lt;/Key&gt;&lt;Generation&gt;1539752445087923&lt;/Generation&gt;&lt;MetaGeneration&gt;1&lt;/MetaGeneration&gt;&lt;LastModified&gt;2018-10-17T05:00:45.087Z&lt;/LastModified&gt;&lt;ETag&gt;&quot;a84902c9429641916b085a72ad5de724&quot;&lt;/ETag&gt;&lt;Size&gt;18830&lt;/Size&gt;&lt;/Contents&gt;&lt;Contents&gt;&lt;Key&gt;2.44/chromedriver_linux64.zip&lt;/Key&gt;&lt;Generation&gt;1542681642988084&lt;/Generation&gt;&lt;MetaGeneration&gt;1&lt;/MetaGeneration&gt;&lt;LastModified&gt;2018-11-20T02:40:42.987Z&lt;/LastModified&gt;&lt;ETag&gt;&quot;758486720c837d7dfd5973e4d4ba78b4&quot;&lt;/ETag&gt;&lt;Size&gt;5336023&lt;/Size&gt;&lt;/Contents&gt;&lt;Contents&gt;&lt;Key&gt;2.44/chromedriver_mac64.zip&lt;/Key&gt;&lt;Generation&gt;1542691504504029&lt;/Generation&gt;&lt;MetaGeneration&gt;1&lt;/MetaGeneration&gt;&lt;LastModified&gt;2018-11-20T05:25:04.503Z&lt;/LastModified&gt;&lt;ETag&gt;&quot;d5690b0fea5fd108e9b31e401725657d&quot;&lt;/ETag&gt;&lt;Size&gt;6909780&lt;/Size&gt;&lt;/Contents&gt;&lt;Contents&gt;&lt;Key&gt;2.44/chromedriver_win32.zip&lt;/Key&gt;&lt;Generation&gt;&quot;
00:06:11.001 [main] DEBUG org.apache.http.wire - http-outgoing-0 &lt;&lt; &quot;1542683724899354&lt;/Generation&gt;&lt;MetaGeneration&gt;1&lt;/MetaGeneration&gt;&lt;LastModified&gt;2018-11-20T03:15:24.899Z&lt;/LastModified&gt;&lt;ETag&gt;&quot;cf7c841cba2300d52092b1e8245e771a&quot;&lt;/ETag&gt;&lt;Size&gt;4574762&lt;/Size&gt;&lt;/Contents&gt;&lt;Contents&gt;&lt;Key&gt;2.44/notes.txt&lt;/Key&gt;&lt;Generation&gt;1542695268878969&lt;/Generation&gt;&lt;MetaGeneration&gt;1&lt;/MetaGeneration&gt;&lt;LastModified&gt;2018-11-20T06:27:48.878Z&lt;/LastModified&gt;&lt;ETag&gt;&quot;449e28ad93d4f9c0d9bdd8a7984931f2&quot;&lt;/ETag&gt;&lt;Size&gt;19540&lt;/Size&gt;&lt;/Contents&gt;&lt;Contents&gt;&lt;Key&gt;2.45/chromedriver_linux64.zip&lt;/Key&gt;&lt;Generation&gt;1544484022017823&lt;/Generation&gt;&lt;MetaGeneration&gt;1&lt;/MetaGeneration&gt;&lt;LastModified&gt;2018-12-10T23:20:22.017Z&lt;/LastModified&gt;&lt;ETag&gt;&quot;61c3484abc908c543b823cf42f58fc5d&quot;&lt;/ETag&gt;&lt;Size&gt;5390515&lt;/Size&gt;&lt;/Contents&gt;&lt;Contents&gt;&lt;Key&gt;2.45/chromedriver_mac64.zip&lt;/Key&gt;&lt;Generation&gt;1544501542648069&lt;/Generation&gt;&lt;MetaGeneration&gt;1&lt;/MetaGeneration&gt;&lt;LastModified&gt;2018-12-11T04:12:22.647Z&lt;/LastModified&gt;&lt;ETag&gt;&quot;9f6b235f30b6ea4579612273595c8301&quot;&lt;/ETag&gt;&lt;Size&gt;6952342&lt;/Size&gt;&lt;/Contents&gt;&lt;Contents&gt;&lt;Key&gt;2.45/chromedriver_win32.zip&lt;/Key&gt;&lt;Generation&gt;1544490640557413&lt;/Generation&gt;&lt;MetaGeneration&gt;1&lt;/MetaGeneration&gt;&lt;LastModified&gt;2018-12-11T01:10:40.557Z&lt;/LastModified&gt;&lt;ETag&gt;&quot;6ee964d7172fb8bcd8538ccb430b53ed&quot;&lt;/ETag&gt;&lt;Size&gt;4599757&lt;/Size&gt;&lt;/Contents&gt;&lt;Contents&gt;&lt;Key&gt;2.45/notes.txt&lt;/Key&gt;&lt;Generation&gt;1544505459620982&lt;/Generation&gt;&lt;MetaGeneration&gt;1&lt;/MetaGeneration&gt;&lt;LastModified&gt;2018-12-11T05:17:39.620Z&lt;/LastModified&gt;&lt;ETag&gt;&quot;d98475f7fad0a16aa0543c01defa518c&quot;&lt;/ETag&gt;&lt;&quot;
00:06:11.002 [main] DEBUG org.apache.http.wire - http-outgoing-0 &lt;&lt; &quot;Size&gt;20391&lt;/Size&gt;&lt;/Contents&gt;&lt;Contents&gt;&lt;Key&gt;2.46/chromedriver_linux64.zip&lt;/Key&gt;&lt;Generation&gt;1549048944041234&lt;/Generation&gt;&lt;MetaGeneration&gt;1&lt;/MetaGeneration&gt;&lt;LastModified&gt;2019-02-01T19:22:24.040Z&lt;/LastModified&gt;&lt;ETag&gt;&quot;f63b50301dbce2335cdd442642d7efa0&quot;&lt;/ETag&gt;&lt;Size&gt;5404417&lt;/Size&gt;&lt;/Contents&gt;&lt;Contents&gt;&lt;Key&gt;2.46/chromedriver_mac64.zip&lt;/Key&gt;&lt;Generation&gt;1549056933184378&lt;/Generation&gt;&lt;MetaGeneration&gt;1&lt;/MetaGeneration&gt;&lt;LastModified&gt;2019-02-01T21:35:33.184Z&lt;/LastModified&gt;&lt;ETag&gt;&quot;e287cfb628fbd9f6092ddd0353cbddaf&quot;&lt;/ETag&gt;&lt;Size&gt;7057233&lt;/Size&gt;&lt;/Contents&gt;&lt;Contents&gt;&lt;Key&gt;2.46/chromedriver_win32.zip&lt;/Key&gt;&lt;Generation&gt;1549056053033499&lt;/Generation&gt;&lt;MetaGeneration&gt;1&lt;/MetaGeneration&gt;&lt;LastModified&gt;2019-02-01T21:20:53.033Z&lt;/LastModified&gt;&lt;ETag&gt;&quot;d498f2bb7a14216b235f122a615df07a&quot;&lt;/ETag&gt;&lt;Size&gt;4631571&lt;/Size&gt;&lt;/Contents&gt;&lt;Contents&gt;&lt;Key&gt;2.46/notes.txt&lt;/Key&gt;&lt;Generation&gt;1549057268379781&lt;/Generation&gt;&lt;MetaGeneration&gt;1&lt;/MetaGener&quot;
00:06:11.002 [main] DEBUG org.apache.http.wire - http-outgoing-0 &lt;&lt; &quot;ation&gt;&lt;LastModified&gt;2019-02-01T21:41:08.379Z&lt;/LastModified&gt;&lt;ETag&gt;&quot;3cee5a7e5102a1fe996a7bb84c52983f&quot;&lt;/ETag&gt;&lt;Size&gt;21740&lt;/Size&gt;&lt;/Contents&gt;&lt;Contents&gt;&lt;Key&gt;2.5/chromedriver_linux32.zip&lt;/Key&gt;&lt;Generation&gt;1383328918259000&lt;/Generation&gt;&lt;MetaGeneration&gt;3&lt;/MetaGeneration&gt;&lt;LastModified&gt;2013-11-01T18:01:58.116Z&lt;/LastModified&gt;&lt;ETag&gt;&quot;aa61a13c88349be12750d339c7798dc7&quot;&lt;/ETag&gt;&lt;Size&gt;7389184&lt;/Size&gt;&lt;/Contents&gt;&lt;Contents&gt;&lt;Key&gt;2.5/chromedriver_linux64.zip&lt;/Key&gt;&lt;Generation&gt;1383329673456000&lt;/Generation&gt;&lt;MetaGeneration&gt;3&lt;/MetaGeneration&gt;&lt;LastModified&gt;2013-11-01T18:14:33.324Z&lt;/LastModified&gt;&lt;ETag&gt;&quot;2a45ca3b32bd1685bb796eeb564e9fc8&quot;&lt;/ETag&gt;&lt;Size&gt;7558132&lt;/Size&gt;&lt;/Contents&gt;&lt;Contents&gt;&lt;Key&gt;2.5/chromedriver_mac32.zip&lt;/Key&gt;&lt;Generation&gt;1383330102006000&lt;/Generation&gt;&lt;MetaGeneration&gt;3&lt;/MetaGeneration&gt;&lt;LastModified&gt;2013-11-01T18:21:41.920Z&lt;/LastModified&gt;&lt;ETag&gt;&quot;9569eb890c607db2b9ba65d451332b38&quot;&lt;/ETag&gt;&lt;Size&gt;7748945&lt;/Size&gt;&lt;/Contents&gt;&lt;Contents&gt;&lt;Key&gt;2.5/notes.txt&lt;/Key&gt;&lt;Generation&gt;1383599180707000&lt;/Generation&gt;&lt;MetaGeneration&gt;3&lt;/MetaGeneration&gt;&lt;LastModified&gt;2013-11-04T21:06:20.707Z&lt;/LastModified&gt;&lt;ETag&gt;&quot;7908cf40321cbd45fd0486545cbcf471&quot;&lt;/ETag&gt;&lt;Size&gt;1472&lt;/Size&gt;&lt;/Contents&gt;&lt;Contents&gt;&lt;Key&gt;2.6/chromedriver_linux32.zip&lt;/Key&gt;&lt;Generation&gt;1383635603103000&lt;/Generation&gt;&lt;MetaGeneration&gt;3&lt;/MetaGeneration&gt;&lt;LastModified&gt;2013-11-05T07:13:23.018Z&lt;/LastModified&gt;&lt;ETag&gt;&quot;007bbff965cb4be6fe7734236b5afd52&quot;&lt;/ETag&gt;&lt;Size&gt;7402921&lt;/Size&gt;&lt;/Contents&gt;&lt;Contents&gt;&lt;Key&gt;2.6&quot;
00:06:11.003 [main] DEBUG org.apache.http.wire - http-outgoing-0 &lt;&lt; &quot;/chromedriver_linux64.zip&lt;/Key&gt;&lt;Generation&gt;1383637204372000&lt;/Generation&gt;&lt;MetaGeneration&gt;3&lt;/MetaGeneration&gt;&lt;LastModified&gt;2013-11-05T07:40:04.302Z&lt;/LastModified&gt;&lt;ETag&gt;&quot;0dbc5606c8481f8ae9775d1a27c3a8a5&quot;&lt;/ETag&gt;&lt;Size&gt;7571534&lt;/Size&gt;&lt;/Contents&gt;&lt;Contents&gt;&lt;Key&gt;2.6/chromedriver_mac32.zip&lt;/Key&gt;&lt;Generation&gt;1383634780220000&lt;/Generation&gt;&lt;MetaGeneration&gt;3&lt;/MetaGeneration&gt;&lt;LastModified&gt;2013-11-05T06:59:40.106Z&lt;/LastModified&gt;&lt;ETag&gt;&quot;648f6fad997ff0bc9e177cf2ad3963f4&quot;&lt;/ETag&gt;&lt;Size&gt;7760366&lt;/Size&gt;&lt;/Contents&gt;&lt;Contents&gt;&lt;Key&gt;2.6/chromedriver_win32.zip&lt;/Key&gt;&lt;Generation&gt;1383754521029000&lt;/Generation&gt;&lt;MetaGeneration&gt;3&lt;/MetaGeneration&gt;&lt;LastModified&gt;2013-11-06T16:15:20.926Z&lt;/LastModified&gt;&lt;ETag&gt;&quot;48f8d2462e44b8d06f88ff56857620c0&quot;&lt;/ETag&gt;&lt;Size&gt;3078771&lt;/Size&gt;&lt;/Contents&gt;&lt;Contents&gt;&lt;Key&gt;2.6/chromedriver_win32_debug.zip&lt;/Key&gt;&lt;Generation&gt;1384201923119000&lt;/Generation&gt;&lt;MetaGeneration&gt;3&lt;/MetaGeneration&gt;&lt;LastModified&gt;2013-11-11T20:32:03.031Z&lt;/LastModified&gt;&lt;ETag&gt;&quot;6b6229f734d787f3c7d787097738376d&quot;&lt;/ETag&gt;&lt;Size&gt;5695292&lt;/Size&gt;&lt;/Contents&gt;&lt;Contents&gt;&lt;Key&gt;2.6/chromedriver_win32_debug_symbols.zip&lt;/Key&gt;&lt;Generation&gt;1384202252694000&lt;/Generation&gt;&lt;MetaGeneration&gt;3&lt;/MetaGeneration&gt;&lt;LastModified&gt;2013-11-11T20:37:32.632Z&lt;/LastModified&gt;&lt;ETag&gt;&quot;d2ee47c2c6b6bdcd165ccd10cfebdd6b&quot;&lt;/ETag&gt;&lt;Size&gt;17758457&lt;/Size&gt;&lt;/Contents&gt;&lt;Contents&gt;&lt;Key&gt;2.6/notes.txt&lt;/Key&gt;&lt;Generation&gt;1383634792719000&lt;/Generation&gt;&lt;MetaGeneration&gt;3&lt;/MetaGeneration&gt;&lt;LastModified&gt;2013-11-05T06:5&quot;
00:06:11.003 [main] DEBUG org.apache.http.wire - http-outgoing-0 &lt;&lt; &quot;9:52.718Z&lt;/LastModified&gt;&lt;ETag&gt;&quot;e995b11e4ec35c7f2d83da95e27cb092&quot;&lt;/ETag&gt;&lt;Size&gt;1709&lt;/Size&gt;&lt;/Contents&gt;&lt;Contents&gt;&lt;Key&gt;2.7/chromedriver_linux32.zip&lt;/Key&gt;&lt;Generation&gt;1385161322161000&lt;/Generation&gt;&lt;MetaGeneration&gt;3&lt;/MetaGeneration&gt;&lt;LastModified&gt;2013-11-22T23:02:01.944Z&lt;/LastModified&gt;&lt;ETag&gt;&quot;f054ab7718126c55daa73dd8b13d10bf&quot;&lt;/ETag&gt;&lt;Size&gt;7421106&lt;/Size&gt;&lt;/Contents&gt;&lt;Contents&gt;&lt;Key&gt;2.7/chromedriver_linux64.zip&lt;/Key&gt;&lt;Generation&gt;1385164463398000&lt;/Generation&gt;&lt;MetaGeneration&gt;3&lt;/MetaGeneration&gt;&lt;LastModified&gt;2013-11-22T23:54:23.305Z&lt;/LastModified&gt;&lt;ETag&gt;&quot;07e80e731ee84bc16834c36142d03b8e&quot;&lt;/ETag&gt;&lt;Size&gt;7591999&lt;/Size&gt;&lt;/Contents&gt;&lt;Contents&gt;&lt;Key&gt;2.7/chromedriver_mac32.zip&lt;/Key&gt;&lt;Generation&gt;1385167061738000&lt;/Generation&gt;&lt;MetaGeneration&gt;3&lt;/MetaGeneration&gt;&lt;LastModified&gt;2013-11-23T00:37:41.700Z&lt;/LastModified&gt;&lt;ETag&gt;&quot;7a548bf2d0802a9ea6b9425d682d40a5&quot;&lt;/ETag&gt;&lt;Size&gt;8508628&lt;/Size&gt;&lt;/Contents&gt;&lt;Contents&gt;&lt;Key&gt;2.7/chromedriver_win32.zip&lt;/Key&gt;&lt;Generation&gt;1385212708709000&lt;/Generation&gt;&lt;MetaGeneration&gt;3&lt;/MetaGeneration&gt;&lt;LastModified&gt;2013-11-23T13:18:28.523Z&lt;/LastModified&gt;&lt;ETag&gt;&quot;f9b86861545951bd24da0235f9793f67&quot;&lt;/ETag&gt;&lt;Size&gt;3098586&lt;/Size&gt;&lt;/Contents&gt;&lt;Contents&gt;&lt;Key&gt;2.7/notes.txt&lt;/Key&gt;&lt;Generation&gt;1385161329240000&lt;/Generation&gt;&lt;MetaGeneration&gt;3&lt;/MetaGeneration&gt;&lt;LastModified&gt;2013-11-22T23:02:09.240Z&lt;/LastModified&gt;&lt;ETag&gt;&quot;8da18f0b553807a79265aabca9929bd3&quot;&lt;/ETag&gt;&lt;Size&gt;2101&lt;/Size&gt;&lt;/Contents&gt;&lt;Contents&gt;&lt;Key&gt;2.8/chromedriver_linux32.zip&lt;/Key&gt;&lt;Genera&quot;
00:06:11.004 [main] DEBUG org.apache.http.wire - http-outgoing-0 &lt;&lt; &quot;tion&gt;1387237269881000&lt;/Generation&gt;&lt;MetaGeneration&gt;3&lt;/MetaGeneration&gt;&lt;LastModified&gt;2013-12-16T23:41:09.841Z&lt;/LastModified&gt;&lt;ETag&gt;&quot;8db373d7cd45a4a188519041ccf271db&quot;&lt;/ETag&gt;&lt;Size&gt;7448193&lt;/Size&gt;&lt;/Contents&gt;&lt;Contents&gt;&lt;Key&gt;2.8/chromedriver_linux64.zip&lt;/Key&gt;&lt;Generation&gt;1387242132675000&lt;/Generation&gt;&lt;MetaGeneration&gt;3&lt;/MetaGeneration&gt;&lt;LastModified&gt;2013-12-17T01:02:12.644Z&lt;/LastModified&gt;&lt;ETag&gt;&quot;72a3eacd74b6e3d67d4871a747ecbeb2&quot;&lt;/ETag&gt;&lt;Size&gt;7617490&lt;/Size&gt;&lt;/Contents&gt;&lt;Contents&gt;&lt;Key&gt;2.8/chromedriver_mac32.zip&lt;/Key&gt;&lt;Generation&gt;1387237940606000&lt;/Generation&gt;&lt;MetaGeneration&gt;3&lt;/MetaGeneration&gt;&lt;LastModified&gt;2013-12-16T23:52:20.600Z&lt;/LastModified&gt;&lt;ETag&gt;&quot;ba1ecf067859bd9de4720e63163d5dce&quot;&lt;/ETag&gt;&lt;Size&gt;8511020&lt;/Size&gt;&lt;/Contents&gt;&lt;Contents&gt;&lt;Key&gt;2.8/chromedriver_win32.zip&lt;/Key&gt;&lt;Generation&gt;1387272096383000&lt;/Generation&gt;&lt;MetaGeneration&gt;3&lt;/MetaGeneration&gt;&lt;LastModified&gt;2013-12-17T09:21:36.370Z&lt;/LastModified&gt;&lt;ETag&gt;&quot;209236a3fc361f06c0bf8554010fc231&quot;&lt;/ETag&gt;&lt;Size&gt;3105633&lt;/Size&gt;&lt;/Contents&gt;&lt;Contents&gt;&lt;Key&gt;2.8/notes.txt&lt;/Key&gt;&lt;Generation&gt;1387237276818000&lt;/Generation&gt;&lt;MetaGeneration&gt;3&lt;/MetaGeneration&gt;&lt;LastModified&gt;2013-12-16T23:41:16.818Z&lt;/LastModified&gt;&lt;ETag&gt;&quot;a91291cc556ed0d44f5e252a79e0cfa1&quot;&lt;/ETag&gt;&lt;Size&gt;2632&lt;/Size&gt;&lt;/Contents&gt;&lt;Contents&gt;&lt;Key&gt;2.9/chromedriver_linux32.zip&lt;/Key&gt;&lt;Generation&gt;1391418710616000&lt;/Generation&gt;&lt;MetaGeneration&gt;3&lt;/MetaGeneration&gt;&lt;LastModified&gt;2014-02-03T09:11:50.536Z&lt;/LastModified&gt;&lt;ETag&gt;&quot;780c12bf34d4f4029b7586b927b&quot;
00:06:11.004 [main] DEBUG org.apache.http.wire - http-outgoing-0 &lt;&lt; &quot;1fa69&quot;&lt;/ETag&gt;&lt;Size&gt;2405487&lt;/Size&gt;&lt;/Contents&gt;&lt;Contents&gt;&lt;Key&gt;2.9/chromedriver_linux64.zip&lt;/Key&gt;&lt;Generation&gt;1391418733835000&lt;/Generation&gt;&lt;MetaGeneration&gt;3&lt;/MetaGeneration&gt;&lt;LastModified&gt;2014-02-03T09:12:13.790Z&lt;/LastModified&gt;&lt;ETag&gt;&quot;e2e44f064ecb69ec5b6f1b80f3d13c93&quot;&lt;/ETag&gt;&lt;Size&gt;2264246&lt;/Size&gt;&lt;/Contents&gt;&lt;Contents&gt;&lt;Key&gt;2.9/chromedriver_mac32.zip&lt;/Key&gt;&lt;Generation&gt;1391226207130000&lt;/Generation&gt;&lt;MetaGeneration&gt;3&lt;/MetaGeneration&gt;&lt;LastModified&gt;2014-02-01T03:43:26.983Z&lt;/LastModified&gt;&lt;ETag&gt;&quot;d33f5bbea74968610b5face51a533419&quot;&lt;/ETag&gt;&lt;Size&gt;4454627&lt;/Size&gt;&lt;/Contents&gt;&lt;Contents&gt;&lt;Key&gt;2.9/chromedriver_win32.zip&lt;/Key&gt;&lt;Generation&gt;1391772187327000&lt;/Generation&gt;&lt;MetaGeneration&gt;3&lt;/MetaGeneration&gt;&lt;LastModified&gt;2014-02-07T11:23:07.160Z&lt;/LastModified&gt;&lt;ETag&gt;&quot;ef6a4819563ef993c3aac8f229c0ca91&quot;&lt;/ETag&gt;&lt;Size&gt;3147400&lt;/Size&gt;&lt;/Contents&gt;&lt;Contents&gt;&lt;Key&gt;2.9/notes.txt&lt;/Key&gt;&lt;Generation&gt;1391222453787000&lt;/Generation&gt;&lt;MetaGeneration&gt;3&lt;/MetaGeneration&gt;&lt;LastModified&gt;2014-02-01T02:40:53.787Z&lt;/LastModified&gt;&lt;ETag&gt;&quot;e1ccebcc93e7f295cf6e5a187ca1b3f3&quot;&lt;/ETag&gt;&lt;Size&gt;3697&lt;/Size&gt;&lt;/Contents&gt;&lt;Contents&gt;&lt;Key&gt;70.0.3538.16/chromedriver_linux64.zip&lt;/Key&gt;&lt;Generation&gt;1537228578852463&lt;/Generation&gt;&lt;MetaGeneration&gt;1&lt;/MetaGeneration&gt;&lt;LastModified&gt;2018-09-17T23:56:18.852Z&lt;/LastModified&gt;&lt;ETag&gt;&quot;aa7bb2d4a516464162c97ab62d676b88&quot;&lt;/ETag&gt;&lt;Size&gt;3637278&lt;/Size&gt;&lt;/Contents&gt;&lt;Contents&gt;&lt;Key&gt;70.0.3538.16/chromedriver_mac64.zip&lt;/Key&gt;&lt;Generation&gt;1537228580401426&lt;/Generation&gt;&lt;Meta&quot;
00:06:11.005 [main] DEBUG org.apache.http.wire - http-outgoing-0 &lt;&lt; &quot;Generation&gt;1&lt;/MetaGeneration&gt;&lt;LastModified&gt;2018-09-17T23:56:20.401Z&lt;/LastModified&gt;&lt;ETag&gt;&quot;4d01ffac43d8e63a6bb334dbb99010c0&quot;&lt;/ETag&gt;&lt;Size&gt;5935851&lt;/Size&gt;&lt;/Contents&gt;&lt;Contents&gt;&lt;Key&gt;70.0.3538.16/chromedriver_win32.zip&lt;/Key&gt;&lt;Generation&gt;1537228581777336&lt;/Generation&gt;&lt;MetaGeneration&gt;1&lt;/MetaGeneration&gt;&lt;LastModified&gt;2018-09-17T23:56:21.776Z&lt;/LastModified&gt;&lt;ETag&gt;&quot;ed2a5a850121af095a61b816319cf42b&quot;&lt;/ETag&gt;&lt;Size&gt;3536229&lt;/Size&gt;&lt;/Contents&gt;&lt;Contents&gt;&lt;Key&gt;70.0.3538.67/chromedriver_linux64.zip&lt;/Key&gt;&lt;Generation&gt;1539793394140824&lt;/Generation&gt;&lt;MetaGeneration&gt;1&lt;/MetaGeneration&gt;&lt;LastModified&gt;2018-10-17T16:23:14.140Z&lt;/LastModified&gt;&lt;ETag&gt;&quot;33059ab16448402ed2e6bdd302ed1aa2&quot;&lt;/ETag&gt;&lt;Size&gt;3639590&lt;/Size&gt;&lt;/Contents&gt;&lt;Contents&gt;&lt;Key&gt;70.0.3538.67/chromedriver_mac64.zip&lt;/Key&gt;&lt;Generation&gt;1539793395562598&lt;/Generation&gt;&lt;MetaGeneration&gt;1&lt;/MetaGeneration&gt;&lt;LastModified&gt;2018-10-17T16:23:15.562Z&lt;/LastModified&gt;&lt;ETag&gt;&quot;c69c48e41dd22e31d4054506a0696672&quot;&lt;/ETag&gt;&lt;Size&gt;5936605&lt;/Size&gt;&lt;/Contents&gt;&lt;Contents&gt;&lt;Key&gt;70.0.3538.67/chromedriver_win32.zip&lt;/Key&gt;&lt;Generation&gt;1539793396943249&lt;/Generation&gt;&lt;MetaGeneration&gt;1&lt;/MetaGeneration&gt;&lt;LastModified&gt;2018-10-17T16:23:16.942Z&lt;/LastModified&gt;&lt;ETag&gt;&quot;5d7c2f0aa152608a100d8483db5417fa&quot;&lt;/ETag&gt;&lt;Size&gt;3537147&lt;/Size&gt;&lt;/Contents&gt;&lt;Contents&gt;&lt;Key&gt;70.0.3538.97/chromedriver_linux64.zip&lt;/Key&gt;&lt;Generation&gt;1541488743877715&lt;/Generation&gt;&lt;MetaGeneration&gt;1&lt;/MetaGeneration&gt;&lt;LastModified&gt;2018-11-06T07:19:03.877Z&lt;/LastModified&gt;&lt;ETag&gt;&quot;8f10b&quot;
00:06:11.009 [main] DEBUG org.apache.http.wire - http-outgoing-0 &lt;&lt; &quot;cf955a106305de082a34558e738&quot;&lt;/ETag&gt;&lt;Size&gt;3640017&lt;/Size&gt;&lt;/Contents&gt;&lt;Contents&gt;&lt;Key&gt;70.0.3538.97/chromedriver_mac64.zip&lt;/Key&gt;&lt;Generation&gt;1541488745383885&lt;/Generation&gt;&lt;MetaGeneration&gt;1&lt;/MetaGeneration&gt;&lt;LastModified&gt;2018-11-06T07:19:05.383Z&lt;/LastModified&gt;&lt;ETag&gt;&quot;1bfa75f3a3482147403eb5e309858cc1&quot;&lt;/ETag&gt;&lt;Size&gt;5939993&lt;/Size&gt;&lt;/Contents&gt;&lt;Contents&gt;&lt;Key&gt;70.0.3538.97/chromedriver_win32.zip&lt;/Key&gt;&lt;Generation&gt;1541488747021615&lt;/Generation&gt;&lt;MetaGeneration&gt;1&lt;/MetaGeneration&gt;&lt;LastModified&gt;2018-11-06T07:19:07.021Z&lt;/LastModified&gt;&lt;ETag&gt;&quot;054d108aed4f364085a19d1089389f05&quot;&lt;/ETag&gt;&lt;Size&gt;3539215&lt;/Size&gt;&lt;/Contents&gt;&lt;Contents&gt;&lt;Key&gt;71.0.3578.137/chromedriver_linux64.zip&lt;/Key&gt;&lt;Generation&gt;1548099339578509&lt;/Generation&gt;&lt;MetaGeneration&gt;1&lt;/MetaGeneration&gt;&lt;LastModified&gt;2019-01-21T19:35:39.578Z&lt;/LastModified&gt;&lt;ETag&gt;&quot;de074eedbd3d1346a89d86e85f33fd7f&quot;&lt;/ETag&gt;&lt;Size&gt;3697329&lt;/Size&gt;&lt;/Contents&gt;&lt;Contents&gt;&lt;Key&gt;71.0.3578.137/chromedriver_mac64.zip&lt;/Key&gt;&lt;Generation&gt;1548099341078193&lt;/Generation&gt;&lt;MetaGeneration&gt;1&lt;/MetaGeneration&gt;&lt;LastModified&gt;2019-01-21T19:35:41.077Z&lt;/LastModified&gt;&lt;ETag&gt;&quot;ddd162b56b7eae351d15853543584ba0&quot;&lt;/ETag&gt;&lt;Size&gt;5978768&lt;/Size&gt;&lt;/Contents&gt;&lt;Contents&gt;&lt;Key&gt;71.0.3578.137/chromedriver_win32.zip&lt;/Key&gt;&lt;Generation&gt;1548099342601204&lt;/Generation&gt;&lt;MetaGeneration&gt;1&lt;/MetaGeneration&gt;&lt;LastModified&gt;2019-01-21T19:35:42.600Z&lt;/LastModified&gt;&lt;ETag&gt;&quot;0d6a6885b5af7a45a8bd27544bbfc591&quot;&lt;/ETag&gt;&lt;Size&gt;3586381&lt;/Size&gt;&lt;/Contents&gt;&lt;Contents&gt;&lt;Key&gt;71.0.3578.30&quot;
00:06:11.009 [main] DEBUG org.apache.http.wire - http-outgoing-0 &lt;&lt; &quot;/chromedriver_linux64.zip&lt;/Key&gt;&lt;Generation&gt;1541106165154991&lt;/Generation&gt;&lt;MetaGeneration&gt;1&lt;/MetaGeneration&gt;&lt;LastModified&gt;2018-11-01T21:02:45.154Z&lt;/LastModified&gt;&lt;ETag&gt;&quot;7ddb1d64f4ee22be582ce78a92700363&quot;&lt;/ETag&gt;&lt;Size&gt;3694605&lt;/Size&gt;&lt;/Contents&gt;&lt;Contents&gt;&lt;Key&gt;71.0.3578.30/chromedriver_mac64.zip&lt;/Key&gt;&lt;Generation&gt;1541106166806633&lt;/Generation&gt;&lt;MetaGeneration&gt;1&lt;/MetaGeneration&gt;&lt;LastModified&gt;2018-11-01T21:02:46.806Z&lt;/LastModified&gt;&lt;ETag&gt;&quot;b631f755a1f37a0ee579b04447406da9&quot;&lt;/ETag&gt;&lt;Size&gt;5976275&lt;/Size&gt;&lt;/Contents&gt;&lt;Contents&gt;&lt;Key&gt;71.0.3578.30/chromedriver_win32.zip&lt;/Key&gt;&lt;Generation&gt;1541106168245553&lt;/Generation&gt;&lt;MetaGeneration&gt;1&lt;/MetaGeneration&gt;&lt;LastModified&gt;2018-11-01T21:02:48.245Z&lt;/LastModified&gt;&lt;ETag&gt;&quot;abe476040e3c2bcd040051e352d3a0a5&quot;&lt;/ETag&gt;&lt;Size&gt;3585131&lt;/Size&gt;&lt;/Contents&gt;&lt;Contents&gt;&lt;Key&gt;71.0.3578.33/chromedriver_linux64.zip&lt;/Key&gt;&lt;Generation&gt;1541175323660135&lt;/Generation&gt;&lt;MetaGeneration&gt;1&lt;/MetaGeneration&gt;&lt;LastModified&gt;2018-11-02T16:15:23.659Z&lt;/LastModified&gt;&lt;ETag&gt;&quot;e08ace3c4584a39c4d6fcd9992205135&quot;&lt;/ETag&gt;&lt;Size&gt;3695570&lt;/Size&gt;&lt;/Contents&gt;&lt;Contents&gt;&lt;Key&gt;71.0.3578.33/chromedriver_mac64.zip&lt;/Key&gt;&lt;Generation&gt;1541175325080431&lt;/Generation&gt;&lt;MetaGeneration&gt;1&lt;/MetaGeneration&gt;&lt;LastModified&gt;2018-11-02T16:15:25.079Z&lt;/LastModified&gt;&lt;ETag&gt;&quot;44665175f70fe1a2054da294cf19f827&quot;&lt;/ETag&gt;&lt;Size&gt;5976914&lt;/Size&gt;&lt;/Contents&gt;&lt;Contents&gt;&lt;Key&gt;71.0.3578.33/chromedriver_win32.zip&lt;/Key&gt;&lt;Generation&gt;1541175326448038&lt;/Generation&gt;&lt;MetaGeneration&gt;1&lt;/MetaG&quot;
00:06:11.009 [main] DEBUG org.apache.http.wire - http-outgoing-0 &lt;&lt; &quot;eneration&gt;&lt;LastModified&gt;2018-11-02T16:15:26.447Z&lt;/LastModified&gt;&lt;ETag&gt;&quot;9cbdcbbc72656b8d7aee740f06a86ac3&quot;&lt;/ETag&gt;&lt;Size&gt;3586505&lt;/Size&gt;&lt;/Contents&gt;&lt;Contents&gt;&lt;Key&gt;71.0.3578.80/chromedriver_linux64.zip&lt;/Key&gt;&lt;Generation&gt;1544555442607345&lt;/Generation&gt;&lt;MetaGeneration&gt;1&lt;/MetaGeneration&gt;&lt;LastModified&gt;2018-12-11T19:10:42.607Z&lt;/LastModified&gt;&lt;ETag&gt;&quot;2e9fedf0a202061e91ad6c7c6a39bd7e&quot;&lt;/ETag&gt;&lt;Size&gt;3696055&lt;/Size&gt;&lt;/Contents&gt;&lt;Contents&gt;&lt;Key&gt;71.0.3578.80/chromedriver_mac64.zip&lt;/Key&gt;&lt;Generation&gt;1544555444105420&lt;/Generation&gt;&lt;MetaGeneration&gt;1&lt;/MetaGeneration&gt;&lt;LastModified&gt;2018-12-11T19:10:44.105Z&lt;/LastModified&gt;&lt;ETag&gt;&quot;e39bdc1909c3432fdae36a9a65e43604&quot;&lt;/ETag&gt;&lt;Size&gt;5976167&lt;/Size&gt;&lt;/Contents&gt;&lt;Contents&gt;&lt;Key&gt;71.0.3578.80/chromedriver_win32.zip&lt;/Key&gt;&lt;Generation&gt;1544555445645051&lt;/Generation&gt;&lt;MetaGeneration&gt;1&lt;/MetaGeneration&gt;&lt;LastModified&gt;2018-12-11T19:10:45.644Z&lt;/LastModified&gt;&lt;ETag&gt;&quot;1768dfec46d21b980fd0cd8e5f4aae99&quot;&lt;/ETag&gt;&lt;Size&gt;3588192&lt;/Size&gt;&lt;/Contents&gt;&lt;Contents&gt;&lt;Key&gt;72.0.3626.69/chromedriver_linux64.zip&lt;/Key&gt;&lt;Generation&gt;1548141701137622&lt;/Generation&gt;&lt;MetaGeneration&gt;1&lt;/MetaGeneration&gt;&lt;LastModified&gt;2019-01-22T07:21:41.137Z&lt;/LastModified&gt;&lt;ETag&gt;&quot;902a5fae03b63cc6deeb750d63211f67&quot;&lt;/ETag&gt;&lt;Size&gt;5040584&lt;/Size&gt;&lt;/Contents&gt;&lt;Contents&gt;&lt;Key&gt;72.0.3626.69/chromedriver_mac64.zip&lt;/Key&gt;&lt;Generation&gt;1548141702748580&lt;/Generation&gt;&lt;MetaGeneration&gt;1&lt;/MetaGeneration&gt;&lt;LastModified&gt;2019-01-22T07:21:42.748Z&lt;/LastModified&gt;&lt;ETag&gt;&quot;8ce656dcb0a145ffb887eb08&quot;
00:06:11.010 [main] DEBUG org.apache.http.wire - http-outgoing-0 &lt;&lt; &quot;a1806723&quot;&lt;/ETag&gt;&lt;Size&gt;6908476&lt;/Size&gt;&lt;/Contents&gt;&lt;Contents&gt;&lt;Key&gt;72.0.3626.69/chromedriver_win32.zip&lt;/Key&gt;&lt;Generation&gt;1548141704112020&lt;/Generation&gt;&lt;MetaGeneration&gt;1&lt;/MetaGeneration&gt;&lt;LastModified&gt;2019-01-22T07:21:44.111Z&lt;/LastModified&gt;&lt;ETag&gt;&quot;09af2515e314569d11636efc72a7597b&quot;&lt;/ETag&gt;&lt;Size&gt;4591587&lt;/Size&gt;&lt;/Contents&gt;&lt;Contents&gt;&lt;Key&gt;72.0.3626.7/chromedriver_linux64.zip&lt;/Key&gt;&lt;Generation&gt;1544555385570586&lt;/Generation&gt;&lt;MetaGeneration&gt;1&lt;/MetaGeneration&gt;&lt;LastModified&gt;2018-12-11T19:09:45.570Z&lt;/LastModified&gt;&lt;ETag&gt;&quot;b25373e06303ed3f994f459e007633e0&quot;&lt;/ETag&gt;&lt;Size&gt;5035783&lt;/Size&gt;&lt;/Contents&gt;&lt;Contents&gt;&lt;Key&gt;72.0.3626.7/chromedriver_mac64.zip&lt;/Key&gt;&lt;Generation&gt;1544555387031824&lt;/Generation&gt;&lt;MetaGeneration&gt;1&lt;/MetaGeneration&gt;&lt;LastModified&gt;2018-12-11T19:09:47.031Z&lt;/LastModified&gt;&lt;ETag&gt;&quot;c18ac5f9dba6e5a7a2e77841ec6805f0&quot;&lt;/ETag&gt;&lt;Size&gt;6905675&lt;/Size&gt;&lt;/Contents&gt;&lt;Contents&gt;&lt;Key&gt;72.0.3626.7/chromedriver_win32.zip&lt;/Key&gt;&lt;Generation&gt;1544555388417525&lt;/Generation&gt;&lt;MetaGeneration&gt;1&lt;/MetaGeneration&gt;&lt;LastModified&gt;2018-12-11T19:09:48.417Z&lt;/LastModified&gt;&lt;ETag&gt;&quot;2f30c651ba034444aede3724979d2d46&quot;&lt;/ETag&gt;&lt;Size&gt;4588757&lt;/Size&gt;&lt;/Contents&gt;&lt;Contents&gt;&lt;Key&gt;73.0.3683.20/chromedriver_linux64.zip&lt;/Key&gt;&lt;Generation&gt;1549481045478350&lt;/Generation&gt;&lt;MetaGeneration&gt;1&lt;/MetaGeneration&gt;&lt;LastModified&gt;2019-02-06T19:24:05.478Z&lt;/LastModified&gt;&lt;ETag&gt;&quot;0bb4f8f1fdacac21a6cd9cc2fc5b75d8&quot;&lt;/ETag&gt;&lt;Size&gt;5010361&lt;/Size&gt;&lt;/Contents&gt;&lt;Contents&gt;&lt;Key&gt;73.0.3683.20/chromedriver_mac64.zip&quot;
00:06:11.010 [main] DEBUG org.apache.http.wire - http-outgoing-0 &lt;&lt; &quot;&lt;/Key&gt;&lt;Generation&gt;1549481047300351&lt;/Generation&gt;&lt;MetaGeneration&gt;1&lt;/MetaGeneration&gt;&lt;LastModified&gt;2019-02-06T19:24:07.300Z&lt;/LastModified&gt;&lt;ETag&gt;&quot;0fb2fafcc55dbfff92ba4efa0401af3d&quot;&lt;/ETag&gt;&lt;Size&gt;6987611&lt;/Size&gt;&lt;/Contents&gt;&lt;Contents&gt;&lt;Key&gt;73.0.3683.20/chromedriver_win32.zip&lt;/Key&gt;&lt;Generation&gt;1549481048801291&lt;/Generation&gt;&lt;MetaGeneration&gt;1&lt;/MetaGeneration&gt;&lt;LastModified&gt;2019-02-06T19:24:08.801Z&lt;/LastModified&gt;&lt;ETag&gt;&quot;83650e1cc5da6641e1257a10ea1bac6c&quot;&lt;/ETag&gt;&lt;Size&gt;4587131&lt;/Size&gt;&lt;/Contents&gt;&lt;Contents&gt;&lt;Key&gt;73.0.3683.20/notes.txt&lt;/Key&gt;&lt;Generation&gt;1549481402159525&lt;/Generation&gt;&lt;MetaGeneration&gt;1&lt;/MetaGeneration&gt;&lt;LastModified&gt;2019-02-06T19:30:02.159Z&lt;/LastModified&gt;&lt;ETag&gt;&quot;3560c78d1f7ad5606a9b397d989a8547&quot;&lt;/ETag&gt;&lt;Size&gt;1147&lt;/Size&gt;&lt;/Contents&gt;&lt;Contents&gt;&lt;Key&gt;73.0.3683.68/chromedriver_linux64.zip&lt;/Key&gt;&lt;Generation&gt;1551998094837807&lt;/Generation&gt;&lt;MetaGeneration&gt;1&lt;/MetaGeneration&gt;&lt;LastModified&gt;2019-03-07T22:34:54.837Z&lt;/LastModified&gt;&lt;ETag&gt;&quot;16d6ef61ff19649df9251d742ed85c62&quot;&lt;/ETag&gt;&lt;Size&gt;5008482&lt;/Size&gt;&lt;/Contents&gt;&lt;Contents&gt;&lt;Key&gt;73.0.3683.68/chromedriver_mac64.zip&lt;/Key&gt;&lt;Generation&gt;1551998096466467&lt;/Generation&gt;&lt;MetaGeneration&gt;1&lt;/MetaGeneration&gt;&lt;LastModified&gt;2019-03-07T22:34:56.466Z&lt;/LastModified&gt;&lt;ETag&gt;&quot;9af243f31d0e7e0444bdcc11ec35aa5d&quot;&lt;/ETag&gt;&lt;Size&gt;6993125&lt;/Size&gt;&lt;/Contents&gt;&lt;Contents&gt;&lt;Key&gt;73.0.3683.68/chromedriver_win32.zip&lt;/Key&gt;&lt;Generation&gt;1551998098046350&lt;/Generation&gt;&lt;MetaGeneration&gt;1&lt;/MetaGeneration&gt;&lt;LastModified&gt;2019-03-07T22:34:&quot;
00:06:11.011 [main] DEBUG org.apache.http.wire - http-outgoing-0 &lt;&lt; &quot;58.045Z&lt;/LastModified&gt;&lt;ETag&gt;&quot;47bf69232c8b62139e642927cccfe2e4&quot;&lt;/ETag&gt;&lt;Size&gt;4590782&lt;/Size&gt;&lt;/Contents&gt;&lt;Contents&gt;&lt;Key&gt;73.0.3683.68/notes.txt&lt;/Key&gt;&lt;Generation&gt;1551998503216903&lt;/Generation&gt;&lt;MetaGeneration&gt;1&lt;/MetaGeneration&gt;&lt;LastModified&gt;2019-03-07T22:41:43.216Z&lt;/LastModified&gt;&lt;ETag&gt;&quot;6899c47dec5549c1145f209a409c19a1&quot;&lt;/ETag&gt;&lt;Size&gt;1358&lt;/Size&gt;&lt;/Contents&gt;&lt;Contents&gt;&lt;Key&gt;74.0.3729.6/chromedriver_linux64.zip&lt;/Key&gt;&lt;Generation&gt;1552418726063924&lt;/Generation&gt;&lt;MetaGeneration&gt;1&lt;/MetaGeneration&gt;&lt;LastModified&gt;2019-03-12T19:25:26.063Z&lt;/LastModified&gt;&lt;ETag&gt;&quot;3cd9e67808926bfba9a3f5946e2a994d&quot;&lt;/ETag&gt;&lt;Size&gt;5065988&lt;/Size&gt;&lt;/Contents&gt;&lt;Contents&gt;&lt;Key&gt;74.0.3729.6/chromedriver_mac64.zip&lt;/Key&gt;&lt;Generation&gt;1552418727632998&lt;/Generation&gt;&lt;MetaGeneration&gt;1&lt;/MetaGeneration&gt;&lt;LastModified&gt;2019-03-12T19:25:27.632Z&lt;/LastModified&gt;&lt;ETag&gt;&quot;de2aa78283af413100cddc2a4dee3ebc&quot;&lt;/ETag&gt;&lt;Size&gt;7014527&lt;/Size&gt;&lt;/Contents&gt;&lt;Contents&gt;&lt;Key&quot;
00:06:11.011 [main] DEBUG org.apache.http.wire - http-outgoing-0 &lt;&lt; &quot;&gt;74.0.3729.6/chromedriver_win32.zip&lt;/Key&gt;&lt;Generation&gt;1552418729125077&lt;/Generation&gt;&lt;MetaGeneration&gt;1&lt;/MetaGeneration&gt;&lt;LastModified&gt;2019-03-12T19:25:29.124Z&lt;/LastModified&gt;&lt;ETag&gt;&quot;9780b9b586e74253df9b58928b959861&quot;&lt;/ETag&gt;&lt;Size&gt;4622324&lt;/Size&gt;&lt;/Contents&gt;&lt;Contents&gt;&lt;Key&gt;74.0.3729.6/notes.txt&lt;/Key&gt;&lt;Generation&gt;1552587469066754&lt;/Generation&gt;&lt;MetaGeneration&gt;1&lt;/MetaGeneration&gt;&lt;LastModified&gt;2019-03-14T18:17:49.066Z&lt;/LastModified&gt;&lt;ETag&gt;&quot;d6180d1b525cf857b030077a525a9f47&quot;&lt;/ETag&gt;&lt;Size&gt;1027&lt;/Size&gt;&lt;/Contents&gt;&lt;Contents&gt;&lt;Key&gt;75.0.3770.140/chromedriver_linux64.zip&lt;/Key&gt;&lt;Generation&gt;1562954785447657&lt;/Generation&gt;&lt;MetaGeneration&gt;1&lt;/MetaGeneration&gt;&lt;LastModified&gt;2019-07-12T18:06:25.447Z&lt;/LastModified&gt;&lt;ETag&gt;&quot;352fa37b124b9ddfd458439bbb877ac5&quot;&lt;/ETag&gt;&lt;Size&gt;5139472&lt;/Size&gt;&lt;/Contents&gt;&lt;Contents&gt;&lt;Key&gt;75.0.3770.140/chromedriver_mac64.zip&lt;/Key&gt;&lt;Generation&gt;1562954786926358&lt;/Generation&gt;&lt;MetaGeneration&gt;1&lt;/MetaGeneration&gt;&lt;LastModified&gt;2019-07-12T18:06:26.926Z&lt;/LastModified&gt;&lt;ETag&gt;&quot;66f50e15bfcc94ab995bce3b53116d17&quot;&lt;/ETag&gt;&lt;Size&gt;7101254&lt;/Size&gt;&lt;/Contents&gt;&lt;Contents&gt;&lt;Key&gt;75.0.3770.140/chromedriver_win32.zip&lt;/Key&gt;&lt;Generation&gt;1562954788570822&lt;/Generation&gt;&lt;MetaGeneration&gt;1&lt;/MetaGeneration&gt;&lt;LastModified&gt;2019-07-12T18:06:28.570Z&lt;/LastModified&gt;&lt;ETag&gt;&quot;57eda7e2343cb655259e94497c2b8d01&quot;&lt;/ETag&gt;&lt;Size&gt;4569131&lt;/Size&gt;&lt;/Contents&gt;&lt;Contents&gt;&lt;Key&gt;75.0.3770.140/notes.txt&lt;/Key&gt;&lt;Generation&gt;1562954792280372&lt;/Generation&gt;&lt;MetaGeneration&gt;1&lt;/MetaGeneration&gt;&lt;LastM&quot;
00:06:11.011 [main] DEBUG org.apache.http.wire - http-outgoing-0 &lt;&lt; &quot;odified&gt;2019-07-12T18:06:32.280Z&lt;/LastModified&gt;&lt;ETag&gt;&quot;ce86694b410ff3d02391241b82063bdf&quot;&lt;/ETag&gt;&lt;Size&gt;1594&lt;/Size&gt;&lt;/Contents&gt;&lt;Contents&gt;&lt;Key&gt;75.0.3770.8/chromedriver_linux64.zip&lt;/Key&gt;&lt;Generation&gt;1556582616530168&lt;/Generation&gt;&lt;MetaGeneration&gt;1&lt;/MetaGeneration&gt;&lt;LastModified&gt;2019-04-30T00:03:36.529Z&lt;/LastModified&gt;&lt;ETag&gt;&quot;ee28a86911127498409dc8623d39ea94&quot;&lt;/ETag&gt;&lt;Size&gt;5135200&lt;/Size&gt;&lt;/Contents&gt;&lt;Contents&gt;&lt;Key&gt;75.0.3770.8/chromedriver_mac64.zip&lt;/Key&gt;&lt;Generation&gt;1556582617965112&lt;/Generation&gt;&lt;MetaGeneration&gt;1&lt;/MetaGeneration&gt;&lt;LastModified&gt;2019-04-30T00:03:37.964Z&lt;/LastModified&gt;&lt;ETag&gt;&quot;cfb21004d8c825a1cf5b24e5b79c53cf&quot;&lt;/ETag&gt;&lt;Size&gt;7097829&lt;/Size&gt;&lt;/Contents&gt;&lt;Contents&gt;&lt;Key&gt;75.0.3770.8/chromedriver_win32.zip&lt;/Key&gt;&lt;Generation&gt;1556582619352593&lt;/Generation&gt;&lt;MetaGeneration&gt;1&lt;/MetaGeneration&gt;&lt;LastModified&gt;2019-04-30T00:03:39.352Z&lt;/LastModified&gt;&lt;ETag&gt;&quot;5e27caa8c5212b210f6d78c0c7c5b854&quot;&lt;/ETag&gt;&lt;Size&gt;4658635&lt;/Size&gt;&lt;/Contents&gt;&lt;Contents&gt;&lt;Key&gt;75.0.3770.8/notes.txt&lt;/Key&gt;&lt;Generation&gt;1556582622768476&lt;/Generation&gt;&lt;MetaGeneration&gt;1&lt;/MetaGeneration&gt;&lt;LastModified&gt;2019-04-30T00:03:42.768Z&lt;/LastModified&gt;&lt;ETag&gt;&quot;136ac49952a5667b60a63419673cda65&quot;&lt;/ETag&gt;&lt;Size&gt;1214&lt;/Size&gt;&lt;/Contents&gt;&lt;Contents&gt;&lt;Key&gt;75.0.3770.90/chromedriver_linux64.zip&lt;/Key&gt;&lt;Generation&gt;1560460875477649&lt;/Generation&gt;&lt;MetaGeneration&gt;1&lt;/MetaGeneration&gt;&lt;LastModified&gt;2019-06-13T21:21:15.477Z&lt;/LastModified&gt;&lt;ETag&gt;&quot;5cebc8cdd79bba758f8975e72b3a28f0&quot;&lt;/ETag&gt;&lt;Size&gt;5139274&lt;/Size&gt;&lt;/C&quot;
00:06:11.012 [main] DEBUG org.apache.http.wire - http-outgoing-0 &lt;&lt; &quot;ontents&gt;&lt;Contents&gt;&lt;Key&gt;75.0.3770.90/chromedriver_mac64.zip&lt;/Key&gt;&lt;Generation&gt;1560460876886851&lt;/Generation&gt;&lt;MetaGeneration&gt;1&lt;/MetaGeneration&gt;&lt;LastModified&gt;2019-06-13T21:21:16.886Z&lt;/LastModified&gt;&lt;ETag&gt;&quot;e63bd10100c97a1f7ddaad4a15c586d3&quot;&lt;/ETag&gt;&lt;Size&gt;7101231&lt;/Size&gt;&lt;/Contents&gt;&lt;Contents&gt;&lt;Key&gt;75.0.3770.90/chromedriver_win32.zip&lt;/Key&gt;&lt;Generation&gt;1560460878363702&lt;/Generation&gt;&lt;MetaGeneration&gt;1&lt;/MetaGeneration&gt;&lt;LastModified&gt;2019-06-13T21:21:18.363Z&lt;/LastModified&gt;&lt;ETag&gt;&quot;9bd10e443b5f98019fa4616fb29a9123&quot;&lt;/ETag&gt;&lt;Size&gt;4569719&lt;/Size&gt;&lt;/Contents&gt;&lt;Contents&gt;&lt;Key&gt;75.0.3770.90/notes.txt&lt;/Key&gt;&lt;Generation&gt;1560461588274095&lt;/Generation&gt;&lt;MetaGeneration&gt;1&lt;/MetaGeneration&gt;&lt;LastModified&gt;2019-06-13T21:33:08.273Z&lt;/LastModified&gt;&lt;ETag&gt;&quot;200460edd48a8b7baef6cf318d290d6e&quot;&lt;/ETag&gt;&lt;Size&gt;1395&lt;/Size&gt;&lt;/Contents&gt;&lt;Contents&gt;&lt;Key&gt;76.0.3809.12/chromedriver_linux64.zip&lt;/Key&gt;&lt;Generation&gt;1559924382401227&lt;/Generation&gt;&lt;MetaGeneration&gt;1&lt;/MetaGeneration&gt;&lt;LastModified&gt;2019-06-07T16:19:42.400Z&lt;/LastModified&gt;&lt;ETag&gt;&quot;91e0d276a462019afdabb91333643a5a&quot;&lt;/ETag&gt;&lt;Size&gt;5229485&lt;/Size&gt;&lt;/Contents&gt;&lt;Contents&gt;&lt;Key&gt;76.0.3809.12/chromedriver_mac64.zip&lt;/Key&gt;&lt;Generation&gt;1559924384522778&lt;/Generation&gt;&lt;MetaGeneration&gt;1&lt;/MetaGeneration&gt;&lt;LastModified&gt;2019-06-07T16:19:44.522Z&lt;/LastModified&gt;&lt;ETag&gt;&quot;80b9f345478d2a64c62678176de4b6f6&quot;&lt;/ETag&gt;&lt;Size&gt;7213589&lt;/Size&gt;&lt;/Contents&gt;&lt;Contents&gt;&lt;Key&gt;76.0.3809.12/chromedriver_win32.zip&lt;/Key&gt;&lt;Generation&gt;1559924386395474&lt;/Generation&gt;&lt;MetaGe&quot;
00:06:11.012 [main] DEBUG org.apache.http.wire - http-outgoing-0 &lt;&lt; &quot;neration&gt;1&lt;/MetaGeneration&gt;&lt;LastModified&gt;2019-06-07T16:19:46.395Z&lt;/LastModified&gt;&lt;ETag&gt;&quot;b8d1935aa3f3480c4ceed221af0be9d4&quot;&lt;/ETag&gt;&lt;Size&gt;4648476&lt;/Size&gt;&lt;/Contents&gt;&lt;Contents&gt;&lt;Key&gt;76.0.3809.12/notes.txt&lt;/Key&gt;&lt;Generation&gt;1559926006333042&lt;/Generation&gt;&lt;MetaGeneration&gt;1&lt;/MetaGeneration&gt;&lt;LastModified&gt;2019-06-07T16:46:46.332Z&lt;/LastModified&gt;&lt;ETag&gt;&quot;7b76814df298f7710c03eef4fe533be4&quot;&lt;/ETag&gt;&lt;Size&gt;1014&lt;/Size&gt;&lt;/Contents&gt;&lt;Contents&gt;&lt;Key&gt;76.0.3809.126/chromedriver_linux64.zip&lt;/Key&gt;&lt;Generation&gt;1566324087496562&lt;/Generation&gt;&lt;MetaGeneration&gt;1&lt;/MetaGeneration&gt;&lt;LastModified&gt;2019-08-20T18:01:27.496Z&lt;/LastModified&gt;&lt;ETag&gt;&quot;2f2d9ab416c86c94cbbfcf1b8833280d&quot;&lt;/ETag&gt;&lt;Size&gt;5231221&lt;/Size&gt;&lt;/Contents&gt;&lt;Contents&gt;&lt;Key&gt;76.0.3809.126/chromedriver_mac64.zip&lt;/Key&gt;&lt;Generation&gt;1566324089034426&lt;/Generation&gt;&lt;MetaGeneration&gt;1&lt;/MetaGeneration&gt;&lt;LastModified&gt;2019-08-20T18:01:29.034Z&lt;/LastModified&gt;&lt;ETag&gt;&quot;f42f47d08bc285c791b87b26e0fdc47a&quot;&lt;/ETag&gt;&lt;Size&gt;7216071&lt;/Size&gt;&lt;/Contents&gt;&lt;Contents&gt;&lt;Key&gt;76.0.3809.126/chromedriver_win32.zip&lt;/Key&gt;&lt;Generation&gt;1566324090467265&lt;/Generation&gt;&lt;MetaGeneration&gt;1&lt;/MetaGeneration&gt;&lt;LastModified&gt;2019-08-20T18:01:30.466Z&lt;/LastModified&gt;&lt;ETag&gt;&quot;823b374b2cd5f5224b825417f5f6f406&quot;&lt;/ETag&gt;&lt;Size&gt;4651830&lt;/Size&gt;&lt;/Contents&gt;&lt;Contents&gt;&lt;Key&gt;76.0.3809.126/notes.txt&lt;/Key&gt;&lt;Generation&gt;1566324094038028&lt;/Generation&gt;&lt;MetaGeneration&gt;1&lt;/MetaGeneration&gt;&lt;LastModified&gt;2019-08-20T18:01:34.037Z&lt;/LastModified&gt;&lt;ETag&gt;&quot;106990deadca5f2306396bb5da750de8&quot;&lt;&quot;
00:06:11.012 [main] DEBUG org.apache.http.wire - http-outgoing-0 &lt;&lt; &quot;/ETag&gt;&lt;Size&gt;2029&lt;/Size&gt;&lt;/Contents&gt;&lt;Contents&gt;&lt;Key&gt;76.0.3809.25/chromedriver_linux64.zip&lt;/Key&gt;&lt;Generation&gt;1560461099874484&lt;/Generation&gt;&lt;MetaGeneration&gt;1&lt;/MetaGeneration&gt;&lt;LastModified&gt;2019-06-13T21:24:59.874Z&lt;/LastModified&gt;&lt;ETag&gt;&quot;83058e8f8913b69203f534714934de0d&quot;&lt;/ETag&gt;&lt;Size&gt;5230973&lt;/Size&gt;&lt;/Contents&gt;&lt;Contents&gt;&lt;Key&gt;76.0.3809.25/chromedriver_mac64.zip&lt;/Key&gt;&lt;Generation&gt;1560461101311357&lt;/Generation&gt;&lt;MetaGeneration&gt;1&lt;/MetaGeneration&gt;&lt;LastModified&gt;2019-06-13T21:25:01.311Z&lt;/LastModified&gt;&lt;ETag&gt;&quot;e23edb3e4ba7a3a3d8bcc626aa4c5c7f&quot;&lt;/ETag&gt;&lt;Size&gt;7214926&lt;/Size&gt;&lt;/Contents&gt;&lt;Contents&gt;&lt;Key&gt;76.0.3809.25/chromedriver_win32.zip&lt;/Key&gt;&lt;Generation&gt;1560461102689940&lt;/Generation&gt;&lt;MetaGeneration&gt;1&lt;/MetaGeneration&gt;&lt;LastModified&gt;2019-06-13T21:25:02.689Z&lt;/LastModified&gt;&lt;ETag&gt;&quot;fe9e00e3ba3cfb06fcbef1e505e2b8f1&quot;&lt;/ETag&gt;&lt;Size&gt;4648635&lt;/Size&gt;&lt;/Contents&gt;&lt;Contents&gt;&lt;Key&gt;76.0.3809.25/notes.txt&lt;/Key&gt;&lt;Generation&gt;1560461618197512&lt;/Generation&gt;&lt;MetaGeneration&gt;1&lt;/MetaGeneration&gt;&lt;LastModified&gt;2019-06-13T21:33:38.197Z&lt;/LastModified&gt;&lt;ETag&gt;&quot;0949aef423404b0407eda88566d359b1&quot;&lt;/ETag&gt;&lt;Size&gt;1194&lt;/Size&gt;&lt;/Contents&gt;&lt;Contents&gt;&lt;Key&gt;76.0.3809.68/chromedriver_linux64.zip&lt;/Key&gt;&lt;Generation&gt;1563296995658006&lt;/Generation&gt;&lt;MetaGeneration&gt;1&lt;/MetaGeneration&gt;&lt;LastModified&gt;2019-07-16T17:09:55.657Z&lt;/LastModified&gt;&lt;ETag&gt;&quot;5886442a2710185db5b07c8bf42b2484&quot;&lt;/ETag&gt;&lt;Size&gt;5231218&lt;/Size&gt;&lt;/Contents&gt;&lt;Contents&gt;&lt;Key&gt;76.0.3809.68/chromedriver_mac64.zip&lt;/Key&gt;&lt;Generation&gt;15632969&quot;
00:06:11.013 [main] DEBUG org.apache.http.wire - http-outgoing-0 &lt;&lt; &quot;97275526&lt;/Generation&gt;&lt;MetaGeneration&gt;1&lt;/MetaGeneration&gt;&lt;LastModified&gt;2019-07-16T17:09:57.275Z&lt;/LastModified&gt;&lt;ETag&gt;&quot;7370f0173e096e5a15f992b3ffae4501&quot;&lt;/ETag&gt;&lt;Size&gt;7216033&lt;/Size&gt;&lt;/Contents&gt;&lt;Contents&gt;&lt;Key&gt;76.0.3809.68/chromedriver_win32.zip&lt;/Key&gt;&lt;Generation&gt;1563296998713300&lt;/Generation&gt;&lt;MetaGeneration&gt;1&lt;/MetaGeneration&gt;&lt;LastModified&gt;2019-07-16T17:09:58.713Z&lt;/LastModified&gt;&lt;ETag&gt;&quot;60cf267c91730fd926edc0340273c137&quot;&lt;/ETag&gt;&lt;Size&gt;4651766&lt;/Size&gt;&lt;/Contents&gt;&lt;Contents&gt;&lt;Key&gt;76.0.3809.68/notes.txt&lt;/Key&gt;&lt;Generation&gt;1563297002316318&lt;/Generation&gt;&lt;MetaGeneration&gt;1&lt;/MetaGeneration&gt;&lt;LastModified&gt;2019-07-16T17:10:02.316Z&lt;/LastModified&gt;&lt;ETag&gt;&quot;1882d2b10afc33b9a42d8983e5778d6c&quot;&lt;/ETag&gt;&lt;Size&gt;1799&lt;/Size&gt;&lt;/Contents&gt;&lt;Contents&gt;&lt;Key&gt;77.0.3865.10/chromedriver_linux64.zip&lt;/Key&gt;&lt;Generation&gt;1565117126553995&lt;/Generation&gt;&lt;MetaGeneration&gt;1&lt;/MetaGeneration&gt;&lt;LastModified&gt;2019-08-06T18:45:26.553Z&lt;/LastModified&gt;&lt;ETag&gt;&quot;eb6c5fface9469902a84bac7a9e5e4b9&quot;&lt;/ETag&gt;&lt;Size&gt;5422357&lt;/Size&gt;&lt;/Contents&gt;&lt;Contents&gt;&lt;Key&gt;77.0.3865.10/chromedriver_mac64.zip&lt;/Key&gt;&lt;Generation&gt;1565117128076177&lt;/Generation&gt;&lt;MetaGeneration&gt;1&lt;/MetaGeneration&gt;&lt;LastModified&gt;2019-08-06T18:45:28.075Z&lt;/LastModified&gt;&lt;ETag&gt;&quot;0f315d9384ea6e931324285512a1491c&quot;&lt;/ETag&gt;&lt;Size&gt;7386936&lt;/Size&gt;&lt;/Contents&gt;&lt;Contents&gt;&lt;Key&gt;77.0.3865.10/chromedriver_win32.zip&lt;/Key&gt;&lt;Generation&gt;1565117129846584&lt;/Generation&gt;&lt;MetaGeneration&gt;1&lt;/MetaGeneration&gt;&lt;LastModified&gt;2019-08-06T18:45:29.846Z&lt;/LastModified&gt;&lt;ETa&quot;
00:06:11.013 [main] DEBUG org.apache.http.wire - http-outgoing-0 &lt;&lt; &quot;g&gt;&quot;fbeb720fc3c9c2059fa169fc252c6bdf&quot;&lt;/ETag&gt;&lt;Size&gt;4758040&lt;/Size&gt;&lt;/Contents&gt;&lt;Contents&gt;&lt;Key&gt;77.0.3865.10/notes.txt&lt;/Key&gt;&lt;Generation&gt;1565117133451237&lt;/Generation&gt;&lt;MetaGeneration&gt;1&lt;/MetaGeneration&gt;&lt;LastModified&gt;2019-08-06T18:45:33.450Z&lt;/LastModified&gt;&lt;ETag&gt;&quot;07a25480a87b3f88b992dc79e324818f&quot;&lt;/ETag&gt;&lt;Size&gt;2862&lt;/Size&gt;&lt;/Contents&gt;&lt;Contents&gt;&lt;Key&gt;77.0.3865.40/chromedriver_linux64.zip&lt;/Key&gt;&lt;Generation&gt;1566324166907005&lt;/Generation&gt;&lt;MetaGeneration&gt;1&lt;/MetaGeneration&gt;&lt;LastModified&gt;2019-08-20T18:02:46.906Z&lt;/LastModified&gt;&lt;ETag&gt;&quot;b4431816072192a2d36a10fa8cfde344&quot;&lt;/ETag&gt;&lt;Size&gt;5425800&lt;/Size&gt;&lt;/Contents&gt;&lt;Contents&gt;&lt;Key&gt;77.0.3865.40/chromedriver_mac64.zip&lt;/Key&gt;&lt;Generation&gt;1566324168325012&lt;/Generation&gt;&lt;MetaGeneration&gt;1&lt;/MetaGeneration&gt;&lt;LastModified&gt;2019-08-20T18:02:48.324Z&lt;/LastModified&gt;&lt;ETag&gt;&quot;812570697aadcd7a9038041b27437054&quot;&lt;/ETag&gt;&lt;Size&gt;7391915&lt;/Size&gt;&lt;/Contents&gt;&lt;Contents&gt;&lt;Key&gt;77.0.3865.40/chromedriver_win32.zip&lt;/Key&gt;&lt;Generation&gt;1566324169818974&lt;/Generation&gt;&lt;MetaGeneration&gt;1&lt;/MetaGeneration&gt;&lt;LastModified&gt;2019-08-20T18:02:49.818Z&lt;/LastModified&gt;&lt;ETag&gt;&quot;7e94b11b8157e856b918f64d1b4af424&quot;&lt;/ETag&gt;&lt;Size&gt;4759775&lt;/Size&gt;&lt;/Contents&gt;&lt;Contents&gt;&lt;Key&gt;77.0.3865.40/notes.txt&lt;/Key&gt;&lt;Generation&gt;1566324173356104&lt;/Generation&gt;&lt;MetaGeneration&gt;1&lt;/MetaGeneration&gt;&lt;LastModified&gt;2019-08-20T18:02:53.355Z&lt;/LastModified&gt;&lt;ETag&gt;&quot;0609e0eff91a2087279a1600bb37198e&quot;&lt;/ETag&gt;&lt;Size&gt;3184&lt;/Size&gt;&lt;/Contents&gt;&lt;Contents&gt;&lt;Key&gt;78.0.3904.105/chromedriver_linux64.zip&lt;&quot;
00:06:11.014 [main] DEBUG org.apache.http.wire - http-outgoing-0 &lt;&lt; &quot;/Key&gt;&lt;Generation&gt;1574101240687021&lt;/Generation&gt;&lt;MetaGeneration&gt;1&lt;/MetaGeneration&gt;&lt;LastModified&gt;2019-11-18T18:20:40.686Z&lt;/LastModified&gt;&lt;ETag&gt;&quot;6d3fcd82a27e1d787b6af2515f933806&quot;&lt;/ETag&gt;&lt;Size&gt;5528166&lt;/Size&gt;&lt;/Contents&gt;&lt;Contents&gt;&lt;Key&gt;78.0.3904.105/chromedriver_mac64.zip&lt;/Key&gt;&lt;Generation&gt;1574101242296052&lt;/Generation&gt;&lt;MetaGeneration&gt;1&lt;/MetaGeneration&gt;&lt;LastModified&gt;2019-11-18T18:20:42.295Z&lt;/LastModified&gt;&lt;ETag&gt;&quot;12b3858a57bfe0a3d450cd194e0992aa&quot;&lt;/ETag&gt;&lt;Size&gt;7487838&lt;/Size&gt;&lt;/Contents&gt;&lt;Contents&gt;&lt;Key&gt;78.0.3904.105/chromedriver_win32.zip&lt;/Key&gt;&lt;Generation&gt;1574101243910341&lt;/Generation&gt;&lt;MetaGeneration&gt;1&lt;/MetaGeneration&gt;&lt;LastModified&gt;2019-11-18T18:20:43.910Z&lt;/LastModified&gt;&lt;ETag&gt;&quot;8f3f3ca4134c14b41848686f0146b200&quot;&lt;/ETag&gt;&lt;Size&gt;4845138&lt;/Size&gt;&lt;/Contents&gt;&lt;Contents&gt;&lt;Key&gt;78.0.3904.105/notes.txt&lt;/Key&gt;&lt;Generation&gt;1574101247992459&lt;/Generation&gt;&lt;MetaGeneration&gt;1&lt;/MetaGeneration&gt;&lt;LastModified&gt;2019-11-18T18:20:47.992Z&lt;/LastModified&gt;&lt;ETag&gt;&quot;009b4b01151a0417c58075380e08254b&quot;&lt;/ETag&gt;&lt;Size&gt;1140&lt;/Size&gt;&lt;/Contents&gt;&lt;Contents&gt;&lt;Key&gt;78.0.3904.11/chromedriver_linux64.zip&lt;/Key&gt;&lt;Generation&gt;1568306750292328&lt;/Generation&gt;&lt;MetaGeneration&gt;1&lt;/MetaGeneration&gt;&lt;LastModified&gt;2019-09-12T16:45:50.292Z&lt;/LastModified&gt;&lt;ETag&gt;&quot;401516b9d436b6be7bfe0a7e42f4c1b1&quot;&lt;/ETag&gt;&lt;Size&gt;5527618&lt;/Size&gt;&lt;/Contents&gt;&lt;Contents&gt;&lt;Key&gt;78.0.3904.11/chromedriver_mac64.zip&lt;/Key&gt;&lt;Generation&gt;1568306751957312&lt;/Generation&gt;&lt;MetaGeneration&gt;1&lt;/MetaGeneration&gt;&lt;LastModified&gt;2019-09-12T16:4&quot;
00:06:11.014 [main] DEBUG org.apache.http.wire - http-outgoing-0 &lt;&lt; &quot;5:51.957Z&lt;/LastModified&gt;&lt;ETag&gt;&quot;ae7f7ff69bf3e438320a306653de4a5e&quot;&lt;/ETag&gt;&lt;Size&gt;7486791&lt;/Size&gt;&lt;/Contents&gt;&lt;Contents&gt;&lt;Key&gt;78.0.3904.11/chromedriver_win32.zip&lt;/Key&gt;&lt;Generation&gt;1568306753441752&lt;/Generation&gt;&lt;MetaGeneration&gt;1&lt;/MetaGeneration&gt;&lt;LastModified&gt;2019-09-12T16:45:53.441Z&lt;/LastModified&gt;&lt;ETag&gt;&quot;fef6a5ed635bfd147962bdd149278269&quot;&lt;/ETag&gt;&lt;Size&gt;4844232&lt;/Size&gt;&lt;/Contents&gt;&lt;Contents&gt;&lt;Key&gt;78.0.3904.11/notes.txt&lt;/Key&gt;&lt;Generation&gt;1571690130697272&lt;/Generation&gt;&lt;MetaGeneration&gt;1&lt;/MetaGeneration&gt;&lt;LastModified&gt;2019-10-21T20:35:30.696Z&lt;/LastModified&gt;&lt;ETag&gt;&quot;11001dd11e1a9549d463af860483b063&quot;&lt;/ETag&gt;&lt;Size&gt;1120&lt;/Size&gt;&lt;/Contents&gt;&lt;Contents&gt;&lt;Key&gt;78.0.3904.70/chromedriver_linux64.zip&lt;/Key&gt;&lt;Generation&gt;1571690407510143&lt;/Generation&gt;&lt;MetaGeneration&gt;1&lt;/MetaGeneration&gt;&lt;LastModified&gt;2019-10-21T20:40:07.509Z&lt;/LastModified&gt;&lt;ETag&gt;&quot;37f077132433b20db3f0f5636e89f142&quot;&lt;/ETag&gt;&lt;Size&gt;5527671&lt;/Size&gt;&lt;/Contents&gt;&lt;Contents&gt;&lt;Key&gt;78.0.3904.70/chromedriver_mac64.zip&lt;/Key&gt;&lt;Generation&gt;1571690409157291&lt;/Generation&gt;&lt;MetaGeneration&gt;1&lt;/MetaGeneration&gt;&lt;LastModified&gt;2019-10-21T20:40:09.156Z&lt;/LastModified&gt;&lt;ETag&gt;&quot;969163657458c7e298c50c914ff5c5c4&quot;&lt;/ETag&gt;&lt;Size&gt;7488025&lt;/Size&gt;&lt;/Contents&gt;&lt;Contents&gt;&lt;Key&gt;78.0.3904.70/chromedriver_win32.zip&lt;/Key&gt;&lt;Generation&gt;1571690410690816&lt;/Generation&gt;&lt;MetaGeneration&gt;1&lt;/MetaGeneration&gt;&lt;LastModified&gt;2019-10-21T20:40:10.690Z&lt;/LastModified&gt;&lt;ETag&gt;&quot;40df8860f0dfad436665d9de7aa95082&quot;&lt;/ETag&gt;&lt;Size&gt;4845020&lt;/Size&gt;&lt;/Contents&gt;&lt;Contents&gt;&quot;
00:06:11.014 [main] DEBUG org.apache.http.wire - http-outgoing-0 &lt;&lt; &quot;&lt;Key&gt;78.0.3904.70/notes.txt&lt;/Key&gt;&lt;Generation&gt;1571690414182806&lt;/Generation&gt;&lt;MetaGeneration&gt;1&lt;/MetaGeneration&gt;&lt;LastModified&gt;2019-10-21T20:40:14.182Z&lt;/LastModified&gt;&lt;ETag&gt;&quot;bc693fcdae569b3f87d31bf3543ecb25&quot;&lt;/ETag&gt;&lt;Size&gt;1034&lt;/Size&gt;&lt;/Contents&gt;&lt;Contents&gt;&lt;Key&gt;79.0.3945.16/chromedriver_linux64.zip&lt;/Key&gt;&lt;Generation&gt;1572451856645228&lt;/Generation&gt;&lt;MetaGeneration&gt;1&lt;/MetaGeneration&gt;&lt;LastModified&gt;2019-10-30T16:10:56.644Z&lt;/LastModified&gt;&lt;ETag&gt;&quot;105ccad6c939b96600d3963bd758a6c9&quot;&lt;/ETag&gt;&lt;Size&gt;4874192&lt;/Size&gt;&lt;/Contents&gt;&lt;Contents&gt;&lt;Key&gt;79.0.3945.16/chromedriver_mac64.zip&lt;/Key&gt;&lt;Generation&gt;1572451859423962&lt;/Generation&gt;&lt;MetaGeneration&gt;1&lt;/MetaGeneration&gt;&lt;LastModified&gt;2019-10-30T16:10:59.423Z&lt;/LastModified&gt;&lt;ETag&gt;&quot;39b7db6c05a92850833f6826ecbd2dcd&quot;&lt;/ETag&gt;&lt;Size&gt;6907888&lt;/Size&gt;&lt;/Contents&gt;&lt;Contents&gt;&lt;Key&gt;79.0.3945.16/chromedriver_win32.zip&lt;/Key&gt;&lt;Generation&gt;1572451860927405&lt;/Generation&gt;&lt;MetaGeneration&gt;1&lt;/MetaGeneration&gt;&lt;LastModified&gt;2019-10-30T16:11:00.927Z&lt;/LastModified&gt;&lt;ETag&gt;&quot;6c36e6f2c1cb7ec0f8cb4201a7fb03e1&quot;&lt;/ETag&gt;&lt;Size&gt;4261268&lt;/Size&gt;&lt;/Contents&gt;&lt;Contents&gt;&lt;Key&gt;79.0.3945.16/notes.txt&lt;/Key&gt;&lt;Generation&gt;1572451864204981&lt;/Generation&gt;&lt;MetaGeneration&gt;1&lt;/MetaGeneration&gt;&lt;LastModified&gt;2019-10-30T16:11:04.204Z&lt;/LastModified&gt;&lt;ETag&gt;&quot;eb3d9792539dcd95b12d890e8cfa7ee8&quot;&lt;/ETag&gt;&lt;Size&gt;930&lt;/Size&gt;&lt;/Contents&gt;&lt;Contents&gt;&lt;Key&gt;79.0.3945.36/chromedriver_linux64.zip&lt;/Key&gt;&lt;Generation&gt;1574101203410178&lt;/Generation&gt;&lt;MetaGeneration&gt;1&lt;/MetaGeneration&gt;&lt;LastM&quot;
00:06:11.015 [main] DEBUG org.apache.http.wire - http-outgoing-0 &lt;&lt; &quot;odified&gt;2019-11-18T18:20:03.409Z&lt;/LastModified&gt;&lt;ETag&gt;&quot;77e6b631478c63c2df5809822a0af916&quot;&lt;/ETag&gt;&lt;Size&gt;4875160&lt;/Size&gt;&lt;/Contents&gt;&lt;Contents&gt;&lt;Key&gt;79.0.3945.36/chromedriver_mac64.zip&lt;/Key&gt;&lt;Generation&gt;1574101205278196&lt;/Generation&gt;&lt;MetaGeneration&gt;1&lt;/MetaGeneration&gt;&lt;LastModified&gt;2019-11-18T18:20:05.277Z&lt;/LastModified&gt;&lt;ETag&gt;&quot;57d2a9629298aa6dc2d759fe09da5d13&quot;&lt;/ETag&gt;&lt;Size&gt;6908371&lt;/Size&gt;&lt;/Contents&gt;&lt;Contents&gt;&lt;Key&gt;79.0.3945.36/chromedriver_win32.zip&lt;/Key&gt;&lt;Generation&gt;1574101206976556&lt;/Generation&gt;&lt;MetaGeneration&gt;1&lt;/MetaGeneration&gt;&lt;LastModified&gt;2019-11-18T18:20:06.976Z&lt;/LastModified&gt;&lt;ETag&gt;&quot;9665be96d739035efdf91684f406fdcf&quot;&lt;/ETag&gt;&lt;Size&gt;4263308&lt;/Size&gt;&lt;/Contents&gt;&lt;Contents&gt;&lt;Key&gt;79.0.3945.36/notes.txt&lt;/Key&gt;&lt;Generation&gt;1574101210852455&lt;/Generation&gt;&lt;MetaGeneration&gt;1&lt;/MetaGeneration&gt;&lt;LastModified&gt;2019-11-18T18:20:10.852Z&lt;/LastModified&gt;&lt;ETag&gt;&quot;c4ebd5d56bbe3948e7fbbf96cfe8a75b&quot;&lt;/ETag&gt;&lt;Size&gt;1035&lt;/Size&gt;&lt;/Contents&gt;&lt;Contents&gt;&lt;Key&gt;80.0.3987.106/chromedriver_linux64.zip&lt;/Key&gt;&lt;Generation&gt;1581621691091958&lt;/Generation&gt;&lt;MetaGeneration&gt;1&lt;/MetaGeneration&gt;&lt;LastModified&gt;2020-02-13T19:21:31.091Z&lt;/LastModified&gt;&lt;ETag&gt;&quot;caf2eb7148c03617f264b99743e2051c&quot;&lt;/ETag&gt;&lt;Size&gt;4943146&lt;/Size&gt;&lt;/Contents&gt;&lt;Contents&gt;&lt;Key&gt;80.0.3987.106/chromedriver_mac64.zip&lt;/Key&gt;&lt;Generation&gt;1581621692796533&lt;/Generation&gt;&lt;MetaGeneration&gt;1&lt;/MetaGeneration&gt;&lt;LastModified&gt;2020-02-13T19:21:32.796Z&lt;/LastModified&gt;&lt;ETag&gt;&quot;675a673c111fdcc9678d11df0e69b334&quot;&lt;/ETag&gt;&lt;Size&gt;7004832&lt;/S&quot;
00:06:11.015 [main] DEBUG org.apache.http.wire - http-outgoing-0 &lt;&lt; &quot;ize&gt;&lt;/Contents&gt;&lt;Contents&gt;&lt;Key&gt;80.0.3987.106/chromedriver_win32.zip&lt;/Key&gt;&lt;Generation&gt;1581621694383096&lt;/Generation&gt;&lt;MetaGeneration&gt;1&lt;/MetaGeneration&gt;&lt;LastModified&gt;2020-02-13T19:21:34.382Z&lt;/LastModified&gt;&lt;ETag&gt;&quot;d5fee78fdcb9c2c3af9a2ce1299a8621&quot;&lt;/ETag&gt;&lt;Size&gt;4370552&lt;/Size&gt;&lt;/Contents&gt;&lt;Contents&gt;&lt;Key&gt;80.0.3987.106/notes.txt&lt;/Key&gt;&lt;Generation&gt;1581621695835016&lt;/Generation&gt;&lt;MetaGeneration&gt;1&lt;/MetaGeneration&gt;&lt;LastModified&gt;2020-02-13T19:21:35.834Z&lt;/LastModified&gt;&lt;ETag&gt;&quot;ba68a595cc67cb7a7a606b58deb0d259&quot;&lt;/ETag&gt;&lt;Size&gt;1168&lt;/Size&gt;&lt;/Contents&gt;&lt;Contents&gt;&lt;Key&gt;80.0.3987.16/chromedriver_linux64.zip&lt;/Key&gt;&lt;Generation&gt;1576777166425629&lt;/Generation&gt;&lt;MetaGeneration&gt;1&lt;/MetaGeneration&gt;&lt;LastModified&gt;2019-12-19T17:39:26.425Z&lt;/LastModified&gt;&lt;ETag&gt;&quot;e1a87e90a683689079a6759f82106839&quot;&lt;/ETag&gt;&lt;Size&gt;4942318&lt;/Size&gt;&lt;/Contents&gt;&lt;Contents&gt;&lt;Key&gt;80.0.3987.16/chromedriver_mac64.zip&lt;/Key&gt;&lt;Generation&gt;1576777168120748&lt;/Generation&gt;&lt;MetaGener&quot;
00:06:11.015 [main] DEBUG org.apache.http.wire - http-outgoing-0 &lt;&lt; &quot;ation&gt;1&lt;/MetaGeneration&gt;&lt;LastModified&gt;2019-12-19T17:39:28.120Z&lt;/LastModified&gt;&lt;ETag&gt;&quot;a309270bff1becfa9addfaf769f7ba3b&quot;&lt;/ETag&gt;&lt;Size&gt;7002477&lt;/Size&gt;&lt;/Contents&gt;&lt;Contents&gt;&lt;Key&gt;80.0.3987.16/chromedriver_win32.zip&lt;/Key&gt;&lt;Generation&gt;1576777169668975&lt;/Generation&gt;&lt;MetaGeneration&gt;1&lt;/MetaGeneration&gt;&lt;LastModified&gt;2019-12-19T17:39:29.668Z&lt;/LastModified&gt;&lt;ETag&gt;&quot;ae4f6a5f5f8ac4cba251ba96985c53c5&quot;&lt;/ETag&gt;&lt;Size&gt;4370510&lt;/Size&gt;&lt;/Contents&gt;&lt;Contents&gt;&lt;Key&gt;80.0.3987.16/notes.txt&lt;/Key&gt;&lt;Generation&gt;1576777173264300&lt;/Generation&gt;&lt;MetaGeneration&gt;1&lt;/MetaGeneration&gt;&lt;LastModified&gt;2019-12-19T17:39:33.264Z&lt;/LastModified&gt;&lt;ETag&gt;&quot;7f810e0a978a0caa109ce14f89af6da0&quot;&lt;/ETag&gt;&lt;Size&gt;1087&lt;/Size&gt;&lt;/Contents&gt;&lt;Contents&gt;&lt;Key&gt;81.0.4044.138/chromedriver_linux64.zip&lt;/Key&gt;&lt;Generation&gt;1588710838782753&lt;/Generation&gt;&lt;MetaGeneration&gt;1&lt;/MetaGeneration&gt;&lt;LastModified&gt;2020-05-05T20:33:58.782Z&lt;/LastModified&gt;&lt;ETag&gt;&quot;6581e09a8ce12da2239ac21b2a1cd20b&quot;&lt;/ETag&gt;&lt;Size&gt;4969860&lt;/Size&gt;&lt;/Contents&gt;&lt;Contents&gt;&lt;Key&gt;81.0.4044.138/chromedriver_mac64.zip&lt;/Key&gt;&lt;Generation&gt;1588710840321926&lt;/Generation&gt;&lt;MetaGeneration&gt;1&lt;/MetaGeneration&gt;&lt;LastModified&gt;2020-05-05T20:34:00.321Z&lt;/LastModified&gt;&lt;ETag&gt;&quot;4b2ace862187dc9e53d29c9f12710731&quot;&lt;/ETag&gt;&lt;Size&gt;7028120&lt;/Size&gt;&lt;/Contents&gt;&lt;Contents&gt;&lt;Key&gt;81.0.4044.138/chromedriver_win32.zip&lt;/Key&gt;&lt;Generation&gt;1588710841932254&lt;/Generation&gt;&lt;MetaGeneration&gt;1&lt;/MetaGeneration&gt;&lt;LastModified&gt;2020-05-05T20:34:01.931Z&lt;/LastModified&gt;&lt;ETag&gt;&quot;d19aef5daf9dbaeac152d2706&quot;
00:06:11.016 [main] DEBUG org.apache.http.wire - http-outgoing-0 &lt;&lt; &quot;6285a7b&quot;&lt;/ETag&gt;&lt;Size&gt;4399245&lt;/Size&gt;&lt;/Contents&gt;&lt;Contents&gt;&lt;Key&gt;81.0.4044.138/notes.txt&lt;/Key&gt;&lt;Generation&gt;1588710845696703&lt;/Generation&gt;&lt;MetaGeneration&gt;1&lt;/MetaGeneration&gt;&lt;LastModified&gt;2020-05-05T20:34:05.696Z&lt;/LastModified&gt;&lt;ETag&gt;&quot;a40835254450bd55cb1c9a1895939357&quot;&lt;/ETag&gt;&lt;Size&gt;1432&lt;/Size&gt;&lt;/Contents&gt;&lt;Contents&gt;&lt;Key&gt;81.0.4044.20/chromedriver_linux64.zip&lt;/Key&gt;&lt;Generation&gt;1581621107807342&lt;/Generation&gt;&lt;MetaGeneration&gt;1&lt;/MetaGeneration&gt;&lt;LastModified&gt;2020-02-13T19:11:47.807Z&lt;/LastModified&gt;&lt;ETag&gt;&quot;f20fd5725a84729263d67a035f0bb537&quot;&lt;/ETag&gt;&lt;Size&gt;4956288&lt;/Size&gt;&lt;/Contents&gt;&lt;Contents&gt;&lt;Key&gt;81.0.4044.20/chromedriver_mac64.zip&lt;/Key&gt;&lt;Generation&gt;1581621109483950&lt;/Generation&gt;&lt;MetaGeneration&gt;1&lt;/MetaGeneration&gt;&lt;LastModified&gt;2020-02-13T19:11:49.483Z&lt;/LastModified&gt;&lt;ETag&gt;&quot;364dff987ee58bc5c463248e404e3f72&quot;&lt;/ETag&gt;&lt;Size&gt;7018740&lt;/Size&gt;&lt;/Contents&gt;&lt;Contents&gt;&lt;Key&gt;81.0.4044.20/chromedriver_win32.zip&lt;/Key&gt;&lt;Generation&gt;1581621111127187&lt;/Generation&gt;&lt;MetaGeneration&gt;1&lt;/MetaGeneration&gt;&lt;LastModified&gt;2020-02-13T19:11:51.127Z&lt;/LastModified&gt;&lt;ETag&gt;&quot;5acd54df346ed4d6b366e619ffe9e0cf&quot;&lt;/ETag&gt;&lt;Size&gt;4393293&lt;/Size&gt;&lt;/Contents&gt;&lt;Contents&gt;&lt;Key&gt;81.0.4044.20/notes.txt&lt;/Key&gt;&lt;Generation&gt;1581621112594296&lt;/Generation&gt;&lt;MetaGeneration&gt;1&lt;/MetaGeneration&gt;&lt;LastModified&gt;2020-02-13T19:11:52.594Z&lt;/LastModified&gt;&lt;ETag&gt;&quot;fd1ac5bbb38c87ce44aa7a8abdcd0fd1&quot;&lt;/ETag&gt;&lt;Size&gt;1048&lt;/Size&gt;&lt;/Contents&gt;&lt;Contents&gt;&lt;Key&gt;81.0.4044.69/chromedriver_linux64.zip&lt;/Key&gt;&lt;Generation&gt;15844618115&quot;
00:06:11.017 [main] DEBUG org.apache.http.wire - http-outgoing-0 &lt;&lt; &quot;79886&lt;/Generation&gt;&lt;MetaGeneration&gt;1&lt;/MetaGeneration&gt;&lt;LastModified&gt;2020-03-17T16:16:51.579Z&lt;/LastModified&gt;&lt;ETag&gt;&quot;11bc281b27db997b5045b376866b8ed5&quot;&lt;/ETag&gt;&lt;Size&gt;4956612&lt;/Size&gt;&lt;/Contents&gt;&lt;Contents&gt;&lt;Key&gt;81.0.4044.69/chromedriver_mac64.zip&lt;/Key&gt;&lt;Generation&gt;1584461813165665&lt;/Generation&gt;&lt;MetaGeneration&gt;1&lt;/MetaGeneration&gt;&lt;LastModified&gt;2020-03-17T16:16:53.165Z&lt;/LastModified&gt;&lt;ETag&gt;&quot;2d27f0b1b4cdc9e7f2e535a88223efbb&quot;&lt;/ETag&gt;&lt;Size&gt;7019279&lt;/Size&gt;&lt;/Contents&gt;&lt;Contents&gt;&lt;Key&gt;81.0.4044.69/chromedriver_win32.zip&lt;/Key&gt;&lt;Generation&gt;1584461814654086&lt;/Generation&gt;&lt;MetaGeneration&gt;1&lt;/MetaGeneration&gt;&lt;LastModified&gt;2020-03-17T16:16:54.653Z&lt;/LastModified&gt;&lt;ETag&gt;&quot;e6006040f914e704f591a6abdb3833ef&quot;&lt;/ETag&gt;&lt;Size&gt;4393523&lt;/Size&gt;&lt;/Contents&gt;&lt;Contents&gt;&lt;Key&gt;81.0.4044.69/notes.txt&lt;/Key&gt;&lt;Generation&gt;1584462331586011&lt;/Generation&gt;&lt;MetaGeneration&gt;1&lt;/MetaGeneration&gt;&lt;LastModified&gt;2020-03-17T16:25:31.585Z&lt;/LastModified&gt;&lt;ETag&gt;&quot;adf2a9dacb0ae755b7328973b31271d2&quot;&lt;/ETag&gt;&lt;Size&gt;1248&lt;/Size&gt;&lt;/Contents&gt;&lt;Contents&gt;&lt;Key&gt;83.0.4103.14/chromedriver_linux64.zip&lt;/Key&gt;&lt;Generation&gt;1587066508068308&lt;/Generation&gt;&lt;MetaGeneration&gt;1&lt;/MetaGeneration&gt;&lt;LastModified&gt;2020-04-16T19:48:28.068Z&lt;/LastModified&gt;&lt;ETag&gt;&quot;504e4ca79d93db8d26343351e312b95b&quot;&lt;/ETag&gt;&lt;Size&gt;5208334&lt;/Size&gt;&lt;/Contents&gt;&lt;Contents&gt;&lt;Key&gt;83.0.4103.14/chromedriver_mac64.zip&lt;/Key&gt;&lt;Generation&gt;1587066509681290&lt;/Generation&gt;&lt;MetaGeneration&gt;1&lt;/MetaGeneration&gt;&lt;LastModified&gt;2020-04-16T19:48:29.681Z&lt;/LastModified&gt;&lt;ETag&gt;&quot;&quot;
00:06:11.018 [main] DEBUG org.apache.http.wire - http-outgoing-0 &lt;&lt; &quot;3a163fdf8ba2f6edbe27139528db1dee&quot;&lt;/ETag&gt;&lt;Size&gt;7197719&lt;/Size&gt;&lt;/Contents&gt;&lt;Contents&gt;&lt;Key&gt;83.0.4103.14/chromedriver_win32.zip&lt;/Key&gt;&lt;Generation&gt;1587066511252664&lt;/Generation&gt;&lt;MetaGeneration&gt;1&lt;/MetaGeneration&gt;&lt;LastModified&gt;2020-04-16T19:48:31.252Z&lt;/LastModified&gt;&lt;ETag&gt;&quot;80d881a6f0577aaf234f0eb58f79443c&quot;&lt;/ETag&gt;&lt;Size&gt;4753715&lt;/Size&gt;&lt;/Contents&gt;&lt;Contents&gt;&lt;Key&gt;83.0.4103.14/notes.txt&lt;/Key&gt;&lt;Generation&gt;1587066857024705&lt;/Generation&gt;&lt;MetaGeneration&gt;1&lt;/MetaGeneration&gt;&lt;LastModified&gt;2020-04-16T19:54:17.024Z&lt;/LastModified&gt;&lt;ETag&gt;&quot;3c5ef50608540f17b24d0f0f3d071acc&quot;&lt;/ETag&gt;&lt;Size&gt;1233&lt;/Size&gt;&lt;/Contents&gt;&lt;Contents&gt;&lt;Key&gt;83.0.4103.39/chromedriver_linux64.zip&lt;/Key&gt;&lt;Generation&gt;1588712016478520&lt;/Generation&gt;&lt;MetaGeneration&gt;1&lt;/MetaGeneration&gt;&lt;LastModified&gt;2020-05-05T20:53:36.478Z&lt;/LastModified&gt;&lt;ETag&gt;&quot;4e9d74f71a97470e59c1c0d311be49f6&quot;&lt;/ETag&gt;&lt;Size&gt;5222065&lt;/Size&gt;&lt;/Contents&gt;&lt;Contents&gt;&lt;Key&gt;83.0.4103.39/chromedriver_mac64.zip&lt;/Key&gt;&lt;Generation&gt;1588712018054243&lt;/Generation&gt;&lt;MetaGeneration&gt;1&lt;/MetaGeneration&gt;&lt;LastModified&gt;2020-05-05T20:53:38.053Z&lt;/LastModified&gt;&lt;ETag&gt;&quot;640d3c63b3e8e7899f4a3aa6eebd22f4&quot;&lt;/ETag&gt;&lt;Size&gt;7204839&lt;/Size&gt;&lt;/Contents&gt;&lt;Contents&gt;&lt;Key&gt;83.0.4103.39/chromedriver_win32.zip&lt;/Key&gt;&lt;Generation&gt;1588712019527151&lt;/Generation&gt;&lt;MetaGeneration&gt;1&lt;/MetaGeneration&gt;&lt;LastModified&gt;2020-05-05T20:53:39.526Z&lt;/LastModified&gt;&lt;ETag&gt;&quot;437630bbad9193f71af596bda21155ae&quot;&lt;/ETag&gt;&lt;Size&gt;4760819&lt;/Size&gt;&lt;/Contents&gt;&lt;Contents&gt;&lt;Key&gt;83.0.4103.39/notes.txt&lt;/Ke&quot;
00:06:11.021 [main] DEBUG org.apache.http.wire - http-outgoing-0 &lt;&lt; &quot;y&gt;&lt;Generation&gt;1588712023366115&lt;/Generation&gt;&lt;MetaGeneration&gt;1&lt;/MetaGeneration&gt;&lt;LastModified&gt;2020-05-05T20:53:43.365Z&lt;/LastModified&gt;&lt;ETag&gt;&quot;6af5124d67e594649991106abd058e5b&quot;&lt;/ETag&gt;&lt;Size&gt;1416&lt;/Size&gt;&lt;/Contents&gt;&lt;Contents&gt;&lt;Key&gt;84.0.4147.30/chromedriver_linux64.zip&lt;/Key&gt;&lt;Generation&gt;1590699907607108&lt;/Generation&gt;&lt;MetaGeneration&gt;1&lt;/MetaGeneration&gt;&lt;LastModified&gt;2020-05-28T21:05:07.606Z&lt;/LastModified&gt;&lt;ETag&gt;&quot;beffb1bca07d8f4fd23213b292ef963b&quot;&lt;/ETag&gt;&lt;Size&gt;5306126&lt;/Size&gt;&lt;/Contents&gt;&lt;Contents&gt;&lt;Key&gt;84.0.4147.30/chromedriver_mac64.zip&lt;/Key&gt;&lt;Generation&gt;1590699909573681&lt;/Generation&gt;&lt;MetaGeneration&gt;1&lt;/MetaGeneration&gt;&lt;LastModified&gt;2020-05-28T21:05:09.573Z&lt;/LastModified&gt;&lt;ETag&gt;&quot;b2ff30e148ae11a78e0f13e93b29f271&quot;&lt;/ETag&gt;&lt;Size&gt;7332572&lt;/Size&gt;&lt;/Contents&gt;&lt;Contents&gt;&lt;Key&gt;84.0.4147.30/chromedriver_win32.zip&lt;/Key&gt;&lt;Generation&gt;1590699911369886&lt;/Generation&gt;&lt;MetaGeneration&gt;1&lt;/MetaGeneration&gt;&lt;LastModified&gt;2020-05-28T21:05:11.369Z&lt;/LastModified&gt;&lt;ETag&gt;&quot;3bf0e106a93382efd7a5bb3b55b182a6&quot;&lt;/ETag&gt;&lt;Size&gt;4851011&lt;/Size&gt;&lt;/Contents&gt;&lt;Contents&gt;&lt;Key&gt;84.0.4147.30/notes.txt&lt;/Key&gt;&lt;Generation&gt;1590699915790028&lt;/Generation&gt;&lt;MetaGeneration&gt;1&lt;/MetaGeneration&gt;&lt;LastModified&gt;2020-05-28T21:05:15.789Z&lt;/LastModified&gt;&lt;ETag&gt;&quot;a505de7f878e415f1b06a44935f109bf&quot;&lt;/ETag&gt;&lt;Size&gt;450&lt;/Size&gt;&lt;/Contents&gt;&lt;Contents&gt;&lt;Key&gt;85.0.4183.38/chromedriver_linux64.zip&lt;/Key&gt;&lt;Generation&gt;1595891822694384&lt;/Generation&gt;&lt;MetaGeneration&gt;1&lt;/MetaGeneration&gt;&lt;LastModified&gt;2020-07-27T23:17:02.694&quot;
00:06:11.021 [main] DEBUG org.apache.http.wire - http-outgoing-0 &lt;&lt; &quot;Z&lt;/LastModified&gt;&lt;ETag&gt;&quot;856c69ea0e6c71b04119167e1b72e4bf&quot;&lt;/ETag&gt;&lt;Size&gt;5358213&lt;/Size&gt;&lt;/Contents&gt;&lt;Contents&gt;&lt;Key&gt;85.0.4183.38/chromedriver_mac64.zip&lt;/Key&gt;&lt;Generation&gt;1595891824376487&lt;/Generation&gt;&lt;MetaGeneration&gt;1&lt;/MetaGeneration&gt;&lt;LastModified&gt;2020-07-27T23:17:04.376Z&lt;/LastModified&gt;&lt;ETag&gt;&quot;49ea9a1221f8c27f3ec1a9a33981879e&quot;&lt;/ETag&gt;&lt;Size&gt;7696241&lt;/Size&gt;&lt;/Contents&gt;&lt;Contents&gt;&lt;Key&gt;85.0.4183.38/chromedriver_win32.zip&lt;/Key&gt;&lt;Generation&gt;1595891825982553&lt;/Generation&gt;&lt;MetaGeneration&gt;1&lt;/MetaGeneration&gt;&lt;LastModified&gt;2020-07-27T23:17:05.982Z&lt;/LastModified&gt;&lt;ETag&gt;&quot;1f07a52590ffe33cfcc96704d5937680&quot;&lt;/ETag&gt;&lt;Size&gt;5202475&lt;/Size&gt;&lt;/Contents&gt;&lt;Contents&gt;&lt;Key&gt;85.0.4183.38/notes.txt&lt;/Key&gt;&lt;Generation&gt;1595891829948611&lt;/Generation&gt;&lt;MetaGeneration&gt;1&lt;/MetaGeneration&gt;&lt;LastModified&gt;2020-07-27T23:17:09.948Z&lt;/LastModified&gt;&lt;ETag&gt;&quot;411d464396b76cf909ff08d1b66a2d73&quot;&lt;/ETag&gt;&lt;Size&gt;729&lt;/Size&gt;&lt;/Contents&gt;&lt;Contents&gt;&lt;Key&gt;85.0.4183.83/chromedriver_linux64.zip&lt;/Key&gt;&lt;Generation&gt;1598397108875871&lt;/Generation&gt;&lt;MetaGeneration&gt;1&lt;/MetaGeneration&gt;&lt;LastModified&gt;2020-08-25T23:11:48.875Z&lt;/LastModified&gt;&lt;ETag&gt;&quot;c60433f136d588cb0534a68a7b5fc3c2&quot;&lt;/ETag&gt;&lt;Size&gt;5359562&lt;/Size&gt;&lt;/Contents&gt;&lt;Contents&gt;&lt;Key&gt;85.0.4183.83/chromedriver_mac64.zip&lt;/Key&gt;&lt;Generation&gt;1598397110544036&lt;/Generation&gt;&lt;MetaGeneration&gt;1&lt;/MetaGeneration&gt;&lt;LastModified&gt;2020-08-25T23:11:50.543Z&lt;/LastModified&gt;&lt;ETag&gt;&quot;85a0bbe54887fd37522cee1ce82c8b20&quot;&lt;/ETag&gt;&lt;Size&gt;7717654&lt;/Size&gt;&lt;/Contents&gt;&lt;Contents&gt;&lt;Key&gt;85.0&quot;
00:06:11.022 [main] DEBUG org.apache.http.wire - http-outgoing-0 &lt;&lt; &quot;.4183.83/chromedriver_win32.zip&lt;/Key&gt;&lt;Generation&gt;1598397112063480&lt;/Generation&gt;&lt;MetaGeneration&gt;1&lt;/MetaGeneration&gt;&lt;LastModified&gt;2020-08-25T23:11:52.063Z&lt;/LastModified&gt;&lt;ETag&gt;&quot;5bb5e64355f24229a4a2292381feb3f8&quot;&lt;/ETag&gt;&lt;Size&gt;5204437&lt;/Size&gt;&lt;/Contents&gt;&lt;Contents&gt;&lt;Key&gt;85.0.4183.83/notes.txt&lt;/Key&gt;&lt;Generation&gt;1598397115863279&lt;/Generation&gt;&lt;MetaGeneration&gt;1&lt;/MetaGeneration&gt;&lt;LastModified&gt;2020-08-25T23:11:55.863Z&lt;/LastModified&gt;&lt;ETag&gt;&quot;6a1f8b71355613fd41a4fc817c5f84e4&quot;&lt;/ETag&gt;&lt;Size&gt;834&lt;/Size&gt;&lt;/Contents&gt;&lt;Contents&gt;&lt;Key&gt;85.0.4183.87/chromedriver_linux64.zip&lt;/Key&gt;&lt;Generation&gt;1598559104565888&lt;/Generation&gt;&lt;MetaGeneration&gt;1&lt;/MetaGeneration&gt;&lt;LastModified&gt;2020-08-27T20:11:44.565Z&lt;/LastModified&gt;&lt;ETag&gt;&quot;49513e90656c825f5acadfb917bb7840&quot;&lt;/ETag&gt;&lt;Size&gt;5359609&lt;/Size&gt;&lt;/Contents&gt;&lt;Contents&gt;&lt;Key&gt;85.0.4183.87/chromedriver_mac64.zip&lt;/Key&gt;&lt;Generation&gt;1598559106623617&lt;/Generation&gt;&lt;MetaGeneration&gt;1&lt;/MetaGeneration&gt;&lt;LastModified&gt;2020-08-27T20:11:46.623Z&lt;/LastModified&gt;&lt;ETag&gt;&quot;6f6a70e5ee4b9df114558323cd3add90&quot;&lt;/ETag&gt;&lt;Size&gt;7717718&lt;/Size&gt;&lt;/Contents&gt;&lt;Contents&gt;&lt;Key&gt;85.0.4183.87/chromedriver_win32.zip&lt;/Key&gt;&lt;Generation&gt;1598559108538027&lt;/Generation&gt;&lt;MetaGeneration&gt;1&lt;/MetaGeneration&gt;&lt;LastModified&gt;2020-08-27T20:11:48.537Z&lt;/LastModified&gt;&lt;ETag&gt;&quot;d8dd294b56d92add7cafea4afb899359&quot;&lt;/ETag&gt;&lt;Size&gt;5204275&lt;/Size&gt;&lt;/Contents&gt;&lt;Contents&gt;&lt;Key&gt;85.0.4183.87/notes.txt&lt;/Key&gt;&lt;Generation&gt;1598559112919978&lt;/Generation&gt;&lt;MetaGeneration&gt;1&lt;/MetaGeneration&gt;&lt;LastModified&gt;&quot;
00:06:11.022 [main] DEBUG org.apache.http.wire - http-outgoing-0 &lt;&lt; &quot;2020-08-27T20:11:52.919Z&lt;/LastModified&gt;&lt;ETag&gt;&quot;734a3176845469073a9ef15f114ff326&quot;&lt;/ETag&gt;&lt;Size&gt;952&lt;/Size&gt;&lt;/Contents&gt;&lt;Contents&gt;&lt;Key&gt;86.0.4240.22/chromedriver_linux64.zip&lt;/Key&gt;&lt;Generation&gt;1599161204137694&lt;/Generation&gt;&lt;MetaGeneration&gt;1&lt;/MetaGeneration&gt;&lt;LastModified&gt;2020-09-03T19:26:44.137Z&lt;/LastModified&gt;&lt;ETag&gt;&quot;0b080bc38261fe200602d8c525931ea7&quot;&lt;/ETag&gt;&lt;Size&gt;5456932&lt;/Size&gt;&lt;/Contents&gt;&lt;Contents&gt;&lt;Key&gt;86.0.4240.22/chromedriver_mac64.zip&lt;/Key&gt;&lt;Generation&gt;1599161205795471&lt;/Generation&gt;&lt;MetaGeneration&gt;1&lt;/MetaGeneration&gt;&lt;LastModified&gt;2020-09-03T19:26:45.795Z&lt;/LastModified&gt;&lt;ETag&gt;&quot;f9ed96fe96d5a23979f3ae9648643047&quot;&lt;/ETag&gt;&lt;Size&gt;7796598&lt;/Size&gt;&lt;/Contents&gt;&lt;Contents&gt;&lt;Key&gt;86.0.4240.22/chromedriver_win32.zip&lt;/Key&gt;&lt;Generation&gt;1599161207619655&lt;/Generation&gt;&lt;MetaGeneration&gt;1&lt;/MetaGeneration&gt;&lt;LastModified&gt;2020-09-03T19:26:47.619Z&lt;/LastModified&gt;&lt;ETag&gt;&quot;bfbb2a4b657284571b390002086b5eb3&quot;&lt;/ETag&gt;&lt;Size&gt;5239100&lt;/Size&gt;&lt;/Contents&gt;&lt;Contents&gt;&lt;Key&gt;86.0.4240.22/notes.txt&lt;/Key&gt;&lt;Generation&gt;1599161211688496&lt;/Generation&gt;&lt;MetaGeneration&gt;1&lt;/MetaGeneration&gt;&lt;LastModified&gt;2020-09-03T19:26:51.688Z&lt;/LastModified&gt;&lt;ETag&gt;&quot;c4e583db0d7ff14f4f91760ad364be0d&quot;&lt;/ETag&gt;&lt;Size&gt;537&lt;/Size&gt;&lt;/Contents&gt;&lt;Contents&gt;&lt;Key&gt;87.0.4280.20/chromedriver_linux64.zip&lt;/Key&gt;&lt;Generation&gt;1602794066581704&lt;/Generation&gt;&lt;MetaGeneration&gt;1&lt;/MetaGeneration&gt;&lt;LastModified&gt;2020-10-15T20:34:26.581Z&lt;/LastModified&gt;&lt;ETag&gt;&quot;fed1667286ae5175fc5159af25ac3b27&quot;&lt;/ETag&gt;&lt;Size&gt;5564194&lt;/Size&gt;&lt;/Content&quot;
00:06:11.022 [main] DEBUG org.apache.http.wire - http-outgoing-0 &lt;&lt; &quot;s&gt;&lt;Contents&gt;&lt;Key&gt;87.0.4280.20/chromedriver_mac64.zip&lt;/Key&gt;&lt;Generation&gt;1602794068461634&lt;/Generation&gt;&lt;MetaGeneration&gt;1&lt;/MetaGeneration&gt;&lt;LastModified&gt;2020-10-15T20:34:28.461Z&lt;/LastModified&gt;&lt;ETag&gt;&quot;62dc361f0bd135e3a01378c62bdf83a5&quot;&lt;/ETag&gt;&lt;Size&gt;7897737&lt;/Size&gt;&lt;/Contents&gt;&lt;Contents&gt;&lt;Key&gt;87.0.4280.20/chromedriver_win32.zip&lt;/Key&gt;&lt;Generation&gt;1602794070169598&lt;/Generation&gt;&lt;MetaGeneration&gt;1&lt;/MetaGeneration&gt;&lt;LastModified&gt;2020-10-15T20:34:30.169Z&lt;/LastModified&gt;&lt;ETag&gt;&quot;35eb15e3d43cc475ebd66b1af2ff0d57&quot;&lt;/ETag&gt;&lt;Size&gt;5429367&lt;/Size&gt;&lt;/Contents&gt;&lt;Contents&gt;&lt;Key&gt;87.0.4280.20/notes.txt&lt;/Key&gt;&lt;Generation&gt;1602794074547915&lt;/Generation&gt;&lt;MetaGeneration&gt;1&lt;/MetaGeneration&gt;&lt;LastModified&gt;2020-10-15T20:34:34.547Z&lt;/LastModified&gt;&lt;ETag&gt;&quot;2a24a4b5cf7f52e2a7295057af72ff77&quot;&lt;/ETag&gt;&lt;Size&gt;793&lt;/Size&gt;&lt;/Contents&gt;&lt;Contents&gt;&lt;Key&gt;87.0.4280.87/chromedriver_linux64.zip&lt;/Key&gt;&lt;Generation&gt;1606926108349806&lt;/Generation&gt;&lt;MetaGeneration&gt;1&lt;/MetaGeneration&gt;&lt;LastModified&gt;2020-12-02T16:21:48.349Z&lt;/LastModified&gt;&lt;ETag&gt;&quot;9968d6c7e1af9a1c9bc1e0b05b801a4e&quot;&lt;/ETag&gt;&lt;Size&gt;5616486&lt;/Size&gt;&lt;/Contents&gt;&lt;Contents&gt;&lt;Key&gt;87.0.4280.87/chromedriver_mac64.zip&lt;/Key&gt;&lt;Generation&gt;1606926110121674&lt;/Generation&gt;&lt;MetaGeneration&gt;1&lt;/MetaGeneration&gt;&lt;LastModified&gt;2020-12-02T16:21:50.121Z&lt;/LastModified&gt;&lt;ETag&gt;&quot;9e27df14236e1bcba1adfcc01a1faa5f&quot;&lt;/ETag&gt;&lt;Size&gt;8013840&lt;/Size&gt;&lt;/Contents&gt;&lt;Contents&gt;&lt;Key&gt;87.0.4280.88/chromedriver_linux64.zip&lt;/Key&gt;&lt;Generation&gt;1609965029946236&lt;/Generation&gt;&lt;MetaGenerat&quot;
00:06:11.023 [main] DEBUG org.apache.http.wire - http-outgoing-0 &lt;&lt; &quot;ion&gt;1&lt;/MetaGeneration&gt;&lt;LastModified&gt;2021-01-06T20:30:29.946Z&lt;/LastModified&gt;&lt;ETag&gt;&quot;1dd81cad235eb14478543d67c27d351d&quot;&lt;/ETag&gt;&lt;Size&gt;6121623&lt;/Size&gt;&lt;/Contents&gt;&lt;Contents&gt;&lt;Key&gt;87.0.4280.88/chromedriver_mac64.zip&lt;/Key&gt;&lt;Generation&gt;1609965031743549&lt;/Generation&gt;&lt;MetaGeneration&gt;1&lt;/MetaGeneration&gt;&lt;LastModified&gt;2021-01-06T20:30:31.743Z&lt;/LastModified&gt;&lt;ETag&gt;&quot;82aeaa647533e937c3a7eb68d28ed5ba&quot;&lt;/ETag&gt;&lt;Size&gt;8015389&lt;/Size&gt;&lt;/Contents&gt;&lt;Contents&gt;&lt;Key&gt;87.0.4280.88/chromedriver_mac64_m1.zip&lt;/Key&gt;&lt;Generation&gt;1609965033502799&lt;/Generation&gt;&lt;MetaGeneration&gt;1&lt;/MetaGeneration&gt;&lt;LastModified&gt;2021-01-06T20:30:33.502Z&lt;/LastModified&gt;&lt;ETag&gt;&quot;69d0807ba09a5bf61c9c14c1f217f95f&quot;&lt;/ETag&gt;&lt;Size&gt;7220323&lt;/Size&gt;&lt;/Contents&gt;&lt;Contents&gt;&lt;Key&gt;87.0.4280.88/chromedriver_win32.zip&lt;/Key&gt;&lt;Generation&gt;1609965035254689&lt;/Generation&gt;&lt;MetaGeneration&gt;1&lt;/MetaGeneration&gt;&lt;LastModified&gt;2021-01-06T20:30:35.254Z&lt;/LastModified&gt;&lt;ETag&gt;&quot;3821c48e3f61ea843dc3545341737854&quot;&lt;/ETag&gt;&lt;Size&gt;5433681&lt;/Size&gt;&lt;/Contents&gt;&lt;Contents&gt;&lt;Key&gt;87.0.4280.88/notes.txt&lt;/Key&gt;&lt;Generation&gt;1607019265814915&lt;/Generation&gt;&lt;MetaGeneration&gt;1&lt;/MetaGeneration&gt;&lt;LastModified&gt;2020-12-03T18:14:25.814Z&lt;/LastModified&gt;&lt;ETag&gt;&quot;af9a0d8be8211669cb9fabda9471b651&quot;&lt;/ETag&gt;&lt;Size&gt;991&lt;/Size&gt;&lt;/Contents&gt;&lt;Contents&gt;&lt;Key&gt;88.0.4324.27/chromedriver_linux64.zip&lt;/Key&gt;&lt;Generation&gt;1609965485791019&lt;/Generation&gt;&lt;MetaGeneration&gt;1&lt;/MetaGeneration&gt;&lt;LastModified&gt;2021-01-06T20:38:05.790Z&lt;/LastModified&gt;&lt;ETag&gt;&quot;14858ae8de3731953f824731406e&quot;
00:06:11.023 [main] DEBUG org.apache.http.wire - http-outgoing-0 &lt;&lt; &quot;4317&quot;&lt;/ETag&gt;&lt;Size&gt;5695004&lt;/Size&gt;&lt;/Contents&gt;&lt;Contents&gt;&lt;Key&gt;88.0.4324.27/chromedriver_mac64.zip&lt;/Key&gt;&lt;Generation&gt;1609965487980101&lt;/Generation&gt;&lt;MetaGeneration&gt;1&lt;/MetaGeneration&gt;&lt;LastModified&gt;2021-01-06T20:38:07.979Z&lt;/LastModified&gt;&lt;ETag&gt;&quot;ce40336ab7008e161f9a89505c8f839c&quot;&lt;/ETag&gt;&lt;Size&gt;8128104&lt;/Size&gt;&lt;/Contents&gt;&lt;Contents&gt;&lt;Key&gt;88.0.4324.27/chromedriver_mac64_m1.zip&lt;/Key&gt;&lt;Generation&gt;1609965490113723&lt;/Generation&gt;&lt;MetaGeneration&gt;1&lt;/MetaGeneration&gt;&lt;LastModified&gt;2021-01-06T20:38:10.113Z&lt;/LastModified&gt;&lt;ETag&gt;&quot;9c63b3b20871a8e1c8bdefc02786d3c7&quot;&lt;/ETag&gt;&lt;Size&gt;7329446&lt;/Size&gt;&lt;/Contents&gt;&lt;Contents&gt;&lt;Key&gt;88.0.4324.27/chromedriver_win32.zip&lt;/Key&gt;&lt;Generation&gt;1609965492295725&lt;/Generation&gt;&lt;MetaGeneration&gt;1&lt;/MetaGeneration&gt;&lt;LastModified&gt;2021-01-06T20:38:12.295Z&lt;/LastModified&gt;&lt;ETag&gt;&quot;b913f39649589e3e6801219fd64565de&quot;&lt;/ETag&gt;&lt;Size&gt;5628708&lt;/Size&gt;&lt;/Contents&gt;&lt;Contents&gt;&lt;Key&gt;88.0.4324.27/notes.txt&lt;/Key&gt;&lt;Generation&gt;1607019325853720&lt;/Generation&gt;&lt;MetaGeneration&gt;1&lt;/MetaGeneration&gt;&lt;LastModified&gt;2020-12-03T18:15:25.853Z&lt;/LastModified&gt;&lt;ETag&gt;&quot;dc570d7b837bdf9275a9007e8b96bf73&quot;&lt;/ETag&gt;&lt;Size&gt;695&lt;/Size&gt;&lt;/Contents&gt;&lt;Contents&gt;&lt;Key&gt;88.0.4324.96/chromedriver_linux64.zip&lt;/Key&gt;&lt;Generation&gt;1611170032059563&lt;/Generation&gt;&lt;MetaGeneration&gt;1&lt;/MetaGeneration&gt;&lt;LastModified&gt;2021-01-20T19:13:52.149Z&lt;/LastModified&gt;&lt;ETag&gt;&quot;40537b052b77c418f05abc1428ecc3c3&quot;&lt;/ETag&gt;&lt;Size&gt;5685461&lt;/Size&gt;&lt;/Contents&gt;&lt;Contents&gt;&lt;Key&gt;88.0.4324.96/chromedriver_mac64.zip&lt;/Key&gt;&lt;Generation&quot;
00:06:11.024 [main] DEBUG org.apache.http.wire - http-outgoing-0 &lt;&lt; &quot;&gt;1611170033864816&lt;/Generation&gt;&lt;MetaGeneration&gt;1&lt;/MetaGeneration&gt;&lt;LastModified&gt;2021-01-20T19:13:53.953Z&lt;/LastModified&gt;&lt;ETag&gt;&quot;b91266f2468907e6c3e58220182cf19f&quot;&lt;/ETag&gt;&lt;Size&gt;8137203&lt;/Size&gt;&lt;/Contents&gt;&lt;Contents&gt;&lt;Key&gt;88.0.4324.96/chromedriver_mac64_m1.zip&lt;/Key&gt;&lt;Generation&gt;1611170035591346&lt;/Generation&gt;&lt;MetaGeneration&gt;1&lt;/MetaGeneration&gt;&lt;LastModified&gt;2021-01-20T19:13:55.615Z&lt;/LastModified&gt;&lt;ETag&gt;&quot;dd6f6ae34fa210b1993fb159d24ce330&quot;&lt;/ETag&gt;&lt;Size&gt;7324938&lt;/Size&gt;&lt;/Contents&gt;&lt;Contents&gt;&lt;Key&gt;88.0.4324.96/chromedriver_win32.zip&lt;/Key&gt;&lt;Generation&gt;1611170037261846&lt;/Generation&gt;&lt;MetaGeneration&gt;1&lt;/MetaGeneration&gt;&lt;LastModified&gt;2021-01-20T19:13:57.346Z&lt;/LastModified&gt;&lt;ETag&gt;&quot;9f5e7741994b46b1acca15d779cfe7ad&quot;&lt;/ETag&gt;&lt;Size&gt;5625092&lt;/Size&gt;&lt;/Contents&gt;&lt;Contents&gt;&lt;Key&gt;88.0.4324.96/notes.txt&lt;/Key&gt;&lt;Generation&gt;1611169279097306&lt;/Generation&gt;&lt;MetaGeneration&gt;1&lt;/MetaGeneration&gt;&lt;LastModified&gt;2021-01-20T19:01:19.121Z&lt;/LastModified&gt;&lt;ET&quot;
00:06:11.024 [main] DEBUG org.apache.http.wire - http-outgoing-0 &lt;&lt; &quot;ag&gt;&quot;cbd16414ef0a8fc16a461d9d9dfa6b51&quot;&lt;/ETag&gt;&lt;Size&gt;221&lt;/Size&gt;&lt;/Contents&gt;&lt;Contents&gt;&lt;Key&gt;89.0.4389.23/chromedriver_linux64.zip&lt;/Key&gt;&lt;Generation&gt;1611855052175154&lt;/Generation&gt;&lt;MetaGeneration&gt;1&lt;/MetaGeneration&gt;&lt;LastModified&gt;2021-01-28T17:30:52.195Z&lt;/LastModified&gt;&lt;ETag&gt;&quot;24686a3cc3ccf8cbc60cf744baa47692&quot;&lt;/ETag&gt;&lt;Size&gt;5845152&lt;/Size&gt;&lt;/Contents&gt;&lt;Contents&gt;&lt;Key&gt;89.0.4389.23/chromedriver_mac64.zip&lt;/Key&gt;&lt;Generation&gt;1611855053808450&lt;/Generation&gt;&lt;MetaGeneration&gt;1&lt;/MetaGeneration&gt;&lt;LastModified&gt;2021-01-28T17:30:53.829Z&lt;/LastModified&gt;&lt;ETag&gt;&quot;a6620c6a6804fa08365dfc6e8c8724e6&quot;&lt;/ETag&gt;&lt;Size&gt;8358801&lt;/Size&gt;&lt;/Contents&gt;&lt;Contents&gt;&lt;Key&gt;89.0.4389.23/chromedriver_mac64_m1.zip&lt;/Key&gt;&lt;Generation&gt;1611855055505105&lt;/Generation&gt;&lt;MetaGeneration&gt;1&lt;/MetaGeneration&gt;&lt;LastModified&gt;2021-01-28T17:30:55.524Z&lt;/LastModified&gt;&lt;ETag&gt;&quot;1544d2a1b1a6fbdd55ff5dac0b48d89f&quot;&lt;/ETag&gt;&lt;Size&gt;7521898&lt;/Size&gt;&lt;/Contents&gt;&lt;Contents&gt;&lt;Key&gt;89.0.4389.23/chromedriver_win32.zip&lt;/Key&gt;&lt;Generation&gt;1611855057134877&lt;/Generation&gt;&lt;MetaGeneration&gt;1&lt;/MetaGeneration&gt;&lt;LastModified&gt;2021-01-28T17:30:57.154Z&lt;/LastModified&gt;&lt;ETag&gt;&quot;0bf4bc39f34cee67f5f95afd8a24c191&quot;&lt;/ETag&gt;&lt;Size&gt;5960870&lt;/Size&gt;&lt;/Contents&gt;&lt;Contents&gt;&lt;Key&gt;89.0.4389.23/notes.txt&lt;/Key&gt;&lt;Generation&gt;1611855060911414&lt;/Generation&gt;&lt;MetaGeneration&gt;1&lt;/MetaGeneration&gt;&lt;LastModified&gt;2021-01-28T17:31:00.931Z&lt;/LastModified&gt;&lt;ETag&gt;&quot;4e3ff6354a7462edfe5d95ab8690f7c8&quot;&lt;/ETag&gt;&lt;Size&gt;485&lt;/Size&gt;&lt;/Contents&gt;&lt;Contents&gt;&lt;Key&gt;90.0.4430.24/chromedrive&quot;
00:06:11.024 [main] DEBUG org.apache.http.wire - http-outgoing-0 &lt;&lt; &quot;r_linux64.zip&lt;/Key&gt;&lt;Generation&gt;1615826986051015&lt;/Generation&gt;&lt;MetaGeneration&gt;1&lt;/MetaGeneration&gt;&lt;LastModified&gt;2021-03-15T16:49:46.070Z&lt;/LastModified&gt;&lt;ETag&gt;&quot;ff32297377308392f3e5b44cf282f77a&quot;&lt;/ETag&gt;&lt;Size&gt;5795569&lt;/Size&gt;&lt;/Contents&gt;&lt;Contents&gt;&lt;Key&gt;90.0.4430.24/chromedriver_mac64.zip&lt;/Key&gt;&lt;Generation&gt;1615826988041744&lt;/Generation&gt;&lt;MetaGeneration&gt;1&lt;/MetaGeneration&gt;&lt;LastModified&gt;2021-03-15T16:49:48.062Z&lt;/LastModified&gt;&lt;ETag&gt;&quot;01378f44ca91150771859e254809fb66&quot;&lt;/ETag&gt;&lt;Size&gt;8050248&lt;/Size&gt;&lt;/Contents&gt;&lt;Contents&gt;&lt;Key&gt;90.0.4430.24/chromedriver_mac64_m1.zip&lt;/Key&gt;&lt;Generation&gt;1615826990024179&lt;/Generation&gt;&lt;MetaGeneration&gt;1&lt;/MetaGeneration&gt;&lt;LastModified&gt;2021-03-15T16:49:50.044Z&lt;/LastModified&gt;&lt;ETag&gt;&quot;9cd97b08730a9d395610d051b4aa2c05&quot;&lt;/ETag&gt;&lt;Size&gt;7354324&lt;/Size&gt;&lt;/Contents&gt;&lt;Contents&gt;&lt;Key&gt;90.0.4430.24/chromedriver_win32.zip&lt;/Key&gt;&lt;Generation&gt;1615826991918546&lt;/Generation&gt;&lt;MetaGeneration&gt;1&lt;/MetaGeneration&gt;&lt;LastModified&gt;2021-03-15T16:49:51.938Z&lt;/LastModified&gt;&lt;ETag&gt;&quot;eeb5e37fc4d4b21337a46576137a2053&quot;&lt;/ETag&gt;&lt;Size&gt;5943128&lt;/Size&gt;&lt;/Contents&gt;&lt;Contents&gt;&lt;Key&gt;90.0.4430.24/notes.txt&lt;/Key&gt;&lt;Generation&gt;1615826996890903&lt;/Generation&gt;&lt;MetaGeneration&gt;1&lt;/MetaGeneration&gt;&lt;LastModified&gt;2021-03-15T16:49:56.910Z&lt;/LastModified&gt;&lt;ETag&gt;&quot;a79b03d7895fbb145c4d3d0a63ba0d41&quot;&lt;/ETag&gt;&lt;Size&gt;621&lt;/Size&gt;&lt;/Contents&gt;&lt;Contents&gt;&lt;Key&gt;91.0.4472.101/chromedriver_linux64.zip&lt;/Key&gt;&lt;Generation&gt;1623407097581891&lt;/Generation&gt;&lt;MetaGeneration&gt;1&lt;/MetaGeneration&gt;&lt;LastModified&gt;2&quot;
00:06:11.024 [main] DEBUG org.apache.http.wire - http-outgoing-0 &lt;&lt; &quot;021-06-11T10:24:57.684Z&lt;/LastModified&gt;&lt;ETag&gt;&quot;cc43ba0babbfff7f22b48165ec8e8c81&quot;&lt;/ETag&gt;&lt;Size&gt;5964960&lt;/Size&gt;&lt;/Contents&gt;&lt;Contents&gt;&lt;Key&gt;91.0.4472.101/chromedriver_mac64.zip&lt;/Key&gt;&lt;Generation&gt;1623407099864554&lt;/Generation&gt;&lt;MetaGeneration&gt;1&lt;/MetaGeneration&gt;&lt;LastModified&gt;2021-06-11T10:24:59.969Z&lt;/LastModified&gt;&lt;ETag&gt;&quot;032eac2d797a0bdc2484cce1843334d1&quot;&lt;/ETag&gt;&lt;Size&gt;8069633&lt;/Size&gt;&lt;/Contents&gt;&lt;Contents&gt;&lt;Key&gt;91.0.4472.101/chromedriver_mac64_m1.zip&lt;/Key&gt;&lt;Generation&gt;1623407102138926&lt;/Generation&gt;&lt;MetaGeneration&gt;1&lt;/MetaGeneration&gt;&lt;LastModified&gt;2021-06-11T10:25:02.243Z&lt;/LastModified&gt;&lt;ETag&gt;&quot;03f777064144a4a76221e5a6d15f9f11&quot;&lt;/ETag&gt;&lt;Size&gt;7367506&lt;/Size&gt;&lt;/Contents&gt;&lt;Contents&gt;&lt;Key&gt;91.0.4472.101/chromedriver_win32.zip&lt;/Key&gt;&lt;Generation&gt;1623407104490668&lt;/Generation&gt;&lt;MetaGeneration&gt;1&lt;/MetaGeneration&gt;&lt;LastModified&gt;2021-06-11T10:25:04.595Z&lt;/LastModified&gt;&lt;ETag&gt;&quot;0300a26b734e93972552a80a6b716100&quot;&lt;/ETag&gt;&lt;Size&gt;5870356&lt;/Size&gt;&lt;/Contents&gt;&lt;Contents&gt;&lt;Key&gt;91.0.4472.101/notes.txt&lt;/Key&gt;&lt;Generation&gt;1623407109295493&lt;/Generation&gt;&lt;MetaGeneration&gt;1&lt;/MetaGeneration&gt;&lt;LastModified&gt;2021-06-11T10:25:09.404Z&lt;/LastModified&gt;&lt;ETag&gt;&quot;371f90b6fc18478864154ec6e95350ac&quot;&lt;/ETag&gt;&lt;Size&gt;180&lt;/Size&gt;&lt;/Contents&gt;&lt;Contents&gt;&lt;Key&gt;91.0.4472.19/chromedriver_linux64.zip&lt;/Key&gt;&lt;Generation&gt;1619122696623684&lt;/Generation&gt;&lt;MetaGeneration&gt;1&lt;/MetaGeneration&gt;&lt;LastModified&gt;2021-04-22T20:18:16.657Z&lt;/LastModified&gt;&lt;ETag&gt;&quot;97514be5a4e4f409593fd0f9714b9ea4&quot;&lt;/ETag&gt;&lt;Size&gt;5891445&lt;/Size&gt;&lt;&quot;
00:06:11.025 [main] DEBUG org.apache.http.wire - http-outgoing-0 &lt;&lt; &quot;/Contents&gt;&lt;Contents&gt;&lt;Key&gt;91.0.4472.19/chromedriver_mac64.zip&lt;/Key&gt;&lt;Generation&gt;1619122698264933&lt;/Generation&gt;&lt;MetaGeneration&gt;1&lt;/MetaGeneration&gt;&lt;LastModified&gt;2021-04-22T20:18:18.285Z&lt;/LastModified&gt;&lt;ETag&gt;&quot;4e9117fe8a2d2ceb721cd40472e84902&quot;&lt;/ETag&gt;&lt;Size&gt;8056350&lt;/Size&gt;&lt;/Contents&gt;&lt;Contents&gt;&lt;Key&gt;91.0.4472.19/chromedriver_mac64_m1.zip&lt;/Key&gt;&lt;Generation&gt;1619122699948312&lt;/Generation&gt;&lt;MetaGeneration&gt;1&lt;/MetaGeneration&gt;&lt;LastModified&gt;2021-04-22T20:18:19.968Z&lt;/LastModified&gt;&lt;ETag&gt;&quot;5890be572c5797eac97767a449df3803&quot;&lt;/ETag&gt;&lt;Size&gt;7393338&lt;/Size&gt;&lt;/Contents&gt;&lt;Contents&gt;&lt;Key&gt;91.0.4472.19/chromedriver_win32.zip&lt;/Key&gt;&lt;Generation&gt;1619122701554741&lt;/Generation&gt;&lt;MetaGeneration&gt;1&lt;/MetaGeneration&gt;&lt;LastModified&gt;2021-04-22T20:18:21.575Z&lt;/LastModified&gt;&lt;ETag&gt;&quot;abb93e0867a48110ee9118ddc050679c&quot;&lt;/ETag&gt;&lt;Size&gt;5857940&lt;/Size&gt;&lt;/Contents&gt;&lt;Contents&gt;&lt;Key&gt;91.0.4472.19/notes.txt&lt;/Key&gt;&lt;Generation&gt;1619122705629161&lt;/Generation&gt;&lt;MetaGeneration&gt;1&lt;/MetaGeneration&gt;&lt;LastModified&gt;2021-04-22T20:18:25.649Z&lt;/LastModified&gt;&lt;ETag&gt;&quot;e99b2961966e8daaea0a8051e385ee4d&quot;&lt;/ETag&gt;&lt;Size&gt;246&lt;/Size&gt;&lt;/Contents&gt;&lt;Contents&gt;&lt;Key&gt;92.0.4515.107/chromedriver_linux64.zip&lt;/Key&gt;&lt;Generation&gt;1627541875084527&lt;/Generation&gt;&lt;MetaGeneration&gt;1&lt;/MetaGeneration&gt;&lt;LastModified&gt;2021-07-29T06:57:55.113Z&lt;/LastModified&gt;&lt;ETag&gt;&quot;7a2d4054ba1bc7e05b6f206c8f130b48&quot;&lt;/ETag&gt;&lt;Size&gt;5980285&lt;/Size&gt;&lt;/Contents&gt;&lt;Contents&gt;&lt;Key&gt;92.0.4515.107/chromedriver_mac64.zip&lt;/Key&gt;&lt;Generation&gt;1627541878142623&lt;/Generation&gt;&lt;&quot;
00:06:11.025 [main] DEBUG org.apache.http.wire - http-outgoing-0 &lt;&lt; &quot;MetaGeneration&gt;1&lt;/MetaGeneration&gt;&lt;LastModified&gt;2021-07-29T06:57:58.171Z&lt;/LastModified&gt;&lt;ETag&gt;&quot;ec791bc14f87c826d68f54c89bda1207&quot;&lt;/ETag&gt;&lt;Size&gt;8118810&lt;/Size&gt;&lt;/Contents&gt;&lt;Contents&gt;&lt;Key&gt;92.0.4515.107/chromedriver_mac64_m1.zip&lt;/Key&gt;&lt;Generation&gt;1627541880536137&lt;/Generation&gt;&lt;MetaGeneration&gt;1&lt;/MetaGeneration&gt;&lt;LastModified&gt;2021-07-29T06:58:00.565Z&lt;/LastModified&gt;&lt;ETag&gt;&quot;f8391dca45556f3a371e1796db46c827&quot;&lt;/ETag&gt;&lt;Size&gt;7432011&lt;/Size&gt;&lt;/Contents&gt;&lt;Contents&gt;&lt;Key&gt;92.0.4515.107/chromedriver_win32.zip&lt;/Key&gt;&lt;Generation&gt;1627541882868555&lt;/Generation&gt;&lt;MetaGeneration&gt;1&lt;/MetaGeneration&gt;&lt;LastModified&gt;2021-07-29T06:58:02.897Z&lt;/LastModified&gt;&lt;ETag&gt;&quot;c4bef54fef659a07324b9f98724430c4&quot;&lt;/ETag&gt;&lt;Size&gt;5938088&lt;/Size&gt;&lt;/Contents&gt;&lt;Contents&gt;&lt;Key&gt;92.0.4515.107/notes.txt&lt;/Key&gt;&lt;Generation&gt;1627541887933714&lt;/Generation&gt;&lt;MetaGeneration&gt;1&lt;/MetaGeneration&gt;&lt;LastModified&gt;2021-07-29T06:58:07.962Z&lt;/LastModified&gt;&lt;ETag&gt;&quot;f7b7788702eb882f811d88096a23029c&quot;&lt;/ETag&gt;&lt;Size&gt;156&lt;/Size&gt;&lt;/Contents&gt;&lt;Contents&gt;&lt;Key&gt;92.0.4515.43/chromedriver_linux64.zip&lt;/Key&gt;&lt;Generation&gt;1623405472832678&lt;/Generation&gt;&lt;MetaGeneration&gt;1&lt;/MetaGeneration&gt;&lt;LastModified&gt;2021-06-11T09:57:52.862Z&lt;/LastModified&gt;&lt;ETag&gt;&quot;b29501f84c0a3104958df2d950417450&quot;&lt;/ETag&gt;&lt;Size&gt;6023109&lt;/Size&gt;&lt;/Contents&gt;&lt;Contents&gt;&lt;Key&gt;92.0.4515.43/chromedriver_mac64.zip&lt;/Key&gt;&lt;Generation&gt;1623405475527080&lt;/Generation&gt;&lt;MetaGeneration&gt;1&lt;/MetaGeneration&gt;&lt;LastModified&gt;2021-06-11T09:57:55.556Z&lt;/LastModified&gt;&lt;ETag&gt;&quot;35c25e2c5a4531&quot;
00:06:11.025 [main] DEBUG org.apache.http.wire - http-outgoing-0 &lt;&lt; &quot;0850c35e8288388dc6&quot;&lt;/ETag&gt;&lt;Size&gt;8136683&lt;/Size&gt;&lt;/Contents&gt;&lt;Contents&gt;&lt;Key&gt;92.0.4515.43/chromedriver_mac64_m1.zip&lt;/Key&gt;&lt;Generation&gt;1623405478320734&lt;/Generation&gt;&lt;MetaGeneration&gt;1&lt;/MetaGeneration&gt;&lt;LastModified&gt;2021-06-11T09:57:58.349Z&lt;/LastModified&gt;&lt;ETag&gt;&quot;0e20a81c41fb64b3d71791f764993ab7&quot;&lt;/ETag&gt;&lt;Size&gt;7442647&lt;/Size&gt;&lt;/Contents&gt;&lt;Contents&gt;&lt;Key&gt;92.0.4515.43/chromedriver_win32.zip&lt;/Key&gt;&lt;Generation&gt;1623405480861657&lt;/Generation&gt;&lt;MetaGeneration&gt;1&lt;/MetaGeneration&gt;&lt;LastModified&gt;2021-06-11T09:58:00.891Z&lt;/LastModified&gt;&lt;ETag&gt;&quot;400a977e0ed14e4340155ed330f72f5b&quot;&lt;/ETag&gt;&lt;Size&gt;5931534&lt;/Size&gt;&lt;/Contents&gt;&lt;Contents&gt;&lt;Key&gt;92.0.4515.43/notes.txt&lt;/Key&gt;&lt;Generation&gt;1623405486764842&lt;/Generation&gt;&lt;MetaGeneration&gt;1&lt;/MetaGeneration&gt;&lt;LastModified&gt;2021-06-11T09:58:06.795Z&lt;/LastModified&gt;&lt;ETag&gt;&quot;6d98c0a6a6f45a38376d5fa70213a08c&quot;&lt;/ETag&gt;&lt;Size&gt;155&lt;/Size&gt;&lt;/Contents&gt;&lt;Contents&gt;&lt;Key&gt;93.0.4577.15/chromedriver_linux64.zip&lt;/Key&gt;&lt;Generation&gt;1627541381574572&lt;/Generation&gt;&lt;MetaGeneration&gt;1&lt;/MetaGeneration&gt;&lt;LastModified&gt;2021-07-29T06:49:41.607Z&lt;/LastModified&gt;&lt;ETag&gt;&quot;db620e3092d1509d9bd2fed2f3a10c01&quot;&lt;/ETag&gt;&lt;Size&gt;6088169&lt;/Size&gt;&lt;/Contents&gt;&lt;Contents&gt;&lt;Key&gt;93.0.4577.15/chromedriver_mac64.zip&lt;/Key&gt;&lt;Generation&gt;1627541384088878&lt;/Generation&gt;&lt;MetaGeneration&gt;1&lt;/MetaGeneration&gt;&lt;LastModified&gt;2021-07-29T06:49:44.118Z&lt;/LastModified&gt;&lt;ETag&gt;&quot;9beb1a4bec9ccff39c38ff737b3355ad&quot;&lt;/ETag&gt;&lt;Size&gt;8165000&lt;/Size&gt;&lt;/Contents&gt;&lt;Contents&gt;&lt;Key&gt;93.0.4577.15/chromedriver_mac64_m1.zip&quot;
00:06:11.025 [main] DEBUG org.apache.http.wire - http-outgoing-0 &lt;&lt; &quot;&lt;/Key&gt;&lt;Generation&gt;1627541386482288&lt;/Generation&gt;&lt;MetaGeneration&gt;1&lt;/MetaGeneration&gt;&lt;LastModified&gt;2021-07-29T06:49:46.511Z&lt;/LastModified&gt;&lt;ETag&gt;&quot;492c19b3c54c052cf9d273992a14c758&quot;&lt;/ETag&gt;&lt;Size&gt;7712923&lt;/Size&gt;&lt;/Contents&gt;&lt;Contents&gt;&lt;Key&gt;93.0.4577.15/chromedriver_win32.zip&lt;/Key&gt;&lt;Generation&gt;1627541388763851&lt;/Generation&gt;&lt;MetaGeneration&gt;1&lt;/MetaGeneration&gt;&lt;LastModified&gt;2021-07-29T06:49:48.793Z&lt;/LastModified&gt;&lt;ETag&gt;&quot;33cd7f216b2353ad0b0a0891f52ec657&quot;&lt;/ETag&gt;&lt;Size&gt;5991034&lt;/Size&gt;&lt;/Contents&gt;&lt;Contents&gt;&lt;Key&gt;93.0.4577.15/notes.txt&lt;/Key&gt;&lt;Generation&gt;1627541393663090&lt;/Generation&gt;&lt;MetaGeneration&gt;1&lt;/MetaGeneration&gt;&lt;LastModified&gt;2021-07-29T06:49:53.692Z&lt;/LastModified&gt;&lt;ETag&gt;&quot;22a22ff69ded14c3da71bd114f4f53df&quot;&lt;/ETag&gt;&lt;Size&gt;85&lt;/Size&gt;&lt;/Contents&gt;&lt;Contents&gt;&lt;Key&gt;LATEST_RELEASE&lt;/Key&gt;&lt;Generation&gt;1627634056300757&lt;/Generation&gt;&lt;MetaGeneration&gt;1&lt;/MetaGeneration&gt;&lt;LastModified&gt;2021-07-30T08:34:16.400Z&lt;/LastModified&gt;&lt;ETag&gt;&quot;3a0e5d4f452cf99191634d0ffab744a0&quot;&lt;/ETag&gt;&lt;Size&gt;13&lt;/Size&gt;&lt;/Contents&gt;&lt;Contents&gt;&lt;Key&gt;LATEST_RELEASE_70&lt;/Key&gt;&lt;Generation&gt;1550727463184297&lt;/Generation&gt;&lt;MetaGeneration&gt;1&lt;/MetaGeneration&gt;&lt;LastModified&gt;2019-02-21T05:37:43.183Z&lt;/LastModified&gt;&lt;ETag&gt;&quot;d457e2744f5dcfce1d0c081d08a954a4&quot;&lt;/ETag&gt;&lt;Size&gt;12&lt;/Size&gt;&lt;/Contents&gt;&lt;Contents&gt;&lt;Key&gt;LATEST_RELEASE_70.0.3538&lt;/Key&gt;&lt;Generation&gt;1541488748414313&lt;/Generation&gt;&lt;MetaGeneration&gt;1&lt;/MetaGeneration&gt;&lt;LastModified&gt;2018-11-06T07:19:08.413Z&lt;/LastModified&gt;&lt;ETag&gt;&quot;d457e2744f5dcfce1d0c081d08a954a4&quot;&lt;/&quot;
00:06:11.026 [main] DEBUG org.apache.http.wire - http-outgoing-0 &lt;&lt; &quot;ETag&gt;&lt;Size&gt;12&lt;/Size&gt;&lt;/Contents&gt;&lt;Contents&gt;&lt;Key&gt;LATEST_RELEASE_71&lt;/Key&gt;&lt;Generation&gt;1550727449971220&lt;/Generation&gt;&lt;MetaGeneration&gt;1&lt;/MetaGeneration&gt;&lt;LastModified&gt;2019-02-21T05:37:29.970Z&lt;/LastModified&gt;&lt;ETag&gt;&quot;3748a8dce2336099e62747207336606b&quot;&lt;/ETag&gt;&lt;Size&gt;13&lt;/Size&gt;&lt;/Contents&gt;&lt;Contents&gt;&lt;Key&gt;LATEST_RELEASE_71.0.3578&lt;/Key&gt;&lt;Generation&gt;1548099343788813&lt;/Generation&gt;&lt;MetaGeneration&gt;1&lt;/MetaGeneration&gt;&lt;LastModified&gt;2019-01-21T19:35:43.788Z&lt;/LastModified&gt;&lt;ETag&gt;&quot;3748a8dce2336099e62747207336606b&quot;&lt;/ETag&gt;&lt;Size&gt;13&lt;/Size&gt;&lt;/Contents&gt;&lt;Contents&gt;&lt;Key&gt;LATEST_RELEASE_72&lt;/Key&gt;&lt;Generation&gt;1550727437996370&lt;/Generation&gt;&lt;MetaGeneration&gt;1&lt;/MetaGeneration&gt;&lt;LastModified&gt;2019-02-21T05:37:17.996Z&lt;/LastModified&gt;&lt;ETag&gt;&quot;edc8389a93d2c7c746cbf0eda0852bea&quot;&lt;/ETag&gt;&lt;Size&gt;12&lt;/Size&gt;&lt;/Contents&gt;&lt;Contents&gt;&lt;Key&gt;LATEST_RELEASE_72.0.3626&lt;/Key&gt;&lt;Generation&gt;1548141705397053&lt;/Generation&gt;&lt;MetaGeneration&gt;1&lt;/MetaGeneration&gt;&lt;LastModified&gt;2019-01-22T07:21:45.396Z&lt;/LastModified&gt;&lt;ETag&gt;&quot;edc8389a93d2c7c746cbf0eda0852bea&quot;&lt;/ETag&gt;&lt;Size&gt;12&lt;/Size&gt;&lt;/Contents&gt;&lt;Contents&gt;&lt;Key&gt;LATEST_RELEASE_73&lt;/Key&gt;&lt;Generation&gt;1552406759037011&lt;/Generation&gt;&lt;MetaGeneration&gt;1&lt;/MetaGeneration&gt;&lt;LastModified&gt;2019-03-12T16:05:59.036Z&lt;/LastModified&gt;&lt;ETag&gt;&quot;4a51baa3e8827a77804c49bfc54a0c65&quot;&lt;/ETag&gt;&lt;Size&gt;12&lt;/Size&gt;&lt;/Contents&gt;&lt;Contents&gt;&lt;Key&gt;LATEST_RELEASE_73.0.3683&lt;/Key&gt;&lt;Generation&gt;1551998099301405&lt;/Generation&gt;&lt;MetaGeneration&gt;1&lt;/MetaGeneration&gt;&lt;LastModified&gt;2019-03-07T22:34:59.301Z&lt;/LastModi&quot;
00:06:11.026 [main] DEBUG org.apache.http.wire - http-outgoing-0 &lt;&lt; &quot;fied&gt;&lt;ETag&gt;&quot;4a51baa3e8827a77804c49bfc54a0c65&quot;&lt;/ETag&gt;&lt;Size&gt;12&lt;/Size&gt;&lt;/Contents&gt;&lt;Contents&gt;&lt;Key&gt;LATEST_RELEASE_74&lt;/Key&gt;&lt;Generation&gt;1552418731583998&lt;/Generation&gt;&lt;MetaGeneration&gt;1&lt;/MetaGeneration&gt;&lt;LastModified&gt;2019-03-12T19:25:31.583Z&lt;/LastModified&gt;&lt;ETag&gt;&quot;445488632b27bf112162f240458c8b75&quot;&lt;/ETag&gt;&lt;Size&gt;11&lt;/Size&gt;&lt;/Contents&gt;&lt;Contents&gt;&lt;Key&gt;LATEST_RELEASE_74.0.3729&lt;/Key&gt;&lt;Generation&gt;1552418730367675&lt;/Generation&gt;&lt;MetaGeneration&gt;1&lt;/MetaGeneration&gt;&lt;LastModified&gt;2019-03-12T19:25:30.367Z&lt;/LastModified&gt;&lt;ETag&gt;&quot;445488632b27bf112162f240458c8b75&quot;&lt;/ETag&gt;&lt;Size&gt;11&lt;/Size&gt;&lt;/Contents&gt;&lt;Contents&gt;&lt;Key&gt;LATEST_RELEASE_75&lt;/Key&gt;&lt;Generation&gt;1562954791115404&lt;/Generation&gt;&lt;MetaGeneration&gt;1&lt;/MetaGeneration&gt;&lt;LastModified&gt;2019-07-12T18:06:31.115Z&lt;/LastModified&gt;&lt;ETag&gt;&quot;e30ba48e1bad76a15b4b516bd2f501f5&quot;&lt;/ETag&gt;&lt;Size&gt;13&lt;/Size&gt;&lt;/Contents&gt;&lt;Contents&gt;&lt;Key&gt;LATEST_RELEASE_75.0.3770&lt;/Key&gt;&lt;Generation&gt;1562954789734819&lt;/Generation&gt;&lt;MetaGeneration&gt;1&lt;/MetaGeneration&gt;&lt;LastModified&gt;2019-07-12T18:06:29.734Z&lt;/LastModified&gt;&lt;ETag&gt;&quot;e30ba48e1bad76a15b4b516bd2f501f5&quot;&lt;/ETag&gt;&lt;Size&gt;13&lt;/Size&gt;&lt;/Contents&gt;&lt;Contents&gt;&lt;Key&gt;LATEST_RELEASE_76&lt;/Key&gt;&lt;Generation&gt;1566324092838269&lt;/Generation&gt;&lt;MetaGeneration&gt;1&lt;/MetaGeneration&gt;&lt;LastModified&gt;2019-08-20T18:01:32.838Z&lt;/LastModified&gt;&lt;ETag&gt;&quot;c49a33101c8d53f95def472744518541&quot;&lt;/ETag&gt;&lt;Size&gt;13&lt;/Size&gt;&lt;/Contents&gt;&lt;Contents&gt;&lt;Key&gt;LATEST_RELEASE_76.0.3809&lt;/Key&gt;&lt;Generation&gt;1566324091671879&lt;/Generation&gt;&lt;MetaGeneration&gt;1&lt;/MetaGeneration&gt;&lt;&quot;
00:06:11.026 [main] DEBUG org.apache.http.wire - http-outgoing-0 &lt;&lt; &quot;LastModified&gt;2019-08-20T18:01:31.671Z&lt;/LastModified&gt;&lt;ETag&gt;&quot;c49a33101c8d53f95def472744518541&quot;&lt;/ETag&gt;&lt;Size&gt;13&lt;/Size&gt;&lt;/Contents&gt;&lt;Contents&gt;&lt;Key&gt;LATEST_RELEASE_77&lt;/Key&gt;&lt;Generation&gt;1566324172201063&lt;/Generation&gt;&lt;MetaGeneration&gt;1&lt;/MetaGeneration&gt;&lt;LastModified&gt;2019-08-20T18:02:52.200Z&lt;/LastModified&gt;&lt;ETag&gt;&quot;32e80dfee0af120f7f94bbb85e52b845&quot;&lt;/ETag&gt;&lt;Size&gt;12&lt;/Size&gt;&lt;/Contents&gt;&lt;Contents&gt;&lt;Key&gt;LATEST_RELEASE_77.0.3865&lt;/Key&gt;&lt;Generation&gt;1566324170948144&lt;/Generation&gt;&lt;MetaGeneration&gt;1&lt;/MetaGeneration&gt;&lt;LastModified&gt;2019-08-20T18:02:50.947Z&lt;/LastModified&gt;&lt;ETag&gt;&quot;32e80dfee0af120f7f94bbb85e52b845&quot;&lt;/ETag&gt;&lt;Size&gt;12&lt;/Size&gt;&lt;/Contents&gt;&lt;Contents&gt;&lt;Key&gt;LATEST_RELEASE_78&lt;/Key&gt;&lt;Generation&gt;1574101246724375&lt;/Generation&gt;&lt;MetaGeneration&gt;1&lt;/MetaGeneration&gt;&lt;LastModified&gt;2019-11-18T18:20:46.724Z&lt;/LastModified&gt;&lt;ETag&gt;&quot;b9bde7b64efbdd91bcd063096c26c2f3&quot;&lt;/ETag&gt;&lt;Size&gt;13&lt;/Size&gt;&lt;/Contents&gt;&lt;Contents&gt;&lt;Key&gt;LATEST_RELEASE_78.0.3904&lt;/Key&gt;&lt;Generation&gt;1574101245336557&lt;/Generation&gt;&lt;MetaGeneration&gt;1&lt;/MetaGeneration&gt;&lt;LastModified&gt;2019-11-18T18:20:45.336Z&lt;/LastModified&gt;&lt;ETag&gt;&quot;b9bde7b64efbdd91bcd063096c26c2f3&quot;&lt;/ETag&gt;&lt;Size&gt;13&lt;/Size&gt;&lt;/Contents&gt;&lt;Contents&gt;&lt;Key&gt;LATEST_RELEASE_79&lt;/Key&gt;&lt;Generation&gt;1574101209561651&lt;/Generation&gt;&lt;MetaGeneration&gt;1&lt;/MetaGeneration&gt;&lt;LastModified&gt;2019-11-18T18:20:09.561Z&lt;/LastModified&gt;&lt;ETag&gt;&quot;6dbe8fd284d1450dfe211ec372589603&quot;&lt;/ETag&gt;&lt;Size&gt;12&lt;/Size&gt;&lt;/Contents&gt;&lt;Contents&gt;&lt;Key&gt;LATEST_RELEASE_79.0.3945&lt;/Key&gt;&lt;Generation&gt;1574101208322149&lt;&quot;
00:06:11.027 [main] DEBUG org.apache.http.wire - http-outgoing-0 &lt;&lt; &quot;/Generation&gt;&lt;MetaGeneration&gt;1&lt;/MetaGeneration&gt;&lt;LastModified&gt;2019-11-18T18:20:08.321Z&lt;/LastModified&gt;&lt;ETag&gt;&quot;6dbe8fd284d1450dfe211ec372589603&quot;&lt;/ETag&gt;&lt;Size&gt;12&lt;/Size&gt;&lt;/Contents&gt;&lt;Contents&gt;&lt;Key&gt;LATEST_RELEASE_80&lt;/Key&gt;&lt;Generation&gt;1581622451419454&lt;/Generation&gt;&lt;MetaGeneration&gt;1&lt;/MetaGeneration&gt;&lt;LastModified&gt;2020-02-13T19:34:11.419Z&lt;/LastModified&gt;&lt;ETag&gt;&quot;492ef7f4a53ab59e654c8ed8f7fb63ca&quot;&lt;/ETag&gt;&lt;Size&gt;13&lt;/Size&gt;&lt;/Contents&gt;&lt;Contents&gt;&lt;Key&gt;LATEST_RELEASE_80.0.3987&lt;/Key&gt;&lt;Generation&gt;1581622425572055&lt;/Generation&gt;&lt;MetaGeneration&gt;1&lt;/MetaGeneration&gt;&lt;LastModified&gt;2020-02-13T19:33:45.571Z&lt;/LastModified&gt;&lt;ETag&gt;&quot;492ef7f4a53ab59e654c8ed8f7fb63ca&quot;&lt;/ETag&gt;&lt;Size&gt;13&lt;/Size&gt;&lt;/Contents&gt;&lt;Contents&gt;&lt;Key&gt;LATEST_RELEASE_81&lt;/Key&gt;&lt;Generation&gt;1588710844421698&lt;/Generation&gt;&lt;MetaGeneration&gt;1&lt;/MetaGeneration&gt;&lt;LastModified&gt;2020-05-05T20:34:04.421Z&lt;/LastModified&gt;&lt;ETag&gt;&quot;6e0f511e2790a8ee5dc0068c678020fd&quot;&lt;/ETag&gt;&lt;Size&gt;13&lt;/Size&gt;&lt;/Contents&gt;&lt;Contents&gt;&lt;Key&gt;LATEST_RELEASE_81.0.4044&lt;/Key&gt;&lt;Generation&gt;1588710843117086&lt;/Generation&gt;&lt;MetaGeneration&gt;1&lt;/MetaGeneration&gt;&lt;LastModified&gt;2020-05-05T20:34:03.116Z&lt;/LastModified&gt;&lt;ETag&gt;&quot;6e0f511e2790a8ee5dc0068c678020fd&quot;&lt;/ETag&gt;&lt;Size&gt;13&lt;/Size&gt;&lt;/Contents&gt;&lt;Contents&gt;&lt;Key&gt;LATEST_RELEASE_83&lt;/Key&gt;&lt;Generation&gt;1588712022100475&lt;/Generation&gt;&lt;MetaGeneration&gt;1&lt;/MetaGeneration&gt;&lt;LastModified&gt;2020-05-05T20:53:42.100Z&lt;/LastModified&gt;&lt;ETag&gt;&quot;378d9c7243db9092de8474d24dc970cf&quot;&lt;/ETag&gt;&lt;Size&gt;12&lt;/Size&gt;&lt;/Contents&gt;&lt;Contents&gt;&lt;Key&gt;LATEST_RELEA&quot;
00:06:11.027 [main] DEBUG org.apache.http.wire - http-outgoing-0 &lt;&lt; &quot;SE_83.0.4103&lt;/Key&gt;&lt;Generation&gt;1588712020791556&lt;/Generation&gt;&lt;MetaGeneration&gt;1&lt;/MetaGeneration&gt;&lt;LastModified&gt;2020-05-05T20:53:40.791Z&lt;/LastModified&gt;&lt;ETag&gt;&quot;378d9c7243db9092de8474d24dc970cf&quot;&lt;/ETag&gt;&lt;Size&gt;12&lt;/Size&gt;&lt;/Contents&gt;&lt;Contents&gt;&lt;Key&gt;LATEST_RELEASE_84&lt;/Key&gt;&lt;Generation&gt;1590699914269125&lt;/Generation&gt;&lt;MetaGeneration&gt;1&lt;/MetaGeneration&gt;&lt;LastModified&gt;2020-05-28T21:05:14.268Z&lt;/LastModified&gt;&lt;ETag&gt;&quot;f90fc89bccbabdd8582026a34268cdaf&quot;&lt;/ETag&gt;&lt;Size&gt;12&lt;/Size&gt;&lt;/Contents&gt;&lt;Contents&gt;&lt;Key&gt;LATEST_RELEASE_84.0.4147&lt;/Key&gt;&lt;Generation&gt;1590699912883468&lt;/Generation&gt;&lt;MetaGeneration&gt;1&lt;/MetaGeneration&gt;&lt;LastModified&gt;2020-05-28T21:05:12.883Z&lt;/LastModified&gt;&lt;ETag&gt;&quot;f90fc89bccbabdd8582026a34268cdaf&quot;&lt;/ETag&gt;&lt;Size&gt;12&lt;/Size&gt;&lt;/Contents&gt;&lt;Contents&gt;&lt;Key&gt;LATEST_RELEASE_85&lt;/Key&gt;&lt;Generation&gt;1598559111437524&lt;/Generation&gt;&lt;MetaGeneration&gt;1&lt;/MetaGeneration&gt;&lt;LastModified&gt;2020-08-27T20:11:51.437Z&lt;/LastModified&gt;&lt;ETag&gt;&quot;4bb9138b7e10b36547358886dba3caf0&quot;&lt;/ETag&gt;&lt;Size&gt;12&lt;/Size&gt;&lt;/Contents&gt;&lt;Contents&gt;&lt;Key&gt;LATEST_RELEASE_85.0.4183&lt;/Key&gt;&lt;Generation&gt;1598559109913472&lt;/Generation&gt;&lt;MetaGeneration&gt;1&lt;/MetaGeneration&gt;&lt;LastModified&gt;2020-08-27T20:11:49.913Z&lt;/LastModified&gt;&lt;ETag&gt;&quot;4bb9138b7e10b36547358886dba3caf0&quot;&lt;/ETag&gt;&lt;Size&gt;12&lt;/Size&gt;&lt;/Contents&gt;&lt;Contents&gt;&lt;Key&gt;LATEST_RELEASE_86&lt;/Key&gt;&lt;Generation&gt;1599161210379856&lt;/Generation&gt;&lt;MetaGeneration&gt;1&lt;/MetaGeneration&gt;&lt;LastModified&gt;2020-09-03T19:26:50.379Z&lt;/LastModified&gt;&lt;ETag&gt;&quot;f479d6ade97303eb0aacc218af38d679&quot;&lt;/ETag&gt;&lt;Size&gt;&quot;
00:06:11.027 [main] DEBUG org.apache.http.wire - http-outgoing-0 &lt;&lt; &quot;12&lt;/Size&gt;&lt;/Contents&gt;&lt;Contents&gt;&lt;Key&gt;LATEST_RELEASE_86.0.4240&lt;/Key&gt;&lt;Generation&gt;1599161208989009&lt;/Generation&gt;&lt;MetaGeneration&gt;1&lt;/MetaGeneration&gt;&lt;LastModified&gt;2020-09-03T19:26:48.988Z&lt;/LastModified&gt;&lt;ETag&gt;&quot;f479d6ade97303eb0aacc218af38d679&quot;&lt;/ETag&gt;&lt;Size&gt;12&lt;/Size&gt;&lt;/Contents&gt;&lt;Contents&gt;&lt;Key&gt;LATEST_RELEASE_87&lt;/Key&gt;&lt;Generation&gt;1609965038065088&lt;/Generation&gt;&lt;MetaGeneration&gt;1&lt;/MetaGeneration&gt;&lt;LastModified&gt;2021-01-06T20:30:38.064Z&lt;/LastModified&gt;&lt;ETag&gt;&quot;d739877113b493d357befb7087e4cf4b&quot;&lt;/ETag&gt;&lt;Size&gt;12&lt;/Size&gt;&lt;/Contents&gt;&lt;Contents&gt;&lt;Key&gt;LATEST_RELEASE_87.0.4280&lt;/Key&gt;&lt;Generation&gt;1609965036661056&lt;/Generation&gt;&lt;MetaGeneration&gt;1&lt;/MetaGeneration&gt;&lt;LastModified&gt;2021-01-06T20:30:36.660Z&lt;/LastModified&gt;&lt;ETag&gt;&quot;d739877113b493d357befb7087e4cf4b&quot;&lt;/ETag&gt;&lt;Size&gt;12&lt;/Size&gt;&lt;/Contents&gt;&lt;Contents&gt;&lt;Key&gt;LATEST_RELEASE_88&lt;/Key&gt;&lt;Generation&gt;1611170039937182&lt;/Generation&gt;&lt;MetaGeneration&gt;1&lt;/MetaGeneration&gt;&lt;LastModified&gt;2021-01-20T19:14:00.025Z&lt;/LastModified&gt;&lt;ETag&gt;&quot;47e538869e3640d729ae7da0db09717f&quot;&lt;/ETag&gt;&lt;Size&gt;12&lt;/Size&gt;&lt;/Contents&gt;&lt;Contents&gt;&lt;Key&gt;LATEST_RELEASE_88.0.4324&lt;/Key&gt;&lt;Generation&gt;1611170038601812&lt;/Generation&gt;&lt;MetaGeneration&gt;1&lt;/MetaGeneration&gt;&lt;LastModified&gt;2021-01-20T19:13:58.686Z&lt;/LastModified&gt;&lt;ETag&gt;&quot;47e538869e3640d729ae7da0db09717f&quot;&lt;/ETag&gt;&lt;Size&gt;12&lt;/Size&gt;&lt;/Contents&gt;&lt;Contents&gt;&lt;Key&gt;LATEST_RELEASE_89&lt;/Key&gt;&lt;Generation&gt;1611855059666771&lt;/Generation&gt;&lt;MetaGeneration&gt;1&lt;/MetaGeneration&gt;&lt;LastModified&gt;2021-01-28T17:30:59.686Z&lt;/LastModified&gt;&lt;ETag&gt;&quot;
00:06:11.027 [main] DEBUG org.apache.http.wire - http-outgoing-0 &lt;&lt; &quot;&quot;d5fc77bc5fc3591f5d909c7320db90b4&quot;&lt;/ETag&gt;&lt;Size&gt;12&lt;/Size&gt;&lt;/Contents&gt;&lt;Contents&gt;&lt;Key&gt;LATEST_RELEASE_89.0.4389&lt;/Key&gt;&lt;Generation&gt;1611855058390755&lt;/Generation&gt;&lt;MetaGeneration&gt;1&lt;/MetaGeneration&gt;&lt;LastModified&gt;2021-01-28T17:30:58.411Z&lt;/LastModified&gt;&lt;ETag&gt;&quot;d5fc77bc5fc3591f5d909c7320db90b4&quot;&lt;/ETag&gt;&lt;Size&gt;12&lt;/Size&gt;&lt;/Contents&gt;&lt;Contents&gt;&lt;Key&gt;LATEST_RELEASE_90&lt;/Key&gt;&lt;Generation&gt;1615826995314303&lt;/Generation&gt;&lt;MetaGeneration&gt;1&lt;/MetaGeneration&gt;&lt;LastModified&gt;2021-03-15T16:49:55.334Z&lt;/LastModified&gt;&lt;ETag&gt;&quot;d2764d366e72dba0978ff152de4f9ecc&quot;&lt;/ETag&gt;&lt;Size&gt;12&lt;/Size&gt;&lt;/Contents&gt;&lt;Contents&gt;&lt;Key&gt;LATEST_RELEASE_90.0.4430&lt;/Key&gt;&lt;Generation&gt;1615826993699929&lt;/Generation&gt;&lt;MetaGeneration&gt;1&lt;/MetaGeneration&gt;&lt;LastModified&gt;2021-03-15T16:49:53.720Z&lt;/LastModified&gt;&lt;ETag&gt;&quot;d2764d366e72dba0978ff152de4f9ecc&quot;&lt;/ETag&gt;&lt;Size&gt;12&lt;/Size&gt;&lt;/Contents&gt;&lt;Contents&gt;&lt;Key&gt;LATEST_RELEASE_91&lt;/Key&gt;&lt;Generation&gt;1623407107681284&lt;/Generation&gt;&lt;MetaGeneration&gt;1&lt;/MetaGeneration&gt;&lt;LastModified&gt;2021-06-11T10:25:07.784Z&lt;/LastModified&gt;&lt;ETag&gt;&quot;c6fa1ad091b35b0a7deb978c9e4e1255&quot;&lt;/ETag&gt;&lt;Size&gt;13&lt;/Size&gt;&lt;/Contents&gt;&lt;Contents&gt;&lt;Key&gt;LATEST_RELEASE_91.0.4472&lt;/Key&gt;&lt;Generation&gt;1623408212652693&lt;/Generation&gt;&lt;MetaGeneration&gt;1&lt;/MetaGeneration&gt;&lt;LastModified&gt;2021-06-11T10:43:32.761Z&lt;/LastModified&gt;&lt;ETag&gt;&quot;c6fa1ad091b35b0a7deb978c9e4e1255&quot;&lt;/ETag&gt;&lt;Size&gt;13&lt;/Size&gt;&lt;/Contents&gt;&lt;Contents&gt;&lt;Key&gt;LATEST_RELEASE_92&lt;/Key&gt;&lt;Generation&gt;1627541886210857&lt;/Generation&gt;&lt;MetaGeneration&gt;1&lt;/MetaGeneration&gt;&lt;LastModifie&quot;
00:06:11.027 [main] DEBUG org.apache.http.wire - http-outgoing-0 &lt;&lt; &quot;d&gt;2021-07-29T06:58:06.307Z&lt;/LastModified&gt;&lt;ETag&gt;&quot;3a0e5d4f452cf99191634d0ffab744a0&quot;&lt;/ETag&gt;&lt;Size&gt;13&lt;/Size&gt;&lt;/Contents&gt;&lt;Contents&gt;&lt;Key&gt;LATEST_RELEASE_92.0.4515&lt;/Key&gt;&lt;Generation&gt;1627541884532419&lt;/Generation&gt;&lt;MetaGeneration&gt;1&lt;/MetaGeneration&gt;&lt;LastModified&gt;2021-07-29T06:58:04.630Z&lt;/LastModified&gt;&lt;ETag&gt;&quot;3a0e5d4f452cf99191634d0ffab744a0&quot;&lt;/ETag&gt;&lt;Size&gt;13&lt;/Size&gt;&lt;/Contents&gt;&lt;Contents&gt;&lt;Key&gt;LATEST_RELEASE_93&lt;/Key&gt;&lt;Generation&gt;1627541392081992&lt;/Generation&gt;&lt;MetaGeneration&gt;1&lt;/MetaGeneration&gt;&lt;LastModified&gt;2021-07-29T06:49:52.111Z&lt;/LastModified&gt;&lt;ETag&gt;&quot;007b9e06879363d3a2554946d9314d43&quot;&lt;/ETag&gt;&lt;Size&gt;12&lt;/Size&gt;&lt;/Contents&gt;&lt;Contents&gt;&lt;Key&gt;LATEST_RELEASE_93.0.4577&lt;/Key&gt;&lt;Generation&gt;1627541390451009&lt;/Generation&gt;&lt;MetaGeneration&gt;1&lt;/MetaGeneration&gt;&lt;LastModified&gt;2021-07-29T06:49:50.479Z&lt;/LastModified&gt;&lt;ETag&gt;&quot;007b9e06879363d3a2554946d9314d43&quot;&lt;/ETag&gt;&lt;Size&gt;12&lt;/Size&gt;&lt;/Contents&gt;&lt;Contents&gt;&lt;Key&gt;icons/back.gif&lt;/Key&gt;&lt;Generation&gt;1380130924972000&lt;/Generation&gt;&lt;MetaGeneration&gt;4&lt;/MetaGeneration&gt;&lt;LastModified&gt;2013-09-25T17:42:04.972Z&lt;/LastModified&gt;&lt;ETag&gt;&quot;4bce9846e05d3bffdfb293d47c840a8e&quot;&lt;/ETag&gt;&lt;Size&gt;216&lt;/Size&gt;&lt;/Contents&gt;&lt;Contents&gt;&lt;Key&gt;icons/binary.gif&lt;/Key&gt;&lt;Generation&gt;1380130933627000&lt;/Generation&gt;&lt;MetaGeneration&gt;4&lt;/MetaGeneration&gt;&lt;LastModified&gt;2013-09-25T17:42:13.627Z&lt;/LastModified&gt;&lt;ETag&gt;&quot;96bd4beed88ff93356586485c13e5d89&quot;&lt;/ETag&gt;&lt;Size&gt;246&lt;/Size&gt;&lt;/Contents&gt;&lt;Contents&gt;&lt;Key&gt;icons/blank.gif&lt;/Key&gt;&lt;Generation&gt;1380130941334000&lt;/Generation&gt;&lt;MetaGener&quot;
00:06:11.028 [main] DEBUG org.apache.http.wire - http-outgoing-0 &lt;&lt; &quot;ation&gt;4&lt;/MetaGeneration&gt;&lt;LastModified&gt;2013-09-25T17:42:21.333Z&lt;/LastModified&gt;&lt;ETag&gt;&quot;19517fb39a31be6b8d7ccf53ad84908f&quot;&lt;/ETag&gt;&lt;Size&gt;148&lt;/Size&gt;&lt;/Contents&gt;&lt;Contents&gt;&lt;Key&gt;icons/folder.gif&lt;/Key&gt;&lt;Generation&gt;1380130950680000&lt;/Generation&gt;&lt;MetaGeneration&gt;4&lt;/MetaGeneration&gt;&lt;LastModified&gt;2013-09-25T17:42:30.680Z&lt;/LastModified&gt;&lt;ETag&gt;&quot;d342cba375fea336967317bdb5d7cf19&quot;&lt;/ETag&gt;&lt;Size&gt;225&lt;/Size&gt;&lt;/Contents&gt;&lt;Contents&gt;&lt;Key&gt;index.html&lt;/Key&gt;&lt;Generation&gt;1380128358912000&lt;/Generation&gt;&lt;MetaGeneration&gt;5&lt;/MetaGeneration&gt;&lt;LastModified&gt;2013-09-25T16:59:18.911Z&lt;/LastModified&gt;&lt;ETag&gt;&quot;704b0f841aad1b1428481b7ff3c759c0&quot;&lt;/ETag&gt;&lt;Size&gt;10574&lt;/Size&gt;&lt;/Contents&gt;&lt;/ListBucketResult&gt;&quot;
00:06:11.028 [main] DEBUG org.apache.http.impl.conn.PoolingHttpClientConnectionManager - Connection [id: 0][route: {s}-&gt;https://chromedriver.storage.googleapis.com:443] can be kept alive indefinitely
00:06:11.028 [main] DEBUG org.apache.http.impl.conn.PoolingHttpClientConnectionManager - Connection released: [id: 0][route: {s}-&gt;https://chromedriver.storage.googleapis.com:443][total kept alive: 1; route allocated: 1 of 2; total allocated: 1 of 20]
00:06:11.153 [main] INFO io.github.bonigarcia.wdm.WebDriverManager - Latest version of chromedriver is 93.0.4577.15
00:06:11.160 [main] INFO io.github.bonigarcia.wdm.Downloader - Using binary driver previously downloaded
00:06:11.160 [main] INFO io.github.bonigarcia.wdm.WebDriverManager - Exporting webdriver.chrome.driver as C:\Users\wilso\.m2\repository\webdriver\chromedriver\win32\93.0.4577.15\chromedriver.exe
</system-out>
    <system-err>Starting ChromeDriver 93.0.4577.15 (660fc11082ba57405eca2e8c49c3e1af756fbfae-refs/branch-heads/4577@{#203}) on port 18329
Only local connections are allowed.
Please see https://chromedriver.chromium.org/security-considerations for suggestions on keeping ChromeDriver safe.
ChromeDriver was started successfully.
set. 02, 2021 12:06:12 AM org.openqa.selenium.remote.ProtocolHandshake createSession
INFO: Detected dialect: W3C
</system-err>
  </testcase>
  <testcase classname="interfaceTeste.TestesInterface" name="updateCliente" time="1.169">
    <error message="no such element: Unable to locate element: {&quot;method&quot;:&quot;link text&quot;,&quot;selector&quot;:&quot;Cadastrar leil達o&quot;}
  (Session info: chrome=93.0.4577.63)
For documentation on this error, please visit: https://www.seleniumhq.org/exceptions/no_such_element.html
Build info: version: &apos;3.141.59&apos;, revision: &apos;e82be7d358&apos;, time: &apos;2018-11-14T08:17:03&apos;
System info: host: &apos;DESKTOP-STN5MAV&apos;, ip: &apos;192.168.56.1&apos;, os.name: &apos;Windows 10&apos;, os.arch: &apos;amd64&apos;, os.version: &apos;10.0&apos;, java.version: &apos;16.0.1&apos;
Driver info: org.openqa.selenium.chrome.ChromeDriver
Capabilities {acceptInsecureCerts: false, browserName: chrome, browserVersion: 93.0.4577.63, chrome: {chromedriverVersion: 93.0.4577.15 (660fc11082ba5..., userDataDir: C:\Users\wilso\AppData\Loca...}, goog:chromeOptions: {debuggerAddress: localhost:55083}, javascriptEnabled: true, networkConnectionEnabled: false, pageLoadStrategy: normal, platform: WINDOWS, platformName: WINDOWS, proxy: Proxy(), setWindowRect: true, strictFileInteractability: false, timeouts: {implicit: 0, pageLoad: 300000, script: 30000}, unhandledPromptBehavior: dismiss and notify, webauthn:extension:credBlob: true, webauthn:extension:largeBlob: true, webauthn:virtualAuthenticators: true}
Session ID: 7aa59d1db9698cd36236ff68fec11e3b
*** Element info: {Using=link text, value=Cadastrar leil達o}" type="org.openqa.selenium.NoSuchElementException">org.openqa.selenium.NoSuchElementException: no such element: Unable to locate element: {&quot;method&quot;:&quot;link text&quot;,&quot;selector&quot;:&quot;Cadastrar leil達o&quot;}
  (Session info: chrome=93.0.4577.63)
For documentation on this error, please visit: https://www.seleniumhq.org/exceptions/no_such_element.html
Build info: version: &apos;3.141.59&apos;, revision: &apos;e82be7d358&apos;, time: &apos;2018-11-14T08:17:03&apos;
System info: host: &apos;DESKTOP-STN5MAV&apos;, ip: &apos;192.168.56.1&apos;, os.name: &apos;Windows 10&apos;, os.arch: &apos;amd64&apos;, os.version: &apos;10.0&apos;, java.version: &apos;16.0.1&apos;
Driver info: org.openqa.selenium.chrome.ChromeDriver
Capabilities {acceptInsecureCerts: false, browserName: chrome, browserVersion: 93.0.4577.63, chrome: {chromedriverVersion: 93.0.4577.15 (660fc11082ba5..., userDataDir: C:\Users\wilso\AppData\Loca...}, goog:chromeOptions: {debuggerAddress: localhost:55083}, javascriptEnabled: true, networkConnectionEnabled: false, pageLoadStrategy: normal, platform: WINDOWS, platformName: WINDOWS, proxy: Proxy(), setWindowRect: true, strictFileInteractability: false, timeouts: {implicit: 0, pageLoad: 300000, script: 30000}, unhandledPromptBehavior: dismiss and notify, webauthn:extension:credBlob: true, webauthn:extension:largeBlob: true, webauthn:virtualAuthenticators: true}
Session ID: 7aa59d1db9698cd36236ff68fec11e3b
*** Element info: {Using=link text, value=Cadastrar leil達o}
	at java.base/jdk.internal.reflect.NativeConstructorAccessorImpl.newInstance0(Native Method)
	at java.base/jdk.internal.reflect.NativeConstructorAccessorImpl.newInstance(NativeConstructorAccessorImpl.java:78)
	at java.base/jdk.internal.reflect.DelegatingConstructorAccessorImpl.newInstance(DelegatingConstructorAccessorImpl.java:45)
	at java.base/java.lang.reflect.Constructor.newInstanceWithCaller(Constructor.java:499)
	at java.base/java.lang.reflect.Constructor.newInstance(Constructor.java:480)
	at org.openqa.selenium.remote.http.W3CHttpResponseCodec.createException(W3CHttpResponseCodec.java:187)
	at org.openqa.selenium.remote.http.W3CHttpResponseCodec.decode(W3CHttpResponseCodec.java:122)
	at org.openqa.selenium.remote.http.W3CHttpResponseCodec.decode(W3CHttpResponseCodec.java:49)
	at org.openqa.selenium.remote.HttpCommandExecutor.execute(HttpCommandExecutor.java:158)
	at org.openqa.selenium.remote.service.DriverCommandExecutor.execute(DriverCommandExecutor.java:83)
	at org.openqa.selenium.remote.RemoteWebDriver.execute(RemoteWebDriver.java:552)
	at org.openqa.selenium.remote.RemoteWebDriver.findElement(RemoteWebDriver.java:323)
	at org.openqa.selenium.remote.RemoteWebDriver.findElementByLinkText(RemoteWebDriver.java:380)
	at org.openqa.selenium.By$ByLinkText.findElement(By.java:220)
	at org.openqa.selenium.remote.RemoteWebDriver.findElement(RemoteWebDriver.java:315)
	at interfaceTeste.TestesInterface.updateCliente(TestesInterface.java:170)
	at java.base/jdk.internal.reflect.NativeMethodAccessorImpl.invoke0(Native Method)
	at java.base/jdk.internal.reflect.NativeMethodAccessorImpl.invoke(NativeMethodAccessorImpl.java:78)
	at java.base/jdk.internal.reflect.DelegatingMethodAccessorImpl.invoke(DelegatingMethodAccessorImpl.java:43)
	at java.base/java.lang.reflect.Method.invoke(Method.java:567)
	at org.junit.runners.model.FrameworkMethod$1.runReflectiveCall(FrameworkMethod.java:59)
	at org.junit.internal.runners.model.ReflectiveCallable.run(ReflectiveCallable.java:12)
	at org.junit.runners.model.FrameworkMethod.invokeExplosively(FrameworkMethod.java:56)
	at org.junit.internal.runners.statements.InvokeMethod.evaluate(InvokeMethod.java:17)
	at org.junit.internal.runners.statements.RunBefores.evaluate(RunBefores.java:26)
	at org.junit.internal.runners.statements.RunAfters.evaluate(RunAfters.java:27)
	at org.junit.runners.ParentRunner$3.evaluate(ParentRunner.java:306)
	at org.junit.runners.BlockJUnit4ClassRunner$1.evaluate(BlockJUnit4ClassRunner.java:100)
	at org.junit.runners.ParentRunner.runLeaf(ParentRunner.java:366)
	at org.junit.runners.BlockJUnit4ClassRunner.runChild(BlockJUnit4ClassRunner.java:103)
	at org.junit.runners.BlockJUnit4ClassRunner.runChild(BlockJUnit4ClassRunner.java:63)
	at org.junit.runners.ParentRunner$4.run(ParentRunner.java:331)
	at org.junit.runners.ParentRunner$1.schedule(ParentRunner.java:79)
	at org.junit.runners.ParentRunner.runChildren(ParentRunner.java:329)
	at org.junit.runners.ParentRunner.access$100(ParentRunner.java:66)
	at org.junit.runners.ParentRunner$2.evaluate(ParentRunner.java:293)
	at org.junit.runners.ParentRunner$3.evaluate(ParentRunner.java:306)
	at org.junit.runners.ParentRunner.run(ParentRunner.java:413)
	at org.apache.maven.surefire.junit4.JUnit4Provider.execute(JUnit4Provider.java:252)
	at org.apache.maven.surefire.junit4.JUnit4Provider.executeTestSet(JUnit4Provider.java:141)
	at org.apache.maven.surefire.junit4.JUnit4Provider.invoke(JUnit4Provider.java:112)
	at java.base/jdk.internal.reflect.NativeMethodAccessorImpl.invoke0(Native Method)
	at java.base/jdk.internal.reflect.NativeMethodAccessorImpl.invoke(NativeMethodAccessorImpl.java:78)
	at java.base/jdk.internal.reflect.DelegatingMethodAccessorImpl.invoke(DelegatingMethodAccessorImpl.java:43)
	at java.base/java.lang.reflect.Method.invoke(Method.java:567)
	at org.apache.maven.surefire.util.ReflectionUtils.invokeMethodWithArray(ReflectionUtils.java:189)
	at org.apache.maven.surefire.booter.ProviderFactory$ProviderProxy.invoke(ProviderFactory.java:165)
	at org.apache.maven.surefire.booter.ProviderFactory.invokeProvider(ProviderFactory.java:85)
	at org.apache.maven.surefire.booter.ForkedBooter.runSuitesInProcess(ForkedBooter.java:115)
	at org.apache.maven.surefire.booter.ForkedBooter.main(ForkedBooter.java:75)
</error>
    <system-out>00:06:12.347 [main] DEBUG org.apache.http.client.protocol.RequestAddCookies - CookieSpec selected: default
00:06:12.347 [main] DEBUG org.apache.http.client.protocol.RequestAuthCache - Auth cache not set in the context
00:06:12.347 [main] DEBUG org.apache.http.impl.conn.PoolingHttpClientConnectionManager - Connection request: [route: {s}-&gt;https://chromedriver.storage.googleapis.com:443][total kept alive: 0; route allocated: 0 of 2; total allocated: 0 of 20]
00:06:12.347 [main] DEBUG org.apache.http.impl.conn.PoolingHttpClientConnectionManager - Connection leased: [id: 1][route: {s}-&gt;https://chromedriver.storage.googleapis.com:443][total kept alive: 0; route allocated: 1 of 2; total allocated: 1 of 20]
00:06:12.347 [main] DEBUG org.apache.http.impl.execchain.MainClientExec - Opening connection {s}-&gt;https://chromedriver.storage.googleapis.com:443
00:06:12.347 [main] DEBUG org.apache.http.impl.conn.DefaultHttpClientConnectionOperator - Connecting to chromedriver.storage.googleapis.com/172.217.30.176:443
00:06:12.347 [main] DEBUG org.apache.http.conn.ssl.SSLConnectionSocketFactory - Connecting socket to chromedriver.storage.googleapis.com/172.217.30.176:443 with timeout 0
00:06:12.368 [main] DEBUG org.apache.http.conn.ssl.SSLConnectionSocketFactory - Enabled protocols: [TLSv1.3, TLSv1.2]
00:06:12.368 [main] DEBUG org.apache.http.conn.ssl.SSLConnectionSocketFactory - Enabled cipher suites:[TLS_AES_256_GCM_SHA384, TLS_AES_128_GCM_SHA256, TLS_CHACHA20_POLY1305_SHA256, TLS_ECDHE_ECDSA_WITH_AES_256_GCM_SHA384, TLS_ECDHE_ECDSA_WITH_AES_128_GCM_SHA256, TLS_ECDHE_ECDSA_WITH_CHACHA20_POLY1305_SHA256, TLS_ECDHE_RSA_WITH_AES_256_GCM_SHA384, TLS_ECDHE_RSA_WITH_CHACHA20_POLY1305_SHA256, TLS_ECDHE_RSA_WITH_AES_128_GCM_SHA256, TLS_DHE_RSA_WITH_AES_256_GCM_SHA384, TLS_DHE_RSA_WITH_CHACHA20_POLY1305_SHA256, TLS_DHE_DSS_WITH_AES_256_GCM_SHA384, TLS_DHE_RSA_WITH_AES_128_GCM_SHA256, TLS_DHE_DSS_WITH_AES_128_GCM_SHA256, TLS_ECDHE_ECDSA_WITH_AES_256_CBC_SHA384, TLS_ECDHE_RSA_WITH_AES_256_CBC_SHA384, TLS_ECDHE_ECDSA_WITH_AES_128_CBC_SHA256, TLS_ECDHE_RSA_WITH_AES_128_CBC_SHA256, TLS_DHE_RSA_WITH_AES_256_CBC_SHA256, TLS_DHE_DSS_WITH_AES_256_CBC_SHA256, TLS_DHE_RSA_WITH_AES_128_CBC_SHA256, TLS_DHE_DSS_WITH_AES_128_CBC_SHA256, TLS_ECDH_ECDSA_WITH_AES_256_GCM_SHA384, TLS_ECDH_RSA_WITH_AES_256_GCM_SHA384, TLS_ECDH_ECDSA_WITH_AES_128_GCM_SHA256, TLS_ECDH_RSA_WITH_AES_128_GCM_SHA256, TLS_ECDH_ECDSA_WITH_AES_256_CBC_SHA384, TLS_ECDH_RSA_WITH_AES_256_CBC_SHA384, TLS_ECDH_ECDSA_WITH_AES_128_CBC_SHA256, TLS_ECDH_RSA_WITH_AES_128_CBC_SHA256, TLS_ECDHE_ECDSA_WITH_AES_256_CBC_SHA, TLS_ECDHE_RSA_WITH_AES_256_CBC_SHA, TLS_ECDHE_ECDSA_WITH_AES_128_CBC_SHA, TLS_ECDHE_RSA_WITH_AES_128_CBC_SHA, TLS_DHE_RSA_WITH_AES_256_CBC_SHA, TLS_DHE_DSS_WITH_AES_256_CBC_SHA, TLS_DHE_RSA_WITH_AES_128_CBC_SHA, TLS_DHE_DSS_WITH_AES_128_CBC_SHA, TLS_ECDH_ECDSA_WITH_AES_256_CBC_SHA, TLS_ECDH_RSA_WITH_AES_256_CBC_SHA, TLS_ECDH_ECDSA_WITH_AES_128_CBC_SHA, TLS_ECDH_RSA_WITH_AES_128_CBC_SHA, TLS_RSA_WITH_AES_256_GCM_SHA384, TLS_RSA_WITH_AES_128_GCM_SHA256, TLS_RSA_WITH_AES_256_CBC_SHA256, TLS_RSA_WITH_AES_128_CBC_SHA256, TLS_RSA_WITH_AES_256_CBC_SHA, TLS_RSA_WITH_AES_128_CBC_SHA, TLS_EMPTY_RENEGOTIATION_INFO_SCSV]
00:06:12.368 [main] DEBUG org.apache.http.conn.ssl.SSLConnectionSocketFactory - Starting handshake
00:06:12.442 [main] DEBUG org.apache.http.conn.ssl.SSLConnectionSocketFactory - Secure session established
00:06:12.442 [main] DEBUG org.apache.http.conn.ssl.SSLConnectionSocketFactory -  negotiated protocol: TLSv1.3
00:06:12.442 [main] DEBUG org.apache.http.conn.ssl.SSLConnectionSocketFactory -  negotiated cipher suite: TLS_AES_256_GCM_SHA384
00:06:12.442 [main] DEBUG org.apache.http.conn.ssl.SSLConnectionSocketFactory -  peer principal: CN=*.storage.googleapis.com, O=Google LLC, L=Mountain View, ST=California, C=US
00:06:12.442 [main] DEBUG org.apache.http.conn.ssl.SSLConnectionSocketFactory -  peer alternative names: [*.storage.googleapis.com, *.googleapis.com, commondatastorage.googleapis.com, *.commondatastorage.googleapis.com, storage.googleapis.com, storage.mtls.googleapis.com, *.appspot.com.storage.googleapis.com, *.content-storage.googleapis.com, *.content-storage-p2.googleapis.com, *.content-storage-upload.googleapis.com, *.content-storage-download.googleapis.com, *.storage-upload.googleapis.com, *.storage-download.googleapis.com]
00:06:12.442 [main] DEBUG org.apache.http.conn.ssl.SSLConnectionSocketFactory -  issuer principal: CN=GTS CA 1O1, O=Google Trust Services, C=US
00:06:12.442 [main] DEBUG org.apache.http.impl.conn.DefaultHttpClientConnectionOperator - Connection established 192.168.0.116:55023&lt;-&gt;172.217.30.176:443
00:06:12.442 [main] DEBUG org.apache.http.impl.execchain.MainClientExec - Executing request OPTIONS / HTTP/1.1
00:06:12.442 [main] DEBUG org.apache.http.impl.execchain.MainClientExec - Target auth state: UNCHALLENGED
00:06:12.442 [main] DEBUG org.apache.http.impl.execchain.MainClientExec - Proxy auth state: UNCHALLENGED
00:06:12.442 [main] DEBUG org.apache.http.headers - http-outgoing-1 &gt;&gt; OPTIONS / HTTP/1.1
00:06:12.442 [main] DEBUG org.apache.http.headers - http-outgoing-1 &gt;&gt; Host: chromedriver.storage.googleapis.com
00:06:12.442 [main] DEBUG org.apache.http.headers - http-outgoing-1 &gt;&gt; Connection: Keep-Alive
00:06:12.442 [main] DEBUG org.apache.http.headers - http-outgoing-1 &gt;&gt; User-Agent: Apache-HttpClient/4.5.3 (Java/16.0.1)
00:06:12.442 [main] DEBUG org.apache.http.headers - http-outgoing-1 &gt;&gt; Accept-Encoding: gzip,deflate
00:06:12.443 [main] DEBUG org.apache.http.wire - http-outgoing-1 &gt;&gt; &quot;OPTIONS / HTTP/1.1[\r][\n]&quot;
00:06:12.443 [main] DEBUG org.apache.http.wire - http-outgoing-1 &gt;&gt; &quot;Host: chromedriver.storage.googleapis.com[\r][\n]&quot;
00:06:12.443 [main] DEBUG org.apache.http.wire - http-outgoing-1 &gt;&gt; &quot;Connection: Keep-Alive[\r][\n]&quot;
00:06:12.443 [main] DEBUG org.apache.http.wire - http-outgoing-1 &gt;&gt; &quot;User-Agent: Apache-HttpClient/4.5.3 (Java/16.0.1)[\r][\n]&quot;
00:06:12.443 [main] DEBUG org.apache.http.wire - http-outgoing-1 &gt;&gt; &quot;Accept-Encoding: gzip,deflate[\r][\n]&quot;
00:06:12.443 [main] DEBUG org.apache.http.wire - http-outgoing-1 &gt;&gt; &quot;[\r][\n]&quot;
00:06:12.585 [main] DEBUG org.apache.http.wire - http-outgoing-1 &lt;&lt; &quot;HTTP/1.1 200 OK[\r][\n]&quot;
00:06:12.585 [main] DEBUG org.apache.http.wire - http-outgoing-1 &lt;&lt; &quot;X-GUploader-UploadID: ADPycdsy3kkSrQksqRgD9Ugfxy3qzUtZLuL3kseF8gl-htWIi8rnTAGene6pW_dQFq6u-hGdQfRj3d-4MkoUMtxF-_t46h5poA[\r][\n]&quot;
00:06:12.585 [main] DEBUG org.apache.http.wire - http-outgoing-1 &lt;&lt; &quot;Date: Thu, 02 Sep 2021 03:05:59 GMT[\r][\n]&quot;
00:06:12.585 [main] DEBUG org.apache.http.wire - http-outgoing-1 &lt;&lt; &quot;Expires: Thu, 02 Sep 2021 03:05:59 GMT[\r][\n]&quot;
00:06:12.585 [main] DEBUG org.apache.http.wire - http-outgoing-1 &lt;&lt; &quot;Cache-Control: private, max-age=0[\r][\n]&quot;
00:06:12.585 [main] DEBUG org.apache.http.wire - http-outgoing-1 &lt;&lt; &quot;Content-Length: 0[\r][\n]&quot;
00:06:12.585 [main] DEBUG org.apache.http.wire - http-outgoing-1 &lt;&lt; &quot;Server: UploadServer[\r][\n]&quot;
00:06:12.585 [main] DEBUG org.apache.http.wire - http-outgoing-1 &lt;&lt; &quot;Content-Type: text/html; charset=UTF-8[\r][\n]&quot;
00:06:12.585 [main] DEBUG org.apache.http.wire - http-outgoing-1 &lt;&lt; &quot;Alt-Svc: h3=&quot;:443&quot;; ma=2592000,h3-29=&quot;:443&quot;; ma=2592000,h3-T051=&quot;:443&quot;; ma=2592000,h3-Q050=&quot;:443&quot;; ma=2592000,h3-Q046=&quot;:443&quot;; ma=2592000,h3-Q043=&quot;:443&quot;; ma=2592000,quic=&quot;:443&quot;; ma=2592000; v=&quot;46,43&quot;[\r][\n]&quot;
00:06:12.585 [main] DEBUG org.apache.http.wire - http-outgoing-1 &lt;&lt; &quot;[\r][\n]&quot;
00:06:12.585 [main] DEBUG org.apache.http.headers - http-outgoing-1 &lt;&lt; HTTP/1.1 200 OK
00:06:12.585 [main] DEBUG org.apache.http.headers - http-outgoing-1 &lt;&lt; X-GUploader-UploadID: ADPycdsy3kkSrQksqRgD9Ugfxy3qzUtZLuL3kseF8gl-htWIi8rnTAGene6pW_dQFq6u-hGdQfRj3d-4MkoUMtxF-_t46h5poA
00:06:12.585 [main] DEBUG org.apache.http.headers - http-outgoing-1 &lt;&lt; Date: Thu, 02 Sep 2021 03:05:59 GMT
00:06:12.585 [main] DEBUG org.apache.http.headers - http-outgoing-1 &lt;&lt; Expires: Thu, 02 Sep 2021 03:05:59 GMT
00:06:12.585 [main] DEBUG org.apache.http.headers - http-outgoing-1 &lt;&lt; Cache-Control: private, max-age=0
00:06:12.585 [main] DEBUG org.apache.http.headers - http-outgoing-1 &lt;&lt; Content-Length: 0
00:06:12.585 [main] DEBUG org.apache.http.headers - http-outgoing-1 &lt;&lt; Server: UploadServer
00:06:12.585 [main] DEBUG org.apache.http.headers - http-outgoing-1 &lt;&lt; Content-Type: text/html; charset=UTF-8
00:06:12.585 [main] DEBUG org.apache.http.headers - http-outgoing-1 &lt;&lt; Alt-Svc: h3=&quot;:443&quot;; ma=2592000,h3-29=&quot;:443&quot;; ma=2592000,h3-T051=&quot;:443&quot;; ma=2592000,h3-Q050=&quot;:443&quot;; ma=2592000,h3-Q046=&quot;:443&quot;; ma=2592000,h3-Q043=&quot;:443&quot;; ma=2592000,quic=&quot;:443&quot;; ma=2592000; v=&quot;46,43&quot;
00:06:12.585 [main] DEBUG org.apache.http.impl.execchain.MainClientExec - Connection can be kept alive indefinitely
00:06:12.585 [main] DEBUG org.apache.http.impl.conn.PoolingHttpClientConnectionManager - Connection [id: 1][route: {s}-&gt;https://chromedriver.storage.googleapis.com:443] can be kept alive indefinitely
00:06:12.585 [main] DEBUG org.apache.http.impl.conn.PoolingHttpClientConnectionManager - Connection released: [id: 1][route: {s}-&gt;https://chromedriver.storage.googleapis.com:443][total kept alive: 1; route allocated: 1 of 2; total allocated: 1 of 20]
00:06:12.586 [main] DEBUG io.github.bonigarcia.wdm.WebDriverManager - Latest version of chromedriver is 93.0.4577.15 (recently resolved)
00:06:12.587 [main] INFO io.github.bonigarcia.wdm.WebDriverManager - Found chromedriver in cache: C:\Users\wilso\.m2\repository\webdriver\chromedriver\win32\93.0.4577.15\chromedriver.exe 
00:06:12.587 [main] DEBUG io.github.bonigarcia.wdm.WebDriverManager - Driver for chromedriver (latest version) found in cache C:\Users\wilso\.m2\repository\webdriver\chromedriver\win32\93.0.4577.15\chromedriver.exe
00:06:12.587 [main] INFO io.github.bonigarcia.wdm.WebDriverManager - Exporting webdriver.chrome.driver as C:\Users\wilso\.m2\repository\webdriver\chromedriver\win32\93.0.4577.15\chromedriver.exe
</system-out>
    <system-err>Starting ChromeDriver 93.0.4577.15 (660fc11082ba57405eca2e8c49c3e1af756fbfae-refs/branch-heads/4577@{#203}) on port 44791
Only local connections are allowed.
Please see https://chromedriver.chromium.org/security-considerations for suggestions on keeping ChromeDriver safe.
ChromeDriver was started successfully.
set. 02, 2021 12:06:13 AM org.openqa.selenium.remote.ProtocolHandshake createSession
INFO: Detected dialect: W3C
</system-err>
  </testcase>
  <testcase classname="interfaceTeste.TestesInterface" name="Cadastralance" time="1.276">
    <error message="no such element: Unable to locate element: {&quot;method&quot;:&quot;link text&quot;,&quot;selector&quot;:&quot;Cadastrar leil達o&quot;}
  (Session info: chrome=93.0.4577.63)
For documentation on this error, please visit: https://www.seleniumhq.org/exceptions/no_such_element.html
Build info: version: &apos;3.141.59&apos;, revision: &apos;e82be7d358&apos;, time: &apos;2018-11-14T08:17:03&apos;
System info: host: &apos;DESKTOP-STN5MAV&apos;, ip: &apos;192.168.56.1&apos;, os.name: &apos;Windows 10&apos;, os.arch: &apos;amd64&apos;, os.version: &apos;10.0&apos;, java.version: &apos;16.0.1&apos;
Driver info: org.openqa.selenium.chrome.ChromeDriver
Capabilities {acceptInsecureCerts: false, browserName: chrome, browserVersion: 93.0.4577.63, chrome: {chromedriverVersion: 93.0.4577.15 (660fc11082ba5..., userDataDir: C:\Users\wilso\AppData\Loca...}, goog:chromeOptions: {debuggerAddress: localhost:49345}, javascriptEnabled: true, networkConnectionEnabled: false, pageLoadStrategy: normal, platform: WINDOWS, platformName: WINDOWS, proxy: Proxy(), setWindowRect: true, strictFileInteractability: false, timeouts: {implicit: 0, pageLoad: 300000, script: 30000}, unhandledPromptBehavior: dismiss and notify, webauthn:extension:credBlob: true, webauthn:extension:largeBlob: true, webauthn:virtualAuthenticators: true}
Session ID: 2fec1bb0465b7deeed4803ff761e7c6d
*** Element info: {Using=link text, value=Cadastrar leil達o}" type="org.openqa.selenium.NoSuchElementException">org.openqa.selenium.NoSuchElementException: no such element: Unable to locate element: {&quot;method&quot;:&quot;link text&quot;,&quot;selector&quot;:&quot;Cadastrar leil達o&quot;}
  (Session info: chrome=93.0.4577.63)
For documentation on this error, please visit: https://www.seleniumhq.org/exceptions/no_such_element.html
Build info: version: &apos;3.141.59&apos;, revision: &apos;e82be7d358&apos;, time: &apos;2018-11-14T08:17:03&apos;
System info: host: &apos;DESKTOP-STN5MAV&apos;, ip: &apos;192.168.56.1&apos;, os.name: &apos;Windows 10&apos;, os.arch: &apos;amd64&apos;, os.version: &apos;10.0&apos;, java.version: &apos;16.0.1&apos;
Driver info: org.openqa.selenium.chrome.ChromeDriver
Capabilities {acceptInsecureCerts: false, browserName: chrome, browserVersion: 93.0.4577.63, chrome: {chromedriverVersion: 93.0.4577.15 (660fc11082ba5..., userDataDir: C:\Users\wilso\AppData\Loca...}, goog:chromeOptions: {debuggerAddress: localhost:49345}, javascriptEnabled: true, networkConnectionEnabled: false, pageLoadStrategy: normal, platform: WINDOWS, platformName: WINDOWS, proxy: Proxy(), setWindowRect: true, strictFileInteractability: false, timeouts: {implicit: 0, pageLoad: 300000, script: 30000}, unhandledPromptBehavior: dismiss and notify, webauthn:extension:credBlob: true, webauthn:extension:largeBlob: true, webauthn:virtualAuthenticators: true}
Session ID: 2fec1bb0465b7deeed4803ff761e7c6d
*** Element info: {Using=link text, value=Cadastrar leil達o}
	at java.base/jdk.internal.reflect.NativeConstructorAccessorImpl.newInstance0(Native Method)
	at java.base/jdk.internal.reflect.NativeConstructorAccessorImpl.newInstance(NativeConstructorAccessorImpl.java:78)
	at java.base/jdk.internal.reflect.DelegatingConstructorAccessorImpl.newInstance(DelegatingConstructorAccessorImpl.java:45)
	at java.base/java.lang.reflect.Constructor.newInstanceWithCaller(Constructor.java:499)
	at java.base/java.lang.reflect.Constructor.newInstance(Constructor.java:480)
	at org.openqa.selenium.remote.http.W3CHttpResponseCodec.createException(W3CHttpResponseCodec.java:187)
	at org.openqa.selenium.remote.http.W3CHttpResponseCodec.decode(W3CHttpResponseCodec.java:122)
	at org.openqa.selenium.remote.http.W3CHttpResponseCodec.decode(W3CHttpResponseCodec.java:49)
	at org.openqa.selenium.remote.HttpCommandExecutor.execute(HttpCommandExecutor.java:158)
	at org.openqa.selenium.remote.service.DriverCommandExecutor.execute(DriverCommandExecutor.java:83)
	at org.openqa.selenium.remote.RemoteWebDriver.execute(RemoteWebDriver.java:552)
	at org.openqa.selenium.remote.RemoteWebDriver.findElement(RemoteWebDriver.java:323)
	at org.openqa.selenium.remote.RemoteWebDriver.findElementByLinkText(RemoteWebDriver.java:380)
	at org.openqa.selenium.By$ByLinkText.findElement(By.java:220)
	at org.openqa.selenium.remote.RemoteWebDriver.findElement(RemoteWebDriver.java:315)
	at interfaceTeste.TestesInterface.Cadastralance(TestesInterface.java:205)
	at java.base/jdk.internal.reflect.NativeMethodAccessorImpl.invoke0(Native Method)
	at java.base/jdk.internal.reflect.NativeMethodAccessorImpl.invoke(NativeMethodAccessorImpl.java:78)
	at java.base/jdk.internal.reflect.DelegatingMethodAccessorImpl.invoke(DelegatingMethodAccessorImpl.java:43)
	at java.base/java.lang.reflect.Method.invoke(Method.java:567)
	at org.junit.runners.model.FrameworkMethod$1.runReflectiveCall(FrameworkMethod.java:59)
	at org.junit.internal.runners.model.ReflectiveCallable.run(ReflectiveCallable.java:12)
	at org.junit.runners.model.FrameworkMethod.invokeExplosively(FrameworkMethod.java:56)
	at org.junit.internal.runners.statements.InvokeMethod.evaluate(InvokeMethod.java:17)
	at org.junit.internal.runners.statements.RunBefores.evaluate(RunBefores.java:26)
	at org.junit.internal.runners.statements.RunAfters.evaluate(RunAfters.java:27)
	at org.junit.runners.ParentRunner$3.evaluate(ParentRunner.java:306)
	at org.junit.runners.BlockJUnit4ClassRunner$1.evaluate(BlockJUnit4ClassRunner.java:100)
	at org.junit.runners.ParentRunner.runLeaf(ParentRunner.java:366)
	at org.junit.runners.BlockJUnit4ClassRunner.runChild(BlockJUnit4ClassRunner.java:103)
	at org.junit.runners.BlockJUnit4ClassRunner.runChild(BlockJUnit4ClassRunner.java:63)
	at org.junit.runners.ParentRunner$4.run(ParentRunner.java:331)
	at org.junit.runners.ParentRunner$1.schedule(ParentRunner.java:79)
	at org.junit.runners.ParentRunner.runChildren(ParentRunner.java:329)
	at org.junit.runners.ParentRunner.access$100(ParentRunner.java:66)
	at org.junit.runners.ParentRunner$2.evaluate(ParentRunner.java:293)
	at org.junit.runners.ParentRunner$3.evaluate(ParentRunner.java:306)
	at org.junit.runners.ParentRunner.run(ParentRunner.java:413)
	at org.apache.maven.surefire.junit4.JUnit4Provider.execute(JUnit4Provider.java:252)
	at org.apache.maven.surefire.junit4.JUnit4Provider.executeTestSet(JUnit4Provider.java:141)
	at org.apache.maven.surefire.junit4.JUnit4Provider.invoke(JUnit4Provider.java:112)
	at java.base/jdk.internal.reflect.NativeMethodAccessorImpl.invoke0(Native Method)
	at java.base/jdk.internal.reflect.NativeMethodAccessorImpl.invoke(NativeMethodAccessorImpl.java:78)
	at java.base/jdk.internal.reflect.DelegatingMethodAccessorImpl.invoke(DelegatingMethodAccessorImpl.java:43)
	at java.base/java.lang.reflect.Method.invoke(Method.java:567)
	at org.apache.maven.surefire.util.ReflectionUtils.invokeMethodWithArray(ReflectionUtils.java:189)
	at org.apache.maven.surefire.booter.ProviderFactory$ProviderProxy.invoke(ProviderFactory.java:165)
	at org.apache.maven.surefire.booter.ProviderFactory.invokeProvider(ProviderFactory.java:85)
	at org.apache.maven.surefire.booter.ForkedBooter.runSuitesInProcess(ForkedBooter.java:115)
	at org.apache.maven.surefire.booter.ForkedBooter.main(ForkedBooter.java:75)
</error>
    <system-out>00:06:13.518 [main] DEBUG org.apache.http.client.protocol.RequestAddCookies - CookieSpec selected: default
00:06:13.518 [main] DEBUG org.apache.http.client.protocol.RequestAuthCache - Auth cache not set in the context
00:06:13.518 [main] DEBUG org.apache.http.impl.conn.PoolingHttpClientConnectionManager - Connection request: [route: {s}-&gt;https://chromedriver.storage.googleapis.com:443][total kept alive: 0; route allocated: 0 of 2; total allocated: 0 of 20]
00:06:13.518 [main] DEBUG org.apache.http.impl.conn.PoolingHttpClientConnectionManager - Connection leased: [id: 2][route: {s}-&gt;https://chromedriver.storage.googleapis.com:443][total kept alive: 0; route allocated: 1 of 2; total allocated: 1 of 20]
00:06:13.518 [main] DEBUG org.apache.http.impl.execchain.MainClientExec - Opening connection {s}-&gt;https://chromedriver.storage.googleapis.com:443
00:06:13.519 [main] DEBUG org.apache.http.impl.conn.DefaultHttpClientConnectionOperator - Connecting to chromedriver.storage.googleapis.com/172.217.30.176:443
00:06:13.519 [main] DEBUG org.apache.http.conn.ssl.SSLConnectionSocketFactory - Connecting socket to chromedriver.storage.googleapis.com/172.217.30.176:443 with timeout 0
00:06:13.534 [main] DEBUG org.apache.http.conn.ssl.SSLConnectionSocketFactory - Enabled protocols: [TLSv1.3, TLSv1.2]
00:06:13.534 [main] DEBUG org.apache.http.conn.ssl.SSLConnectionSocketFactory - Enabled cipher suites:[TLS_AES_256_GCM_SHA384, TLS_AES_128_GCM_SHA256, TLS_CHACHA20_POLY1305_SHA256, TLS_ECDHE_ECDSA_WITH_AES_256_GCM_SHA384, TLS_ECDHE_ECDSA_WITH_AES_128_GCM_SHA256, TLS_ECDHE_ECDSA_WITH_CHACHA20_POLY1305_SHA256, TLS_ECDHE_RSA_WITH_AES_256_GCM_SHA384, TLS_ECDHE_RSA_WITH_CHACHA20_POLY1305_SHA256, TLS_ECDHE_RSA_WITH_AES_128_GCM_SHA256, TLS_DHE_RSA_WITH_AES_256_GCM_SHA384, TLS_DHE_RSA_WITH_CHACHA20_POLY1305_SHA256, TLS_DHE_DSS_WITH_AES_256_GCM_SHA384, TLS_DHE_RSA_WITH_AES_128_GCM_SHA256, TLS_DHE_DSS_WITH_AES_128_GCM_SHA256, TLS_ECDHE_ECDSA_WITH_AES_256_CBC_SHA384, TLS_ECDHE_RSA_WITH_AES_256_CBC_SHA384, TLS_ECDHE_ECDSA_WITH_AES_128_CBC_SHA256, TLS_ECDHE_RSA_WITH_AES_128_CBC_SHA256, TLS_DHE_RSA_WITH_AES_256_CBC_SHA256, TLS_DHE_DSS_WITH_AES_256_CBC_SHA256, TLS_DHE_RSA_WITH_AES_128_CBC_SHA256, TLS_DHE_DSS_WITH_AES_128_CBC_SHA256, TLS_ECDH_ECDSA_WITH_AES_256_GCM_SHA384, TLS_ECDH_RSA_WITH_AES_256_GCM_SHA384, TLS_ECDH_ECDSA_WITH_AES_128_GCM_SHA256, TLS_ECDH_RSA_WITH_AES_128_GCM_SHA256, TLS_ECDH_ECDSA_WITH_AES_256_CBC_SHA384, TLS_ECDH_RSA_WITH_AES_256_CBC_SHA384, TLS_ECDH_ECDSA_WITH_AES_128_CBC_SHA256, TLS_ECDH_RSA_WITH_AES_128_CBC_SHA256, TLS_ECDHE_ECDSA_WITH_AES_256_CBC_SHA, TLS_ECDHE_RSA_WITH_AES_256_CBC_SHA, TLS_ECDHE_ECDSA_WITH_AES_128_CBC_SHA, TLS_ECDHE_RSA_WITH_AES_128_CBC_SHA, TLS_DHE_RSA_WITH_AES_256_CBC_SHA, TLS_DHE_DSS_WITH_AES_256_CBC_SHA, TLS_DHE_RSA_WITH_AES_128_CBC_SHA, TLS_DHE_DSS_WITH_AES_128_CBC_SHA, TLS_ECDH_ECDSA_WITH_AES_256_CBC_SHA, TLS_ECDH_RSA_WITH_AES_256_CBC_SHA, TLS_ECDH_ECDSA_WITH_AES_128_CBC_SHA, TLS_ECDH_RSA_WITH_AES_128_CBC_SHA, TLS_RSA_WITH_AES_256_GCM_SHA384, TLS_RSA_WITH_AES_128_GCM_SHA256, TLS_RSA_WITH_AES_256_CBC_SHA256, TLS_RSA_WITH_AES_128_CBC_SHA256, TLS_RSA_WITH_AES_256_CBC_SHA, TLS_RSA_WITH_AES_128_CBC_SHA, TLS_EMPTY_RENEGOTIATION_INFO_SCSV]
00:06:13.534 [main] DEBUG org.apache.http.conn.ssl.SSLConnectionSocketFactory - Starting handshake
00:06:13.604 [main] DEBUG org.apache.http.conn.ssl.SSLConnectionSocketFactory - Secure session established
00:06:13.604 [main] DEBUG org.apache.http.conn.ssl.SSLConnectionSocketFactory -  negotiated protocol: TLSv1.3
00:06:13.604 [main] DEBUG org.apache.http.conn.ssl.SSLConnectionSocketFactory -  negotiated cipher suite: TLS_AES_256_GCM_SHA384
00:06:13.604 [main] DEBUG org.apache.http.conn.ssl.SSLConnectionSocketFactory -  peer principal: CN=*.storage.googleapis.com, O=Google LLC, L=Mountain View, ST=California, C=US
00:06:13.604 [main] DEBUG org.apache.http.conn.ssl.SSLConnectionSocketFactory -  peer alternative names: [*.storage.googleapis.com, *.googleapis.com, commondatastorage.googleapis.com, *.commondatastorage.googleapis.com, storage.googleapis.com, storage.mtls.googleapis.com, *.appspot.com.storage.googleapis.com, *.content-storage.googleapis.com, *.content-storage-p2.googleapis.com, *.content-storage-upload.googleapis.com, *.content-storage-download.googleapis.com, *.storage-upload.googleapis.com, *.storage-download.googleapis.com]
00:06:13.604 [main] DEBUG org.apache.http.conn.ssl.SSLConnectionSocketFactory -  issuer principal: CN=GTS CA 1O1, O=Google Trust Services, C=US
00:06:13.604 [main] DEBUG org.apache.http.impl.conn.DefaultHttpClientConnectionOperator - Connection established 192.168.0.116:56116&lt;-&gt;172.217.30.176:443
00:06:13.604 [main] DEBUG org.apache.http.impl.execchain.MainClientExec - Executing request OPTIONS / HTTP/1.1
00:06:13.604 [main] DEBUG org.apache.http.impl.execchain.MainClientExec - Target auth state: UNCHALLENGED
00:06:13.604 [main] DEBUG org.apache.http.impl.execchain.MainClientExec - Proxy auth state: UNCHALLENGED
00:06:13.604 [main] DEBUG org.apache.http.headers - http-outgoing-2 &gt;&gt; OPTIONS / HTTP/1.1
00:06:13.604 [main] DEBUG org.apache.http.headers - http-outgoing-2 &gt;&gt; Host: chromedriver.storage.googleapis.com
00:06:13.604 [main] DEBUG org.apache.http.headers - http-outgoing-2 &gt;&gt; Connection: Keep-Alive
00:06:13.604 [main] DEBUG org.apache.http.headers - http-outgoing-2 &gt;&gt; User-Agent: Apache-HttpClient/4.5.3 (Java/16.0.1)
00:06:13.604 [main] DEBUG org.apache.http.headers - http-outgoing-2 &gt;&gt; Accept-Encoding: gzip,deflate
00:06:13.604 [main] DEBUG org.apache.http.wire - http-outgoing-2 &gt;&gt; &quot;OPTIONS / HTTP/1.1[\r][\n]&quot;
00:06:13.604 [main] DEBUG org.apache.http.wire - http-outgoing-2 &gt;&gt; &quot;Host: chromedriver.storage.googleapis.com[\r][\n]&quot;
00:06:13.604 [main] DEBUG org.apache.http.wire - http-outgoing-2 &gt;&gt; &quot;Connection: Keep-Alive[\r][\n]&quot;
00:06:13.604 [main] DEBUG org.apache.http.wire - http-outgoing-2 &gt;&gt; &quot;User-Agent: Apache-HttpClient/4.5.3 (Java/16.0.1)[\r][\n]&quot;
00:06:13.604 [main] DEBUG org.apache.http.wire - http-outgoing-2 &gt;&gt; &quot;Accept-Encoding: gzip,deflate[\r][\n]&quot;
00:06:13.604 [main] DEBUG org.apache.http.wire - http-outgoing-2 &gt;&gt; &quot;[\r][\n]&quot;
00:06:13.751 [main] DEBUG org.apache.http.wire - http-outgoing-2 &lt;&lt; &quot;HTTP/1.1 200 OK[\r][\n]&quot;
00:06:13.751 [main] DEBUG org.apache.http.wire - http-outgoing-2 &lt;&lt; &quot;X-GUploader-UploadID: ADPycdvmDH3RXjJ5CK6JR7AiySVTeLDjeme06iti-H8048b5DFcwQ_6wpprb_tIVn2D6LMVkRRn4248aRrdNb4ZIO1RL2T9lNg[\r][\n]&quot;
00:06:13.751 [main] DEBUG org.apache.http.wire - http-outgoing-2 &lt;&lt; &quot;Date: Thu, 02 Sep 2021 03:06:00 GMT[\r][\n]&quot;
00:06:13.751 [main] DEBUG org.apache.http.wire - http-outgoing-2 &lt;&lt; &quot;Expires: Thu, 02 Sep 2021 03:06:00 GMT[\r][\n]&quot;
00:06:13.751 [main] DEBUG org.apache.http.wire - http-outgoing-2 &lt;&lt; &quot;Cache-Control: private, max-age=0[\r][\n]&quot;
00:06:13.751 [main] DEBUG org.apache.http.wire - http-outgoing-2 &lt;&lt; &quot;Content-Length: 0[\r][\n]&quot;
00:06:13.751 [main] DEBUG org.apache.http.wire - http-outgoing-2 &lt;&lt; &quot;Server: UploadServer[\r][\n]&quot;
00:06:13.751 [main] DEBUG org.apache.http.wire - http-outgoing-2 &lt;&lt; &quot;Content-Type: text/html; charset=UTF-8[\r][\n]&quot;
00:06:13.751 [main] DEBUG org.apache.http.wire - http-outgoing-2 &lt;&lt; &quot;Alt-Svc: h3=&quot;:443&quot;; ma=2592000,h3-29=&quot;:443&quot;; ma=2592000,h3-T051=&quot;:443&quot;; ma=2592000,h3-Q050=&quot;:443&quot;; ma=2592000,h3-Q046=&quot;:443&quot;; ma=2592000,h3-Q043=&quot;:443&quot;; ma=2592000,quic=&quot;:443&quot;; ma=2592000; v=&quot;46,43&quot;[\r][\n]&quot;
00:06:13.751 [main] DEBUG org.apache.http.wire - http-outgoing-2 &lt;&lt; &quot;[\r][\n]&quot;
00:06:13.751 [main] DEBUG org.apache.http.headers - http-outgoing-2 &lt;&lt; HTTP/1.1 200 OK
00:06:13.751 [main] DEBUG org.apache.http.headers - http-outgoing-2 &lt;&lt; X-GUploader-UploadID: ADPycdvmDH3RXjJ5CK6JR7AiySVTeLDjeme06iti-H8048b5DFcwQ_6wpprb_tIVn2D6LMVkRRn4248aRrdNb4ZIO1RL2T9lNg
00:06:13.751 [main] DEBUG org.apache.http.headers - http-outgoing-2 &lt;&lt; Date: Thu, 02 Sep 2021 03:06:00 GMT
00:06:13.751 [main] DEBUG org.apache.http.headers - http-outgoing-2 &lt;&lt; Expires: Thu, 02 Sep 2021 03:06:00 GMT
00:06:13.751 [main] DEBUG org.apache.http.headers - http-outgoing-2 &lt;&lt; Cache-Control: private, max-age=0
00:06:13.751 [main] DEBUG org.apache.http.headers - http-outgoing-2 &lt;&lt; Content-Length: 0
00:06:13.751 [main] DEBUG org.apache.http.headers - http-outgoing-2 &lt;&lt; Server: UploadServer
00:06:13.751 [main] DEBUG org.apache.http.headers - http-outgoing-2 &lt;&lt; Content-Type: text/html; charset=UTF-8
00:06:13.751 [main] DEBUG org.apache.http.headers - http-outgoing-2 &lt;&lt; Alt-Svc: h3=&quot;:443&quot;; ma=2592000,h3-29=&quot;:443&quot;; ma=2592000,h3-T051=&quot;:443&quot;; ma=2592000,h3-Q050=&quot;:443&quot;; ma=2592000,h3-Q046=&quot;:443&quot;; ma=2592000,h3-Q043=&quot;:443&quot;; ma=2592000,quic=&quot;:443&quot;; ma=2592000; v=&quot;46,43&quot;
00:06:13.751 [main] DEBUG org.apache.http.impl.execchain.MainClientExec - Connection can be kept alive indefinitely
00:06:13.751 [main] DEBUG org.apache.http.impl.conn.PoolingHttpClientConnectionManager - Connection [id: 2][route: {s}-&gt;https://chromedriver.storage.googleapis.com:443] can be kept alive indefinitely
00:06:13.751 [main] DEBUG org.apache.http.impl.conn.PoolingHttpClientConnectionManager - Connection released: [id: 2][route: {s}-&gt;https://chromedriver.storage.googleapis.com:443][total kept alive: 1; route allocated: 1 of 2; total allocated: 1 of 20]
00:06:13.751 [main] DEBUG io.github.bonigarcia.wdm.WebDriverManager - Latest version of chromedriver is 93.0.4577.15 (recently resolved)
00:06:13.752 [main] INFO io.github.bonigarcia.wdm.WebDriverManager - Found chromedriver in cache: C:\Users\wilso\.m2\repository\webdriver\chromedriver\win32\93.0.4577.15\chromedriver.exe 
00:06:13.752 [main] DEBUG io.github.bonigarcia.wdm.WebDriverManager - Driver for chromedriver (latest version) found in cache C:\Users\wilso\.m2\repository\webdriver\chromedriver\win32\93.0.4577.15\chromedriver.exe
00:06:13.753 [main] INFO io.github.bonigarcia.wdm.WebDriverManager - Exporting webdriver.chrome.driver as C:\Users\wilso\.m2\repository\webdriver\chromedriver\win32\93.0.4577.15\chromedriver.exe
</system-out>
    <system-err>Starting ChromeDriver 93.0.4577.15 (660fc11082ba57405eca2e8c49c3e1af756fbfae-refs/branch-heads/4577@{#203}) on port 41083
Only local connections are allowed.
Please see https://chromedriver.chromium.org/security-considerations for suggestions on keeping ChromeDriver safe.
ChromeDriver was started successfully.
set. 02, 2021 12:06:14 AM org.openqa.selenium.remote.ProtocolHandshake createSession
INFO: Detected dialect: W3C
</system-err>
  </testcase>
  <testcase classname="interfaceTeste.TestesInterface" name="cadastraCliente" time="1.323">
    <error message="no such element: Unable to locate element: {&quot;method&quot;:&quot;link text&quot;,&quot;selector&quot;:&quot;Cadastrar Cliente&quot;}
  (Session info: chrome=93.0.4577.63)
For documentation on this error, please visit: https://www.seleniumhq.org/exceptions/no_such_element.html
Build info: version: &apos;3.141.59&apos;, revision: &apos;e82be7d358&apos;, time: &apos;2018-11-14T08:17:03&apos;
System info: host: &apos;DESKTOP-STN5MAV&apos;, ip: &apos;192.168.56.1&apos;, os.name: &apos;Windows 10&apos;, os.arch: &apos;amd64&apos;, os.version: &apos;10.0&apos;, java.version: &apos;16.0.1&apos;
Driver info: org.openqa.selenium.chrome.ChromeDriver
Capabilities {acceptInsecureCerts: false, browserName: chrome, browserVersion: 93.0.4577.63, chrome: {chromedriverVersion: 93.0.4577.15 (660fc11082ba5..., userDataDir: C:\Users\wilso\AppData\Loca...}, goog:chromeOptions: {debuggerAddress: localhost:61084}, javascriptEnabled: true, networkConnectionEnabled: false, pageLoadStrategy: normal, platform: WINDOWS, platformName: WINDOWS, proxy: Proxy(), setWindowRect: true, strictFileInteractability: false, timeouts: {implicit: 0, pageLoad: 300000, script: 30000}, unhandledPromptBehavior: dismiss and notify, webauthn:extension:credBlob: true, webauthn:extension:largeBlob: true, webauthn:virtualAuthenticators: true}
Session ID: ab875b79e1e3bb0a9b9bb01c6369290f
*** Element info: {Using=link text, value=Cadastrar Cliente}" type="org.openqa.selenium.NoSuchElementException">org.openqa.selenium.NoSuchElementException: no such element: Unable to locate element: {&quot;method&quot;:&quot;link text&quot;,&quot;selector&quot;:&quot;Cadastrar Cliente&quot;}
  (Session info: chrome=93.0.4577.63)
For documentation on this error, please visit: https://www.seleniumhq.org/exceptions/no_such_element.html
Build info: version: &apos;3.141.59&apos;, revision: &apos;e82be7d358&apos;, time: &apos;2018-11-14T08:17:03&apos;
System info: host: &apos;DESKTOP-STN5MAV&apos;, ip: &apos;192.168.56.1&apos;, os.name: &apos;Windows 10&apos;, os.arch: &apos;amd64&apos;, os.version: &apos;10.0&apos;, java.version: &apos;16.0.1&apos;
Driver info: org.openqa.selenium.chrome.ChromeDriver
Capabilities {acceptInsecureCerts: false, browserName: chrome, browserVersion: 93.0.4577.63, chrome: {chromedriverVersion: 93.0.4577.15 (660fc11082ba5..., userDataDir: C:\Users\wilso\AppData\Loca...}, goog:chromeOptions: {debuggerAddress: localhost:61084}, javascriptEnabled: true, networkConnectionEnabled: false, pageLoadStrategy: normal, platform: WINDOWS, platformName: WINDOWS, proxy: Proxy(), setWindowRect: true, strictFileInteractability: false, timeouts: {implicit: 0, pageLoad: 300000, script: 30000}, unhandledPromptBehavior: dismiss and notify, webauthn:extension:credBlob: true, webauthn:extension:largeBlob: true, webauthn:virtualAuthenticators: true}
Session ID: ab875b79e1e3bb0a9b9bb01c6369290f
*** Element info: {Using=link text, value=Cadastrar Cliente}
	at java.base/jdk.internal.reflect.NativeConstructorAccessorImpl.newInstance0(Native Method)
	at java.base/jdk.internal.reflect.NativeConstructorAccessorImpl.newInstance(NativeConstructorAccessorImpl.java:78)
	at java.base/jdk.internal.reflect.DelegatingConstructorAccessorImpl.newInstance(DelegatingConstructorAccessorImpl.java:45)
	at java.base/java.lang.reflect.Constructor.newInstanceWithCaller(Constructor.java:499)
	at java.base/java.lang.reflect.Constructor.newInstance(Constructor.java:480)
	at org.openqa.selenium.remote.http.W3CHttpResponseCodec.createException(W3CHttpResponseCodec.java:187)
	at org.openqa.selenium.remote.http.W3CHttpResponseCodec.decode(W3CHttpResponseCodec.java:122)
	at org.openqa.selenium.remote.http.W3CHttpResponseCodec.decode(W3CHttpResponseCodec.java:49)
	at org.openqa.selenium.remote.HttpCommandExecutor.execute(HttpCommandExecutor.java:158)
	at org.openqa.selenium.remote.service.DriverCommandExecutor.execute(DriverCommandExecutor.java:83)
	at org.openqa.selenium.remote.RemoteWebDriver.execute(RemoteWebDriver.java:552)
	at org.openqa.selenium.remote.RemoteWebDriver.findElement(RemoteWebDriver.java:323)
	at org.openqa.selenium.remote.RemoteWebDriver.findElementByLinkText(RemoteWebDriver.java:380)
	at org.openqa.selenium.By$ByLinkText.findElement(By.java:220)
	at org.openqa.selenium.remote.RemoteWebDriver.findElement(RemoteWebDriver.java:315)
	at interfaceTeste.TestesInterface.cadastraCliente(TestesInterface.java:157)
	at java.base/jdk.internal.reflect.NativeMethodAccessorImpl.invoke0(Native Method)
	at java.base/jdk.internal.reflect.NativeMethodAccessorImpl.invoke(NativeMethodAccessorImpl.java:78)
	at java.base/jdk.internal.reflect.DelegatingMethodAccessorImpl.invoke(DelegatingMethodAccessorImpl.java:43)
	at java.base/java.lang.reflect.Method.invoke(Method.java:567)
	at org.junit.runners.model.FrameworkMethod$1.runReflectiveCall(FrameworkMethod.java:59)
	at org.junit.internal.runners.model.ReflectiveCallable.run(ReflectiveCallable.java:12)
	at org.junit.runners.model.FrameworkMethod.invokeExplosively(FrameworkMethod.java:56)
	at org.junit.internal.runners.statements.InvokeMethod.evaluate(InvokeMethod.java:17)
	at org.junit.internal.runners.statements.RunBefores.evaluate(RunBefores.java:26)
	at org.junit.internal.runners.statements.RunAfters.evaluate(RunAfters.java:27)
	at org.junit.runners.ParentRunner$3.evaluate(ParentRunner.java:306)
	at org.junit.runners.BlockJUnit4ClassRunner$1.evaluate(BlockJUnit4ClassRunner.java:100)
	at org.junit.runners.ParentRunner.runLeaf(ParentRunner.java:366)
	at org.junit.runners.BlockJUnit4ClassRunner.runChild(BlockJUnit4ClassRunner.java:103)
	at org.junit.runners.BlockJUnit4ClassRunner.runChild(BlockJUnit4ClassRunner.java:63)
	at org.junit.runners.ParentRunner$4.run(ParentRunner.java:331)
	at org.junit.runners.ParentRunner$1.schedule(ParentRunner.java:79)
	at org.junit.runners.ParentRunner.runChildren(ParentRunner.java:329)
	at org.junit.runners.ParentRunner.access$100(ParentRunner.java:66)
	at org.junit.runners.ParentRunner$2.evaluate(ParentRunner.java:293)
	at org.junit.runners.ParentRunner$3.evaluate(ParentRunner.java:306)
	at org.junit.runners.ParentRunner.run(ParentRunner.java:413)
	at org.apache.maven.surefire.junit4.JUnit4Provider.execute(JUnit4Provider.java:252)
	at org.apache.maven.surefire.junit4.JUnit4Provider.executeTestSet(JUnit4Provider.java:141)
	at org.apache.maven.surefire.junit4.JUnit4Provider.invoke(JUnit4Provider.java:112)
	at java.base/jdk.internal.reflect.NativeMethodAccessorImpl.invoke0(Native Method)
	at java.base/jdk.internal.reflect.NativeMethodAccessorImpl.invoke(NativeMethodAccessorImpl.java:78)
	at java.base/jdk.internal.reflect.DelegatingMethodAccessorImpl.invoke(DelegatingMethodAccessorImpl.java:43)
	at java.base/java.lang.reflect.Method.invoke(Method.java:567)
	at org.apache.maven.surefire.util.ReflectionUtils.invokeMethodWithArray(ReflectionUtils.java:189)
	at org.apache.maven.surefire.booter.ProviderFactory$ProviderProxy.invoke(ProviderFactory.java:165)
	at org.apache.maven.surefire.booter.ProviderFactory.invokeProvider(ProviderFactory.java:85)
	at org.apache.maven.surefire.booter.ForkedBooter.runSuitesInProcess(ForkedBooter.java:115)
	at org.apache.maven.surefire.booter.ForkedBooter.main(ForkedBooter.java:75)
</error>
    <system-out>00:06:14.795 [main] DEBUG org.apache.http.client.protocol.RequestAddCookies - CookieSpec selected: default
00:06:14.795 [main] DEBUG org.apache.http.client.protocol.RequestAuthCache - Auth cache not set in the context
00:06:14.795 [main] DEBUG org.apache.http.impl.conn.PoolingHttpClientConnectionManager - Connection request: [route: {s}-&gt;https://chromedriver.storage.googleapis.com:443][total kept alive: 0; route allocated: 0 of 2; total allocated: 0 of 20]
00:06:14.795 [main] DEBUG org.apache.http.impl.conn.PoolingHttpClientConnectionManager - Connection leased: [id: 3][route: {s}-&gt;https://chromedriver.storage.googleapis.com:443][total kept alive: 0; route allocated: 1 of 2; total allocated: 1 of 20]
00:06:14.795 [main] DEBUG org.apache.http.impl.execchain.MainClientExec - Opening connection {s}-&gt;https://chromedriver.storage.googleapis.com:443
00:06:14.795 [main] DEBUG org.apache.http.impl.conn.DefaultHttpClientConnectionOperator - Connecting to chromedriver.storage.googleapis.com/172.217.30.176:443
00:06:14.795 [main] DEBUG org.apache.http.conn.ssl.SSLConnectionSocketFactory - Connecting socket to chromedriver.storage.googleapis.com/172.217.30.176:443 with timeout 0
00:06:14.818 [main] DEBUG org.apache.http.conn.ssl.SSLConnectionSocketFactory - Enabled protocols: [TLSv1.3, TLSv1.2]
00:06:14.818 [main] DEBUG org.apache.http.conn.ssl.SSLConnectionSocketFactory - Enabled cipher suites:[TLS_AES_256_GCM_SHA384, TLS_AES_128_GCM_SHA256, TLS_CHACHA20_POLY1305_SHA256, TLS_ECDHE_ECDSA_WITH_AES_256_GCM_SHA384, TLS_ECDHE_ECDSA_WITH_AES_128_GCM_SHA256, TLS_ECDHE_ECDSA_WITH_CHACHA20_POLY1305_SHA256, TLS_ECDHE_RSA_WITH_AES_256_GCM_SHA384, TLS_ECDHE_RSA_WITH_CHACHA20_POLY1305_SHA256, TLS_ECDHE_RSA_WITH_AES_128_GCM_SHA256, TLS_DHE_RSA_WITH_AES_256_GCM_SHA384, TLS_DHE_RSA_WITH_CHACHA20_POLY1305_SHA256, TLS_DHE_DSS_WITH_AES_256_GCM_SHA384, TLS_DHE_RSA_WITH_AES_128_GCM_SHA256, TLS_DHE_DSS_WITH_AES_128_GCM_SHA256, TLS_ECDHE_ECDSA_WITH_AES_256_CBC_SHA384, TLS_ECDHE_RSA_WITH_AES_256_CBC_SHA384, TLS_ECDHE_ECDSA_WITH_AES_128_CBC_SHA256, TLS_ECDHE_RSA_WITH_AES_128_CBC_SHA256, TLS_DHE_RSA_WITH_AES_256_CBC_SHA256, TLS_DHE_DSS_WITH_AES_256_CBC_SHA256, TLS_DHE_RSA_WITH_AES_128_CBC_SHA256, TLS_DHE_DSS_WITH_AES_128_CBC_SHA256, TLS_ECDH_ECDSA_WITH_AES_256_GCM_SHA384, TLS_ECDH_RSA_WITH_AES_256_GCM_SHA384, TLS_ECDH_ECDSA_WITH_AES_128_GCM_SHA256, TLS_ECDH_RSA_WITH_AES_128_GCM_SHA256, TLS_ECDH_ECDSA_WITH_AES_256_CBC_SHA384, TLS_ECDH_RSA_WITH_AES_256_CBC_SHA384, TLS_ECDH_ECDSA_WITH_AES_128_CBC_SHA256, TLS_ECDH_RSA_WITH_AES_128_CBC_SHA256, TLS_ECDHE_ECDSA_WITH_AES_256_CBC_SHA, TLS_ECDHE_RSA_WITH_AES_256_CBC_SHA, TLS_ECDHE_ECDSA_WITH_AES_128_CBC_SHA, TLS_ECDHE_RSA_WITH_AES_128_CBC_SHA, TLS_DHE_RSA_WITH_AES_256_CBC_SHA, TLS_DHE_DSS_WITH_AES_256_CBC_SHA, TLS_DHE_RSA_WITH_AES_128_CBC_SHA, TLS_DHE_DSS_WITH_AES_128_CBC_SHA, TLS_ECDH_ECDSA_WITH_AES_256_CBC_SHA, TLS_ECDH_RSA_WITH_AES_256_CBC_SHA, TLS_ECDH_ECDSA_WITH_AES_128_CBC_SHA, TLS_ECDH_RSA_WITH_AES_128_CBC_SHA, TLS_RSA_WITH_AES_256_GCM_SHA384, TLS_RSA_WITH_AES_128_GCM_SHA256, TLS_RSA_WITH_AES_256_CBC_SHA256, TLS_RSA_WITH_AES_128_CBC_SHA256, TLS_RSA_WITH_AES_256_CBC_SHA, TLS_RSA_WITH_AES_128_CBC_SHA, TLS_EMPTY_RENEGOTIATION_INFO_SCSV]
00:06:14.818 [main] DEBUG org.apache.http.conn.ssl.SSLConnectionSocketFactory - Starting handshake
00:06:14.891 [main] DEBUG org.apache.http.conn.ssl.SSLConnectionSocketFactory - Secure session established
00:06:14.891 [main] DEBUG org.apache.http.conn.ssl.SSLConnectionSocketFactory -  negotiated protocol: TLSv1.3
00:06:14.891 [main] DEBUG org.apache.http.conn.ssl.SSLConnectionSocketFactory -  negotiated cipher suite: TLS_AES_256_GCM_SHA384
00:06:14.891 [main] DEBUG org.apache.http.conn.ssl.SSLConnectionSocketFactory -  peer principal: CN=*.storage.googleapis.com, O=Google LLC, L=Mountain View, ST=California, C=US
00:06:14.891 [main] DEBUG org.apache.http.conn.ssl.SSLConnectionSocketFactory -  peer alternative names: [*.storage.googleapis.com, *.googleapis.com, commondatastorage.googleapis.com, *.commondatastorage.googleapis.com, storage.googleapis.com, storage.mtls.googleapis.com, *.appspot.com.storage.googleapis.com, *.content-storage.googleapis.com, *.content-storage-p2.googleapis.com, *.content-storage-upload.googleapis.com, *.content-storage-download.googleapis.com, *.storage-upload.googleapis.com, *.storage-download.googleapis.com]
00:06:14.891 [main] DEBUG org.apache.http.conn.ssl.SSLConnectionSocketFactory -  issuer principal: CN=GTS CA 1O1, O=Google Trust Services, C=US
00:06:14.891 [main] DEBUG org.apache.http.impl.conn.DefaultHttpClientConnectionOperator - Connection established 192.168.0.116:64918&lt;-&gt;172.217.30.176:443
00:06:14.891 [main] DEBUG org.apache.http.impl.execchain.MainClientExec - Executing request OPTIONS / HTTP/1.1
00:06:14.891 [main] DEBUG org.apache.http.impl.execchain.MainClientExec - Target auth state: UNCHALLENGED
00:06:14.891 [main] DEBUG org.apache.http.impl.execchain.MainClientExec - Proxy auth state: UNCHALLENGED
00:06:14.891 [main] DEBUG org.apache.http.headers - http-outgoing-3 &gt;&gt; OPTIONS / HTTP/1.1
00:06:14.891 [main] DEBUG org.apache.http.headers - http-outgoing-3 &gt;&gt; Host: chromedriver.storage.googleapis.com
00:06:14.891 [main] DEBUG org.apache.http.headers - http-outgoing-3 &gt;&gt; Connection: Keep-Alive
00:06:14.891 [main] DEBUG org.apache.http.headers - http-outgoing-3 &gt;&gt; User-Agent: Apache-HttpClient/4.5.3 (Java/16.0.1)
00:06:14.891 [main] DEBUG org.apache.http.headers - http-outgoing-3 &gt;&gt; Accept-Encoding: gzip,deflate
00:06:14.891 [main] DEBUG org.apache.http.wire - http-outgoing-3 &gt;&gt; &quot;OPTIONS / HTTP/1.1[\r][\n]&quot;
00:06:14.891 [main] DEBUG org.apache.http.wire - http-outgoing-3 &gt;&gt; &quot;Host: chromedriver.storage.googleapis.com[\r][\n]&quot;
00:06:14.891 [main] DEBUG org.apache.http.wire - http-outgoing-3 &gt;&gt; &quot;Connection: Keep-Alive[\r][\n]&quot;
00:06:14.891 [main] DEBUG org.apache.http.wire - http-outgoing-3 &gt;&gt; &quot;User-Agent: Apache-HttpClient/4.5.3 (Java/16.0.1)[\r][\n]&quot;
00:06:14.891 [main] DEBUG org.apache.http.wire - http-outgoing-3 &gt;&gt; &quot;Accept-Encoding: gzip,deflate[\r][\n]&quot;
00:06:14.891 [main] DEBUG org.apache.http.wire - http-outgoing-3 &gt;&gt; &quot;[\r][\n]&quot;
00:06:15.031 [main] DEBUG org.apache.http.wire - http-outgoing-3 &lt;&lt; &quot;HTTP/1.1 200 OK[\r][\n]&quot;
00:06:15.031 [main] DEBUG org.apache.http.wire - http-outgoing-3 &lt;&lt; &quot;X-GUploader-UploadID: ADPycdt22VL2IBX0ZmO9wmvpCDs5HRNuZfD7YJ4hTFRAc5FrSClasphsceb-rERDYeZATOGXZd2eqsvW9otCpogCpBdaOJtM2A[\r][\n]&quot;
00:06:15.031 [main] DEBUG org.apache.http.wire - http-outgoing-3 &lt;&lt; &quot;Date: Thu, 02 Sep 2021 03:06:01 GMT[\r][\n]&quot;
00:06:15.031 [main] DEBUG org.apache.http.wire - http-outgoing-3 &lt;&lt; &quot;Expires: Thu, 02 Sep 2021 03:06:01 GMT[\r][\n]&quot;
00:06:15.031 [main] DEBUG org.apache.http.wire - http-outgoing-3 &lt;&lt; &quot;Cache-Control: private, max-age=0[\r][\n]&quot;
00:06:15.031 [main] DEBUG org.apache.http.wire - http-outgoing-3 &lt;&lt; &quot;Content-Length: 0[\r][\n]&quot;
00:06:15.031 [main] DEBUG org.apache.http.wire - http-outgoing-3 &lt;&lt; &quot;Server: UploadServer[\r][\n]&quot;
00:06:15.031 [main] DEBUG org.apache.http.wire - http-outgoing-3 &lt;&lt; &quot;Content-Type: text/html; charset=UTF-8[\r][\n]&quot;
00:06:15.031 [main] DEBUG org.apache.http.wire - http-outgoing-3 &lt;&lt; &quot;Alt-Svc: h3=&quot;:443&quot;; ma=2592000,h3-29=&quot;:443&quot;; ma=2592000,h3-T051=&quot;:443&quot;; ma=2592000,h3-Q050=&quot;:443&quot;; ma=2592000,h3-Q046=&quot;:443&quot;; ma=2592000,h3-Q043=&quot;:443&quot;; ma=2592000,quic=&quot;:443&quot;; ma=2592000; v=&quot;46,43&quot;[\r][\n]&quot;
00:06:15.031 [main] DEBUG org.apache.http.wire - http-outgoing-3 &lt;&lt; &quot;[\r][\n]&quot;
00:06:15.031 [main] DEBUG org.apache.http.headers - http-outgoing-3 &lt;&lt; HTTP/1.1 200 OK
00:06:15.031 [main] DEBUG org.apache.http.headers - http-outgoing-3 &lt;&lt; X-GUploader-UploadID: ADPycdt22VL2IBX0ZmO9wmvpCDs5HRNuZfD7YJ4hTFRAc5FrSClasphsceb-rERDYeZATOGXZd2eqsvW9otCpogCpBdaOJtM2A
00:06:15.031 [main] DEBUG org.apache.http.headers - http-outgoing-3 &lt;&lt; Date: Thu, 02 Sep 2021 03:06:01 GMT
00:06:15.031 [main] DEBUG org.apache.http.headers - http-outgoing-3 &lt;&lt; Expires: Thu, 02 Sep 2021 03:06:01 GMT
00:06:15.031 [main] DEBUG org.apache.http.headers - http-outgoing-3 &lt;&lt; Cache-Control: private, max-age=0
00:06:15.031 [main] DEBUG org.apache.http.headers - http-outgoing-3 &lt;&lt; Content-Length: 0
00:06:15.031 [main] DEBUG org.apache.http.headers - http-outgoing-3 &lt;&lt; Server: UploadServer
00:06:15.031 [main] DEBUG org.apache.http.headers - http-outgoing-3 &lt;&lt; Content-Type: text/html; charset=UTF-8
00:06:15.031 [main] DEBUG org.apache.http.headers - http-outgoing-3 &lt;&lt; Alt-Svc: h3=&quot;:443&quot;; ma=2592000,h3-29=&quot;:443&quot;; ma=2592000,h3-T051=&quot;:443&quot;; ma=2592000,h3-Q050=&quot;:443&quot;; ma=2592000,h3-Q046=&quot;:443&quot;; ma=2592000,h3-Q043=&quot;:443&quot;; ma=2592000,quic=&quot;:443&quot;; ma=2592000; v=&quot;46,43&quot;
00:06:15.031 [main] DEBUG org.apache.http.impl.execchain.MainClientExec - Connection can be kept alive indefinitely
00:06:15.031 [main] DEBUG org.apache.http.impl.conn.PoolingHttpClientConnectionManager - Connection [id: 3][route: {s}-&gt;https://chromedriver.storage.googleapis.com:443] can be kept alive indefinitely
00:06:15.031 [main] DEBUG org.apache.http.impl.conn.PoolingHttpClientConnectionManager - Connection released: [id: 3][route: {s}-&gt;https://chromedriver.storage.googleapis.com:443][total kept alive: 1; route allocated: 1 of 2; total allocated: 1 of 20]
00:06:15.031 [main] DEBUG io.github.bonigarcia.wdm.WebDriverManager - Latest version of chromedriver is 93.0.4577.15 (recently resolved)
00:06:15.032 [main] INFO io.github.bonigarcia.wdm.WebDriverManager - Found chromedriver in cache: C:\Users\wilso\.m2\repository\webdriver\chromedriver\win32\93.0.4577.15\chromedriver.exe 
00:06:15.032 [main] DEBUG io.github.bonigarcia.wdm.WebDriverManager - Driver for chromedriver (latest version) found in cache C:\Users\wilso\.m2\repository\webdriver\chromedriver\win32\93.0.4577.15\chromedriver.exe
00:06:15.033 [main] INFO io.github.bonigarcia.wdm.WebDriverManager - Exporting webdriver.chrome.driver as C:\Users\wilso\.m2\repository\webdriver\chromedriver\win32\93.0.4577.15\chromedriver.exe
</system-out>
    <system-err>Starting ChromeDriver 93.0.4577.15 (660fc11082ba57405eca2e8c49c3e1af756fbfae-refs/branch-heads/4577@{#203}) on port 5412
Only local connections are allowed.
Please see https://chromedriver.chromium.org/security-considerations for suggestions on keeping ChromeDriver safe.
ChromeDriver was started successfully.
set. 02, 2021 12:06:15 AM org.openqa.selenium.remote.ProtocolHandshake createSession
INFO: Detected dialect: W3C
</system-err>
  </testcase>
  <testcase classname="interfaceTeste.TestesInterface" name="cadastraleilao" time="1.244">
    <error message="no such element: Unable to locate element: {&quot;method&quot;:&quot;css selector&quot;,&quot;selector&quot;:&quot;*[name=&apos;nome&apos;]&quot;}
  (Session info: chrome=93.0.4577.63)
For documentation on this error, please visit: https://www.seleniumhq.org/exceptions/no_such_element.html
Build info: version: &apos;3.141.59&apos;, revision: &apos;e82be7d358&apos;, time: &apos;2018-11-14T08:17:03&apos;
System info: host: &apos;DESKTOP-STN5MAV&apos;, ip: &apos;192.168.56.1&apos;, os.name: &apos;Windows 10&apos;, os.arch: &apos;amd64&apos;, os.version: &apos;10.0&apos;, java.version: &apos;16.0.1&apos;
Driver info: org.openqa.selenium.chrome.ChromeDriver
Capabilities {acceptInsecureCerts: false, browserName: chrome, browserVersion: 93.0.4577.63, chrome: {chromedriverVersion: 93.0.4577.15 (660fc11082ba5..., userDataDir: C:\Users\wilso\AppData\Loca...}, goog:chromeOptions: {debuggerAddress: localhost:58386}, javascriptEnabled: true, networkConnectionEnabled: false, pageLoadStrategy: normal, platform: WINDOWS, platformName: WINDOWS, proxy: Proxy(), setWindowRect: true, strictFileInteractability: false, timeouts: {implicit: 0, pageLoad: 300000, script: 30000}, unhandledPromptBehavior: dismiss and notify, webauthn:extension:credBlob: true, webauthn:extension:largeBlob: true, webauthn:virtualAuthenticators: true}
Session ID: 034f045fa5ca8973032242b2e3a05882
*** Element info: {Using=name, value=nome}" type="org.openqa.selenium.NoSuchElementException">org.openqa.selenium.NoSuchElementException: no such element: Unable to locate element: {&quot;method&quot;:&quot;css selector&quot;,&quot;selector&quot;:&quot;*[name=&apos;nome&apos;]&quot;}
  (Session info: chrome=93.0.4577.63)
For documentation on this error, please visit: https://www.seleniumhq.org/exceptions/no_such_element.html
Build info: version: &apos;3.141.59&apos;, revision: &apos;e82be7d358&apos;, time: &apos;2018-11-14T08:17:03&apos;
System info: host: &apos;DESKTOP-STN5MAV&apos;, ip: &apos;192.168.56.1&apos;, os.name: &apos;Windows 10&apos;, os.arch: &apos;amd64&apos;, os.version: &apos;10.0&apos;, java.version: &apos;16.0.1&apos;
Driver info: org.openqa.selenium.chrome.ChromeDriver
Capabilities {acceptInsecureCerts: false, browserName: chrome, browserVersion: 93.0.4577.63, chrome: {chromedriverVersion: 93.0.4577.15 (660fc11082ba5..., userDataDir: C:\Users\wilso\AppData\Loca...}, goog:chromeOptions: {debuggerAddress: localhost:58386}, javascriptEnabled: true, networkConnectionEnabled: false, pageLoadStrategy: normal, platform: WINDOWS, platformName: WINDOWS, proxy: Proxy(), setWindowRect: true, strictFileInteractability: false, timeouts: {implicit: 0, pageLoad: 300000, script: 30000}, unhandledPromptBehavior: dismiss and notify, webauthn:extension:credBlob: true, webauthn:extension:largeBlob: true, webauthn:virtualAuthenticators: true}
Session ID: 034f045fa5ca8973032242b2e3a05882
*** Element info: {Using=name, value=nome}
	at java.base/jdk.internal.reflect.NativeConstructorAccessorImpl.newInstance0(Native Method)
	at java.base/jdk.internal.reflect.NativeConstructorAccessorImpl.newInstance(NativeConstructorAccessorImpl.java:78)
	at java.base/jdk.internal.reflect.DelegatingConstructorAccessorImpl.newInstance(DelegatingConstructorAccessorImpl.java:45)
	at java.base/java.lang.reflect.Constructor.newInstanceWithCaller(Constructor.java:499)
	at java.base/java.lang.reflect.Constructor.newInstance(Constructor.java:480)
	at org.openqa.selenium.remote.http.W3CHttpResponseCodec.createException(W3CHttpResponseCodec.java:187)
	at org.openqa.selenium.remote.http.W3CHttpResponseCodec.decode(W3CHttpResponseCodec.java:122)
	at org.openqa.selenium.remote.http.W3CHttpResponseCodec.decode(W3CHttpResponseCodec.java:49)
	at org.openqa.selenium.remote.HttpCommandExecutor.execute(HttpCommandExecutor.java:158)
	at org.openqa.selenium.remote.service.DriverCommandExecutor.execute(DriverCommandExecutor.java:83)
	at org.openqa.selenium.remote.RemoteWebDriver.execute(RemoteWebDriver.java:552)
	at org.openqa.selenium.remote.RemoteWebDriver.findElement(RemoteWebDriver.java:323)
	at org.openqa.selenium.remote.RemoteWebDriver.findElementByName(RemoteWebDriver.java:404)
	at org.openqa.selenium.By$ByName.findElement(By.java:284)
	at org.openqa.selenium.remote.RemoteWebDriver.findElement(RemoteWebDriver.java:315)
	at interfaceTeste.TestesInterface.cadastraleilao(TestesInterface.java:47)
	at java.base/jdk.internal.reflect.NativeMethodAccessorImpl.invoke0(Native Method)
	at java.base/jdk.internal.reflect.NativeMethodAccessorImpl.invoke(NativeMethodAccessorImpl.java:78)
	at java.base/jdk.internal.reflect.DelegatingMethodAccessorImpl.invoke(DelegatingMethodAccessorImpl.java:43)
	at java.base/java.lang.reflect.Method.invoke(Method.java:567)
	at org.junit.runners.model.FrameworkMethod$1.runReflectiveCall(FrameworkMethod.java:59)
	at org.junit.internal.runners.model.ReflectiveCallable.run(ReflectiveCallable.java:12)
	at org.junit.runners.model.FrameworkMethod.invokeExplosively(FrameworkMethod.java:56)
	at org.junit.internal.runners.statements.InvokeMethod.evaluate(InvokeMethod.java:17)
	at org.junit.internal.runners.statements.RunBefores.evaluate(RunBefores.java:26)
	at org.junit.internal.runners.statements.RunAfters.evaluate(RunAfters.java:27)
	at org.junit.runners.ParentRunner$3.evaluate(ParentRunner.java:306)
	at org.junit.runners.BlockJUnit4ClassRunner$1.evaluate(BlockJUnit4ClassRunner.java:100)
	at org.junit.runners.ParentRunner.runLeaf(ParentRunner.java:366)
	at org.junit.runners.BlockJUnit4ClassRunner.runChild(BlockJUnit4ClassRunner.java:103)
	at org.junit.runners.BlockJUnit4ClassRunner.runChild(BlockJUnit4ClassRunner.java:63)
	at org.junit.runners.ParentRunner$4.run(ParentRunner.java:331)
	at org.junit.runners.ParentRunner$1.schedule(ParentRunner.java:79)
	at org.junit.runners.ParentRunner.runChildren(ParentRunner.java:329)
	at org.junit.runners.ParentRunner.access$100(ParentRunner.java:66)
	at org.junit.runners.ParentRunner$2.evaluate(ParentRunner.java:293)
	at org.junit.runners.ParentRunner$3.evaluate(ParentRunner.java:306)
	at org.junit.runners.ParentRunner.run(ParentRunner.java:413)
	at org.apache.maven.surefire.junit4.JUnit4Provider.execute(JUnit4Provider.java:252)
	at org.apache.maven.surefire.junit4.JUnit4Provider.executeTestSet(JUnit4Provider.java:141)
	at org.apache.maven.surefire.junit4.JUnit4Provider.invoke(JUnit4Provider.java:112)
	at java.base/jdk.internal.reflect.NativeMethodAccessorImpl.invoke0(Native Method)
	at java.base/jdk.internal.reflect.NativeMethodAccessorImpl.invoke(NativeMethodAccessorImpl.java:78)
	at java.base/jdk.internal.reflect.DelegatingMethodAccessorImpl.invoke(DelegatingMethodAccessorImpl.java:43)
	at java.base/java.lang.reflect.Method.invoke(Method.java:567)
	at org.apache.maven.surefire.util.ReflectionUtils.invokeMethodWithArray(ReflectionUtils.java:189)
	at org.apache.maven.surefire.booter.ProviderFactory$ProviderProxy.invoke(ProviderFactory.java:165)
	at org.apache.maven.surefire.booter.ProviderFactory.invokeProvider(ProviderFactory.java:85)
	at org.apache.maven.surefire.booter.ForkedBooter.runSuitesInProcess(ForkedBooter.java:115)
	at org.apache.maven.surefire.booter.ForkedBooter.main(ForkedBooter.java:75)
</error>
    <system-out>00:06:16.118 [main] DEBUG org.apache.http.client.protocol.RequestAddCookies - CookieSpec selected: default
00:06:16.118 [main] DEBUG org.apache.http.client.protocol.RequestAuthCache - Auth cache not set in the context
00:06:16.118 [main] DEBUG org.apache.http.impl.conn.PoolingHttpClientConnectionManager - Connection request: [route: {s}-&gt;https://chromedriver.storage.googleapis.com:443][total kept alive: 0; route allocated: 0 of 2; total allocated: 0 of 20]
00:06:16.119 [main] DEBUG org.apache.http.impl.conn.PoolingHttpClientConnectionManager - Connection leased: [id: 4][route: {s}-&gt;https://chromedriver.storage.googleapis.com:443][total kept alive: 0; route allocated: 1 of 2; total allocated: 1 of 20]
00:06:16.119 [main] DEBUG org.apache.http.impl.execchain.MainClientExec - Opening connection {s}-&gt;https://chromedriver.storage.googleapis.com:443
00:06:16.119 [main] DEBUG org.apache.http.impl.conn.DefaultHttpClientConnectionOperator - Connecting to chromedriver.storage.googleapis.com/172.217.30.176:443
00:06:16.119 [main] DEBUG org.apache.http.conn.ssl.SSLConnectionSocketFactory - Connecting socket to chromedriver.storage.googleapis.com/172.217.30.176:443 with timeout 0
00:06:16.140 [main] DEBUG org.apache.http.conn.ssl.SSLConnectionSocketFactory - Enabled protocols: [TLSv1.3, TLSv1.2]
00:06:16.140 [main] DEBUG org.apache.http.conn.ssl.SSLConnectionSocketFactory - Enabled cipher suites:[TLS_AES_256_GCM_SHA384, TLS_AES_128_GCM_SHA256, TLS_CHACHA20_POLY1305_SHA256, TLS_ECDHE_ECDSA_WITH_AES_256_GCM_SHA384, TLS_ECDHE_ECDSA_WITH_AES_128_GCM_SHA256, TLS_ECDHE_ECDSA_WITH_CHACHA20_POLY1305_SHA256, TLS_ECDHE_RSA_WITH_AES_256_GCM_SHA384, TLS_ECDHE_RSA_WITH_CHACHA20_POLY1305_SHA256, TLS_ECDHE_RSA_WITH_AES_128_GCM_SHA256, TLS_DHE_RSA_WITH_AES_256_GCM_SHA384, TLS_DHE_RSA_WITH_CHACHA20_POLY1305_SHA256, TLS_DHE_DSS_WITH_AES_256_GCM_SHA384, TLS_DHE_RSA_WITH_AES_128_GCM_SHA256, TLS_DHE_DSS_WITH_AES_128_GCM_SHA256, TLS_ECDHE_ECDSA_WITH_AES_256_CBC_SHA384, TLS_ECDHE_RSA_WITH_AES_256_CBC_SHA384, TLS_ECDHE_ECDSA_WITH_AES_128_CBC_SHA256, TLS_ECDHE_RSA_WITH_AES_128_CBC_SHA256, TLS_DHE_RSA_WITH_AES_256_CBC_SHA256, TLS_DHE_DSS_WITH_AES_256_CBC_SHA256, TLS_DHE_RSA_WITH_AES_128_CBC_SHA256, TLS_DHE_DSS_WITH_AES_128_CBC_SHA256, TLS_ECDH_ECDSA_WITH_AES_256_GCM_SHA384, TLS_ECDH_RSA_WITH_AES_256_GCM_SHA384, TLS_ECDH_ECDSA_WITH_AES_128_GCM_SHA256, TLS_ECDH_RSA_WITH_AES_128_GCM_SHA256, TLS_ECDH_ECDSA_WITH_AES_256_CBC_SHA384, TLS_ECDH_RSA_WITH_AES_256_CBC_SHA384, TLS_ECDH_ECDSA_WITH_AES_128_CBC_SHA256, TLS_ECDH_RSA_WITH_AES_128_CBC_SHA256, TLS_ECDHE_ECDSA_WITH_AES_256_CBC_SHA, TLS_ECDHE_RSA_WITH_AES_256_CBC_SHA, TLS_ECDHE_ECDSA_WITH_AES_128_CBC_SHA, TLS_ECDHE_RSA_WITH_AES_128_CBC_SHA, TLS_DHE_RSA_WITH_AES_256_CBC_SHA, TLS_DHE_DSS_WITH_AES_256_CBC_SHA, TLS_DHE_RSA_WITH_AES_128_CBC_SHA, TLS_DHE_DSS_WITH_AES_128_CBC_SHA, TLS_ECDH_ECDSA_WITH_AES_256_CBC_SHA, TLS_ECDH_RSA_WITH_AES_256_CBC_SHA, TLS_ECDH_ECDSA_WITH_AES_128_CBC_SHA, TLS_ECDH_RSA_WITH_AES_128_CBC_SHA, TLS_RSA_WITH_AES_256_GCM_SHA384, TLS_RSA_WITH_AES_128_GCM_SHA256, TLS_RSA_WITH_AES_256_CBC_SHA256, TLS_RSA_WITH_AES_128_CBC_SHA256, TLS_RSA_WITH_AES_256_CBC_SHA, TLS_RSA_WITH_AES_128_CBC_SHA, TLS_EMPTY_RENEGOTIATION_INFO_SCSV]
00:06:16.140 [main] DEBUG org.apache.http.conn.ssl.SSLConnectionSocketFactory - Starting handshake
00:06:16.210 [main] DEBUG org.apache.http.conn.ssl.SSLConnectionSocketFactory - Secure session established
00:06:16.210 [main] DEBUG org.apache.http.conn.ssl.SSLConnectionSocketFactory -  negotiated protocol: TLSv1.3
00:06:16.210 [main] DEBUG org.apache.http.conn.ssl.SSLConnectionSocketFactory -  negotiated cipher suite: TLS_AES_256_GCM_SHA384
00:06:16.210 [main] DEBUG org.apache.http.conn.ssl.SSLConnectionSocketFactory -  peer principal: CN=*.storage.googleapis.com, O=Google LLC, L=Mountain View, ST=California, C=US
00:06:16.210 [main] DEBUG org.apache.http.conn.ssl.SSLConnectionSocketFactory -  peer alternative names: [*.storage.googleapis.com, *.googleapis.com, commondatastorage.googleapis.com, *.commondatastorage.googleapis.com, storage.googleapis.com, storage.mtls.googleapis.com, *.appspot.com.storage.googleapis.com, *.content-storage.googleapis.com, *.content-storage-p2.googleapis.com, *.content-storage-upload.googleapis.com, *.content-storage-download.googleapis.com, *.storage-upload.googleapis.com, *.storage-download.googleapis.com]
00:06:16.210 [main] DEBUG org.apache.http.conn.ssl.SSLConnectionSocketFactory -  issuer principal: CN=GTS CA 1O1, O=Google Trust Services, C=US
00:06:16.211 [main] DEBUG org.apache.http.impl.conn.DefaultHttpClientConnectionOperator - Connection established 192.168.0.116:58379&lt;-&gt;172.217.30.176:443
00:06:16.211 [main] DEBUG org.apache.http.impl.execchain.MainClientExec - Executing request OPTIONS / HTTP/1.1
00:06:16.211 [main] DEBUG org.apache.http.impl.execchain.MainClientExec - Target auth state: UNCHALLENGED
00:06:16.211 [main] DEBUG org.apache.http.impl.execchain.MainClientExec - Proxy auth state: UNCHALLENGED
00:06:16.211 [main] DEBUG org.apache.http.headers - http-outgoing-4 &gt;&gt; OPTIONS / HTTP/1.1
00:06:16.211 [main] DEBUG org.apache.http.headers - http-outgoing-4 &gt;&gt; Host: chromedriver.storage.googleapis.com
00:06:16.211 [main] DEBUG org.apache.http.headers - http-outgoing-4 &gt;&gt; Connection: Keep-Alive
00:06:16.211 [main] DEBUG org.apache.http.headers - http-outgoing-4 &gt;&gt; User-Agent: Apache-HttpClient/4.5.3 (Java/16.0.1)
00:06:16.211 [main] DEBUG org.apache.http.headers - http-outgoing-4 &gt;&gt; Accept-Encoding: gzip,deflate
00:06:16.211 [main] DEBUG org.apache.http.wire - http-outgoing-4 &gt;&gt; &quot;OPTIONS / HTTP/1.1[\r][\n]&quot;
00:06:16.211 [main] DEBUG org.apache.http.wire - http-outgoing-4 &gt;&gt; &quot;Host: chromedriver.storage.googleapis.com[\r][\n]&quot;
00:06:16.211 [main] DEBUG org.apache.http.wire - http-outgoing-4 &gt;&gt; &quot;Connection: Keep-Alive[\r][\n]&quot;
00:06:16.211 [main] DEBUG org.apache.http.wire - http-outgoing-4 &gt;&gt; &quot;User-Agent: Apache-HttpClient/4.5.3 (Java/16.0.1)[\r][\n]&quot;
00:06:16.211 [main] DEBUG org.apache.http.wire - http-outgoing-4 &gt;&gt; &quot;Accept-Encoding: gzip,deflate[\r][\n]&quot;
00:06:16.211 [main] DEBUG org.apache.http.wire - http-outgoing-4 &gt;&gt; &quot;[\r][\n]&quot;
00:06:16.352 [main] DEBUG org.apache.http.wire - http-outgoing-4 &lt;&lt; &quot;HTTP/1.1 200 OK[\r][\n]&quot;
00:06:16.352 [main] DEBUG org.apache.http.wire - http-outgoing-4 &lt;&lt; &quot;X-GUploader-UploadID: ADPycduQSwNMSO-rVXY8J8kF7Sc4_SfEKBGaj7LimNxW7ycY1p0qnPrGTLAuH7X81iwZK_cjj3L26gfanQc4XrC3A5Hd8_U1Tg[\r][\n]&quot;
00:06:16.352 [main] DEBUG org.apache.http.wire - http-outgoing-4 &lt;&lt; &quot;Date: Thu, 02 Sep 2021 03:06:02 GMT[\r][\n]&quot;
00:06:16.352 [main] DEBUG org.apache.http.wire - http-outgoing-4 &lt;&lt; &quot;Expires: Thu, 02 Sep 2021 03:06:02 GMT[\r][\n]&quot;
00:06:16.352 [main] DEBUG org.apache.http.wire - http-outgoing-4 &lt;&lt; &quot;Cache-Control: private, max-age=0[\r][\n]&quot;
00:06:16.352 [main] DEBUG org.apache.http.wire - http-outgoing-4 &lt;&lt; &quot;Content-Length: 0[\r][\n]&quot;
00:06:16.352 [main] DEBUG org.apache.http.wire - http-outgoing-4 &lt;&lt; &quot;Server: UploadServer[\r][\n]&quot;
00:06:16.352 [main] DEBUG org.apache.http.wire - http-outgoing-4 &lt;&lt; &quot;Content-Type: text/html; charset=UTF-8[\r][\n]&quot;
00:06:16.352 [main] DEBUG org.apache.http.wire - http-outgoing-4 &lt;&lt; &quot;Alt-Svc: h3=&quot;:443&quot;; ma=2592000,h3-29=&quot;:443&quot;; ma=2592000,h3-T051=&quot;:443&quot;; ma=2592000,h3-Q050=&quot;:443&quot;; ma=2592000,h3-Q046=&quot;:443&quot;; ma=2592000,h3-Q043=&quot;:443&quot;; ma=2592000,quic=&quot;:443&quot;; ma=2592000; v=&quot;46,43&quot;[\r][\n]&quot;
00:06:16.352 [main] DEBUG org.apache.http.wire - http-outgoing-4 &lt;&lt; &quot;[\r][\n]&quot;
00:06:16.352 [main] DEBUG org.apache.http.headers - http-outgoing-4 &lt;&lt; HTTP/1.1 200 OK
00:06:16.352 [main] DEBUG org.apache.http.headers - http-outgoing-4 &lt;&lt; X-GUploader-UploadID: ADPycduQSwNMSO-rVXY8J8kF7Sc4_SfEKBGaj7LimNxW7ycY1p0qnPrGTLAuH7X81iwZK_cjj3L26gfanQc4XrC3A5Hd8_U1Tg
00:06:16.352 [main] DEBUG org.apache.http.headers - http-outgoing-4 &lt;&lt; Date: Thu, 02 Sep 2021 03:06:02 GMT
00:06:16.352 [main] DEBUG org.apache.http.headers - http-outgoing-4 &lt;&lt; Expires: Thu, 02 Sep 2021 03:06:02 GMT
00:06:16.352 [main] DEBUG org.apache.http.headers - http-outgoing-4 &lt;&lt; Cache-Control: private, max-age=0
00:06:16.352 [main] DEBUG org.apache.http.headers - http-outgoing-4 &lt;&lt; Content-Length: 0
00:06:16.352 [main] DEBUG org.apache.http.headers - http-outgoing-4 &lt;&lt; Server: UploadServer
00:06:16.352 [main] DEBUG org.apache.http.headers - http-outgoing-4 &lt;&lt; Content-Type: text/html; charset=UTF-8
00:06:16.352 [main] DEBUG org.apache.http.headers - http-outgoing-4 &lt;&lt; Alt-Svc: h3=&quot;:443&quot;; ma=2592000,h3-29=&quot;:443&quot;; ma=2592000,h3-T051=&quot;:443&quot;; ma=2592000,h3-Q050=&quot;:443&quot;; ma=2592000,h3-Q046=&quot;:443&quot;; ma=2592000,h3-Q043=&quot;:443&quot;; ma=2592000,quic=&quot;:443&quot;; ma=2592000; v=&quot;46,43&quot;
00:06:16.352 [main] DEBUG org.apache.http.impl.execchain.MainClientExec - Connection can be kept alive indefinitely
00:06:16.352 [main] DEBUG org.apache.http.impl.conn.PoolingHttpClientConnectionManager - Connection [id: 4][route: {s}-&gt;https://chromedriver.storage.googleapis.com:443] can be kept alive indefinitely
00:06:16.352 [main] DEBUG org.apache.http.impl.conn.PoolingHttpClientConnectionManager - Connection released: [id: 4][route: {s}-&gt;https://chromedriver.storage.googleapis.com:443][total kept alive: 1; route allocated: 1 of 2; total allocated: 1 of 20]
00:06:16.352 [main] DEBUG io.github.bonigarcia.wdm.WebDriverManager - Latest version of chromedriver is 93.0.4577.15 (recently resolved)
00:06:16.353 [main] INFO io.github.bonigarcia.wdm.WebDriverManager - Found chromedriver in cache: C:\Users\wilso\.m2\repository\webdriver\chromedriver\win32\93.0.4577.15\chromedriver.exe 
00:06:16.353 [main] DEBUG io.github.bonigarcia.wdm.WebDriverManager - Driver for chromedriver (latest version) found in cache C:\Users\wilso\.m2\repository\webdriver\chromedriver\win32\93.0.4577.15\chromedriver.exe
00:06:16.353 [main] INFO io.github.bonigarcia.wdm.WebDriverManager - Exporting webdriver.chrome.driver as C:\Users\wilso\.m2\repository\webdriver\chromedriver\win32\93.0.4577.15\chromedriver.exe
</system-out>
    <system-err>Starting ChromeDriver 93.0.4577.15 (660fc11082ba57405eca2e8c49c3e1af756fbfae-refs/branch-heads/4577@{#203}) on port 42186
Only local connections are allowed.
Please see https://chromedriver.chromium.org/security-considerations for suggestions on keeping ChromeDriver safe.
ChromeDriver was started successfully.
set. 02, 2021 12:06:17 AM org.openqa.selenium.remote.ProtocolHandshake createSession
INFO: Detected dialect: W3C
</system-err>
  </testcase>
  <testcase classname="interfaceTeste.TestesInterface" name="upgradeLeilao" time="1.179">
    <error message="no such element: Unable to locate element: {&quot;method&quot;:&quot;link text&quot;,&quot;selector&quot;:&quot;Cadastrar leil達o&quot;}
  (Session info: chrome=93.0.4577.63)
For documentation on this error, please visit: https://www.seleniumhq.org/exceptions/no_such_element.html
Build info: version: &apos;3.141.59&apos;, revision: &apos;e82be7d358&apos;, time: &apos;2018-11-14T08:17:03&apos;
System info: host: &apos;DESKTOP-STN5MAV&apos;, ip: &apos;192.168.56.1&apos;, os.name: &apos;Windows 10&apos;, os.arch: &apos;amd64&apos;, os.version: &apos;10.0&apos;, java.version: &apos;16.0.1&apos;
Driver info: org.openqa.selenium.chrome.ChromeDriver
Capabilities {acceptInsecureCerts: false, browserName: chrome, browserVersion: 93.0.4577.63, chrome: {chromedriverVersion: 93.0.4577.15 (660fc11082ba5..., userDataDir: C:\Users\wilso\AppData\Loca...}, goog:chromeOptions: {debuggerAddress: localhost:65419}, javascriptEnabled: true, networkConnectionEnabled: false, pageLoadStrategy: normal, platform: WINDOWS, platformName: WINDOWS, proxy: Proxy(), setWindowRect: true, strictFileInteractability: false, timeouts: {implicit: 0, pageLoad: 300000, script: 30000}, unhandledPromptBehavior: dismiss and notify, webauthn:extension:credBlob: true, webauthn:extension:largeBlob: true, webauthn:virtualAuthenticators: true}
Session ID: d052282f802756dad35568e4f2d6096d
*** Element info: {Using=link text, value=Cadastrar leil達o}" type="org.openqa.selenium.NoSuchElementException">org.openqa.selenium.NoSuchElementException: no such element: Unable to locate element: {&quot;method&quot;:&quot;link text&quot;,&quot;selector&quot;:&quot;Cadastrar leil達o&quot;}
  (Session info: chrome=93.0.4577.63)
For documentation on this error, please visit: https://www.seleniumhq.org/exceptions/no_such_element.html
Build info: version: &apos;3.141.59&apos;, revision: &apos;e82be7d358&apos;, time: &apos;2018-11-14T08:17:03&apos;
System info: host: &apos;DESKTOP-STN5MAV&apos;, ip: &apos;192.168.56.1&apos;, os.name: &apos;Windows 10&apos;, os.arch: &apos;amd64&apos;, os.version: &apos;10.0&apos;, java.version: &apos;16.0.1&apos;
Driver info: org.openqa.selenium.chrome.ChromeDriver
Capabilities {acceptInsecureCerts: false, browserName: chrome, browserVersion: 93.0.4577.63, chrome: {chromedriverVersion: 93.0.4577.15 (660fc11082ba5..., userDataDir: C:\Users\wilso\AppData\Loca...}, goog:chromeOptions: {debuggerAddress: localhost:65419}, javascriptEnabled: true, networkConnectionEnabled: false, pageLoadStrategy: normal, platform: WINDOWS, platformName: WINDOWS, proxy: Proxy(), setWindowRect: true, strictFileInteractability: false, timeouts: {implicit: 0, pageLoad: 300000, script: 30000}, unhandledPromptBehavior: dismiss and notify, webauthn:extension:credBlob: true, webauthn:extension:largeBlob: true, webauthn:virtualAuthenticators: true}
Session ID: d052282f802756dad35568e4f2d6096d
*** Element info: {Using=link text, value=Cadastrar leil達o}
	at java.base/jdk.internal.reflect.NativeConstructorAccessorImpl.newInstance0(Native Method)
	at java.base/jdk.internal.reflect.NativeConstructorAccessorImpl.newInstance(NativeConstructorAccessorImpl.java:78)
	at java.base/jdk.internal.reflect.DelegatingConstructorAccessorImpl.newInstance(DelegatingConstructorAccessorImpl.java:45)
	at java.base/java.lang.reflect.Constructor.newInstanceWithCaller(Constructor.java:499)
	at java.base/java.lang.reflect.Constructor.newInstance(Constructor.java:480)
	at org.openqa.selenium.remote.http.W3CHttpResponseCodec.createException(W3CHttpResponseCodec.java:187)
	at org.openqa.selenium.remote.http.W3CHttpResponseCodec.decode(W3CHttpResponseCodec.java:122)
	at org.openqa.selenium.remote.http.W3CHttpResponseCodec.decode(W3CHttpResponseCodec.java:49)
	at org.openqa.selenium.remote.HttpCommandExecutor.execute(HttpCommandExecutor.java:158)
	at org.openqa.selenium.remote.service.DriverCommandExecutor.execute(DriverCommandExecutor.java:83)
	at org.openqa.selenium.remote.RemoteWebDriver.execute(RemoteWebDriver.java:552)
	at org.openqa.selenium.remote.RemoteWebDriver.findElement(RemoteWebDriver.java:323)
	at org.openqa.selenium.remote.RemoteWebDriver.findElementByLinkText(RemoteWebDriver.java:380)
	at org.openqa.selenium.By$ByLinkText.findElement(By.java:220)
	at org.openqa.selenium.remote.RemoteWebDriver.findElement(RemoteWebDriver.java:315)
	at interfaceTeste.TestesInterface.upgradeLeilao(TestesInterface.java:66)
	at java.base/jdk.internal.reflect.NativeMethodAccessorImpl.invoke0(Native Method)
	at java.base/jdk.internal.reflect.NativeMethodAccessorImpl.invoke(NativeMethodAccessorImpl.java:78)
	at java.base/jdk.internal.reflect.DelegatingMethodAccessorImpl.invoke(DelegatingMethodAccessorImpl.java:43)
	at java.base/java.lang.reflect.Method.invoke(Method.java:567)
	at org.junit.runners.model.FrameworkMethod$1.runReflectiveCall(FrameworkMethod.java:59)
	at org.junit.internal.runners.model.ReflectiveCallable.run(ReflectiveCallable.java:12)
	at org.junit.runners.model.FrameworkMethod.invokeExplosively(FrameworkMethod.java:56)
	at org.junit.internal.runners.statements.InvokeMethod.evaluate(InvokeMethod.java:17)
	at org.junit.internal.runners.statements.RunBefores.evaluate(RunBefores.java:26)
	at org.junit.internal.runners.statements.RunAfters.evaluate(RunAfters.java:27)
	at org.junit.runners.ParentRunner$3.evaluate(ParentRunner.java:306)
	at org.junit.runners.BlockJUnit4ClassRunner$1.evaluate(BlockJUnit4ClassRunner.java:100)
	at org.junit.runners.ParentRunner.runLeaf(ParentRunner.java:366)
	at org.junit.runners.BlockJUnit4ClassRunner.runChild(BlockJUnit4ClassRunner.java:103)
	at org.junit.runners.BlockJUnit4ClassRunner.runChild(BlockJUnit4ClassRunner.java:63)
	at org.junit.runners.ParentRunner$4.run(ParentRunner.java:331)
	at org.junit.runners.ParentRunner$1.schedule(ParentRunner.java:79)
	at org.junit.runners.ParentRunner.runChildren(ParentRunner.java:329)
	at org.junit.runners.ParentRunner.access$100(ParentRunner.java:66)
	at org.junit.runners.ParentRunner$2.evaluate(ParentRunner.java:293)
	at org.junit.runners.ParentRunner$3.evaluate(ParentRunner.java:306)
	at org.junit.runners.ParentRunner.run(ParentRunner.java:413)
	at org.apache.maven.surefire.junit4.JUnit4Provider.execute(JUnit4Provider.java:252)
	at org.apache.maven.surefire.junit4.JUnit4Provider.executeTestSet(JUnit4Provider.java:141)
	at org.apache.maven.surefire.junit4.JUnit4Provider.invoke(JUnit4Provider.java:112)
	at java.base/jdk.internal.reflect.NativeMethodAccessorImpl.invoke0(Native Method)
	at java.base/jdk.internal.reflect.NativeMethodAccessorImpl.invoke(NativeMethodAccessorImpl.java:78)
	at java.base/jdk.internal.reflect.DelegatingMethodAccessorImpl.invoke(DelegatingMethodAccessorImpl.java:43)
	at java.base/java.lang.reflect.Method.invoke(Method.java:567)
	at org.apache.maven.surefire.util.ReflectionUtils.invokeMethodWithArray(ReflectionUtils.java:189)
	at org.apache.maven.surefire.booter.ProviderFactory$ProviderProxy.invoke(ProviderFactory.java:165)
	at org.apache.maven.surefire.booter.ProviderFactory.invokeProvider(ProviderFactory.java:85)
	at org.apache.maven.surefire.booter.ForkedBooter.runSuitesInProcess(ForkedBooter.java:115)
	at org.apache.maven.surefire.booter.ForkedBooter.main(ForkedBooter.java:75)
</error>
    <system-out>00:06:17.363 [main] DEBUG org.apache.http.client.protocol.RequestAddCookies - CookieSpec selected: default
00:06:17.363 [main] DEBUG org.apache.http.client.protocol.RequestAuthCache - Auth cache not set in the context
00:06:17.363 [main] DEBUG org.apache.http.impl.conn.PoolingHttpClientConnectionManager - Connection request: [route: {s}-&gt;https://chromedriver.storage.googleapis.com:443][total kept alive: 0; route allocated: 0 of 2; total allocated: 0 of 20]
00:06:17.363 [main] DEBUG org.apache.http.impl.conn.PoolingHttpClientConnectionManager - Connection leased: [id: 5][route: {s}-&gt;https://chromedriver.storage.googleapis.com:443][total kept alive: 0; route allocated: 1 of 2; total allocated: 1 of 20]
00:06:17.363 [main] DEBUG org.apache.http.impl.execchain.MainClientExec - Opening connection {s}-&gt;https://chromedriver.storage.googleapis.com:443
00:06:17.363 [main] DEBUG org.apache.http.impl.conn.DefaultHttpClientConnectionOperator - Connecting to chromedriver.storage.googleapis.com/172.217.30.176:443
00:06:17.363 [main] DEBUG org.apache.http.conn.ssl.SSLConnectionSocketFactory - Connecting socket to chromedriver.storage.googleapis.com/172.217.30.176:443 with timeout 0
00:06:17.378 [main] DEBUG org.apache.http.conn.ssl.SSLConnectionSocketFactory - Enabled protocols: [TLSv1.3, TLSv1.2]
00:06:17.378 [main] DEBUG org.apache.http.conn.ssl.SSLConnectionSocketFactory - Enabled cipher suites:[TLS_AES_256_GCM_SHA384, TLS_AES_128_GCM_SHA256, TLS_CHACHA20_POLY1305_SHA256, TLS_ECDHE_ECDSA_WITH_AES_256_GCM_SHA384, TLS_ECDHE_ECDSA_WITH_AES_128_GCM_SHA256, TLS_ECDHE_ECDSA_WITH_CHACHA20_POLY1305_SHA256, TLS_ECDHE_RSA_WITH_AES_256_GCM_SHA384, TLS_ECDHE_RSA_WITH_CHACHA20_POLY1305_SHA256, TLS_ECDHE_RSA_WITH_AES_128_GCM_SHA256, TLS_DHE_RSA_WITH_AES_256_GCM_SHA384, TLS_DHE_RSA_WITH_CHACHA20_POLY1305_SHA256, TLS_DHE_DSS_WITH_AES_256_GCM_SHA384, TLS_DHE_RSA_WITH_AES_128_GCM_SHA256, TLS_DHE_DSS_WITH_AES_128_GCM_SHA256, TLS_ECDHE_ECDSA_WITH_AES_256_CBC_SHA384, TLS_ECDHE_RSA_WITH_AES_256_CBC_SHA384, TLS_ECDHE_ECDSA_WITH_AES_128_CBC_SHA256, TLS_ECDHE_RSA_WITH_AES_128_CBC_SHA256, TLS_DHE_RSA_WITH_AES_256_CBC_SHA256, TLS_DHE_DSS_WITH_AES_256_CBC_SHA256, TLS_DHE_RSA_WITH_AES_128_CBC_SHA256, TLS_DHE_DSS_WITH_AES_128_CBC_SHA256, TLS_ECDH_ECDSA_WITH_AES_256_GCM_SHA384, TLS_ECDH_RSA_WITH_AES_256_GCM_SHA384, TLS_ECDH_ECDSA_WITH_AES_128_GCM_SHA256, TLS_ECDH_RSA_WITH_AES_128_GCM_SHA256, TLS_ECDH_ECDSA_WITH_AES_256_CBC_SHA384, TLS_ECDH_RSA_WITH_AES_256_CBC_SHA384, TLS_ECDH_ECDSA_WITH_AES_128_CBC_SHA256, TLS_ECDH_RSA_WITH_AES_128_CBC_SHA256, TLS_ECDHE_ECDSA_WITH_AES_256_CBC_SHA, TLS_ECDHE_RSA_WITH_AES_256_CBC_SHA, TLS_ECDHE_ECDSA_WITH_AES_128_CBC_SHA, TLS_ECDHE_RSA_WITH_AES_128_CBC_SHA, TLS_DHE_RSA_WITH_AES_256_CBC_SHA, TLS_DHE_DSS_WITH_AES_256_CBC_SHA, TLS_DHE_RSA_WITH_AES_128_CBC_SHA, TLS_DHE_DSS_WITH_AES_128_CBC_SHA, TLS_ECDH_ECDSA_WITH_AES_256_CBC_SHA, TLS_ECDH_RSA_WITH_AES_256_CBC_SHA, TLS_ECDH_ECDSA_WITH_AES_128_CBC_SHA, TLS_ECDH_RSA_WITH_AES_128_CBC_SHA, TLS_RSA_WITH_AES_256_GCM_SHA384, TLS_RSA_WITH_AES_128_GCM_SHA256, TLS_RSA_WITH_AES_256_CBC_SHA256, TLS_RSA_WITH_AES_128_CBC_SHA256, TLS_RSA_WITH_AES_256_CBC_SHA, TLS_RSA_WITH_AES_128_CBC_SHA, TLS_EMPTY_RENEGOTIATION_INFO_SCSV]
00:06:17.378 [main] DEBUG org.apache.http.conn.ssl.SSLConnectionSocketFactory - Starting handshake
00:06:17.446 [main] DEBUG org.apache.http.conn.ssl.SSLConnectionSocketFactory - Secure session established
00:06:17.446 [main] DEBUG org.apache.http.conn.ssl.SSLConnectionSocketFactory -  negotiated protocol: TLSv1.3
00:06:17.446 [main] DEBUG org.apache.http.conn.ssl.SSLConnectionSocketFactory -  negotiated cipher suite: TLS_AES_256_GCM_SHA384
00:06:17.446 [main] DEBUG org.apache.http.conn.ssl.SSLConnectionSocketFactory -  peer principal: CN=*.storage.googleapis.com, O=Google LLC, L=Mountain View, ST=California, C=US
00:06:17.446 [main] DEBUG org.apache.http.conn.ssl.SSLConnectionSocketFactory -  peer alternative names: [*.storage.googleapis.com, *.googleapis.com, commondatastorage.googleapis.com, *.commondatastorage.googleapis.com, storage.googleapis.com, storage.mtls.googleapis.com, *.appspot.com.storage.googleapis.com, *.content-storage.googleapis.com, *.content-storage-p2.googleapis.com, *.content-storage-upload.googleapis.com, *.content-storage-download.googleapis.com, *.storage-upload.googleapis.com, *.storage-download.googleapis.com]
00:06:17.446 [main] DEBUG org.apache.http.conn.ssl.SSLConnectionSocketFactory -  issuer principal: CN=GTS CA 1O1, O=Google Trust Services, C=US
00:06:17.447 [main] DEBUG org.apache.http.impl.conn.DefaultHttpClientConnectionOperator - Connection established 192.168.0.116:65412&lt;-&gt;172.217.30.176:443
00:06:17.447 [main] DEBUG org.apache.http.impl.execchain.MainClientExec - Executing request OPTIONS / HTTP/1.1
00:06:17.447 [main] DEBUG org.apache.http.impl.execchain.MainClientExec - Target auth state: UNCHALLENGED
00:06:17.447 [main] DEBUG org.apache.http.impl.execchain.MainClientExec - Proxy auth state: UNCHALLENGED
00:06:17.447 [main] DEBUG org.apache.http.headers - http-outgoing-5 &gt;&gt; OPTIONS / HTTP/1.1
00:06:17.447 [main] DEBUG org.apache.http.headers - http-outgoing-5 &gt;&gt; Host: chromedriver.storage.googleapis.com
00:06:17.447 [main] DEBUG org.apache.http.headers - http-outgoing-5 &gt;&gt; Connection: Keep-Alive
00:06:17.447 [main] DEBUG org.apache.http.headers - http-outgoing-5 &gt;&gt; User-Agent: Apache-HttpClient/4.5.3 (Java/16.0.1)
00:06:17.447 [main] DEBUG org.apache.http.headers - http-outgoing-5 &gt;&gt; Accept-Encoding: gzip,deflate
00:06:17.447 [main] DEBUG org.apache.http.wire - http-outgoing-5 &gt;&gt; &quot;OPTIONS / HTTP/1.1[\r][\n]&quot;
00:06:17.447 [main] DEBUG org.apache.http.wire - http-outgoing-5 &gt;&gt; &quot;Host: chromedriver.storage.googleapis.com[\r][\n]&quot;
00:06:17.447 [main] DEBUG org.apache.http.wire - http-outgoing-5 &gt;&gt; &quot;Connection: Keep-Alive[\r][\n]&quot;
00:06:17.447 [main] DEBUG org.apache.http.wire - http-outgoing-5 &gt;&gt; &quot;User-Agent: Apache-HttpClient/4.5.3 (Java/16.0.1)[\r][\n]&quot;
00:06:17.447 [main] DEBUG org.apache.http.wire - http-outgoing-5 &gt;&gt; &quot;Accept-Encoding: gzip,deflate[\r][\n]&quot;
00:06:17.447 [main] DEBUG org.apache.http.wire - http-outgoing-5 &gt;&gt; &quot;[\r][\n]&quot;
00:06:17.580 [main] DEBUG org.apache.http.wire - http-outgoing-5 &lt;&lt; &quot;HTTP/1.1 200 OK[\r][\n]&quot;
00:06:17.580 [main] DEBUG org.apache.http.wire - http-outgoing-5 &lt;&lt; &quot;X-GUploader-UploadID: ADPycdu8X3TJ_C5yvjjFlaRFoCiOHNJ2Vwv5cC-Gdrh7BhlukyGy7rq_OLP3P_gIAH0--cg416nUQyFFNZXEXl4ziL2JHe6mlg[\r][\n]&quot;
00:06:17.580 [main] DEBUG org.apache.http.wire - http-outgoing-5 &lt;&lt; &quot;Date: Thu, 02 Sep 2021 03:06:04 GMT[\r][\n]&quot;
00:06:17.580 [main] DEBUG org.apache.http.wire - http-outgoing-5 &lt;&lt; &quot;Expires: Thu, 02 Sep 2021 03:06:04 GMT[\r][\n]&quot;
00:06:17.580 [main] DEBUG org.apache.http.wire - http-outgoing-5 &lt;&lt; &quot;Cache-Control: private, max-age=0[\r][\n]&quot;
00:06:17.580 [main] DEBUG org.apache.http.wire - http-outgoing-5 &lt;&lt; &quot;Content-Length: 0[\r][\n]&quot;
00:06:17.580 [main] DEBUG org.apache.http.wire - http-outgoing-5 &lt;&lt; &quot;Server: UploadServer[\r][\n]&quot;
00:06:17.580 [main] DEBUG org.apache.http.wire - http-outgoing-5 &lt;&lt; &quot;Content-Type: text/html; charset=UTF-8[\r][\n]&quot;
00:06:17.580 [main] DEBUG org.apache.http.wire - http-outgoing-5 &lt;&lt; &quot;Alt-Svc: h3=&quot;:443&quot;; ma=2592000,h3-29=&quot;:443&quot;; ma=2592000,h3-T051=&quot;:443&quot;; ma=2592000,h3-Q050=&quot;:443&quot;; ma=2592000,h3-Q046=&quot;:443&quot;; ma=2592000,h3-Q043=&quot;:443&quot;; ma=2592000,quic=&quot;:443&quot;; ma=2592000; v=&quot;46,43&quot;[\r][\n]&quot;
00:06:17.580 [main] DEBUG org.apache.http.wire - http-outgoing-5 &lt;&lt; &quot;[\r][\n]&quot;
00:06:17.580 [main] DEBUG org.apache.http.headers - http-outgoing-5 &lt;&lt; HTTP/1.1 200 OK
00:06:17.580 [main] DEBUG org.apache.http.headers - http-outgoing-5 &lt;&lt; X-GUploader-UploadID: ADPycdu8X3TJ_C5yvjjFlaRFoCiOHNJ2Vwv5cC-Gdrh7BhlukyGy7rq_OLP3P_gIAH0--cg416nUQyFFNZXEXl4ziL2JHe6mlg
00:06:17.580 [main] DEBUG org.apache.http.headers - http-outgoing-5 &lt;&lt; Date: Thu, 02 Sep 2021 03:06:04 GMT
00:06:17.580 [main] DEBUG org.apache.http.headers - http-outgoing-5 &lt;&lt; Expires: Thu, 02 Sep 2021 03:06:04 GMT
00:06:17.580 [main] DEBUG org.apache.http.headers - http-outgoing-5 &lt;&lt; Cache-Control: private, max-age=0
00:06:17.580 [main] DEBUG org.apache.http.headers - http-outgoing-5 &lt;&lt; Content-Length: 0
00:06:17.580 [main] DEBUG org.apache.http.headers - http-outgoing-5 &lt;&lt; Server: UploadServer
00:06:17.580 [main] DEBUG org.apache.http.headers - http-outgoing-5 &lt;&lt; Content-Type: text/html; charset=UTF-8
00:06:17.580 [main] DEBUG org.apache.http.headers - http-outgoing-5 &lt;&lt; Alt-Svc: h3=&quot;:443&quot;; ma=2592000,h3-29=&quot;:443&quot;; ma=2592000,h3-T051=&quot;:443&quot;; ma=2592000,h3-Q050=&quot;:443&quot;; ma=2592000,h3-Q046=&quot;:443&quot;; ma=2592000,h3-Q043=&quot;:443&quot;; ma=2592000,quic=&quot;:443&quot;; ma=2592000; v=&quot;46,43&quot;
00:06:17.580 [main] DEBUG org.apache.http.impl.execchain.MainClientExec - Connection can be kept alive indefinitely
00:06:17.580 [main] DEBUG org.apache.http.impl.conn.PoolingHttpClientConnectionManager - Connection [id: 5][route: {s}-&gt;https://chromedriver.storage.googleapis.com:443] can be kept alive indefinitely
00:06:17.580 [main] DEBUG org.apache.http.impl.conn.PoolingHttpClientConnectionManager - Connection released: [id: 5][route: {s}-&gt;https://chromedriver.storage.googleapis.com:443][total kept alive: 1; route allocated: 1 of 2; total allocated: 1 of 20]
00:06:17.581 [main] DEBUG io.github.bonigarcia.wdm.WebDriverManager - Latest version of chromedriver is 93.0.4577.15 (recently resolved)
00:06:17.581 [main] INFO io.github.bonigarcia.wdm.WebDriverManager - Found chromedriver in cache: C:\Users\wilso\.m2\repository\webdriver\chromedriver\win32\93.0.4577.15\chromedriver.exe 
00:06:17.582 [main] DEBUG io.github.bonigarcia.wdm.WebDriverManager - Driver for chromedriver (latest version) found in cache C:\Users\wilso\.m2\repository\webdriver\chromedriver\win32\93.0.4577.15\chromedriver.exe
00:06:17.582 [main] INFO io.github.bonigarcia.wdm.WebDriverManager - Exporting webdriver.chrome.driver as C:\Users\wilso\.m2\repository\webdriver\chromedriver\win32\93.0.4577.15\chromedriver.exe
</system-out>
    <system-err>Starting ChromeDriver 93.0.4577.15 (660fc11082ba57405eca2e8c49c3e1af756fbfae-refs/branch-heads/4577@{#203}) on port 23939
Only local connections are allowed.
Please see https://chromedriver.chromium.org/security-considerations for suggestions on keeping ChromeDriver safe.
ChromeDriver was started successfully.
set. 02, 2021 12:06:18 AM org.openqa.selenium.remote.ProtocolHandshake createSession
INFO: Detected dialect: W3C
</system-err>
  </testcase>
  <testcase classname="interfaceTeste.TestesInterface" name="excluiCliente" time="1.173">
    <error message="no such element: Unable to locate element: {&quot;method&quot;:&quot;link text&quot;,&quot;selector&quot;:&quot;Lista de Clientes&quot;}
  (Session info: chrome=93.0.4577.63)
For documentation on this error, please visit: https://www.seleniumhq.org/exceptions/no_such_element.html
Build info: version: &apos;3.141.59&apos;, revision: &apos;e82be7d358&apos;, time: &apos;2018-11-14T08:17:03&apos;
System info: host: &apos;DESKTOP-STN5MAV&apos;, ip: &apos;192.168.56.1&apos;, os.name: &apos;Windows 10&apos;, os.arch: &apos;amd64&apos;, os.version: &apos;10.0&apos;, java.version: &apos;16.0.1&apos;
Driver info: org.openqa.selenium.chrome.ChromeDriver
Capabilities {acceptInsecureCerts: false, browserName: chrome, browserVersion: 93.0.4577.63, chrome: {chromedriverVersion: 93.0.4577.15 (660fc11082ba5..., userDataDir: C:\Users\wilso\AppData\Loca...}, goog:chromeOptions: {debuggerAddress: localhost:57112}, javascriptEnabled: true, networkConnectionEnabled: false, pageLoadStrategy: normal, platform: WINDOWS, platformName: WINDOWS, proxy: Proxy(), setWindowRect: true, strictFileInteractability: false, timeouts: {implicit: 0, pageLoad: 300000, script: 30000}, unhandledPromptBehavior: dismiss and notify, webauthn:extension:credBlob: true, webauthn:extension:largeBlob: true, webauthn:virtualAuthenticators: true}
Session ID: 4c73f62e91f567d0e3055c7335bf5b70
*** Element info: {Using=link text, value=Lista de Clientes}" type="org.openqa.selenium.NoSuchElementException">org.openqa.selenium.NoSuchElementException: no such element: Unable to locate element: {&quot;method&quot;:&quot;link text&quot;,&quot;selector&quot;:&quot;Lista de Clientes&quot;}
  (Session info: chrome=93.0.4577.63)
For documentation on this error, please visit: https://www.seleniumhq.org/exceptions/no_such_element.html
Build info: version: &apos;3.141.59&apos;, revision: &apos;e82be7d358&apos;, time: &apos;2018-11-14T08:17:03&apos;
System info: host: &apos;DESKTOP-STN5MAV&apos;, ip: &apos;192.168.56.1&apos;, os.name: &apos;Windows 10&apos;, os.arch: &apos;amd64&apos;, os.version: &apos;10.0&apos;, java.version: &apos;16.0.1&apos;
Driver info: org.openqa.selenium.chrome.ChromeDriver
Capabilities {acceptInsecureCerts: false, browserName: chrome, browserVersion: 93.0.4577.63, chrome: {chromedriverVersion: 93.0.4577.15 (660fc11082ba5..., userDataDir: C:\Users\wilso\AppData\Loca...}, goog:chromeOptions: {debuggerAddress: localhost:57112}, javascriptEnabled: true, networkConnectionEnabled: false, pageLoadStrategy: normal, platform: WINDOWS, platformName: WINDOWS, proxy: Proxy(), setWindowRect: true, strictFileInteractability: false, timeouts: {implicit: 0, pageLoad: 300000, script: 30000}, unhandledPromptBehavior: dismiss and notify, webauthn:extension:credBlob: true, webauthn:extension:largeBlob: true, webauthn:virtualAuthenticators: true}
Session ID: 4c73f62e91f567d0e3055c7335bf5b70
*** Element info: {Using=link text, value=Lista de Clientes}
	at java.base/jdk.internal.reflect.NativeConstructorAccessorImpl.newInstance0(Native Method)
	at java.base/jdk.internal.reflect.NativeConstructorAccessorImpl.newInstance(NativeConstructorAccessorImpl.java:78)
	at java.base/jdk.internal.reflect.DelegatingConstructorAccessorImpl.newInstance(DelegatingConstructorAccessorImpl.java:45)
	at java.base/java.lang.reflect.Constructor.newInstanceWithCaller(Constructor.java:499)
	at java.base/java.lang.reflect.Constructor.newInstance(Constructor.java:480)
	at org.openqa.selenium.remote.http.W3CHttpResponseCodec.createException(W3CHttpResponseCodec.java:187)
	at org.openqa.selenium.remote.http.W3CHttpResponseCodec.decode(W3CHttpResponseCodec.java:122)
	at org.openqa.selenium.remote.http.W3CHttpResponseCodec.decode(W3CHttpResponseCodec.java:49)
	at org.openqa.selenium.remote.HttpCommandExecutor.execute(HttpCommandExecutor.java:158)
	at org.openqa.selenium.remote.service.DriverCommandExecutor.execute(DriverCommandExecutor.java:83)
	at org.openqa.selenium.remote.RemoteWebDriver.execute(RemoteWebDriver.java:552)
	at org.openqa.selenium.remote.RemoteWebDriver.findElement(RemoteWebDriver.java:323)
	at org.openqa.selenium.remote.RemoteWebDriver.findElementByLinkText(RemoteWebDriver.java:380)
	at org.openqa.selenium.By$ByLinkText.findElement(By.java:220)
	at org.openqa.selenium.remote.RemoteWebDriver.findElement(RemoteWebDriver.java:315)
	at interfaceTeste.TestesInterface.excluiCliente(TestesInterface.java:191)
	at java.base/jdk.internal.reflect.NativeMethodAccessorImpl.invoke0(Native Method)
	at java.base/jdk.internal.reflect.NativeMethodAccessorImpl.invoke(NativeMethodAccessorImpl.java:78)
	at java.base/jdk.internal.reflect.DelegatingMethodAccessorImpl.invoke(DelegatingMethodAccessorImpl.java:43)
	at java.base/java.lang.reflect.Method.invoke(Method.java:567)
	at org.junit.runners.model.FrameworkMethod$1.runReflectiveCall(FrameworkMethod.java:59)
	at org.junit.internal.runners.model.ReflectiveCallable.run(ReflectiveCallable.java:12)
	at org.junit.runners.model.FrameworkMethod.invokeExplosively(FrameworkMethod.java:56)
	at org.junit.internal.runners.statements.InvokeMethod.evaluate(InvokeMethod.java:17)
	at org.junit.internal.runners.statements.RunBefores.evaluate(RunBefores.java:26)
	at org.junit.internal.runners.statements.RunAfters.evaluate(RunAfters.java:27)
	at org.junit.runners.ParentRunner$3.evaluate(ParentRunner.java:306)
	at org.junit.runners.BlockJUnit4ClassRunner$1.evaluate(BlockJUnit4ClassRunner.java:100)
	at org.junit.runners.ParentRunner.runLeaf(ParentRunner.java:366)
	at org.junit.runners.BlockJUnit4ClassRunner.runChild(BlockJUnit4ClassRunner.java:103)
	at org.junit.runners.BlockJUnit4ClassRunner.runChild(BlockJUnit4ClassRunner.java:63)
	at org.junit.runners.ParentRunner$4.run(ParentRunner.java:331)
	at org.junit.runners.ParentRunner$1.schedule(ParentRunner.java:79)
	at org.junit.runners.ParentRunner.runChildren(ParentRunner.java:329)
	at org.junit.runners.ParentRunner.access$100(ParentRunner.java:66)
	at org.junit.runners.ParentRunner$2.evaluate(ParentRunner.java:293)
	at org.junit.runners.ParentRunner$3.evaluate(ParentRunner.java:306)
	at org.junit.runners.ParentRunner.run(ParentRunner.java:413)
	at org.apache.maven.surefire.junit4.JUnit4Provider.execute(JUnit4Provider.java:252)
	at org.apache.maven.surefire.junit4.JUnit4Provider.executeTestSet(JUnit4Provider.java:141)
	at org.apache.maven.surefire.junit4.JUnit4Provider.invoke(JUnit4Provider.java:112)
	at java.base/jdk.internal.reflect.NativeMethodAccessorImpl.invoke0(Native Method)
	at java.base/jdk.internal.reflect.NativeMethodAccessorImpl.invoke(NativeMethodAccessorImpl.java:78)
	at java.base/jdk.internal.reflect.DelegatingMethodAccessorImpl.invoke(DelegatingMethodAccessorImpl.java:43)
	at java.base/java.lang.reflect.Method.invoke(Method.java:567)
	at org.apache.maven.surefire.util.ReflectionUtils.invokeMethodWithArray(ReflectionUtils.java:189)
	at org.apache.maven.surefire.booter.ProviderFactory$ProviderProxy.invoke(ProviderFactory.java:165)
	at org.apache.maven.surefire.booter.ProviderFactory.invokeProvider(ProviderFactory.java:85)
	at org.apache.maven.surefire.booter.ForkedBooter.runSuitesInProcess(ForkedBooter.java:115)
	at org.apache.maven.surefire.booter.ForkedBooter.main(ForkedBooter.java:75)
</error>
    <system-out>00:06:18.543 [main] DEBUG org.apache.http.client.protocol.RequestAddCookies - CookieSpec selected: default
00:06:18.543 [main] DEBUG org.apache.http.client.protocol.RequestAuthCache - Auth cache not set in the context
00:06:18.543 [main] DEBUG org.apache.http.impl.conn.PoolingHttpClientConnectionManager - Connection request: [route: {s}-&gt;https://chromedriver.storage.googleapis.com:443][total kept alive: 0; route allocated: 0 of 2; total allocated: 0 of 20]
00:06:18.543 [main] DEBUG org.apache.http.impl.conn.PoolingHttpClientConnectionManager - Connection leased: [id: 6][route: {s}-&gt;https://chromedriver.storage.googleapis.com:443][total kept alive: 0; route allocated: 1 of 2; total allocated: 1 of 20]
00:06:18.543 [main] DEBUG org.apache.http.impl.execchain.MainClientExec - Opening connection {s}-&gt;https://chromedriver.storage.googleapis.com:443
00:06:18.543 [main] DEBUG org.apache.http.impl.conn.DefaultHttpClientConnectionOperator - Connecting to chromedriver.storage.googleapis.com/172.217.30.176:443
00:06:18.544 [main] DEBUG org.apache.http.conn.ssl.SSLConnectionSocketFactory - Connecting socket to chromedriver.storage.googleapis.com/172.217.30.176:443 with timeout 0
00:06:18.559 [main] DEBUG org.apache.http.conn.ssl.SSLConnectionSocketFactory - Enabled protocols: [TLSv1.3, TLSv1.2]
00:06:18.559 [main] DEBUG org.apache.http.conn.ssl.SSLConnectionSocketFactory - Enabled cipher suites:[TLS_AES_256_GCM_SHA384, TLS_AES_128_GCM_SHA256, TLS_CHACHA20_POLY1305_SHA256, TLS_ECDHE_ECDSA_WITH_AES_256_GCM_SHA384, TLS_ECDHE_ECDSA_WITH_AES_128_GCM_SHA256, TLS_ECDHE_ECDSA_WITH_CHACHA20_POLY1305_SHA256, TLS_ECDHE_RSA_WITH_AES_256_GCM_SHA384, TLS_ECDHE_RSA_WITH_CHACHA20_POLY1305_SHA256, TLS_ECDHE_RSA_WITH_AES_128_GCM_SHA256, TLS_DHE_RSA_WITH_AES_256_GCM_SHA384, TLS_DHE_RSA_WITH_CHACHA20_POLY1305_SHA256, TLS_DHE_DSS_WITH_AES_256_GCM_SHA384, TLS_DHE_RSA_WITH_AES_128_GCM_SHA256, TLS_DHE_DSS_WITH_AES_128_GCM_SHA256, TLS_ECDHE_ECDSA_WITH_AES_256_CBC_SHA384, TLS_ECDHE_RSA_WITH_AES_256_CBC_SHA384, TLS_ECDHE_ECDSA_WITH_AES_128_CBC_SHA256, TLS_ECDHE_RSA_WITH_AES_128_CBC_SHA256, TLS_DHE_RSA_WITH_AES_256_CBC_SHA256, TLS_DHE_DSS_WITH_AES_256_CBC_SHA256, TLS_DHE_RSA_WITH_AES_128_CBC_SHA256, TLS_DHE_DSS_WITH_AES_128_CBC_SHA256, TLS_ECDH_ECDSA_WITH_AES_256_GCM_SHA384, TLS_ECDH_RSA_WITH_AES_256_GCM_SHA384, TLS_ECDH_ECDSA_WITH_AES_128_GCM_SHA256, TLS_ECDH_RSA_WITH_AES_128_GCM_SHA256, TLS_ECDH_ECDSA_WITH_AES_256_CBC_SHA384, TLS_ECDH_RSA_WITH_AES_256_CBC_SHA384, TLS_ECDH_ECDSA_WITH_AES_128_CBC_SHA256, TLS_ECDH_RSA_WITH_AES_128_CBC_SHA256, TLS_ECDHE_ECDSA_WITH_AES_256_CBC_SHA, TLS_ECDHE_RSA_WITH_AES_256_CBC_SHA, TLS_ECDHE_ECDSA_WITH_AES_128_CBC_SHA, TLS_ECDHE_RSA_WITH_AES_128_CBC_SHA, TLS_DHE_RSA_WITH_AES_256_CBC_SHA, TLS_DHE_DSS_WITH_AES_256_CBC_SHA, TLS_DHE_RSA_WITH_AES_128_CBC_SHA, TLS_DHE_DSS_WITH_AES_128_CBC_SHA, TLS_ECDH_ECDSA_WITH_AES_256_CBC_SHA, TLS_ECDH_RSA_WITH_AES_256_CBC_SHA, TLS_ECDH_ECDSA_WITH_AES_128_CBC_SHA, TLS_ECDH_RSA_WITH_AES_128_CBC_SHA, TLS_RSA_WITH_AES_256_GCM_SHA384, TLS_RSA_WITH_AES_128_GCM_SHA256, TLS_RSA_WITH_AES_256_CBC_SHA256, TLS_RSA_WITH_AES_128_CBC_SHA256, TLS_RSA_WITH_AES_256_CBC_SHA, TLS_RSA_WITH_AES_128_CBC_SHA, TLS_EMPTY_RENEGOTIATION_INFO_SCSV]
00:06:18.559 [main] DEBUG org.apache.http.conn.ssl.SSLConnectionSocketFactory - Starting handshake
00:06:18.630 [main] DEBUG org.apache.http.conn.ssl.SSLConnectionSocketFactory - Secure session established
00:06:18.630 [main] DEBUG org.apache.http.conn.ssl.SSLConnectionSocketFactory -  negotiated protocol: TLSv1.3
00:06:18.630 [main] DEBUG org.apache.http.conn.ssl.SSLConnectionSocketFactory -  negotiated cipher suite: TLS_AES_256_GCM_SHA384
00:06:18.630 [main] DEBUG org.apache.http.conn.ssl.SSLConnectionSocketFactory -  peer principal: CN=*.storage.googleapis.com, O=Google LLC, L=Mountain View, ST=California, C=US
00:06:18.630 [main] DEBUG org.apache.http.conn.ssl.SSLConnectionSocketFactory -  peer alternative names: [*.storage.googleapis.com, *.googleapis.com, commondatastorage.googleapis.com, *.commondatastorage.googleapis.com, storage.googleapis.com, storage.mtls.googleapis.com, *.appspot.com.storage.googleapis.com, *.content-storage.googleapis.com, *.content-storage-p2.googleapis.com, *.content-storage-upload.googleapis.com, *.content-storage-download.googleapis.com, *.storage-upload.googleapis.com, *.storage-download.googleapis.com]
00:06:18.630 [main] DEBUG org.apache.http.conn.ssl.SSLConnectionSocketFactory -  issuer principal: CN=GTS CA 1O1, O=Google Trust Services, C=US
00:06:18.630 [main] DEBUG org.apache.http.impl.conn.DefaultHttpClientConnectionOperator - Connection established 192.168.0.116:57105&lt;-&gt;172.217.30.176:443
00:06:18.630 [main] DEBUG org.apache.http.impl.execchain.MainClientExec - Executing request OPTIONS / HTTP/1.1
00:06:18.630 [main] DEBUG org.apache.http.impl.execchain.MainClientExec - Target auth state: UNCHALLENGED
00:06:18.630 [main] DEBUG org.apache.http.impl.execchain.MainClientExec - Proxy auth state: UNCHALLENGED
00:06:18.630 [main] DEBUG org.apache.http.headers - http-outgoing-6 &gt;&gt; OPTIONS / HTTP/1.1
00:06:18.630 [main] DEBUG org.apache.http.headers - http-outgoing-6 &gt;&gt; Host: chromedriver.storage.googleapis.com
00:06:18.630 [main] DEBUG org.apache.http.headers - http-outgoing-6 &gt;&gt; Connection: Keep-Alive
00:06:18.630 [main] DEBUG org.apache.http.headers - http-outgoing-6 &gt;&gt; User-Agent: Apache-HttpClient/4.5.3 (Java/16.0.1)
00:06:18.630 [main] DEBUG org.apache.http.headers - http-outgoing-6 &gt;&gt; Accept-Encoding: gzip,deflate
00:06:18.630 [main] DEBUG org.apache.http.wire - http-outgoing-6 &gt;&gt; &quot;OPTIONS / HTTP/1.1[\r][\n]&quot;
00:06:18.630 [main] DEBUG org.apache.http.wire - http-outgoing-6 &gt;&gt; &quot;Host: chromedriver.storage.googleapis.com[\r][\n]&quot;
00:06:18.630 [main] DEBUG org.apache.http.wire - http-outgoing-6 &gt;&gt; &quot;Connection: Keep-Alive[\r][\n]&quot;
00:06:18.630 [main] DEBUG org.apache.http.wire - http-outgoing-6 &gt;&gt; &quot;User-Agent: Apache-HttpClient/4.5.3 (Java/16.0.1)[\r][\n]&quot;
00:06:18.630 [main] DEBUG org.apache.http.wire - http-outgoing-6 &gt;&gt; &quot;Accept-Encoding: gzip,deflate[\r][\n]&quot;
00:06:18.630 [main] DEBUG org.apache.http.wire - http-outgoing-6 &gt;&gt; &quot;[\r][\n]&quot;
00:06:18.763 [main] DEBUG org.apache.http.wire - http-outgoing-6 &lt;&lt; &quot;HTTP/1.1 200 OK[\r][\n]&quot;
00:06:18.763 [main] DEBUG org.apache.http.wire - http-outgoing-6 &lt;&lt; &quot;X-GUploader-UploadID: ADPycdv1OV3FplDE3lGlPZ3J9VmJ_5GXvppHjU1BMXM8d4B8HV6d56r_6ZR8xpZakDsIEH07DibE_3JbU28suo1woyBOe2LbWg[\r][\n]&quot;
00:06:18.763 [main] DEBUG org.apache.http.wire - http-outgoing-6 &lt;&lt; &quot;Date: Thu, 02 Sep 2021 03:06:05 GMT[\r][\n]&quot;
00:06:18.763 [main] DEBUG org.apache.http.wire - http-outgoing-6 &lt;&lt; &quot;Expires: Thu, 02 Sep 2021 03:06:05 GMT[\r][\n]&quot;
00:06:18.763 [main] DEBUG org.apache.http.wire - http-outgoing-6 &lt;&lt; &quot;Cache-Control: private, max-age=0[\r][\n]&quot;
00:06:18.763 [main] DEBUG org.apache.http.wire - http-outgoing-6 &lt;&lt; &quot;Content-Length: 0[\r][\n]&quot;
00:06:18.763 [main] DEBUG org.apache.http.wire - http-outgoing-6 &lt;&lt; &quot;Server: UploadServer[\r][\n]&quot;
00:06:18.763 [main] DEBUG org.apache.http.wire - http-outgoing-6 &lt;&lt; &quot;Content-Type: text/html; charset=UTF-8[\r][\n]&quot;
00:06:18.763 [main] DEBUG org.apache.http.wire - http-outgoing-6 &lt;&lt; &quot;Alt-Svc: h3=&quot;:443&quot;; ma=2592000,h3-29=&quot;:443&quot;; ma=2592000,h3-T051=&quot;:443&quot;; ma=2592000,h3-Q050=&quot;:443&quot;; ma=2592000,h3-Q046=&quot;:443&quot;; ma=2592000,h3-Q043=&quot;:443&quot;; ma=2592000,quic=&quot;:443&quot;; ma=2592000; v=&quot;46,43&quot;[\r][\n]&quot;
00:06:18.763 [main] DEBUG org.apache.http.wire - http-outgoing-6 &lt;&lt; &quot;[\r][\n]&quot;
00:06:18.763 [main] DEBUG org.apache.http.headers - http-outgoing-6 &lt;&lt; HTTP/1.1 200 OK
00:06:18.763 [main] DEBUG org.apache.http.headers - http-outgoing-6 &lt;&lt; X-GUploader-UploadID: ADPycdv1OV3FplDE3lGlPZ3J9VmJ_5GXvppHjU1BMXM8d4B8HV6d56r_6ZR8xpZakDsIEH07DibE_3JbU28suo1woyBOe2LbWg
00:06:18.763 [main] DEBUG org.apache.http.headers - http-outgoing-6 &lt;&lt; Date: Thu, 02 Sep 2021 03:06:05 GMT
00:06:18.763 [main] DEBUG org.apache.http.headers - http-outgoing-6 &lt;&lt; Expires: Thu, 02 Sep 2021 03:06:05 GMT
00:06:18.763 [main] DEBUG org.apache.http.headers - http-outgoing-6 &lt;&lt; Cache-Control: private, max-age=0
00:06:18.763 [main] DEBUG org.apache.http.headers - http-outgoing-6 &lt;&lt; Content-Length: 0
00:06:18.763 [main] DEBUG org.apache.http.headers - http-outgoing-6 &lt;&lt; Server: UploadServer
00:06:18.763 [main] DEBUG org.apache.http.headers - http-outgoing-6 &lt;&lt; Content-Type: text/html; charset=UTF-8
00:06:18.763 [main] DEBUG org.apache.http.headers - http-outgoing-6 &lt;&lt; Alt-Svc: h3=&quot;:443&quot;; ma=2592000,h3-29=&quot;:443&quot;; ma=2592000,h3-T051=&quot;:443&quot;; ma=2592000,h3-Q050=&quot;:443&quot;; ma=2592000,h3-Q046=&quot;:443&quot;; ma=2592000,h3-Q043=&quot;:443&quot;; ma=2592000,quic=&quot;:443&quot;; ma=2592000; v=&quot;46,43&quot;
00:06:18.763 [main] DEBUG org.apache.http.impl.execchain.MainClientExec - Connection can be kept alive indefinitely
00:06:18.763 [main] DEBUG org.apache.http.impl.conn.PoolingHttpClientConnectionManager - Connection [id: 6][route: {s}-&gt;https://chromedriver.storage.googleapis.com:443] can be kept alive indefinitely
00:06:18.763 [main] DEBUG org.apache.http.impl.conn.PoolingHttpClientConnectionManager - Connection released: [id: 6][route: {s}-&gt;https://chromedriver.storage.googleapis.com:443][total kept alive: 1; route allocated: 1 of 2; total allocated: 1 of 20]
00:06:18.763 [main] DEBUG io.github.bonigarcia.wdm.WebDriverManager - Latest version of chromedriver is 93.0.4577.15 (recently resolved)
00:06:18.764 [main] INFO io.github.bonigarcia.wdm.WebDriverManager - Found chromedriver in cache: C:\Users\wilso\.m2\repository\webdriver\chromedriver\win32\93.0.4577.15\chromedriver.exe 
00:06:18.765 [main] DEBUG io.github.bonigarcia.wdm.WebDriverManager - Driver for chromedriver (latest version) found in cache C:\Users\wilso\.m2\repository\webdriver\chromedriver\win32\93.0.4577.15\chromedriver.exe
00:06:18.765 [main] INFO io.github.bonigarcia.wdm.WebDriverManager - Exporting webdriver.chrome.driver as C:\Users\wilso\.m2\repository\webdriver\chromedriver\win32\93.0.4577.15\chromedriver.exe
00:06:19.502 [Finalizer] DEBUG org.apache.http.impl.conn.PoolingHttpClientConnectionManager - Connection manager is shutting down
00:06:19.502 [Finalizer] DEBUG org.apache.http.impl.conn.DefaultManagedHttpClientConnection - http-outgoing-3: Close connection
00:06:19.502 [Finalizer] DEBUG org.apache.http.impl.conn.PoolingHttpClientConnectionManager - Connection manager shut down
00:06:19.502 [Finalizer] DEBUG org.apache.http.impl.conn.PoolingHttpClientConnectionManager - Connection manager is shutting down
00:06:19.502 [Finalizer] DEBUG org.apache.http.impl.conn.DefaultManagedHttpClientConnection - http-outgoing-2: Close connection
00:06:19.502 [Finalizer] DEBUG org.apache.http.impl.conn.PoolingHttpClientConnectionManager - Connection manager shut down
00:06:19.503 [Finalizer] DEBUG org.apache.http.impl.conn.PoolingHttpClientConnectionManager - Connection manager is shutting down
00:06:19.503 [Finalizer] DEBUG org.apache.http.impl.conn.DefaultManagedHttpClientConnection - http-outgoing-1: Close connection
00:06:19.503 [Finalizer] DEBUG org.apache.http.impl.conn.PoolingHttpClientConnectionManager - Connection manager shut down
00:06:19.503 [Finalizer] DEBUG org.apache.http.impl.conn.PoolingHttpClientConnectionManager - Connection manager is shutting down
00:06:19.503 [Finalizer] DEBUG org.apache.http.impl.conn.DefaultManagedHttpClientConnection - http-outgoing-5: Close connection
00:06:19.503 [Finalizer] DEBUG org.apache.http.impl.conn.PoolingHttpClientConnectionManager - Connection manager shut down
00:06:19.503 [Finalizer] DEBUG org.apache.http.impl.conn.PoolingHttpClientConnectionManager - Connection manager is shutting down
00:06:19.503 [Finalizer] DEBUG org.apache.http.impl.conn.DefaultManagedHttpClientConnection - http-outgoing-4: Close connection
00:06:19.503 [Finalizer] DEBUG org.apache.http.impl.conn.PoolingHttpClientConnectionManager - Connection manager shut down
</system-out>
    <system-err>Starting ChromeDriver 93.0.4577.15 (660fc11082ba57405eca2e8c49c3e1af756fbfae-refs/branch-heads/4577@{#203}) on port 8693
Only local connections are allowed.
Please see https://chromedriver.chromium.org/security-considerations for suggestions on keeping ChromeDriver safe.
ChromeDriver was started successfully.
set. 02, 2021 12:06:19 AM org.openqa.selenium.remote.ProtocolHandshake createSession
INFO: Detected dialect: W3C
</system-err>
  </testcase>
  <testcase classname="interfaceTeste.TestesInterface" name="listaleilao" time="1.107">
    <error message="no such element: Unable to locate element: {&quot;method&quot;:&quot;css selector&quot;,&quot;selector&quot;:&quot;*[name=&apos;nome&apos;]&quot;}
  (Session info: chrome=93.0.4577.63)
For documentation on this error, please visit: https://www.seleniumhq.org/exceptions/no_such_element.html
Build info: version: &apos;3.141.59&apos;, revision: &apos;e82be7d358&apos;, time: &apos;2018-11-14T08:17:03&apos;
System info: host: &apos;DESKTOP-STN5MAV&apos;, ip: &apos;192.168.56.1&apos;, os.name: &apos;Windows 10&apos;, os.arch: &apos;amd64&apos;, os.version: &apos;10.0&apos;, java.version: &apos;16.0.1&apos;
Driver info: org.openqa.selenium.chrome.ChromeDriver
Capabilities {acceptInsecureCerts: false, browserName: chrome, browserVersion: 93.0.4577.63, chrome: {chromedriverVersion: 93.0.4577.15 (660fc11082ba5..., userDataDir: C:\Users\wilso\AppData\Loca...}, goog:chromeOptions: {debuggerAddress: localhost:64825}, javascriptEnabled: true, networkConnectionEnabled: false, pageLoadStrategy: normal, platform: WINDOWS, platformName: WINDOWS, proxy: Proxy(), setWindowRect: true, strictFileInteractability: false, timeouts: {implicit: 0, pageLoad: 300000, script: 30000}, unhandledPromptBehavior: dismiss and notify, webauthn:extension:credBlob: true, webauthn:extension:largeBlob: true, webauthn:virtualAuthenticators: true}
Session ID: f777e0ee1b4fed2560740cceeadb102a
*** Element info: {Using=name, value=nome}" type="org.openqa.selenium.NoSuchElementException">org.openqa.selenium.NoSuchElementException: no such element: Unable to locate element: {&quot;method&quot;:&quot;css selector&quot;,&quot;selector&quot;:&quot;*[name=&apos;nome&apos;]&quot;}
  (Session info: chrome=93.0.4577.63)
For documentation on this error, please visit: https://www.seleniumhq.org/exceptions/no_such_element.html
Build info: version: &apos;3.141.59&apos;, revision: &apos;e82be7d358&apos;, time: &apos;2018-11-14T08:17:03&apos;
System info: host: &apos;DESKTOP-STN5MAV&apos;, ip: &apos;192.168.56.1&apos;, os.name: &apos;Windows 10&apos;, os.arch: &apos;amd64&apos;, os.version: &apos;10.0&apos;, java.version: &apos;16.0.1&apos;
Driver info: org.openqa.selenium.chrome.ChromeDriver
Capabilities {acceptInsecureCerts: false, browserName: chrome, browserVersion: 93.0.4577.63, chrome: {chromedriverVersion: 93.0.4577.15 (660fc11082ba5..., userDataDir: C:\Users\wilso\AppData\Loca...}, goog:chromeOptions: {debuggerAddress: localhost:64825}, javascriptEnabled: true, networkConnectionEnabled: false, pageLoadStrategy: normal, platform: WINDOWS, platformName: WINDOWS, proxy: Proxy(), setWindowRect: true, strictFileInteractability: false, timeouts: {implicit: 0, pageLoad: 300000, script: 30000}, unhandledPromptBehavior: dismiss and notify, webauthn:extension:credBlob: true, webauthn:extension:largeBlob: true, webauthn:virtualAuthenticators: true}
Session ID: f777e0ee1b4fed2560740cceeadb102a
*** Element info: {Using=name, value=nome}
	at java.base/jdk.internal.reflect.NativeConstructorAccessorImpl.newInstance0(Native Method)
	at java.base/jdk.internal.reflect.NativeConstructorAccessorImpl.newInstance(NativeConstructorAccessorImpl.java:78)
	at java.base/jdk.internal.reflect.DelegatingConstructorAccessorImpl.newInstance(DelegatingConstructorAccessorImpl.java:45)
	at java.base/java.lang.reflect.Constructor.newInstanceWithCaller(Constructor.java:499)
	at java.base/java.lang.reflect.Constructor.newInstance(Constructor.java:480)
	at org.openqa.selenium.remote.http.W3CHttpResponseCodec.createException(W3CHttpResponseCodec.java:187)
	at org.openqa.selenium.remote.http.W3CHttpResponseCodec.decode(W3CHttpResponseCodec.java:122)
	at org.openqa.selenium.remote.http.W3CHttpResponseCodec.decode(W3CHttpResponseCodec.java:49)
	at org.openqa.selenium.remote.HttpCommandExecutor.execute(HttpCommandExecutor.java:158)
	at org.openqa.selenium.remote.service.DriverCommandExecutor.execute(DriverCommandExecutor.java:83)
	at org.openqa.selenium.remote.RemoteWebDriver.execute(RemoteWebDriver.java:552)
	at org.openqa.selenium.remote.RemoteWebDriver.findElement(RemoteWebDriver.java:323)
	at org.openqa.selenium.remote.RemoteWebDriver.findElementByName(RemoteWebDriver.java:404)
	at org.openqa.selenium.By$ByName.findElement(By.java:284)
	at org.openqa.selenium.remote.RemoteWebDriver.findElement(RemoteWebDriver.java:315)
	at interfaceTeste.TestesInterface.listaleilao(TestesInterface.java:92)
	at java.base/jdk.internal.reflect.NativeMethodAccessorImpl.invoke0(Native Method)
	at java.base/jdk.internal.reflect.NativeMethodAccessorImpl.invoke(NativeMethodAccessorImpl.java:78)
	at java.base/jdk.internal.reflect.DelegatingMethodAccessorImpl.invoke(DelegatingMethodAccessorImpl.java:43)
	at java.base/java.lang.reflect.Method.invoke(Method.java:567)
	at org.junit.runners.model.FrameworkMethod$1.runReflectiveCall(FrameworkMethod.java:59)
	at org.junit.internal.runners.model.ReflectiveCallable.run(ReflectiveCallable.java:12)
	at org.junit.runners.model.FrameworkMethod.invokeExplosively(FrameworkMethod.java:56)
	at org.junit.internal.runners.statements.InvokeMethod.evaluate(InvokeMethod.java:17)
	at org.junit.internal.runners.statements.RunBefores.evaluate(RunBefores.java:26)
	at org.junit.internal.runners.statements.RunAfters.evaluate(RunAfters.java:27)
	at org.junit.runners.ParentRunner$3.evaluate(ParentRunner.java:306)
	at org.junit.runners.BlockJUnit4ClassRunner$1.evaluate(BlockJUnit4ClassRunner.java:100)
	at org.junit.runners.ParentRunner.runLeaf(ParentRunner.java:366)
	at org.junit.runners.BlockJUnit4ClassRunner.runChild(BlockJUnit4ClassRunner.java:103)
	at org.junit.runners.BlockJUnit4ClassRunner.runChild(BlockJUnit4ClassRunner.java:63)
	at org.junit.runners.ParentRunner$4.run(ParentRunner.java:331)
	at org.junit.runners.ParentRunner$1.schedule(ParentRunner.java:79)
	at org.junit.runners.ParentRunner.runChildren(ParentRunner.java:329)
	at org.junit.runners.ParentRunner.access$100(ParentRunner.java:66)
	at org.junit.runners.ParentRunner$2.evaluate(ParentRunner.java:293)
	at org.junit.runners.ParentRunner$3.evaluate(ParentRunner.java:306)
	at org.junit.runners.ParentRunner.run(ParentRunner.java:413)
	at org.apache.maven.surefire.junit4.JUnit4Provider.execute(JUnit4Provider.java:252)
	at org.apache.maven.surefire.junit4.JUnit4Provider.executeTestSet(JUnit4Provider.java:141)
	at org.apache.maven.surefire.junit4.JUnit4Provider.invoke(JUnit4Provider.java:112)
	at java.base/jdk.internal.reflect.NativeMethodAccessorImpl.invoke0(Native Method)
	at java.base/jdk.internal.reflect.NativeMethodAccessorImpl.invoke(NativeMethodAccessorImpl.java:78)
	at java.base/jdk.internal.reflect.DelegatingMethodAccessorImpl.invoke(DelegatingMethodAccessorImpl.java:43)
	at java.base/java.lang.reflect.Method.invoke(Method.java:567)
	at org.apache.maven.surefire.util.ReflectionUtils.invokeMethodWithArray(ReflectionUtils.java:189)
	at org.apache.maven.surefire.booter.ProviderFactory$ProviderProxy.invoke(ProviderFactory.java:165)
	at org.apache.maven.surefire.booter.ProviderFactory.invokeProvider(ProviderFactory.java:85)
	at org.apache.maven.surefire.booter.ForkedBooter.runSuitesInProcess(ForkedBooter.java:115)
	at org.apache.maven.surefire.booter.ForkedBooter.main(ForkedBooter.java:75)
</error>
    <system-out>00:06:19.716 [main] DEBUG org.apache.http.client.protocol.RequestAddCookies - CookieSpec selected: default
00:06:19.716 [main] DEBUG org.apache.http.client.protocol.RequestAuthCache - Auth cache not set in the context
00:06:19.716 [main] DEBUG org.apache.http.impl.conn.PoolingHttpClientConnectionManager - Connection request: [route: {s}-&gt;https://chromedriver.storage.googleapis.com:443][total kept alive: 0; route allocated: 0 of 2; total allocated: 0 of 20]
00:06:19.716 [main] DEBUG org.apache.http.impl.conn.PoolingHttpClientConnectionManager - Connection leased: [id: 7][route: {s}-&gt;https://chromedriver.storage.googleapis.com:443][total kept alive: 0; route allocated: 1 of 2; total allocated: 1 of 20]
00:06:19.716 [main] DEBUG org.apache.http.impl.execchain.MainClientExec - Opening connection {s}-&gt;https://chromedriver.storage.googleapis.com:443
00:06:19.716 [main] DEBUG org.apache.http.impl.conn.DefaultHttpClientConnectionOperator - Connecting to chromedriver.storage.googleapis.com/172.217.30.176:443
00:06:19.716 [main] DEBUG org.apache.http.conn.ssl.SSLConnectionSocketFactory - Connecting socket to chromedriver.storage.googleapis.com/172.217.30.176:443 with timeout 0
00:06:19.733 [main] DEBUG org.apache.http.conn.ssl.SSLConnectionSocketFactory - Enabled protocols: [TLSv1.3, TLSv1.2]
00:06:19.733 [main] DEBUG org.apache.http.conn.ssl.SSLConnectionSocketFactory - Enabled cipher suites:[TLS_AES_256_GCM_SHA384, TLS_AES_128_GCM_SHA256, TLS_CHACHA20_POLY1305_SHA256, TLS_ECDHE_ECDSA_WITH_AES_256_GCM_SHA384, TLS_ECDHE_ECDSA_WITH_AES_128_GCM_SHA256, TLS_ECDHE_ECDSA_WITH_CHACHA20_POLY1305_SHA256, TLS_ECDHE_RSA_WITH_AES_256_GCM_SHA384, TLS_ECDHE_RSA_WITH_CHACHA20_POLY1305_SHA256, TLS_ECDHE_RSA_WITH_AES_128_GCM_SHA256, TLS_DHE_RSA_WITH_AES_256_GCM_SHA384, TLS_DHE_RSA_WITH_CHACHA20_POLY1305_SHA256, TLS_DHE_DSS_WITH_AES_256_GCM_SHA384, TLS_DHE_RSA_WITH_AES_128_GCM_SHA256, TLS_DHE_DSS_WITH_AES_128_GCM_SHA256, TLS_ECDHE_ECDSA_WITH_AES_256_CBC_SHA384, TLS_ECDHE_RSA_WITH_AES_256_CBC_SHA384, TLS_ECDHE_ECDSA_WITH_AES_128_CBC_SHA256, TLS_ECDHE_RSA_WITH_AES_128_CBC_SHA256, TLS_DHE_RSA_WITH_AES_256_CBC_SHA256, TLS_DHE_DSS_WITH_AES_256_CBC_SHA256, TLS_DHE_RSA_WITH_AES_128_CBC_SHA256, TLS_DHE_DSS_WITH_AES_128_CBC_SHA256, TLS_ECDH_ECDSA_WITH_AES_256_GCM_SHA384, TLS_ECDH_RSA_WITH_AES_256_GCM_SHA384, TLS_ECDH_ECDSA_WITH_AES_128_GCM_SHA256, TLS_ECDH_RSA_WITH_AES_128_GCM_SHA256, TLS_ECDH_ECDSA_WITH_AES_256_CBC_SHA384, TLS_ECDH_RSA_WITH_AES_256_CBC_SHA384, TLS_ECDH_ECDSA_WITH_AES_128_CBC_SHA256, TLS_ECDH_RSA_WITH_AES_128_CBC_SHA256, TLS_ECDHE_ECDSA_WITH_AES_256_CBC_SHA, TLS_ECDHE_RSA_WITH_AES_256_CBC_SHA, TLS_ECDHE_ECDSA_WITH_AES_128_CBC_SHA, TLS_ECDHE_RSA_WITH_AES_128_CBC_SHA, TLS_DHE_RSA_WITH_AES_256_CBC_SHA, TLS_DHE_DSS_WITH_AES_256_CBC_SHA, TLS_DHE_RSA_WITH_AES_128_CBC_SHA, TLS_DHE_DSS_WITH_AES_128_CBC_SHA, TLS_ECDH_ECDSA_WITH_AES_256_CBC_SHA, TLS_ECDH_RSA_WITH_AES_256_CBC_SHA, TLS_ECDH_ECDSA_WITH_AES_128_CBC_SHA, TLS_ECDH_RSA_WITH_AES_128_CBC_SHA, TLS_RSA_WITH_AES_256_GCM_SHA384, TLS_RSA_WITH_AES_128_GCM_SHA256, TLS_RSA_WITH_AES_256_CBC_SHA256, TLS_RSA_WITH_AES_128_CBC_SHA256, TLS_RSA_WITH_AES_256_CBC_SHA, TLS_RSA_WITH_AES_128_CBC_SHA, TLS_EMPTY_RENEGOTIATION_INFO_SCSV]
00:06:19.733 [main] DEBUG org.apache.http.conn.ssl.SSLConnectionSocketFactory - Starting handshake
00:06:19.799 [main] DEBUG org.apache.http.conn.ssl.SSLConnectionSocketFactory - Secure session established
00:06:19.799 [main] DEBUG org.apache.http.conn.ssl.SSLConnectionSocketFactory -  negotiated protocol: TLSv1.3
00:06:19.799 [main] DEBUG org.apache.http.conn.ssl.SSLConnectionSocketFactory -  negotiated cipher suite: TLS_AES_256_GCM_SHA384
00:06:19.799 [main] DEBUG org.apache.http.conn.ssl.SSLConnectionSocketFactory -  peer principal: CN=*.storage.googleapis.com, O=Google LLC, L=Mountain View, ST=California, C=US
00:06:19.799 [main] DEBUG org.apache.http.conn.ssl.SSLConnectionSocketFactory -  peer alternative names: [*.storage.googleapis.com, *.googleapis.com, commondatastorage.googleapis.com, *.commondatastorage.googleapis.com, storage.googleapis.com, storage.mtls.googleapis.com, *.appspot.com.storage.googleapis.com, *.content-storage.googleapis.com, *.content-storage-p2.googleapis.com, *.content-storage-upload.googleapis.com, *.content-storage-download.googleapis.com, *.storage-upload.googleapis.com, *.storage-download.googleapis.com]
00:06:19.799 [main] DEBUG org.apache.http.conn.ssl.SSLConnectionSocketFactory -  issuer principal: CN=GTS CA 1O1, O=Google Trust Services, C=US
00:06:19.799 [main] DEBUG org.apache.http.impl.conn.DefaultHttpClientConnectionOperator - Connection established 192.168.0.116:64052&lt;-&gt;172.217.30.176:443
00:06:19.799 [main] DEBUG org.apache.http.impl.execchain.MainClientExec - Executing request OPTIONS / HTTP/1.1
00:06:19.799 [main] DEBUG org.apache.http.impl.execchain.MainClientExec - Target auth state: UNCHALLENGED
00:06:19.799 [main] DEBUG org.apache.http.impl.execchain.MainClientExec - Proxy auth state: UNCHALLENGED
00:06:19.799 [main] DEBUG org.apache.http.headers - http-outgoing-7 &gt;&gt; OPTIONS / HTTP/1.1
00:06:19.799 [main] DEBUG org.apache.http.headers - http-outgoing-7 &gt;&gt; Host: chromedriver.storage.googleapis.com
00:06:19.799 [main] DEBUG org.apache.http.headers - http-outgoing-7 &gt;&gt; Connection: Keep-Alive
00:06:19.799 [main] DEBUG org.apache.http.headers - http-outgoing-7 &gt;&gt; User-Agent: Apache-HttpClient/4.5.3 (Java/16.0.1)
00:06:19.799 [main] DEBUG org.apache.http.headers - http-outgoing-7 &gt;&gt; Accept-Encoding: gzip,deflate
00:06:19.799 [main] DEBUG org.apache.http.wire - http-outgoing-7 &gt;&gt; &quot;OPTIONS / HTTP/1.1[\r][\n]&quot;
00:06:19.799 [main] DEBUG org.apache.http.wire - http-outgoing-7 &gt;&gt; &quot;Host: chromedriver.storage.googleapis.com[\r][\n]&quot;
00:06:19.799 [main] DEBUG org.apache.http.wire - http-outgoing-7 &gt;&gt; &quot;Connection: Keep-Alive[\r][\n]&quot;
00:06:19.799 [main] DEBUG org.apache.http.wire - http-outgoing-7 &gt;&gt; &quot;User-Agent: Apache-HttpClient/4.5.3 (Java/16.0.1)[\r][\n]&quot;
00:06:19.799 [main] DEBUG org.apache.http.wire - http-outgoing-7 &gt;&gt; &quot;Accept-Encoding: gzip,deflate[\r][\n]&quot;
00:06:19.799 [main] DEBUG org.apache.http.wire - http-outgoing-7 &gt;&gt; &quot;[\r][\n]&quot;
00:06:19.935 [main] DEBUG org.apache.http.wire - http-outgoing-7 &lt;&lt; &quot;HTTP/1.1 200 OK[\r][\n]&quot;
00:06:19.935 [main] DEBUG org.apache.http.wire - http-outgoing-7 &lt;&lt; &quot;X-GUploader-UploadID: ADPycdu6PDXWbj9tKoWkvq0vP1fHFYRBpEtCiLJOcb1CkDF0UchyUg4_bLs-X-VufAveF5NDz2kVVtJV6AbkrAqV196-XZFTmg[\r][\n]&quot;
00:06:19.935 [main] DEBUG org.apache.http.wire - http-outgoing-7 &lt;&lt; &quot;Date: Thu, 02 Sep 2021 03:06:06 GMT[\r][\n]&quot;
00:06:19.935 [main] DEBUG org.apache.http.wire - http-outgoing-7 &lt;&lt; &quot;Expires: Thu, 02 Sep 2021 03:06:06 GMT[\r][\n]&quot;
00:06:19.935 [main] DEBUG org.apache.http.wire - http-outgoing-7 &lt;&lt; &quot;Cache-Control: private, max-age=0[\r][\n]&quot;
00:06:19.935 [main] DEBUG org.apache.http.wire - http-outgoing-7 &lt;&lt; &quot;Content-Length: 0[\r][\n]&quot;
00:06:19.935 [main] DEBUG org.apache.http.wire - http-outgoing-7 &lt;&lt; &quot;Server: UploadServer[\r][\n]&quot;
00:06:19.935 [main] DEBUG org.apache.http.wire - http-outgoing-7 &lt;&lt; &quot;Content-Type: text/html; charset=UTF-8[\r][\n]&quot;
00:06:19.935 [main] DEBUG org.apache.http.wire - http-outgoing-7 &lt;&lt; &quot;Alt-Svc: h3=&quot;:443&quot;; ma=2592000,h3-29=&quot;:443&quot;; ma=2592000,h3-T051=&quot;:443&quot;; ma=2592000,h3-Q050=&quot;:443&quot;; ma=2592000,h3-Q046=&quot;:443&quot;; ma=2592000,h3-Q043=&quot;:443&quot;; ma=2592000,quic=&quot;:443&quot;; ma=2592000; v=&quot;46,43&quot;[\r][\n]&quot;
00:06:19.935 [main] DEBUG org.apache.http.wire - http-outgoing-7 &lt;&lt; &quot;[\r][\n]&quot;
00:06:19.935 [main] DEBUG org.apache.http.headers - http-outgoing-7 &lt;&lt; HTTP/1.1 200 OK
00:06:19.935 [main] DEBUG org.apache.http.headers - http-outgoing-7 &lt;&lt; X-GUploader-UploadID: ADPycdu6PDXWbj9tKoWkvq0vP1fHFYRBpEtCiLJOcb1CkDF0UchyUg4_bLs-X-VufAveF5NDz2kVVtJV6AbkrAqV196-XZFTmg
00:06:19.935 [main] DEBUG org.apache.http.headers - http-outgoing-7 &lt;&lt; Date: Thu, 02 Sep 2021 03:06:06 GMT
00:06:19.935 [main] DEBUG org.apache.http.headers - http-outgoing-7 &lt;&lt; Expires: Thu, 02 Sep 2021 03:06:06 GMT
00:06:19.935 [main] DEBUG org.apache.http.headers - http-outgoing-7 &lt;&lt; Cache-Control: private, max-age=0
00:06:19.935 [main] DEBUG org.apache.http.headers - http-outgoing-7 &lt;&lt; Content-Length: 0
00:06:19.935 [main] DEBUG org.apache.http.headers - http-outgoing-7 &lt;&lt; Server: UploadServer
00:06:19.935 [main] DEBUG org.apache.http.headers - http-outgoing-7 &lt;&lt; Content-Type: text/html; charset=UTF-8
00:06:19.935 [main] DEBUG org.apache.http.headers - http-outgoing-7 &lt;&lt; Alt-Svc: h3=&quot;:443&quot;; ma=2592000,h3-29=&quot;:443&quot;; ma=2592000,h3-T051=&quot;:443&quot;; ma=2592000,h3-Q050=&quot;:443&quot;; ma=2592000,h3-Q046=&quot;:443&quot;; ma=2592000,h3-Q043=&quot;:443&quot;; ma=2592000,quic=&quot;:443&quot;; ma=2592000; v=&quot;46,43&quot;
00:06:19.935 [main] DEBUG org.apache.http.impl.execchain.MainClientExec - Connection can be kept alive indefinitely
00:06:19.935 [main] DEBUG org.apache.http.impl.conn.PoolingHttpClientConnectionManager - Connection [id: 7][route: {s}-&gt;https://chromedriver.storage.googleapis.com:443] can be kept alive indefinitely
00:06:19.935 [main] DEBUG org.apache.http.impl.conn.PoolingHttpClientConnectionManager - Connection released: [id: 7][route: {s}-&gt;https://chromedriver.storage.googleapis.com:443][total kept alive: 1; route allocated: 1 of 2; total allocated: 1 of 20]
00:06:19.935 [main] DEBUG io.github.bonigarcia.wdm.WebDriverManager - Latest version of chromedriver is 93.0.4577.15 (recently resolved)
00:06:19.936 [main] INFO io.github.bonigarcia.wdm.WebDriverManager - Found chromedriver in cache: C:\Users\wilso\.m2\repository\webdriver\chromedriver\win32\93.0.4577.15\chromedriver.exe 
00:06:19.936 [main] DEBUG io.github.bonigarcia.wdm.WebDriverManager - Driver for chromedriver (latest version) found in cache C:\Users\wilso\.m2\repository\webdriver\chromedriver\win32\93.0.4577.15\chromedriver.exe
00:06:19.936 [main] INFO io.github.bonigarcia.wdm.WebDriverManager - Exporting webdriver.chrome.driver as C:\Users\wilso\.m2\repository\webdriver\chromedriver\win32\93.0.4577.15\chromedriver.exe
</system-out>
    <system-err>Starting ChromeDriver 93.0.4577.15 (660fc11082ba57405eca2e8c49c3e1af756fbfae-refs/branch-heads/4577@{#203}) on port 7439
Only local connections are allowed.
Please see https://chromedriver.chromium.org/security-considerations for suggestions on keeping ChromeDriver safe.
ChromeDriver was started successfully.
set. 02, 2021 12:06:20 AM org.openqa.selenium.remote.ProtocolHandshake createSession
INFO: Detected dialect: W3C
</system-err>
  </testcase>
  <testcase classname="interfaceTeste.TestesInterface" name="testaLogin" time="1.143">
    <error message="no such element: Unable to locate element: {&quot;method&quot;:&quot;css selector&quot;,&quot;selector&quot;:&quot;*[name=&apos;nome&apos;]&quot;}
  (Session info: chrome=93.0.4577.63)
For documentation on this error, please visit: https://www.seleniumhq.org/exceptions/no_such_element.html
Build info: version: &apos;3.141.59&apos;, revision: &apos;e82be7d358&apos;, time: &apos;2018-11-14T08:17:03&apos;
System info: host: &apos;DESKTOP-STN5MAV&apos;, ip: &apos;192.168.56.1&apos;, os.name: &apos;Windows 10&apos;, os.arch: &apos;amd64&apos;, os.version: &apos;10.0&apos;, java.version: &apos;16.0.1&apos;
Driver info: org.openqa.selenium.chrome.ChromeDriver
Capabilities {acceptInsecureCerts: false, browserName: chrome, browserVersion: 93.0.4577.63, chrome: {chromedriverVersion: 93.0.4577.15 (660fc11082ba5..., userDataDir: C:\Users\wilso\AppData\Loca...}, goog:chromeOptions: {debuggerAddress: localhost:51578}, javascriptEnabled: true, networkConnectionEnabled: false, pageLoadStrategy: normal, platform: WINDOWS, platformName: WINDOWS, proxy: Proxy(), setWindowRect: true, strictFileInteractability: false, timeouts: {implicit: 0, pageLoad: 300000, script: 30000}, unhandledPromptBehavior: dismiss and notify, webauthn:extension:credBlob: true, webauthn:extension:largeBlob: true, webauthn:virtualAuthenticators: true}
Session ID: 36f5a49ac441cd7799cb0b9d7515f850
*** Element info: {Using=name, value=nome}" type="org.openqa.selenium.NoSuchElementException">org.openqa.selenium.NoSuchElementException: no such element: Unable to locate element: {&quot;method&quot;:&quot;css selector&quot;,&quot;selector&quot;:&quot;*[name=&apos;nome&apos;]&quot;}
  (Session info: chrome=93.0.4577.63)
For documentation on this error, please visit: https://www.seleniumhq.org/exceptions/no_such_element.html
Build info: version: &apos;3.141.59&apos;, revision: &apos;e82be7d358&apos;, time: &apos;2018-11-14T08:17:03&apos;
System info: host: &apos;DESKTOP-STN5MAV&apos;, ip: &apos;192.168.56.1&apos;, os.name: &apos;Windows 10&apos;, os.arch: &apos;amd64&apos;, os.version: &apos;10.0&apos;, java.version: &apos;16.0.1&apos;
Driver info: org.openqa.selenium.chrome.ChromeDriver
Capabilities {acceptInsecureCerts: false, browserName: chrome, browserVersion: 93.0.4577.63, chrome: {chromedriverVersion: 93.0.4577.15 (660fc11082ba5..., userDataDir: C:\Users\wilso\AppData\Loca...}, goog:chromeOptions: {debuggerAddress: localhost:51578}, javascriptEnabled: true, networkConnectionEnabled: false, pageLoadStrategy: normal, platform: WINDOWS, platformName: WINDOWS, proxy: Proxy(), setWindowRect: true, strictFileInteractability: false, timeouts: {implicit: 0, pageLoad: 300000, script: 30000}, unhandledPromptBehavior: dismiss and notify, webauthn:extension:credBlob: true, webauthn:extension:largeBlob: true, webauthn:virtualAuthenticators: true}
Session ID: 36f5a49ac441cd7799cb0b9d7515f850
*** Element info: {Using=name, value=nome}
	at java.base/jdk.internal.reflect.NativeConstructorAccessorImpl.newInstance0(Native Method)
	at java.base/jdk.internal.reflect.NativeConstructorAccessorImpl.newInstance(NativeConstructorAccessorImpl.java:78)
	at java.base/jdk.internal.reflect.DelegatingConstructorAccessorImpl.newInstance(DelegatingConstructorAccessorImpl.java:45)
	at java.base/java.lang.reflect.Constructor.newInstanceWithCaller(Constructor.java:499)
	at java.base/java.lang.reflect.Constructor.newInstance(Constructor.java:480)
	at org.openqa.selenium.remote.http.W3CHttpResponseCodec.createException(W3CHttpResponseCodec.java:187)
	at org.openqa.selenium.remote.http.W3CHttpResponseCodec.decode(W3CHttpResponseCodec.java:122)
	at org.openqa.selenium.remote.http.W3CHttpResponseCodec.decode(W3CHttpResponseCodec.java:49)
	at org.openqa.selenium.remote.HttpCommandExecutor.execute(HttpCommandExecutor.java:158)
	at org.openqa.selenium.remote.service.DriverCommandExecutor.execute(DriverCommandExecutor.java:83)
	at org.openqa.selenium.remote.RemoteWebDriver.execute(RemoteWebDriver.java:552)
	at org.openqa.selenium.remote.RemoteWebDriver.findElement(RemoteWebDriver.java:323)
	at org.openqa.selenium.remote.RemoteWebDriver.findElementByName(RemoteWebDriver.java:404)
	at org.openqa.selenium.By$ByName.findElement(By.java:284)
	at org.openqa.selenium.remote.RemoteWebDriver.findElement(RemoteWebDriver.java:315)
	at interfaceTeste.TestesInterface.testaLogin(TestesInterface.java:37)
	at java.base/jdk.internal.reflect.NativeMethodAccessorImpl.invoke0(Native Method)
	at java.base/jdk.internal.reflect.NativeMethodAccessorImpl.invoke(NativeMethodAccessorImpl.java:78)
	at java.base/jdk.internal.reflect.DelegatingMethodAccessorImpl.invoke(DelegatingMethodAccessorImpl.java:43)
	at java.base/java.lang.reflect.Method.invoke(Method.java:567)
	at org.junit.runners.model.FrameworkMethod$1.runReflectiveCall(FrameworkMethod.java:59)
	at org.junit.internal.runners.model.ReflectiveCallable.run(ReflectiveCallable.java:12)
	at org.junit.runners.model.FrameworkMethod.invokeExplosively(FrameworkMethod.java:56)
	at org.junit.internal.runners.statements.InvokeMethod.evaluate(InvokeMethod.java:17)
	at org.junit.internal.runners.statements.RunBefores.evaluate(RunBefores.java:26)
	at org.junit.internal.runners.statements.RunAfters.evaluate(RunAfters.java:27)
	at org.junit.runners.ParentRunner$3.evaluate(ParentRunner.java:306)
	at org.junit.runners.BlockJUnit4ClassRunner$1.evaluate(BlockJUnit4ClassRunner.java:100)
	at org.junit.runners.ParentRunner.runLeaf(ParentRunner.java:366)
	at org.junit.runners.BlockJUnit4ClassRunner.runChild(BlockJUnit4ClassRunner.java:103)
	at org.junit.runners.BlockJUnit4ClassRunner.runChild(BlockJUnit4ClassRunner.java:63)
	at org.junit.runners.ParentRunner$4.run(ParentRunner.java:331)
	at org.junit.runners.ParentRunner$1.schedule(ParentRunner.java:79)
	at org.junit.runners.ParentRunner.runChildren(ParentRunner.java:329)
	at org.junit.runners.ParentRunner.access$100(ParentRunner.java:66)
	at org.junit.runners.ParentRunner$2.evaluate(ParentRunner.java:293)
	at org.junit.runners.ParentRunner$3.evaluate(ParentRunner.java:306)
	at org.junit.runners.ParentRunner.run(ParentRunner.java:413)
	at org.apache.maven.surefire.junit4.JUnit4Provider.execute(JUnit4Provider.java:252)
	at org.apache.maven.surefire.junit4.JUnit4Provider.executeTestSet(JUnit4Provider.java:141)
	at org.apache.maven.surefire.junit4.JUnit4Provider.invoke(JUnit4Provider.java:112)
	at java.base/jdk.internal.reflect.NativeMethodAccessorImpl.invoke0(Native Method)
	at java.base/jdk.internal.reflect.NativeMethodAccessorImpl.invoke(NativeMethodAccessorImpl.java:78)
	at java.base/jdk.internal.reflect.DelegatingMethodAccessorImpl.invoke(DelegatingMethodAccessorImpl.java:43)
	at java.base/java.lang.reflect.Method.invoke(Method.java:567)
	at org.apache.maven.surefire.util.ReflectionUtils.invokeMethodWithArray(ReflectionUtils.java:189)
	at org.apache.maven.surefire.booter.ProviderFactory$ProviderProxy.invoke(ProviderFactory.java:165)
	at org.apache.maven.surefire.booter.ProviderFactory.invokeProvider(ProviderFactory.java:85)
	at org.apache.maven.surefire.booter.ForkedBooter.runSuitesInProcess(ForkedBooter.java:115)
	at org.apache.maven.surefire.booter.ForkedBooter.main(ForkedBooter.java:75)
</error>
    <system-out>00:06:20.823 [main] DEBUG org.apache.http.client.protocol.RequestAddCookies - CookieSpec selected: default
00:06:20.823 [main] DEBUG org.apache.http.client.protocol.RequestAuthCache - Auth cache not set in the context
00:06:20.823 [main] DEBUG org.apache.http.impl.conn.PoolingHttpClientConnectionManager - Connection request: [route: {s}-&gt;https://chromedriver.storage.googleapis.com:443][total kept alive: 0; route allocated: 0 of 2; total allocated: 0 of 20]
00:06:20.823 [main] DEBUG org.apache.http.impl.conn.PoolingHttpClientConnectionManager - Connection leased: [id: 8][route: {s}-&gt;https://chromedriver.storage.googleapis.com:443][total kept alive: 0; route allocated: 1 of 2; total allocated: 1 of 20]
00:06:20.823 [main] DEBUG org.apache.http.impl.execchain.MainClientExec - Opening connection {s}-&gt;https://chromedriver.storage.googleapis.com:443
00:06:20.823 [main] DEBUG org.apache.http.impl.conn.DefaultHttpClientConnectionOperator - Connecting to chromedriver.storage.googleapis.com/172.217.30.176:443
00:06:20.823 [main] DEBUG org.apache.http.conn.ssl.SSLConnectionSocketFactory - Connecting socket to chromedriver.storage.googleapis.com/172.217.30.176:443 with timeout 0
00:06:20.844 [main] DEBUG org.apache.http.conn.ssl.SSLConnectionSocketFactory - Enabled protocols: [TLSv1.3, TLSv1.2]
00:06:20.844 [main] DEBUG org.apache.http.conn.ssl.SSLConnectionSocketFactory - Enabled cipher suites:[TLS_AES_256_GCM_SHA384, TLS_AES_128_GCM_SHA256, TLS_CHACHA20_POLY1305_SHA256, TLS_ECDHE_ECDSA_WITH_AES_256_GCM_SHA384, TLS_ECDHE_ECDSA_WITH_AES_128_GCM_SHA256, TLS_ECDHE_ECDSA_WITH_CHACHA20_POLY1305_SHA256, TLS_ECDHE_RSA_WITH_AES_256_GCM_SHA384, TLS_ECDHE_RSA_WITH_CHACHA20_POLY1305_SHA256, TLS_ECDHE_RSA_WITH_AES_128_GCM_SHA256, TLS_DHE_RSA_WITH_AES_256_GCM_SHA384, TLS_DHE_RSA_WITH_CHACHA20_POLY1305_SHA256, TLS_DHE_DSS_WITH_AES_256_GCM_SHA384, TLS_DHE_RSA_WITH_AES_128_GCM_SHA256, TLS_DHE_DSS_WITH_AES_128_GCM_SHA256, TLS_ECDHE_ECDSA_WITH_AES_256_CBC_SHA384, TLS_ECDHE_RSA_WITH_AES_256_CBC_SHA384, TLS_ECDHE_ECDSA_WITH_AES_128_CBC_SHA256, TLS_ECDHE_RSA_WITH_AES_128_CBC_SHA256, TLS_DHE_RSA_WITH_AES_256_CBC_SHA256, TLS_DHE_DSS_WITH_AES_256_CBC_SHA256, TLS_DHE_RSA_WITH_AES_128_CBC_SHA256, TLS_DHE_DSS_WITH_AES_128_CBC_SHA256, TLS_ECDH_ECDSA_WITH_AES_256_GCM_SHA384, TLS_ECDH_RSA_WITH_AES_256_GCM_SHA384, TLS_ECDH_ECDSA_WITH_AES_128_GCM_SHA256, TLS_ECDH_RSA_WITH_AES_128_GCM_SHA256, TLS_ECDH_ECDSA_WITH_AES_256_CBC_SHA384, TLS_ECDH_RSA_WITH_AES_256_CBC_SHA384, TLS_ECDH_ECDSA_WITH_AES_128_CBC_SHA256, TLS_ECDH_RSA_WITH_AES_128_CBC_SHA256, TLS_ECDHE_ECDSA_WITH_AES_256_CBC_SHA, TLS_ECDHE_RSA_WITH_AES_256_CBC_SHA, TLS_ECDHE_ECDSA_WITH_AES_128_CBC_SHA, TLS_ECDHE_RSA_WITH_AES_128_CBC_SHA, TLS_DHE_RSA_WITH_AES_256_CBC_SHA, TLS_DHE_DSS_WITH_AES_256_CBC_SHA, TLS_DHE_RSA_WITH_AES_128_CBC_SHA, TLS_DHE_DSS_WITH_AES_128_CBC_SHA, TLS_ECDH_ECDSA_WITH_AES_256_CBC_SHA, TLS_ECDH_RSA_WITH_AES_256_CBC_SHA, TLS_ECDH_ECDSA_WITH_AES_128_CBC_SHA, TLS_ECDH_RSA_WITH_AES_128_CBC_SHA, TLS_RSA_WITH_AES_256_GCM_SHA384, TLS_RSA_WITH_AES_128_GCM_SHA256, TLS_RSA_WITH_AES_256_CBC_SHA256, TLS_RSA_WITH_AES_128_CBC_SHA256, TLS_RSA_WITH_AES_256_CBC_SHA, TLS_RSA_WITH_AES_128_CBC_SHA, TLS_EMPTY_RENEGOTIATION_INFO_SCSV]
00:06:20.844 [main] DEBUG org.apache.http.conn.ssl.SSLConnectionSocketFactory - Starting handshake
00:06:20.916 [main] DEBUG org.apache.http.conn.ssl.SSLConnectionSocketFactory - Secure session established
00:06:20.916 [main] DEBUG org.apache.http.conn.ssl.SSLConnectionSocketFactory -  negotiated protocol: TLSv1.3
00:06:20.916 [main] DEBUG org.apache.http.conn.ssl.SSLConnectionSocketFactory -  negotiated cipher suite: TLS_AES_256_GCM_SHA384
00:06:20.916 [main] DEBUG org.apache.http.conn.ssl.SSLConnectionSocketFactory -  peer principal: CN=*.storage.googleapis.com, O=Google LLC, L=Mountain View, ST=California, C=US
00:06:20.916 [main] DEBUG org.apache.http.conn.ssl.SSLConnectionSocketFactory -  peer alternative names: [*.storage.googleapis.com, *.googleapis.com, commondatastorage.googleapis.com, *.commondatastorage.googleapis.com, storage.googleapis.com, storage.mtls.googleapis.com, *.appspot.com.storage.googleapis.com, *.content-storage.googleapis.com, *.content-storage-p2.googleapis.com, *.content-storage-upload.googleapis.com, *.content-storage-download.googleapis.com, *.storage-upload.googleapis.com, *.storage-download.googleapis.com]
00:06:20.916 [main] DEBUG org.apache.http.conn.ssl.SSLConnectionSocketFactory -  issuer principal: CN=GTS CA 1O1, O=Google Trust Services, C=US
00:06:20.916 [main] DEBUG org.apache.http.impl.conn.DefaultHttpClientConnectionOperator - Connection established 192.168.0.116:54946&lt;-&gt;172.217.30.176:443
00:06:20.916 [main] DEBUG org.apache.http.impl.execchain.MainClientExec - Executing request OPTIONS / HTTP/1.1
00:06:20.916 [main] DEBUG org.apache.http.impl.execchain.MainClientExec - Target auth state: UNCHALLENGED
00:06:20.916 [main] DEBUG org.apache.http.impl.execchain.MainClientExec - Proxy auth state: UNCHALLENGED
00:06:20.916 [main] DEBUG org.apache.http.headers - http-outgoing-8 &gt;&gt; OPTIONS / HTTP/1.1
00:06:20.916 [main] DEBUG org.apache.http.headers - http-outgoing-8 &gt;&gt; Host: chromedriver.storage.googleapis.com
00:06:20.916 [main] DEBUG org.apache.http.headers - http-outgoing-8 &gt;&gt; Connection: Keep-Alive
00:06:20.916 [main] DEBUG org.apache.http.headers - http-outgoing-8 &gt;&gt; User-Agent: Apache-HttpClient/4.5.3 (Java/16.0.1)
00:06:20.916 [main] DEBUG org.apache.http.headers - http-outgoing-8 &gt;&gt; Accept-Encoding: gzip,deflate
00:06:20.916 [main] DEBUG org.apache.http.wire - http-outgoing-8 &gt;&gt; &quot;OPTIONS / HTTP/1.1[\r][\n]&quot;
00:06:20.916 [main] DEBUG org.apache.http.wire - http-outgoing-8 &gt;&gt; &quot;Host: chromedriver.storage.googleapis.com[\r][\n]&quot;
00:06:20.916 [main] DEBUG org.apache.http.wire - http-outgoing-8 &gt;&gt; &quot;Connection: Keep-Alive[\r][\n]&quot;
00:06:20.916 [main] DEBUG org.apache.http.wire - http-outgoing-8 &gt;&gt; &quot;User-Agent: Apache-HttpClient/4.5.3 (Java/16.0.1)[\r][\n]&quot;
00:06:20.916 [main] DEBUG org.apache.http.wire - http-outgoing-8 &gt;&gt; &quot;Accept-Encoding: gzip,deflate[\r][\n]&quot;
00:06:20.916 [main] DEBUG org.apache.http.wire - http-outgoing-8 &gt;&gt; &quot;[\r][\n]&quot;
00:06:21.058 [main] DEBUG org.apache.http.wire - http-outgoing-8 &lt;&lt; &quot;HTTP/1.1 200 OK[\r][\n]&quot;
00:06:21.058 [main] DEBUG org.apache.http.wire - http-outgoing-8 &lt;&lt; &quot;X-GUploader-UploadID: ADPycdteVMTdGK5KfyoylUWPgD-AEIExk-ABhNAgTNi0it35dkOW0oLZhA0BteWWEwrGYmoJqEkfE547uK9OxfVG5znQwPjKqQ[\r][\n]&quot;
00:06:21.058 [main] DEBUG org.apache.http.wire - http-outgoing-8 &lt;&lt; &quot;Date: Thu, 02 Sep 2021 03:06:07 GMT[\r][\n]&quot;
00:06:21.058 [main] DEBUG org.apache.http.wire - http-outgoing-8 &lt;&lt; &quot;Expires: Thu, 02 Sep 2021 03:06:07 GMT[\r][\n]&quot;
00:06:21.058 [main] DEBUG org.apache.http.wire - http-outgoing-8 &lt;&lt; &quot;Cache-Control: private, max-age=0[\r][\n]&quot;
00:06:21.058 [main] DEBUG org.apache.http.wire - http-outgoing-8 &lt;&lt; &quot;Content-Length: 0[\r][\n]&quot;
00:06:21.058 [main] DEBUG org.apache.http.wire - http-outgoing-8 &lt;&lt; &quot;Server: UploadServer[\r][\n]&quot;
00:06:21.058 [main] DEBUG org.apache.http.wire - http-outgoing-8 &lt;&lt; &quot;Content-Type: text/html; charset=UTF-8[\r][\n]&quot;
00:06:21.058 [main] DEBUG org.apache.http.wire - http-outgoing-8 &lt;&lt; &quot;Alt-Svc: h3=&quot;:443&quot;; ma=2592000,h3-29=&quot;:443&quot;; ma=2592000,h3-T051=&quot;:443&quot;; ma=2592000,h3-Q050=&quot;:443&quot;; ma=2592000,h3-Q046=&quot;:443&quot;; ma=2592000,h3-Q043=&quot;:443&quot;; ma=2592000,quic=&quot;:443&quot;; ma=2592000; v=&quot;46,43&quot;[\r][\n]&quot;
00:06:21.059 [main] DEBUG org.apache.http.wire - http-outgoing-8 &lt;&lt; &quot;[\r][\n]&quot;
00:06:21.059 [main] DEBUG org.apache.http.headers - http-outgoing-8 &lt;&lt; HTTP/1.1 200 OK
00:06:21.059 [main] DEBUG org.apache.http.headers - http-outgoing-8 &lt;&lt; X-GUploader-UploadID: ADPycdteVMTdGK5KfyoylUWPgD-AEIExk-ABhNAgTNi0it35dkOW0oLZhA0BteWWEwrGYmoJqEkfE547uK9OxfVG5znQwPjKqQ
00:06:21.059 [main] DEBUG org.apache.http.headers - http-outgoing-8 &lt;&lt; Date: Thu, 02 Sep 2021 03:06:07 GMT
00:06:21.059 [main] DEBUG org.apache.http.headers - http-outgoing-8 &lt;&lt; Expires: Thu, 02 Sep 2021 03:06:07 GMT
00:06:21.059 [main] DEBUG org.apache.http.headers - http-outgoing-8 &lt;&lt; Cache-Control: private, max-age=0
00:06:21.059 [main] DEBUG org.apache.http.headers - http-outgoing-8 &lt;&lt; Content-Length: 0
00:06:21.059 [main] DEBUG org.apache.http.headers - http-outgoing-8 &lt;&lt; Server: UploadServer
00:06:21.059 [main] DEBUG org.apache.http.headers - http-outgoing-8 &lt;&lt; Content-Type: text/html; charset=UTF-8
00:06:21.059 [main] DEBUG org.apache.http.headers - http-outgoing-8 &lt;&lt; Alt-Svc: h3=&quot;:443&quot;; ma=2592000,h3-29=&quot;:443&quot;; ma=2592000,h3-T051=&quot;:443&quot;; ma=2592000,h3-Q050=&quot;:443&quot;; ma=2592000,h3-Q046=&quot;:443&quot;; ma=2592000,h3-Q043=&quot;:443&quot;; ma=2592000,quic=&quot;:443&quot;; ma=2592000; v=&quot;46,43&quot;
00:06:21.060 [main] DEBUG org.apache.http.impl.execchain.MainClientExec - Connection can be kept alive indefinitely
00:06:21.060 [main] DEBUG org.apache.http.impl.conn.PoolingHttpClientConnectionManager - Connection [id: 8][route: {s}-&gt;https://chromedriver.storage.googleapis.com:443] can be kept alive indefinitely
00:06:21.060 [main] DEBUG org.apache.http.impl.conn.PoolingHttpClientConnectionManager - Connection released: [id: 8][route: {s}-&gt;https://chromedriver.storage.googleapis.com:443][total kept alive: 1; route allocated: 1 of 2; total allocated: 1 of 20]
00:06:21.060 [main] DEBUG io.github.bonigarcia.wdm.WebDriverManager - Latest version of chromedriver is 93.0.4577.15 (recently resolved)
00:06:21.064 [main] INFO io.github.bonigarcia.wdm.WebDriverManager - Found chromedriver in cache: C:\Users\wilso\.m2\repository\webdriver\chromedriver\win32\93.0.4577.15\chromedriver.exe 
00:06:21.064 [main] DEBUG io.github.bonigarcia.wdm.WebDriverManager - Driver for chromedriver (latest version) found in cache C:\Users\wilso\.m2\repository\webdriver\chromedriver\win32\93.0.4577.15\chromedriver.exe
00:06:21.065 [main] INFO io.github.bonigarcia.wdm.WebDriverManager - Exporting webdriver.chrome.driver as C:\Users\wilso\.m2\repository\webdriver\chromedriver\win32\93.0.4577.15\chromedriver.exe
</system-out>
    <system-err>Starting ChromeDriver 93.0.4577.15 (660fc11082ba57405eca2e8c49c3e1af756fbfae-refs/branch-heads/4577@{#203}) on port 40771
Only local connections are allowed.
Please see https://chromedriver.chromium.org/security-considerations for suggestions on keeping ChromeDriver safe.
ChromeDriver was started successfully.
set. 02, 2021 12:06:21 AM org.openqa.selenium.remote.ProtocolHandshake createSession
INFO: Detected dialect: W3C
</system-err>
  </testcase>
  <testcase classname="interfaceTeste.TestesInterface" name="finalizaLeilao" time="1.116">
    <error message="no such element: Unable to locate element: {&quot;method&quot;:&quot;link text&quot;,&quot;selector&quot;:&quot;Cadastrar leil達o&quot;}
  (Session info: chrome=93.0.4577.63)
For documentation on this error, please visit: https://www.seleniumhq.org/exceptions/no_such_element.html
Build info: version: &apos;3.141.59&apos;, revision: &apos;e82be7d358&apos;, time: &apos;2018-11-14T08:17:03&apos;
System info: host: &apos;DESKTOP-STN5MAV&apos;, ip: &apos;192.168.56.1&apos;, os.name: &apos;Windows 10&apos;, os.arch: &apos;amd64&apos;, os.version: &apos;10.0&apos;, java.version: &apos;16.0.1&apos;
Driver info: org.openqa.selenium.chrome.ChromeDriver
Capabilities {acceptInsecureCerts: false, browserName: chrome, browserVersion: 93.0.4577.63, chrome: {chromedriverVersion: 93.0.4577.15 (660fc11082ba5..., userDataDir: C:\Users\wilso\AppData\Loca...}, goog:chromeOptions: {debuggerAddress: localhost:64249}, javascriptEnabled: true, networkConnectionEnabled: false, pageLoadStrategy: normal, platform: WINDOWS, platformName: WINDOWS, proxy: Proxy(), setWindowRect: true, strictFileInteractability: false, timeouts: {implicit: 0, pageLoad: 300000, script: 30000}, unhandledPromptBehavior: dismiss and notify, webauthn:extension:credBlob: true, webauthn:extension:largeBlob: true, webauthn:virtualAuthenticators: true}
Session ID: d27caf6dbe6e12da29221098662ffec4
*** Element info: {Using=link text, value=Cadastrar leil達o}" type="org.openqa.selenium.NoSuchElementException">org.openqa.selenium.NoSuchElementException: no such element: Unable to locate element: {&quot;method&quot;:&quot;link text&quot;,&quot;selector&quot;:&quot;Cadastrar leil達o&quot;}
  (Session info: chrome=93.0.4577.63)
For documentation on this error, please visit: https://www.seleniumhq.org/exceptions/no_such_element.html
Build info: version: &apos;3.141.59&apos;, revision: &apos;e82be7d358&apos;, time: &apos;2018-11-14T08:17:03&apos;
System info: host: &apos;DESKTOP-STN5MAV&apos;, ip: &apos;192.168.56.1&apos;, os.name: &apos;Windows 10&apos;, os.arch: &apos;amd64&apos;, os.version: &apos;10.0&apos;, java.version: &apos;16.0.1&apos;
Driver info: org.openqa.selenium.chrome.ChromeDriver
Capabilities {acceptInsecureCerts: false, browserName: chrome, browserVersion: 93.0.4577.63, chrome: {chromedriverVersion: 93.0.4577.15 (660fc11082ba5..., userDataDir: C:\Users\wilso\AppData\Loca...}, goog:chromeOptions: {debuggerAddress: localhost:64249}, javascriptEnabled: true, networkConnectionEnabled: false, pageLoadStrategy: normal, platform: WINDOWS, platformName: WINDOWS, proxy: Proxy(), setWindowRect: true, strictFileInteractability: false, timeouts: {implicit: 0, pageLoad: 300000, script: 30000}, unhandledPromptBehavior: dismiss and notify, webauthn:extension:credBlob: true, webauthn:extension:largeBlob: true, webauthn:virtualAuthenticators: true}
Session ID: d27caf6dbe6e12da29221098662ffec4
*** Element info: {Using=link text, value=Cadastrar leil達o}
	at java.base/jdk.internal.reflect.NativeConstructorAccessorImpl.newInstance0(Native Method)
	at java.base/jdk.internal.reflect.NativeConstructorAccessorImpl.newInstance(NativeConstructorAccessorImpl.java:78)
	at java.base/jdk.internal.reflect.DelegatingConstructorAccessorImpl.newInstance(DelegatingConstructorAccessorImpl.java:45)
	at java.base/java.lang.reflect.Constructor.newInstanceWithCaller(Constructor.java:499)
	at java.base/java.lang.reflect.Constructor.newInstance(Constructor.java:480)
	at org.openqa.selenium.remote.http.W3CHttpResponseCodec.createException(W3CHttpResponseCodec.java:187)
	at org.openqa.selenium.remote.http.W3CHttpResponseCodec.decode(W3CHttpResponseCodec.java:122)
	at org.openqa.selenium.remote.http.W3CHttpResponseCodec.decode(W3CHttpResponseCodec.java:49)
	at org.openqa.selenium.remote.HttpCommandExecutor.execute(HttpCommandExecutor.java:158)
	at org.openqa.selenium.remote.service.DriverCommandExecutor.execute(DriverCommandExecutor.java:83)
	at org.openqa.selenium.remote.RemoteWebDriver.execute(RemoteWebDriver.java:552)
	at org.openqa.selenium.remote.RemoteWebDriver.findElement(RemoteWebDriver.java:323)
	at org.openqa.selenium.remote.RemoteWebDriver.findElementByLinkText(RemoteWebDriver.java:380)
	at org.openqa.selenium.By$ByLinkText.findElement(By.java:220)
	at org.openqa.selenium.remote.RemoteWebDriver.findElement(RemoteWebDriver.java:315)
	at interfaceTeste.TestesInterface.finalizaLeilao(TestesInterface.java:142)
	at java.base/jdk.internal.reflect.NativeMethodAccessorImpl.invoke0(Native Method)
	at java.base/jdk.internal.reflect.NativeMethodAccessorImpl.invoke(NativeMethodAccessorImpl.java:78)
	at java.base/jdk.internal.reflect.DelegatingMethodAccessorImpl.invoke(DelegatingMethodAccessorImpl.java:43)
	at java.base/java.lang.reflect.Method.invoke(Method.java:567)
	at org.junit.runners.model.FrameworkMethod$1.runReflectiveCall(FrameworkMethod.java:59)
	at org.junit.internal.runners.model.ReflectiveCallable.run(ReflectiveCallable.java:12)
	at org.junit.runners.model.FrameworkMethod.invokeExplosively(FrameworkMethod.java:56)
	at org.junit.internal.runners.statements.InvokeMethod.evaluate(InvokeMethod.java:17)
	at org.junit.internal.runners.statements.RunBefores.evaluate(RunBefores.java:26)
	at org.junit.internal.runners.statements.RunAfters.evaluate(RunAfters.java:27)
	at org.junit.runners.ParentRunner$3.evaluate(ParentRunner.java:306)
	at org.junit.runners.BlockJUnit4ClassRunner$1.evaluate(BlockJUnit4ClassRunner.java:100)
	at org.junit.runners.ParentRunner.runLeaf(ParentRunner.java:366)
	at org.junit.runners.BlockJUnit4ClassRunner.runChild(BlockJUnit4ClassRunner.java:103)
	at org.junit.runners.BlockJUnit4ClassRunner.runChild(BlockJUnit4ClassRunner.java:63)
	at org.junit.runners.ParentRunner$4.run(ParentRunner.java:331)
	at org.junit.runners.ParentRunner$1.schedule(ParentRunner.java:79)
	at org.junit.runners.ParentRunner.runChildren(ParentRunner.java:329)
	at org.junit.runners.ParentRunner.access$100(ParentRunner.java:66)
	at org.junit.runners.ParentRunner$2.evaluate(ParentRunner.java:293)
	at org.junit.runners.ParentRunner$3.evaluate(ParentRunner.java:306)
	at org.junit.runners.ParentRunner.run(ParentRunner.java:413)
	at org.apache.maven.surefire.junit4.JUnit4Provider.execute(JUnit4Provider.java:252)
	at org.apache.maven.surefire.junit4.JUnit4Provider.executeTestSet(JUnit4Provider.java:141)
	at org.apache.maven.surefire.junit4.JUnit4Provider.invoke(JUnit4Provider.java:112)
	at java.base/jdk.internal.reflect.NativeMethodAccessorImpl.invoke0(Native Method)
	at java.base/jdk.internal.reflect.NativeMethodAccessorImpl.invoke(NativeMethodAccessorImpl.java:78)
	at java.base/jdk.internal.reflect.DelegatingMethodAccessorImpl.invoke(DelegatingMethodAccessorImpl.java:43)
	at java.base/java.lang.reflect.Method.invoke(Method.java:567)
	at org.apache.maven.surefire.util.ReflectionUtils.invokeMethodWithArray(ReflectionUtils.java:189)
	at org.apache.maven.surefire.booter.ProviderFactory$ProviderProxy.invoke(ProviderFactory.java:165)
	at org.apache.maven.surefire.booter.ProviderFactory.invokeProvider(ProviderFactory.java:85)
	at org.apache.maven.surefire.booter.ForkedBooter.runSuitesInProcess(ForkedBooter.java:115)
	at org.apache.maven.surefire.booter.ForkedBooter.main(ForkedBooter.java:75)
</error>
    <system-out>00:06:21.966 [main] DEBUG org.apache.http.client.protocol.RequestAddCookies - CookieSpec selected: default
00:06:21.966 [main] DEBUG org.apache.http.client.protocol.RequestAuthCache - Auth cache not set in the context
00:06:21.966 [main] DEBUG org.apache.http.impl.conn.PoolingHttpClientConnectionManager - Connection request: [route: {s}-&gt;https://chromedriver.storage.googleapis.com:443][total kept alive: 0; route allocated: 0 of 2; total allocated: 0 of 20]
00:06:21.966 [main] DEBUG org.apache.http.impl.conn.PoolingHttpClientConnectionManager - Connection leased: [id: 9][route: {s}-&gt;https://chromedriver.storage.googleapis.com:443][total kept alive: 0; route allocated: 1 of 2; total allocated: 1 of 20]
00:06:21.966 [main] DEBUG org.apache.http.impl.execchain.MainClientExec - Opening connection {s}-&gt;https://chromedriver.storage.googleapis.com:443
00:06:21.966 [main] DEBUG org.apache.http.impl.conn.DefaultHttpClientConnectionOperator - Connecting to chromedriver.storage.googleapis.com/172.217.30.176:443
00:06:21.966 [main] DEBUG org.apache.http.conn.ssl.SSLConnectionSocketFactory - Connecting socket to chromedriver.storage.googleapis.com/172.217.30.176:443 with timeout 0
00:06:21.988 [main] DEBUG org.apache.http.conn.ssl.SSLConnectionSocketFactory - Enabled protocols: [TLSv1.3, TLSv1.2]
00:06:21.988 [main] DEBUG org.apache.http.conn.ssl.SSLConnectionSocketFactory - Enabled cipher suites:[TLS_AES_256_GCM_SHA384, TLS_AES_128_GCM_SHA256, TLS_CHACHA20_POLY1305_SHA256, TLS_ECDHE_ECDSA_WITH_AES_256_GCM_SHA384, TLS_ECDHE_ECDSA_WITH_AES_128_GCM_SHA256, TLS_ECDHE_ECDSA_WITH_CHACHA20_POLY1305_SHA256, TLS_ECDHE_RSA_WITH_AES_256_GCM_SHA384, TLS_ECDHE_RSA_WITH_CHACHA20_POLY1305_SHA256, TLS_ECDHE_RSA_WITH_AES_128_GCM_SHA256, TLS_DHE_RSA_WITH_AES_256_GCM_SHA384, TLS_DHE_RSA_WITH_CHACHA20_POLY1305_SHA256, TLS_DHE_DSS_WITH_AES_256_GCM_SHA384, TLS_DHE_RSA_WITH_AES_128_GCM_SHA256, TLS_DHE_DSS_WITH_AES_128_GCM_SHA256, TLS_ECDHE_ECDSA_WITH_AES_256_CBC_SHA384, TLS_ECDHE_RSA_WITH_AES_256_CBC_SHA384, TLS_ECDHE_ECDSA_WITH_AES_128_CBC_SHA256, TLS_ECDHE_RSA_WITH_AES_128_CBC_SHA256, TLS_DHE_RSA_WITH_AES_256_CBC_SHA256, TLS_DHE_DSS_WITH_AES_256_CBC_SHA256, TLS_DHE_RSA_WITH_AES_128_CBC_SHA256, TLS_DHE_DSS_WITH_AES_128_CBC_SHA256, TLS_ECDH_ECDSA_WITH_AES_256_GCM_SHA384, TLS_ECDH_RSA_WITH_AES_256_GCM_SHA384, TLS_ECDH_ECDSA_WITH_AES_128_GCM_SHA256, TLS_ECDH_RSA_WITH_AES_128_GCM_SHA256, TLS_ECDH_ECDSA_WITH_AES_256_CBC_SHA384, TLS_ECDH_RSA_WITH_AES_256_CBC_SHA384, TLS_ECDH_ECDSA_WITH_AES_128_CBC_SHA256, TLS_ECDH_RSA_WITH_AES_128_CBC_SHA256, TLS_ECDHE_ECDSA_WITH_AES_256_CBC_SHA, TLS_ECDHE_RSA_WITH_AES_256_CBC_SHA, TLS_ECDHE_ECDSA_WITH_AES_128_CBC_SHA, TLS_ECDHE_RSA_WITH_AES_128_CBC_SHA, TLS_DHE_RSA_WITH_AES_256_CBC_SHA, TLS_DHE_DSS_WITH_AES_256_CBC_SHA, TLS_DHE_RSA_WITH_AES_128_CBC_SHA, TLS_DHE_DSS_WITH_AES_128_CBC_SHA, TLS_ECDH_ECDSA_WITH_AES_256_CBC_SHA, TLS_ECDH_RSA_WITH_AES_256_CBC_SHA, TLS_ECDH_ECDSA_WITH_AES_128_CBC_SHA, TLS_ECDH_RSA_WITH_AES_128_CBC_SHA, TLS_RSA_WITH_AES_256_GCM_SHA384, TLS_RSA_WITH_AES_128_GCM_SHA256, TLS_RSA_WITH_AES_256_CBC_SHA256, TLS_RSA_WITH_AES_128_CBC_SHA256, TLS_RSA_WITH_AES_256_CBC_SHA, TLS_RSA_WITH_AES_128_CBC_SHA, TLS_EMPTY_RENEGOTIATION_INFO_SCSV]
00:06:21.988 [main] DEBUG org.apache.http.conn.ssl.SSLConnectionSocketFactory - Starting handshake
00:06:22.062 [main] DEBUG org.apache.http.conn.ssl.SSLConnectionSocketFactory - Secure session established
00:06:22.062 [main] DEBUG org.apache.http.conn.ssl.SSLConnectionSocketFactory -  negotiated protocol: TLSv1.3
00:06:22.062 [main] DEBUG org.apache.http.conn.ssl.SSLConnectionSocketFactory -  negotiated cipher suite: TLS_AES_256_GCM_SHA384
00:06:22.062 [main] DEBUG org.apache.http.conn.ssl.SSLConnectionSocketFactory -  peer principal: CN=*.storage.googleapis.com, O=Google LLC, L=Mountain View, ST=California, C=US
00:06:22.062 [main] DEBUG org.apache.http.conn.ssl.SSLConnectionSocketFactory -  peer alternative names: [*.storage.googleapis.com, *.googleapis.com, commondatastorage.googleapis.com, *.commondatastorage.googleapis.com, storage.googleapis.com, storage.mtls.googleapis.com, *.appspot.com.storage.googleapis.com, *.content-storage.googleapis.com, *.content-storage-p2.googleapis.com, *.content-storage-upload.googleapis.com, *.content-storage-download.googleapis.com, *.storage-upload.googleapis.com, *.storage-download.googleapis.com]
00:06:22.062 [main] DEBUG org.apache.http.conn.ssl.SSLConnectionSocketFactory -  issuer principal: CN=GTS CA 1O1, O=Google Trust Services, C=US
00:06:22.062 [main] DEBUG org.apache.http.impl.conn.DefaultHttpClientConnectionOperator - Connection established 192.168.0.116:53387&lt;-&gt;172.217.30.176:443
00:06:22.062 [main] DEBUG org.apache.http.impl.execchain.MainClientExec - Executing request OPTIONS / HTTP/1.1
00:06:22.062 [main] DEBUG org.apache.http.impl.execchain.MainClientExec - Target auth state: UNCHALLENGED
00:06:22.062 [main] DEBUG org.apache.http.impl.execchain.MainClientExec - Proxy auth state: UNCHALLENGED
00:06:22.062 [main] DEBUG org.apache.http.headers - http-outgoing-9 &gt;&gt; OPTIONS / HTTP/1.1
00:06:22.062 [main] DEBUG org.apache.http.headers - http-outgoing-9 &gt;&gt; Host: chromedriver.storage.googleapis.com
00:06:22.062 [main] DEBUG org.apache.http.headers - http-outgoing-9 &gt;&gt; Connection: Keep-Alive
00:06:22.062 [main] DEBUG org.apache.http.headers - http-outgoing-9 &gt;&gt; User-Agent: Apache-HttpClient/4.5.3 (Java/16.0.1)
00:06:22.062 [main] DEBUG org.apache.http.headers - http-outgoing-9 &gt;&gt; Accept-Encoding: gzip,deflate
00:06:22.062 [main] DEBUG org.apache.http.wire - http-outgoing-9 &gt;&gt; &quot;OPTIONS / HTTP/1.1[\r][\n]&quot;
00:06:22.062 [main] DEBUG org.apache.http.wire - http-outgoing-9 &gt;&gt; &quot;Host: chromedriver.storage.googleapis.com[\r][\n]&quot;
00:06:22.062 [main] DEBUG org.apache.http.wire - http-outgoing-9 &gt;&gt; &quot;Connection: Keep-Alive[\r][\n]&quot;
00:06:22.062 [main] DEBUG org.apache.http.wire - http-outgoing-9 &gt;&gt; &quot;User-Agent: Apache-HttpClient/4.5.3 (Java/16.0.1)[\r][\n]&quot;
00:06:22.062 [main] DEBUG org.apache.http.wire - http-outgoing-9 &gt;&gt; &quot;Accept-Encoding: gzip,deflate[\r][\n]&quot;
00:06:22.062 [main] DEBUG org.apache.http.wire - http-outgoing-9 &gt;&gt; &quot;[\r][\n]&quot;
00:06:22.202 [main] DEBUG org.apache.http.wire - http-outgoing-9 &lt;&lt; &quot;HTTP/1.1 200 OK[\r][\n]&quot;
00:06:22.202 [main] DEBUG org.apache.http.wire - http-outgoing-9 &lt;&lt; &quot;X-GUploader-UploadID: ADPycdspj2nuefKE-CEAh4faB9zKBBC4B1P32cu9w3pF5sZxS3SxG9UHg8MBxCLHN8vHBKlMmfxaDk7InZK4J0PLRAskM3ugWw[\r][\n]&quot;
00:06:22.202 [main] DEBUG org.apache.http.wire - http-outgoing-9 &lt;&lt; &quot;Date: Thu, 02 Sep 2021 03:06:08 GMT[\r][\n]&quot;
00:06:22.202 [main] DEBUG org.apache.http.wire - http-outgoing-9 &lt;&lt; &quot;Expires: Thu, 02 Sep 2021 03:06:08 GMT[\r][\n]&quot;
00:06:22.202 [main] DEBUG org.apache.http.wire - http-outgoing-9 &lt;&lt; &quot;Cache-Control: private, max-age=0[\r][\n]&quot;
00:06:22.202 [main] DEBUG org.apache.http.wire - http-outgoing-9 &lt;&lt; &quot;Content-Length: 0[\r][\n]&quot;
00:06:22.202 [main] DEBUG org.apache.http.wire - http-outgoing-9 &lt;&lt; &quot;Server: UploadServer[\r][\n]&quot;
00:06:22.202 [main] DEBUG org.apache.http.wire - http-outgoing-9 &lt;&lt; &quot;Content-Type: text/html; charset=UTF-8[\r][\n]&quot;
00:06:22.202 [main] DEBUG org.apache.http.wire - http-outgoing-9 &lt;&lt; &quot;Alt-Svc: h3=&quot;:443&quot;; ma=2592000,h3-29=&quot;:443&quot;; ma=2592000,h3-T051=&quot;:443&quot;; ma=2592000,h3-Q050=&quot;:443&quot;; ma=2592000,h3-Q046=&quot;:443&quot;; ma=2592000,h3-Q043=&quot;:443&quot;; ma=2592000,quic=&quot;:443&quot;; ma=2592000; v=&quot;46,43&quot;[\r][\n]&quot;
00:06:22.202 [main] DEBUG org.apache.http.wire - http-outgoing-9 &lt;&lt; &quot;[\r][\n]&quot;
00:06:22.202 [main] DEBUG org.apache.http.headers - http-outgoing-9 &lt;&lt; HTTP/1.1 200 OK
00:06:22.202 [main] DEBUG org.apache.http.headers - http-outgoing-9 &lt;&lt; X-GUploader-UploadID: ADPycdspj2nuefKE-CEAh4faB9zKBBC4B1P32cu9w3pF5sZxS3SxG9UHg8MBxCLHN8vHBKlMmfxaDk7InZK4J0PLRAskM3ugWw
00:06:22.202 [main] DEBUG org.apache.http.headers - http-outgoing-9 &lt;&lt; Date: Thu, 02 Sep 2021 03:06:08 GMT
00:06:22.202 [main] DEBUG org.apache.http.headers - http-outgoing-9 &lt;&lt; Expires: Thu, 02 Sep 2021 03:06:08 GMT
00:06:22.202 [main] DEBUG org.apache.http.headers - http-outgoing-9 &lt;&lt; Cache-Control: private, max-age=0
00:06:22.202 [main] DEBUG org.apache.http.headers - http-outgoing-9 &lt;&lt; Content-Length: 0
00:06:22.202 [main] DEBUG org.apache.http.headers - http-outgoing-9 &lt;&lt; Server: UploadServer
00:06:22.202 [main] DEBUG org.apache.http.headers - http-outgoing-9 &lt;&lt; Content-Type: text/html; charset=UTF-8
00:06:22.202 [main] DEBUG org.apache.http.headers - http-outgoing-9 &lt;&lt; Alt-Svc: h3=&quot;:443&quot;; ma=2592000,h3-29=&quot;:443&quot;; ma=2592000,h3-T051=&quot;:443&quot;; ma=2592000,h3-Q050=&quot;:443&quot;; ma=2592000,h3-Q046=&quot;:443&quot;; ma=2592000,h3-Q043=&quot;:443&quot;; ma=2592000,quic=&quot;:443&quot;; ma=2592000; v=&quot;46,43&quot;
00:06:22.202 [main] DEBUG org.apache.http.impl.execchain.MainClientExec - Connection can be kept alive indefinitely
00:06:22.202 [main] DEBUG org.apache.http.impl.conn.PoolingHttpClientConnectionManager - Connection [id: 9][route: {s}-&gt;https://chromedriver.storage.googleapis.com:443] can be kept alive indefinitely
00:06:22.202 [main] DEBUG org.apache.http.impl.conn.PoolingHttpClientConnectionManager - Connection released: [id: 9][route: {s}-&gt;https://chromedriver.storage.googleapis.com:443][total kept alive: 1; route allocated: 1 of 2; total allocated: 1 of 20]
00:06:22.202 [main] DEBUG io.github.bonigarcia.wdm.WebDriverManager - Latest version of chromedriver is 93.0.4577.15 (recently resolved)
00:06:22.203 [main] INFO io.github.bonigarcia.wdm.WebDriverManager - Found chromedriver in cache: C:\Users\wilso\.m2\repository\webdriver\chromedriver\win32\93.0.4577.15\chromedriver.exe 
00:06:22.203 [main] DEBUG io.github.bonigarcia.wdm.WebDriverManager - Driver for chromedriver (latest version) found in cache C:\Users\wilso\.m2\repository\webdriver\chromedriver\win32\93.0.4577.15\chromedriver.exe
00:06:22.203 [main] INFO io.github.bonigarcia.wdm.WebDriverManager - Exporting webdriver.chrome.driver as C:\Users\wilso\.m2\repository\webdriver\chromedriver\win32\93.0.4577.15\chromedriver.exe
</system-out>
    <system-err>Starting ChromeDriver 93.0.4577.15 (660fc11082ba57405eca2e8c49c3e1af756fbfae-refs/branch-heads/4577@{#203}) on port 27811
Only local connections are allowed.
Please see https://chromedriver.chromium.org/security-considerations for suggestions on keeping ChromeDriver safe.
ChromeDriver was started successfully.
set. 02, 2021 12:06:22 AM org.openqa.selenium.remote.ProtocolHandshake createSession
INFO: Detected dialect: W3C
</system-err>
  </testcase>
</testsuite>